FILE_TYPE=LIBRARY_PARTS;
TIME=' COMPILATION ON SAT DEC 31 17:29:13 2022  ';
PRIMITIVE 'tps7a8500rgrt';
  PIN
    'OUT1':
      PIN_NUMBER='(1)';
      OUTPUT_LOAD='(1.0,-1.0)';
    'SNS':
      PIN_NUMBER='(2)';
      INPUT_LOAD='(-0.01,0.01)';
    'FB':
      PIN_NUMBER='(3)';
      OUTPUT_LOAD='(1.0,-1.0)';
    'PG':
      PIN_NUMBER='(4)';
      OUTPUT_LOAD='(1.0,-1.0)';
    '50MV':
      PIN_NUMBER='(5)';
      INPUT_LOAD='(-0.01,0.01)';
    '100MV':
      PIN_NUMBER='(6)';
      INPUT_LOAD='(-0.01,0.01)';
    '200MV':
      PIN_NUMBER='(7)';
      INPUT_LOAD='(-0.01,0.01)';
    'GND1':
      PIN_NUMBER='(8)';
      PINUSE='GROUND';
    '400MV':
      PIN_NUMBER='(9)';
      INPUT_LOAD='(-0.01,0.01)';
    '800MV':
      PIN_NUMBER='(10)';
      INPUT_LOAD='(-0.01,0.01)';
    '1.6V':
      PIN_NUMBER='(11)';
      INPUT_LOAD='(-0.01,0.01)';
    'BIAS':
      PIN_NUMBER='(12)';
      INPUT_LOAD='(-0.01,0.01)';
    'NR/SS':
      PIN_NUMBER='(13)';
      INPUT_LOAD='(-0.01,0.01)';
    'EN':
      PIN_NUMBER='(14)';
      INPUT_LOAD='(-0.01,0.01)';
    'IN1':
      PIN_NUMBER='(15)';
      INPUT_LOAD='(-0.01,0.01)';
    'IN2':
      PIN_NUMBER='(16)';
      INPUT_LOAD='(-0.01,0.01)';
    'IN3':
      PIN_NUMBER='(17)';
      INPUT_LOAD='(-0.01,0.01)';
    'GND2':
      PIN_NUMBER='(18)';
      PINUSE='GROUND';
    'OUT2':
      PIN_NUMBER='(19)';
      OUTPUT_LOAD='(1.0,-1.0)';
    'OUT3':
      PIN_NUMBER='(20)';
      OUTPUT_LOAD='(1.0,-1.0)';
    'EPAD':
      PIN_NUMBER='(21)';
      PINUSE='POWER';
  END_PIN;
  BODY
    PHYS_DES_PREFIX='U';
    CLASS='IC';
    PART_NAME='tps7a8500rgrt';
    BODY_NAME='tps7a8500rgrt';
  END_BODY;
END_PRIMITIVE;
END.
