A!SUBCLASS!RECORD_TAG!REFDES!COMP_PACKAGE!COMP_PART_NUMBER!SYM_NAME!SYM_X!SYM_Y!SYM_ROTATE!SYM_MIRROR!GRAPHIC_DATA_NAME!GRAPHIC_DATA_1!GRAPHIC_DATA_2!GRAPHIC_DATA_3!GRAPHIC_DATA_4!GRAPHIC_DATA_5!GRAPHIC_DATA_6!GRAPHIC_DATA_7!GRAPHIC_DATA_8!GRAPHIC_DATA_9!GRAPHIC_DATA_10!PACKAGE_HEIGHT_MIN!PACKAGE_HEIGHT_MAX!SYM_HAS_PIN_EDIT!SYM_DFA_DEV_CLASS!COMP_PACKAGE_HEIGHT_MIN!COMP_PACKAGE_HEIGHT_MAX!EMBEDDED_STATUS!BOM_IGNORE!SYM_ZONE_NAME!PLACEMENT_LAYER!
J!Z:/cad/designs/uob-hep-pc072/hardware/Cadence/top/mtca_interface_board_reocc/front_panel_jtag_serial/physical/mib_fp_jtag_serial_18.brd!Mon Jul 29 17:23:58 2024!-1898.4723!-1906.4829!1911.5277!1903.5171!0.0001!millimeters!FRONT_PANEL_JTAG_SERIAL!62.992126 mil!4!UP TO DATE!
S!ASSEMBLY_TOP!282 1!J1!CONMOLEX14MC_2MM!87833-1420!CONMOLEX14MC_2MM!105.3380!9.0732!180.000!NO!LINE!101.3380!8.9732!99.3380!8.2732!0.2030!!!!!NOTCONNECT!!!NO!!!!!!!!
S!ASSEMBLY_TOP!282 2!J1!CONMOLEX14MC_2MM!87833-1420!CONMOLEX14MC_2MM!105.3380!9.0732!180.000!NO!LINE!99.3380!8.2732!99.3380!9.6732!0.2030!!!!!NOTCONNECT!!!NO!!!!!!!!
S!ASSEMBLY_TOP!282 3!J1!CONMOLEX14MC_2MM!87833-1420!CONMOLEX14MC_2MM!105.3380!9.0732!180.000!NO!LINE!99.3380!9.6732!101.2380!8.9732!0.2030!!!!!NOTCONNECT!!!NO!!!!!!!!
S!ASSEMBLY_TOP!290 1!J1!CONMOLEX14MC_2MM!87833-1420!CONMOLEX14MC_2MM!105.3380!9.0732!180.000!NO!LINE!97.0380!13.7732!97.5380!14.1732!0.2030!!!!!NOTCONNECT!!!NO!!!!!!!!
S!ASSEMBLY_TOP!290 2!J1!CONMOLEX14MC_2MM!87833-1420!CONMOLEX14MC_2MM!105.3380!9.0732!180.000!NO!LINE!97.5380!14.1732!100.4380!14.1732!0.2030!!!!!NOTCONNECT!!!NO!!!!!!!!
S!ASSEMBLY_TOP!290 3!J1!CONMOLEX14MC_2MM!87833-1420!CONMOLEX14MC_2MM!105.3380!9.0732!180.000!NO!LINE!100.4380!14.1732!100.4380!15.8732!0.2030!!!!!NOTCONNECT!!!NO!!!!!!!!
S!ASSEMBLY_TOP!290 4!J1!CONMOLEX14MC_2MM!87833-1420!CONMOLEX14MC_2MM!105.3380!9.0732!180.000!NO!LINE!100.4380!15.8732!97.5380!15.8732!0.2030!!!!!NOTCONNECT!!!NO!!!!!!!!
S!ASSEMBLY_TOP!290 5!J1!CONMOLEX14MC_2MM!87833-1420!CONMOLEX14MC_2MM!105.3380!9.0732!180.000!NO!LINE!97.5380!15.8732!97.0380!16.1732!0.2030!!!!!NOTCONNECT!!!NO!!!!!!!!
S!ASSEMBLY_TOP!294 1!J1!CONMOLEX14MC_2MM!87833-1420!CONMOLEX14MC_2MM!105.3380!9.0732!180.000!NO!LINE!96.9380!14.5732!100.3380!14.5732!0.1000!!!!!NOTCONNECT!!!NO!!!!!!!!
S!ASSEMBLY_TOP!295 1!J1!CONMOLEX14MC_2MM!87833-1420!CONMOLEX14MC_2MM!105.3380!9.0732!180.000!NO!LINE!96.9380!15.4732!100.3380!15.4732!0.1000!!!!!NOTCONNECT!!!NO!!!!!!!!
S!ASSEMBLY_TOP!296 1!J1!CONMOLEX14MC_2MM!87833-1420!CONMOLEX14MC_2MM!105.3380!9.0732!180.000!NO!LINE!97.9380!14.5732!98.1380!14.5732!0.1000!!!!!NOTCONNECT!!!NO!!!!!!!!
S!ASSEMBLY_TOP!296 2!J1!CONMOLEX14MC_2MM!87833-1420!CONMOLEX14MC_2MM!105.3380!9.0732!180.000!NO!LINE!98.1380!14.5732!98.1380!15.4732!0.1000!!!!!NOTCONNECT!!!NO!!!!!!!!
S!ASSEMBLY_TOP!299 1!J1!CONMOLEX14MC_2MM!87833-1420!CONMOLEX14MC_2MM!105.3380!9.0732!180.000!NO!LINE!102.2380!6.7732!96.9380!6.7732!0.2030!!!!!NOTCONNECT!!!NO!!!!!!!!
S!ASSEMBLY_TOP!299 2!J1!CONMOLEX14MC_2MM!87833-1420!CONMOLEX14MC_2MM!105.3380!9.0732!180.000!NO!LINE!96.9380!6.7732!96.9380!23.3732!0.2030!!!!!NOTCONNECT!!!NO!!!!!!!!
S!ASSEMBLY_TOP!299 3!J1!CONMOLEX14MC_2MM!87833-1420!CONMOLEX14MC_2MM!105.3380!9.0732!180.000!NO!LINE!96.9380!23.3732!102.1380!23.3732!0.2030!!!!!NOTCONNECT!!!NO!!!!!!!!
S!ASSEMBLY_TOP!299 4!J1!CONMOLEX14MC_2MM!87833-1420!CONMOLEX14MC_2MM!105.3380!9.0732!180.000!NO!LINE!102.1380!23.3732!102.1380!6.6732!0.2030!!!!!NOTCONNECT!!!NO!!!!!!!!
S!ASSEMBLY_TOP!307 1!J1!CONMOLEX14MC_2MM!87833-1420!CONMOLEX14MC_2MM!105.3380!9.0732!180.000!NO!LINE!102.1380!10.2732!99.8380!10.2732!0.1500!!!!!NOTCONNECT!!!NO!!!!!!!!
S!ASSEMBLY_TOP!308 1!J1!CONMOLEX14MC_2MM!87833-1420!CONMOLEX14MC_2MM!105.3380!9.0732!180.000!NO!LINE!102.0380!11.9732!99.7380!11.9732!0.1500!!!!!NOTCONNECT!!!NO!!!!!!!!
S!ASSEMBLY_TOP!310 1!J1!CONMOLEX14MC_2MM!87833-1420!CONMOLEX14MC_2MM!105.3380!9.0732!180.000!NO!LINE!102.0380!18.2732!99.7380!18.2732!0.1500!!!!!NOTCONNECT!!!NO!!!!!!!!
S!ASSEMBLY_TOP!311 1!J1!CONMOLEX14MC_2MM!87833-1420!CONMOLEX14MC_2MM!105.3380!9.0732!180.000!NO!LINE!102.0380!19.8732!99.7380!19.8732!0.1500!!!!!NOTCONNECT!!!NO!!!!!!!!
S!ASSEMBLY_TOP!313 1!J1!CONMOLEX14MC_2MM!87833-1420!CONMOLEX14MC_2MM!105.3380!9.0732!180.000!NO!LINE!100.3380!10.3732!100.2380!10.3732!0.1500!!!!!NOTCONNECT!!!NO!!!!!!!!
S!ASSEMBLY_TOP!313 2!J1!CONMOLEX14MC_2MM!87833-1420!CONMOLEX14MC_2MM!105.3380!9.0732!180.000!NO!LINE!100.2380!10.3732!100.2380!11.9732!0.1500!!!!!NOTCONNECT!!!NO!!!!!!!!
S!ASSEMBLY_TOP!314 1!J1!CONMOLEX14MC_2MM!87833-1420!CONMOLEX14MC_2MM!105.3380!9.0732!180.000!NO!LINE!100.3380!18.2732!100.2380!18.2732!0.1500!!!!!NOTCONNECT!!!NO!!!!!!!!
S!ASSEMBLY_TOP!314 2!J1!CONMOLEX14MC_2MM!87833-1420!CONMOLEX14MC_2MM!105.3380!9.0732!180.000!NO!LINE!100.2380!18.2732!100.2380!19.8732!0.1500!!!!!NOTCONNECT!!!NO!!!!!!!!
S!ASSEMBLY_TOP!316 1!J1!CONMOLEX14MC_2MM!87833-1420!CONMOLEX14MC_2MM!105.3380!9.0732!180.000!NO!LINE!100.9380!18.2732!100.9380!19.8732!0.1500!!!!!NOTCONNECT!!!NO!!!!!!!!
S!ASSEMBLY_TOP!317 1!J1!CONMOLEX14MC_2MM!87833-1420!CONMOLEX14MC_2MM!105.3380!9.0732!180.000!NO!LINE!101.6380!18.2732!101.6380!19.8732!0.1500!!!!!NOTCONNECT!!!NO!!!!!!!!
S!ASSEMBLY_TOP!322 1!J1!CONMOLEX14MC_2MM!87833-1420!CONMOLEX14MC_2MM!105.3380!9.0732!180.000!NO!LINE!101.6380!19.2732!100.9380!19.2732!0.1500!!!!!NOTCONNECT!!!NO!!!!!!!!
S!ASSEMBLY_TOP!323 1!J1!CONMOLEX14MC_2MM!87833-1420!CONMOLEX14MC_2MM!105.3380!9.0732!180.000!NO!LINE!101.6380!18.8732!100.9380!18.8732!0.1500!!!!!NOTCONNECT!!!NO!!!!!!!!
S!ASSEMBLY_TOP!324 1!J1!CONMOLEX14MC_2MM!87833-1420!CONMOLEX14MC_2MM!105.3380!9.0732!180.000!NO!LINE!101.6380!10.9732!100.9380!10.9732!0.1500!!!!!NOTCONNECT!!!NO!!!!!!!!
S!ASSEMBLY_TOP!325 1!J1!CONMOLEX14MC_2MM!87833-1420!CONMOLEX14MC_2MM!105.3380!9.0732!180.000!NO!LINE!101.6380!11.3732!100.9380!11.3732!0.1500!!!!!NOTCONNECT!!!NO!!!!!!!!
S!ASSEMBLY_TOP!326 1!J1!CONMOLEX14MC_2MM!87833-1420!CONMOLEX14MC_2MM!105.3380!9.0732!180.000!NO!LINE!100.9380!10.2732!100.9380!11.8732!0.1500!!!!!NOTCONNECT!!!NO!!!!!!!!
S!ASSEMBLY_TOP!327 1!J1!CONMOLEX14MC_2MM!87833-1420!CONMOLEX14MC_2MM!105.3380!9.0732!180.000!NO!LINE!101.6380!10.2732!101.6380!11.8732!0.1500!!!!!NOTCONNECT!!!NO!!!!!!!!
S!ASSEMBLY_TOP!331 1!J1!CONMOLEX14MC_2MM!87833-1420!CONMOLEX14MC_2MM!105.3380!9.0732!180.000!NO!LINE!101.4380!6.8732!101.4380!10.1732!0.2030!!!!!NOTCONNECT!!!NO!!!!!!!!
S!ASSEMBLY_TOP!332 1!J1!CONMOLEX14MC_2MM!87833-1420!CONMOLEX14MC_2MM!105.3380!9.0732!180.000!NO!LINE!101.4380!12.0732!101.4380!18.1732!0.2030!!!!!NOTCONNECT!!!NO!!!!!!!!
S!ASSEMBLY_TOP!333 1!J1!CONMOLEX14MC_2MM!87833-1420!CONMOLEX14MC_2MM!105.3380!9.0732!180.000!NO!LINE!101.4380!19.9732!101.4380!23.2732!0.2030!!!!!NOTCONNECT!!!NO!!!!!!!!
S!PLACE_BOUND_TOP!359 1 0!J1!CONMOLEX14MC_2MM!87833-1420!CONMOLEX14MC_2MM!105.3380!9.0732!180.000!NO!LINE!102.5380!6.6732!96.8380!6.6732!0.0000!!!!!SHAPE!!6.3 MM!NO!!!!!!!!
S!PLACE_BOUND_TOP!359 2 0!J1!CONMOLEX14MC_2MM!87833-1420!CONMOLEX14MC_2MM!105.3380!9.0732!180.000!NO!LINE!96.8380!6.6732!96.8380!23.4732!0.0000!!!!!SHAPE!!6.3 MM!NO!!!!!!!!
S!PLACE_BOUND_TOP!359 3 0!J1!CONMOLEX14MC_2MM!87833-1420!CONMOLEX14MC_2MM!105.3380!9.0732!180.000!NO!LINE!96.8380!23.4732!102.5380!23.4732!0.0000!!!!!SHAPE!!6.3 MM!NO!!!!!!!!
S!PLACE_BOUND_TOP!359 4 0!J1!CONMOLEX14MC_2MM!87833-1420!CONMOLEX14MC_2MM!105.3380!9.0732!180.000!NO!LINE!102.5380!23.4732!102.5380!22.0732!0.0000!!!!!SHAPE!!6.3 MM!NO!!!!!!!!
S!PLACE_BOUND_TOP!359 5 0!J1!CONMOLEX14MC_2MM!87833-1420!CONMOLEX14MC_2MM!105.3380!9.0732!180.000!NO!LINE!102.5380!22.0732!106.0380!22.0732!0.0000!!!!!SHAPE!!6.3 MM!NO!!!!!!!!
S!PLACE_BOUND_TOP!359 6 0!J1!CONMOLEX14MC_2MM!87833-1420!CONMOLEX14MC_2MM!105.3380!9.0732!180.000!NO!LINE!106.0380!22.0732!106.0380!8.0732!0.0000!!!!!SHAPE!!6.3 MM!NO!!!!!!!!
S!PLACE_BOUND_TOP!359 7 0!J1!CONMOLEX14MC_2MM!87833-1420!CONMOLEX14MC_2MM!105.3380!9.0732!180.000!NO!LINE!106.0380!8.0732!102.5380!8.0732!0.0000!!!!!SHAPE!!6.3 MM!NO!!!!!!!!
S!PLACE_BOUND_TOP!359 8 0!J1!CONMOLEX14MC_2MM!87833-1420!CONMOLEX14MC_2MM!105.3380!9.0732!180.000!NO!LINE!102.5380!8.0732!102.5380!6.6732!0.0000!!!!!SHAPE!!6.3 MM!NO!!!!!!!!
S!PLACE_BOUND_TOP!386 1!J4!SHDRRA10W41P127_2X5_1270X546X533P!SHF-105-01-L-D-RA!SHDRRA10W41P127_2X5_1270X546X533P!173.4380!50.0732!270.000!NO!LINE!172.3380!54.1332!172.3380!40.9332!0.0500!!!!!NOTCONNECT!!!NO!!!!!!!!
S!PLACE_BOUND_TOP!387 1!J4!SHDRRA10W41P127_2X5_1270X546X533P!SHF-105-01-L-D-RA!SHDRRA10W41P127_2X5_1270X546X533P!173.4380!50.0732!270.000!NO!LINE!172.3380!40.9332!181.6880!40.9332!0.0500!!!!!NOTCONNECT!!!NO!!!!!!!!
S!PLACE_BOUND_TOP!388 1!J4!SHDRRA10W41P127_2X5_1270X546X533P!SHF-105-01-L-D-RA!SHDRRA10W41P127_2X5_1270X546X533P!173.4380!50.0732!270.000!NO!LINE!181.6880!40.9332!181.6880!54.1332!0.0500!!!!!NOTCONNECT!!!NO!!!!!!!!
S!PLACE_BOUND_TOP!389 1!J4!SHDRRA10W41P127_2X5_1270X546X533P!SHF-105-01-L-D-RA!SHDRRA10W41P127_2X5_1270X546X533P!173.4380!50.0732!270.000!NO!LINE!181.6880!54.1332!172.3380!54.1332!0.0500!!!!!NOTCONNECT!!!NO!!!!!!!!
S!ASSEMBLY_TOP!390 1!J4!SHDRRA10W41P127_2X5_1270X546X533P!SHF-105-01-L-D-RA!SHDRRA10W41P127_2X5_1270X546X533P!173.4380!50.0732!270.000!NO!LINE!175.9780!53.8832!181.4380!53.8832!0.1000!!!!!NOTCONNECT!!!NO!!!!!!!!
S!ASSEMBLY_TOP!391 1!J4!SHDRRA10W41P127_2X5_1270X546X533P!SHF-105-01-L-D-RA!SHDRRA10W41P127_2X5_1270X546X533P!173.4380!50.0732!270.000!NO!LINE!181.4380!53.8832!181.4380!41.1832!0.1000!!!!!NOTCONNECT!!!NO!!!!!!!!
S!ASSEMBLY_TOP!392 1!J4!SHDRRA10W41P127_2X5_1270X546X533P!SHF-105-01-L-D-RA!SHDRRA10W41P127_2X5_1270X546X533P!173.4380!50.0732!270.000!NO!LINE!181.4380!41.1832!175.9780!41.1832!0.1000!!!!!NOTCONNECT!!!NO!!!!!!!!
S!ASSEMBLY_TOP!393 1!J4!SHDRRA10W41P127_2X5_1270X546X533P!SHF-105-01-L-D-RA!SHDRRA10W41P127_2X5_1270X546X533P!173.4380!50.0732!270.000!NO!LINE!175.9780!41.1832!175.9780!53.8832!0.1000!!!!!NOTCONNECT!!!NO!!!!!!!!
S!PLACE_BOUND_TOP!397 1 0!J4!SHDRRA10W41P127_2X5_1270X546X533P!SHF-105-01-L-D-RA!SHDRRA10W41P127_2X5_1270X546X533P!173.4380!50.0732!270.000!NO!LINE!172.3130!54.1582!172.3130!40.9082!0.0000!!!!!SHAPE!!!NO!!!!!!!!
S!PLACE_BOUND_TOP!397 2 0!J4!SHDRRA10W41P127_2X5_1270X546X533P!SHF-105-01-L-D-RA!SHDRRA10W41P127_2X5_1270X546X533P!173.4380!50.0732!270.000!NO!LINE!172.3130!40.9082!181.7130!40.9082!0.0000!!!!!SHAPE!!!NO!!!!!!!!
S!PLACE_BOUND_TOP!397 3 0!J4!SHDRRA10W41P127_2X5_1270X546X533P!SHF-105-01-L-D-RA!SHDRRA10W41P127_2X5_1270X546X533P!173.4380!50.0732!270.000!NO!LINE!181.7130!40.9082!181.7130!54.1582!0.0000!!!!!SHAPE!!!NO!!!!!!!!
S!PLACE_BOUND_TOP!397 4 0!J4!SHDRRA10W41P127_2X5_1270X546X533P!SHF-105-01-L-D-RA!SHDRRA10W41P127_2X5_1270X546X533P!173.4380!50.0732!270.000!NO!LINE!181.7130!54.1582!172.3130!54.1582!0.0000!!!!!SHAPE!!!NO!!!!!!!!
S!ASSEMBLY_TOP!400 1!J5!SAMTEC_EHF-105-01-L-D-SM-LC!EHF-105-01-L-D-SM-LC!SAMTEC_EHF-105-01-L-D-SM-LC!141.1000!55.4000!90.000!NO!LINE!141.1000!54.9000!141.1000!55.9000!0.1000!!!!!NOTCONNECT!!!NO!!!!!!!!
S!ASSEMBLY_TOP!401 1!J5!SAMTEC_EHF-105-01-L-D-SM-LC!EHF-105-01-L-D-SM-LC!SAMTEC_EHF-105-01-L-D-SM-LC!141.1000!55.4000!90.000!NO!LINE!141.6000!55.4000!140.6000!55.4000!0.1000!!!!!NOTCONNECT!!!NO!!!!!!!!
S!ASSEMBLY_TOP!404 1!J5!SAMTEC_EHF-105-01-L-D-SM-LC!EHF-105-01-L-D-SM-LC!SAMTEC_EHF-105-01-L-D-SM-LC!141.1000!55.4000!90.000!NO!LINE!139.7000!65.2800!142.5000!65.2800!0.1000!!!!!NOTCONNECT!!!NO!!!!!!!!
S!ASSEMBLY_TOP!405 1!J5!SAMTEC_EHF-105-01-L-D-SM-LC!EHF-105-01-L-D-SM-LC!SAMTEC_EHF-105-01-L-D-SM-LC!141.1000!55.4000!90.000!NO!LINE!144.4400!65.8100!137.7600!65.8100!0.1000!!!!!NOTCONNECT!!!NO!!!!!!!!
S!ASSEMBLY_TOP!410 1!J5!SAMTEC_EHF-105-01-L-D-SM-LC!EHF-105-01-L-D-SM-LC!SAMTEC_EHF-105-01-L-D-SM-LC!141.1000!55.4000!90.000!NO!LINE!139.7000!65.8100!139.7000!64.4900!0.1000!!!!!NOTCONNECT!!!NO!!!!!!!!
S!ASSEMBLY_TOP!411 1!J5!SAMTEC_EHF-105-01-L-D-SM-LC!EHF-105-01-L-D-SM-LC!SAMTEC_EHF-105-01-L-D-SM-LC!141.1000!55.4000!90.000!NO!LINE!139.7000!64.4900!138.5600!64.4900!0.1000!!!!!NOTCONNECT!!!NO!!!!!!!!
S!ASSEMBLY_TOP!412 1!J5!SAMTEC_EHF-105-01-L-D-SM-LC!EHF-105-01-L-D-SM-LC!SAMTEC_EHF-105-01-L-D-SM-LC!141.1000!55.4000!90.000!NO!LINE!142.5000!65.8100!142.5000!64.4900!0.1000!!!!!NOTCONNECT!!!NO!!!!!!!!
S!ASSEMBLY_TOP!413 1!J5!SAMTEC_EHF-105-01-L-D-SM-LC!EHF-105-01-L-D-SM-LC!SAMTEC_EHF-105-01-L-D-SM-LC!141.1000!55.4000!90.000!NO!LINE!143.6400!64.4900!142.5000!64.4900!0.1000!!!!!NOTCONNECT!!!NO!!!!!!!!
S!ASSEMBLY_TOP!420 1!J5!SAMTEC_EHF-105-01-L-D-SM-LC!EHF-105-01-L-D-SM-LC!SAMTEC_EHF-105-01-L-D-SM-LC!141.1000!55.4000!90.000!NO!LINE!137.7600!65.8100!137.7600!63.2700!0.1000!!!!!NOTCONNECT!!!NO!!!!!!!!
S!ASSEMBLY_TOP!421 1!J5!SAMTEC_EHF-105-01-L-D-SM-LC!EHF-105-01-L-D-SM-LC!SAMTEC_EHF-105-01-L-D-SM-LC!141.1000!55.4000!90.000!NO!LINE!138.5600!63.2700!137.7600!63.2700!0.1000!!!!!NOTCONNECT!!!NO!!!!!!!!
S!ASSEMBLY_TOP!422 1!J5!SAMTEC_EHF-105-01-L-D-SM-LC!EHF-105-01-L-D-SM-LC!SAMTEC_EHF-105-01-L-D-SM-LC!141.1000!55.4000!90.000!NO!LINE!143.6400!63.2700!144.4400!63.2700!0.1000!!!!!NOTCONNECT!!!NO!!!!!!!!
S!ASSEMBLY_TOP!423 1!J5!SAMTEC_EHF-105-01-L-D-SM-LC!EHF-105-01-L-D-SM-LC!SAMTEC_EHF-105-01-L-D-SM-LC!141.1000!55.4000!90.000!NO!LINE!144.4400!63.2700!144.4400!65.8100!0.1000!!!!!NOTCONNECT!!!NO!!!!!!!!
S!ASSEMBLY_TOP!427 1!J5!SAMTEC_EHF-105-01-L-D-SM-LC!EHF-105-01-L-D-SM-LC!SAMTEC_EHF-105-01-L-D-SM-LC!141.1000!55.4000!90.000!NO!LINE!138.5600!61.1200!138.2700!61.1200!0.1000!!!!!NOTCONNECT!!!NO!!!!!!!!
S!ASSEMBLY_TOP!428 1!J5!SAMTEC_EHF-105-01-L-D-SM-LC!EHF-105-01-L-D-SM-LC!SAMTEC_EHF-105-01-L-D-SM-LC!141.1000!55.4000!90.000!NO!LINE!143.6400!61.4500!138.5600!61.4500!0.1000!!!!!NOTCONNECT!!!NO!!!!!!!!
S!ASSEMBLY_TOP!429 1!J5!SAMTEC_EHF-105-01-L-D-SM-LC!EHF-105-01-L-D-SM-LC!SAMTEC_EHF-105-01-L-D-SM-LC!141.1000!55.4000!90.000!NO!LINE!143.9300!61.1200!143.6400!61.1200!0.1000!!!!!NOTCONNECT!!!NO!!!!!!!!
S!ASSEMBLY_TOP!433 1!J5!SAMTEC_EHF-105-01-L-D-SM-LC!EHF-105-01-L-D-SM-LC!SAMTEC_EHF-105-01-L-D-SM-LC!141.1000!55.4000!90.000!NO!LINE!138.5600!64.4900!138.5600!59.6700!0.1000!!!!!NOTCONNECT!!!NO!!!!!!!!
S!ASSEMBLY_TOP!434 1!J5!SAMTEC_EHF-105-01-L-D-SM-LC!EHF-105-01-L-D-SM-LC!SAMTEC_EHF-105-01-L-D-SM-LC!141.1000!55.4000!90.000!NO!LINE!143.6400!64.4900!143.6400!59.6700!0.1000!!!!!NOTCONNECT!!!NO!!!!!!!!
S!ASSEMBLY_TOP!435 1!J5!SAMTEC_EHF-105-01-L-D-SM-LC!EHF-105-01-L-D-SM-LC!SAMTEC_EHF-105-01-L-D-SM-LC!141.1000!55.4000!90.000!NO!LINE!143.6400!59.6700!138.5600!59.6700!0.1000!!!!!NOTCONNECT!!!NO!!!!!!!!
S!ASSEMBLY_TOP!440 1!J5!SAMTEC_EHF-105-01-L-D-SM-LC!EHF-105-01-L-D-SM-LC!SAMTEC_EHF-105-01-L-D-SM-LC!141.1000!55.4000!90.000!NO!LINE!138.2700!58.1400!137.3400!58.1400!0.1000!!!!!NOTCONNECT!!!NO!!!!!!!!
S!ASSEMBLY_TOP!441 1!J5!SAMTEC_EHF-105-01-L-D-SM-LC!EHF-105-01-L-D-SM-LC!SAMTEC_EHF-105-01-L-D-SM-LC!141.1000!55.4000!90.000!NO!LINE!140.6700!58.1400!140.2600!58.1400!0.1000!!!!!NOTCONNECT!!!NO!!!!!!!!
S!ASSEMBLY_TOP!442 1!J5!SAMTEC_EHF-105-01-L-D-SM-LC!EHF-105-01-L-D-SM-LC!SAMTEC_EHF-105-01-L-D-SM-LC!141.1000!55.4000!90.000!NO!LINE!141.9400!58.1400!141.5300!58.1400!0.1000!!!!!NOTCONNECT!!!NO!!!!!!!!
S!ASSEMBLY_TOP!443 1!J5!SAMTEC_EHF-105-01-L-D-SM-LC!EHF-105-01-L-D-SM-LC!SAMTEC_EHF-105-01-L-D-SM-LC!141.1000!55.4000!90.000!NO!LINE!144.8600!58.1400!143.9300!58.1400!0.1000!!!!!NOTCONNECT!!!NO!!!!!!!!
S!ASSEMBLY_TOP!444 1!J5!SAMTEC_EHF-105-01-L-D-SM-LC!EHF-105-01-L-D-SM-LC!SAMTEC_EHF-105-01-L-D-SM-LC!141.1000!55.4000!90.000!NO!LINE!137.4400!57.7400!137.4400!58.1400!0.1000!!!!!NOTCONNECT!!!NO!!!!!!!!
S!ASSEMBLY_TOP!445 1!J5!SAMTEC_EHF-105-01-L-D-SM-LC!EHF-105-01-L-D-SM-LC!SAMTEC_EHF-105-01-L-D-SM-LC!141.1000!55.4000!90.000!NO!LINE!137.3400!57.7400!137.3400!58.1400!0.1000!!!!!NOTCONNECT!!!NO!!!!!!!!
S!ASSEMBLY_TOP!446 1!J5!SAMTEC_EHF-105-01-L-D-SM-LC!EHF-105-01-L-D-SM-LC!SAMTEC_EHF-105-01-L-D-SM-LC!141.1000!55.4000!90.000!NO!LINE!137.3400!56.8700!138.2700!56.8700!0.1000!!!!!NOTCONNECT!!!NO!!!!!!!!
S!ASSEMBLY_TOP!447 1!J5!SAMTEC_EHF-105-01-L-D-SM-LC!EHF-105-01-L-D-SM-LC!SAMTEC_EHF-105-01-L-D-SM-LC!141.1000!55.4000!90.000!NO!LINE!138.2700!57.7400!137.3400!57.7400!0.1000!!!!!NOTCONNECT!!!NO!!!!!!!!
S!ASSEMBLY_TOP!448 1!J5!SAMTEC_EHF-105-01-L-D-SM-LC!EHF-105-01-L-D-SM-LC!SAMTEC_EHF-105-01-L-D-SM-LC!141.1000!55.4000!90.000!NO!LINE!140.2600!57.7400!140.2600!58.1400!0.1000!!!!!NOTCONNECT!!!NO!!!!!!!!
S!ASSEMBLY_TOP!449 1!J5!SAMTEC_EHF-105-01-L-D-SM-LC!EHF-105-01-L-D-SM-LC!SAMTEC_EHF-105-01-L-D-SM-LC!141.1000!55.4000!90.000!NO!LINE!140.3600!57.7400!140.3600!58.1400!0.1000!!!!!NOTCONNECT!!!NO!!!!!!!!
S!ASSEMBLY_TOP!450 1!J5!SAMTEC_EHF-105-01-L-D-SM-LC!EHF-105-01-L-D-SM-LC!SAMTEC_EHF-105-01-L-D-SM-LC!141.1000!55.4000!90.000!NO!LINE!140.5700!57.7400!140.5700!58.1400!0.1000!!!!!NOTCONNECT!!!NO!!!!!!!!
S!ASSEMBLY_TOP!451 1!J5!SAMTEC_EHF-105-01-L-D-SM-LC!EHF-105-01-L-D-SM-LC!SAMTEC_EHF-105-01-L-D-SM-LC!141.1000!55.4000!90.000!NO!LINE!140.6700!57.7400!140.2600!57.7400!0.1000!!!!!NOTCONNECT!!!NO!!!!!!!!
S!ASSEMBLY_TOP!452 1!J5!SAMTEC_EHF-105-01-L-D-SM-LC!EHF-105-01-L-D-SM-LC!SAMTEC_EHF-105-01-L-D-SM-LC!141.1000!55.4000!90.000!NO!LINE!140.6700!57.7400!140.6700!58.1400!0.1000!!!!!NOTCONNECT!!!NO!!!!!!!!
S!ASSEMBLY_TOP!453 1!J5!SAMTEC_EHF-105-01-L-D-SM-LC!EHF-105-01-L-D-SM-LC!SAMTEC_EHF-105-01-L-D-SM-LC!141.1000!55.4000!90.000!NO!LINE!140.2600!56.8700!140.6700!56.8700!0.1000!!!!!NOTCONNECT!!!NO!!!!!!!!
S!ASSEMBLY_TOP!454 1!J5!SAMTEC_EHF-105-01-L-D-SM-LC!EHF-105-01-L-D-SM-LC!SAMTEC_EHF-105-01-L-D-SM-LC!141.1000!55.4000!90.000!NO!LINE!141.9400!57.7400!141.9400!58.1400!0.1000!!!!!NOTCONNECT!!!NO!!!!!!!!
S!ASSEMBLY_TOP!455 1!J5!SAMTEC_EHF-105-01-L-D-SM-LC!EHF-105-01-L-D-SM-LC!SAMTEC_EHF-105-01-L-D-SM-LC!141.1000!55.4000!90.000!NO!LINE!141.5300!57.7400!141.5300!58.1400!0.1000!!!!!NOTCONNECT!!!NO!!!!!!!!
S!ASSEMBLY_TOP!456 1!J5!SAMTEC_EHF-105-01-L-D-SM-LC!EHF-105-01-L-D-SM-LC!SAMTEC_EHF-105-01-L-D-SM-LC!141.1000!55.4000!90.000!NO!LINE!141.6300!57.7400!141.6300!58.1400!0.1000!!!!!NOTCONNECT!!!NO!!!!!!!!
S!ASSEMBLY_TOP!457 1!J5!SAMTEC_EHF-105-01-L-D-SM-LC!EHF-105-01-L-D-SM-LC!SAMTEC_EHF-105-01-L-D-SM-LC!141.1000!55.4000!90.000!NO!LINE!141.8400!57.7400!141.8400!58.1400!0.1000!!!!!NOTCONNECT!!!NO!!!!!!!!
S!ASSEMBLY_TOP!458 1!J5!SAMTEC_EHF-105-01-L-D-SM-LC!EHF-105-01-L-D-SM-LC!SAMTEC_EHF-105-01-L-D-SM-LC!141.1000!55.4000!90.000!NO!LINE!141.5300!56.8700!141.9400!56.8700!0.1000!!!!!NOTCONNECT!!!NO!!!!!!!!
S!ASSEMBLY_TOP!459 1!J5!SAMTEC_EHF-105-01-L-D-SM-LC!EHF-105-01-L-D-SM-LC!SAMTEC_EHF-105-01-L-D-SM-LC!141.1000!55.4000!90.000!NO!LINE!141.9400!57.7400!141.5300!57.7400!0.1000!!!!!NOTCONNECT!!!NO!!!!!!!!
S!ASSEMBLY_TOP!460 1!J5!SAMTEC_EHF-105-01-L-D-SM-LC!EHF-105-01-L-D-SM-LC!SAMTEC_EHF-105-01-L-D-SM-LC!141.1000!55.4000!90.000!NO!LINE!144.7600!57.7400!144.7600!58.1400!0.1000!!!!!NOTCONNECT!!!NO!!!!!!!!
S!ASSEMBLY_TOP!461 1!J5!SAMTEC_EHF-105-01-L-D-SM-LC!EHF-105-01-L-D-SM-LC!SAMTEC_EHF-105-01-L-D-SM-LC!141.1000!55.4000!90.000!NO!LINE!144.8600!57.7400!143.9300!57.7400!0.1000!!!!!NOTCONNECT!!!NO!!!!!!!!
S!ASSEMBLY_TOP!462 1!J5!SAMTEC_EHF-105-01-L-D-SM-LC!EHF-105-01-L-D-SM-LC!SAMTEC_EHF-105-01-L-D-SM-LC!141.1000!55.4000!90.000!NO!LINE!144.8600!57.7400!144.8600!58.1400!0.1000!!!!!NOTCONNECT!!!NO!!!!!!!!
S!ASSEMBLY_TOP!463 1!J5!SAMTEC_EHF-105-01-L-D-SM-LC!EHF-105-01-L-D-SM-LC!SAMTEC_EHF-105-01-L-D-SM-LC!141.1000!55.4000!90.000!NO!LINE!143.9300!56.8700!144.8600!56.8700!0.1000!!!!!NOTCONNECT!!!NO!!!!!!!!
S!ASSEMBLY_TOP!464 1!J5!SAMTEC_EHF-105-01-L-D-SM-LC!EHF-105-01-L-D-SM-LC!SAMTEC_EHF-105-01-L-D-SM-LC!141.1000!55.4000!90.000!NO!LINE!137.7600!56.4700!137.3400!56.4700!0.1000!!!!!NOTCONNECT!!!NO!!!!!!!!
S!ASSEMBLY_TOP!465 1!J5!SAMTEC_EHF-105-01-L-D-SM-LC!EHF-105-01-L-D-SM-LC!SAMTEC_EHF-105-01-L-D-SM-LC!141.1000!55.4000!90.000!NO!LINE!137.4400!56.4700!137.4400!56.8700!0.1000!!!!!NOTCONNECT!!!NO!!!!!!!!
S!ASSEMBLY_TOP!466 1!J5!SAMTEC_EHF-105-01-L-D-SM-LC!EHF-105-01-L-D-SM-LC!SAMTEC_EHF-105-01-L-D-SM-LC!141.1000!55.4000!90.000!NO!LINE!137.3400!55.6000!137.7600!55.6000!0.1000!!!!!NOTCONNECT!!!NO!!!!!!!!
S!ASSEMBLY_TOP!467 1!J5!SAMTEC_EHF-105-01-L-D-SM-LC!EHF-105-01-L-D-SM-LC!SAMTEC_EHF-105-01-L-D-SM-LC!141.1000!55.4000!90.000!NO!LINE!137.3400!56.4700!137.3400!56.8700!0.1000!!!!!NOTCONNECT!!!NO!!!!!!!!
S!ASSEMBLY_TOP!468 1!J5!SAMTEC_EHF-105-01-L-D-SM-LC!EHF-105-01-L-D-SM-LC!SAMTEC_EHF-105-01-L-D-SM-LC!141.1000!55.4000!90.000!NO!LINE!138.2700!56.6700!137.7600!56.6700!0.1000!!!!!NOTCONNECT!!!NO!!!!!!!!
S!ASSEMBLY_TOP!469 1!J5!SAMTEC_EHF-105-01-L-D-SM-LC!EHF-105-01-L-D-SM-LC!SAMTEC_EHF-105-01-L-D-SM-LC!141.1000!55.4000!90.000!NO!LINE!140.2600!56.4700!140.2600!56.8700!0.1000!!!!!NOTCONNECT!!!NO!!!!!!!!
S!ASSEMBLY_TOP!470 1!J5!SAMTEC_EHF-105-01-L-D-SM-LC!EHF-105-01-L-D-SM-LC!SAMTEC_EHF-105-01-L-D-SM-LC!141.1000!55.4000!90.000!NO!LINE!140.6700!56.4700!140.6700!56.8700!0.1000!!!!!NOTCONNECT!!!NO!!!!!!!!
S!ASSEMBLY_TOP!471 1!J5!SAMTEC_EHF-105-01-L-D-SM-LC!EHF-105-01-L-D-SM-LC!SAMTEC_EHF-105-01-L-D-SM-LC!141.1000!55.4000!90.000!NO!LINE!140.3600!56.4700!140.3600!56.8700!0.1000!!!!!NOTCONNECT!!!NO!!!!!!!!
S!ASSEMBLY_TOP!472 1!J5!SAMTEC_EHF-105-01-L-D-SM-LC!EHF-105-01-L-D-SM-LC!SAMTEC_EHF-105-01-L-D-SM-LC!141.1000!55.4000!90.000!NO!LINE!140.5700!56.4700!140.5700!56.8700!0.1000!!!!!NOTCONNECT!!!NO!!!!!!!!
S!ASSEMBLY_TOP!473 1!J5!SAMTEC_EHF-105-01-L-D-SM-LC!EHF-105-01-L-D-SM-LC!SAMTEC_EHF-105-01-L-D-SM-LC!141.1000!55.4000!90.000!NO!LINE!140.2600!55.6000!140.6700!55.6000!0.1000!!!!!NOTCONNECT!!!NO!!!!!!!!
S!ASSEMBLY_TOP!474 1!J5!SAMTEC_EHF-105-01-L-D-SM-LC!EHF-105-01-L-D-SM-LC!SAMTEC_EHF-105-01-L-D-SM-LC!141.1000!55.4000!90.000!NO!LINE!140.6700!56.4700!140.2600!56.4700!0.1000!!!!!NOTCONNECT!!!NO!!!!!!!!
S!ASSEMBLY_TOP!475 1!J5!SAMTEC_EHF-105-01-L-D-SM-LC!EHF-105-01-L-D-SM-LC!SAMTEC_EHF-105-01-L-D-SM-LC!141.1000!55.4000!90.000!NO!LINE!141.9400!56.4700!141.9400!56.8700!0.1000!!!!!NOTCONNECT!!!NO!!!!!!!!
S!ASSEMBLY_TOP!476 1!J5!SAMTEC_EHF-105-01-L-D-SM-LC!EHF-105-01-L-D-SM-LC!SAMTEC_EHF-105-01-L-D-SM-LC!141.1000!55.4000!90.000!NO!LINE!141.5300!56.4700!141.5300!56.8700!0.1000!!!!!NOTCONNECT!!!NO!!!!!!!!
S!ASSEMBLY_TOP!477 1!J5!SAMTEC_EHF-105-01-L-D-SM-LC!EHF-105-01-L-D-SM-LC!SAMTEC_EHF-105-01-L-D-SM-LC!141.1000!55.4000!90.000!NO!LINE!141.6300!56.4700!141.6300!56.8700!0.1000!!!!!NOTCONNECT!!!NO!!!!!!!!
S!ASSEMBLY_TOP!478 1!J5!SAMTEC_EHF-105-01-L-D-SM-LC!EHF-105-01-L-D-SM-LC!SAMTEC_EHF-105-01-L-D-SM-LC!141.1000!55.4000!90.000!NO!LINE!141.8400!56.4700!141.8400!56.8700!0.1000!!!!!NOTCONNECT!!!NO!!!!!!!!
S!ASSEMBLY_TOP!479 1!J5!SAMTEC_EHF-105-01-L-D-SM-LC!EHF-105-01-L-D-SM-LC!SAMTEC_EHF-105-01-L-D-SM-LC!141.1000!55.4000!90.000!NO!LINE!141.5300!55.6000!141.9400!55.6000!0.1000!!!!!NOTCONNECT!!!NO!!!!!!!!
S!ASSEMBLY_TOP!480 1!J5!SAMTEC_EHF-105-01-L-D-SM-LC!EHF-105-01-L-D-SM-LC!SAMTEC_EHF-105-01-L-D-SM-LC!141.1000!55.4000!90.000!NO!LINE!141.9400!56.4700!141.5300!56.4700!0.1000!!!!!NOTCONNECT!!!NO!!!!!!!!
S!ASSEMBLY_TOP!481 1!J5!SAMTEC_EHF-105-01-L-D-SM-LC!EHF-105-01-L-D-SM-LC!SAMTEC_EHF-105-01-L-D-SM-LC!141.1000!55.4000!90.000!NO!LINE!142.8100!59.6700!142.8100!56.6700!0.1000!!!!!NOTCONNECT!!!NO!!!!!!!!
S!ASSEMBLY_TOP!482 1!J5!SAMTEC_EHF-105-01-L-D-SM-LC!EHF-105-01-L-D-SM-LC!SAMTEC_EHF-105-01-L-D-SM-LC!141.1000!55.4000!90.000!NO!LINE!144.4400!56.6700!142.8100!56.6700!0.1000!!!!!NOTCONNECT!!!NO!!!!!!!!
S!ASSEMBLY_TOP!483 1!J5!SAMTEC_EHF-105-01-L-D-SM-LC!EHF-105-01-L-D-SM-LC!SAMTEC_EHF-105-01-L-D-SM-LC!141.1000!55.4000!90.000!NO!LINE!143.9300!65.8100!143.9300!56.6700!0.1000!!!!!NOTCONNECT!!!NO!!!!!!!!
S!ASSEMBLY_TOP!484 1!J5!SAMTEC_EHF-105-01-L-D-SM-LC!EHF-105-01-L-D-SM-LC!SAMTEC_EHF-105-01-L-D-SM-LC!141.1000!55.4000!90.000!NO!LINE!144.7600!56.4700!144.7600!56.8700!0.1000!!!!!NOTCONNECT!!!NO!!!!!!!!
S!ASSEMBLY_TOP!485 1!J5!SAMTEC_EHF-105-01-L-D-SM-LC!EHF-105-01-L-D-SM-LC!SAMTEC_EHF-105-01-L-D-SM-LC!141.1000!55.4000!90.000!NO!LINE!144.8600!56.4700!144.4400!56.4700!0.1000!!!!!NOTCONNECT!!!NO!!!!!!!!
S!ASSEMBLY_TOP!486 1!J5!SAMTEC_EHF-105-01-L-D-SM-LC!EHF-105-01-L-D-SM-LC!SAMTEC_EHF-105-01-L-D-SM-LC!141.1000!55.4000!90.000!NO!LINE!144.8600!56.4700!144.8600!56.8700!0.1000!!!!!NOTCONNECT!!!NO!!!!!!!!
S!ASSEMBLY_TOP!487 1!J5!SAMTEC_EHF-105-01-L-D-SM-LC!EHF-105-01-L-D-SM-LC!SAMTEC_EHF-105-01-L-D-SM-LC!141.1000!55.4000!90.000!NO!LINE!144.4400!55.6000!144.8600!55.6000!0.1000!!!!!NOTCONNECT!!!NO!!!!!!!!
S!ASSEMBLY_TOP!488 1!J5!SAMTEC_EHF-105-01-L-D-SM-LC!EHF-105-01-L-D-SM-LC!SAMTEC_EHF-105-01-L-D-SM-LC!141.1000!55.4000!90.000!NO!LINE!137.7600!56.6700!137.7600!54.1300!0.1000!!!!!NOTCONNECT!!!NO!!!!!!!!
S!ASSEMBLY_TOP!489 1!J5!SAMTEC_EHF-105-01-L-D-SM-LC!EHF-105-01-L-D-SM-LC!SAMTEC_EHF-105-01-L-D-SM-LC!141.1000!55.4000!90.000!NO!LINE!137.7600!55.2000!137.3400!55.2000!0.1000!!!!!NOTCONNECT!!!NO!!!!!!!!
S!ASSEMBLY_TOP!490 1!J5!SAMTEC_EHF-105-01-L-D-SM-LC!EHF-105-01-L-D-SM-LC!SAMTEC_EHF-105-01-L-D-SM-LC!141.1000!55.4000!90.000!NO!LINE!137.4400!55.2000!137.4400!55.6000!0.1000!!!!!NOTCONNECT!!!NO!!!!!!!!
S!ASSEMBLY_TOP!491 1!J5!SAMTEC_EHF-105-01-L-D-SM-LC!EHF-105-01-L-D-SM-LC!SAMTEC_EHF-105-01-L-D-SM-LC!141.1000!55.4000!90.000!NO!LINE!137.3400!54.3300!137.7600!54.3300!0.1000!!!!!NOTCONNECT!!!NO!!!!!!!!
S!ASSEMBLY_TOP!492 1!J5!SAMTEC_EHF-105-01-L-D-SM-LC!EHF-105-01-L-D-SM-LC!SAMTEC_EHF-105-01-L-D-SM-LC!141.1000!55.4000!90.000!NO!LINE!137.3400!55.2000!137.3400!55.6000!0.1000!!!!!NOTCONNECT!!!NO!!!!!!!!
S!ASSEMBLY_TOP!493 1!J5!SAMTEC_EHF-105-01-L-D-SM-LC!EHF-105-01-L-D-SM-LC!SAMTEC_EHF-105-01-L-D-SM-LC!141.1000!55.4000!90.000!NO!LINE!137.7600!54.1300!138.2700!54.1300!0.1000!!!!!NOTCONNECT!!!NO!!!!!!!!
S!ASSEMBLY_TOP!494 1!J5!SAMTEC_EHF-105-01-L-D-SM-LC!EHF-105-01-L-D-SM-LC!SAMTEC_EHF-105-01-L-D-SM-LC!141.1000!55.4000!90.000!NO!LINE!140.2600!55.2000!140.2600!55.6000!0.1000!!!!!NOTCONNECT!!!NO!!!!!!!!
S!ASSEMBLY_TOP!495 1!J5!SAMTEC_EHF-105-01-L-D-SM-LC!EHF-105-01-L-D-SM-LC!SAMTEC_EHF-105-01-L-D-SM-LC!141.1000!55.4000!90.000!NO!LINE!140.6700!55.2000!140.6700!55.6000!0.1000!!!!!NOTCONNECT!!!NO!!!!!!!!
S!ASSEMBLY_TOP!496 1!J5!SAMTEC_EHF-105-01-L-D-SM-LC!EHF-105-01-L-D-SM-LC!SAMTEC_EHF-105-01-L-D-SM-LC!141.1000!55.4000!90.000!NO!LINE!140.3600!55.2000!140.3600!55.6000!0.1000!!!!!NOTCONNECT!!!NO!!!!!!!!
S!ASSEMBLY_TOP!497 1!J5!SAMTEC_EHF-105-01-L-D-SM-LC!EHF-105-01-L-D-SM-LC!SAMTEC_EHF-105-01-L-D-SM-LC!141.1000!55.4000!90.000!NO!LINE!140.5700!55.2000!140.5700!55.6000!0.1000!!!!!NOTCONNECT!!!NO!!!!!!!!
S!ASSEMBLY_TOP!498 1!J5!SAMTEC_EHF-105-01-L-D-SM-LC!EHF-105-01-L-D-SM-LC!SAMTEC_EHF-105-01-L-D-SM-LC!141.1000!55.4000!90.000!NO!LINE!140.2600!54.3300!140.6700!54.3300!0.1000!!!!!NOTCONNECT!!!NO!!!!!!!!
S!ASSEMBLY_TOP!499 1!J5!SAMTEC_EHF-105-01-L-D-SM-LC!EHF-105-01-L-D-SM-LC!SAMTEC_EHF-105-01-L-D-SM-LC!141.1000!55.4000!90.000!NO!LINE!140.6700!55.2000!140.2600!55.2000!0.1000!!!!!NOTCONNECT!!!NO!!!!!!!!
S!ASSEMBLY_TOP!500 1!J5!SAMTEC_EHF-105-01-L-D-SM-LC!EHF-105-01-L-D-SM-LC!SAMTEC_EHF-105-01-L-D-SM-LC!141.1000!55.4000!90.000!NO!LINE!141.9400!55.2000!141.9400!55.6000!0.1000!!!!!NOTCONNECT!!!NO!!!!!!!!
S!ASSEMBLY_TOP!501 1!J5!SAMTEC_EHF-105-01-L-D-SM-LC!EHF-105-01-L-D-SM-LC!SAMTEC_EHF-105-01-L-D-SM-LC!141.1000!55.4000!90.000!NO!LINE!141.5300!55.2000!141.5300!55.6000!0.1000!!!!!NOTCONNECT!!!NO!!!!!!!!
S!ASSEMBLY_TOP!502 1!J5!SAMTEC_EHF-105-01-L-D-SM-LC!EHF-105-01-L-D-SM-LC!SAMTEC_EHF-105-01-L-D-SM-LC!141.1000!55.4000!90.000!NO!LINE!141.5300!54.3300!141.9400!54.3300!0.1000!!!!!NOTCONNECT!!!NO!!!!!!!!
S!ASSEMBLY_TOP!503 1!J5!SAMTEC_EHF-105-01-L-D-SM-LC!EHF-105-01-L-D-SM-LC!SAMTEC_EHF-105-01-L-D-SM-LC!141.1000!55.4000!90.000!NO!LINE!141.9400!55.2000!141.5300!55.2000!0.1000!!!!!NOTCONNECT!!!NO!!!!!!!!
S!ASSEMBLY_TOP!504 1!J5!SAMTEC_EHF-105-01-L-D-SM-LC!EHF-105-01-L-D-SM-LC!SAMTEC_EHF-105-01-L-D-SM-LC!141.1000!55.4000!90.000!NO!LINE!141.6300!55.2000!141.6300!55.6000!0.1000!!!!!NOTCONNECT!!!NO!!!!!!!!
S!ASSEMBLY_TOP!505 1!J5!SAMTEC_EHF-105-01-L-D-SM-LC!EHF-105-01-L-D-SM-LC!SAMTEC_EHF-105-01-L-D-SM-LC!141.1000!55.4000!90.000!NO!LINE!141.8400!55.2000!141.8400!55.6000!0.1000!!!!!NOTCONNECT!!!NO!!!!!!!!
S!ASSEMBLY_TOP!506 1!J5!SAMTEC_EHF-105-01-L-D-SM-LC!EHF-105-01-L-D-SM-LC!SAMTEC_EHF-105-01-L-D-SM-LC!141.1000!55.4000!90.000!NO!LINE!142.8100!54.1300!144.4400!54.1300!0.1000!!!!!NOTCONNECT!!!NO!!!!!!!!
S!ASSEMBLY_TOP!507 1!J5!SAMTEC_EHF-105-01-L-D-SM-LC!EHF-105-01-L-D-SM-LC!SAMTEC_EHF-105-01-L-D-SM-LC!141.1000!55.4000!90.000!NO!LINE!144.4400!54.1300!144.4400!56.6700!0.1000!!!!!NOTCONNECT!!!NO!!!!!!!!
S!ASSEMBLY_TOP!508 1!J5!SAMTEC_EHF-105-01-L-D-SM-LC!EHF-105-01-L-D-SM-LC!SAMTEC_EHF-105-01-L-D-SM-LC!141.1000!55.4000!90.000!NO!LINE!144.7600!55.2000!144.7600!55.6000!0.1000!!!!!NOTCONNECT!!!NO!!!!!!!!
S!ASSEMBLY_TOP!509 1!J5!SAMTEC_EHF-105-01-L-D-SM-LC!EHF-105-01-L-D-SM-LC!SAMTEC_EHF-105-01-L-D-SM-LC!141.1000!55.4000!90.000!NO!LINE!144.8600!55.2000!144.4400!55.2000!0.1000!!!!!NOTCONNECT!!!NO!!!!!!!!
S!ASSEMBLY_TOP!510 1!J5!SAMTEC_EHF-105-01-L-D-SM-LC!EHF-105-01-L-D-SM-LC!SAMTEC_EHF-105-01-L-D-SM-LC!141.1000!55.4000!90.000!NO!LINE!144.8600!55.2000!144.8600!55.6000!0.1000!!!!!NOTCONNECT!!!NO!!!!!!!!
S!ASSEMBLY_TOP!511 1!J5!SAMTEC_EHF-105-01-L-D-SM-LC!EHF-105-01-L-D-SM-LC!SAMTEC_EHF-105-01-L-D-SM-LC!141.1000!55.4000!90.000!NO!LINE!144.4400!54.3300!144.8600!54.3300!0.1000!!!!!NOTCONNECT!!!NO!!!!!!!!
S!ASSEMBLY_TOP!512 1!J5!SAMTEC_EHF-105-01-L-D-SM-LC!EHF-105-01-L-D-SM-LC!SAMTEC_EHF-105-01-L-D-SM-LC!141.1000!55.4000!90.000!NO!LINE!137.4400!53.9300!137.4400!54.3300!0.1000!!!!!NOTCONNECT!!!NO!!!!!!!!
S!ASSEMBLY_TOP!513 1!J5!SAMTEC_EHF-105-01-L-D-SM-LC!EHF-105-01-L-D-SM-LC!SAMTEC_EHF-105-01-L-D-SM-LC!141.1000!55.4000!90.000!NO!LINE!137.3400!53.9300!137.3400!54.3300!0.1000!!!!!NOTCONNECT!!!NO!!!!!!!!
S!ASSEMBLY_TOP!514 1!J5!SAMTEC_EHF-105-01-L-D-SM-LC!EHF-105-01-L-D-SM-LC!SAMTEC_EHF-105-01-L-D-SM-LC!141.1000!55.4000!90.000!NO!LINE!138.2700!53.9300!137.3400!53.9300!0.1000!!!!!NOTCONNECT!!!NO!!!!!!!!
S!ASSEMBLY_TOP!515 1!J5!SAMTEC_EHF-105-01-L-D-SM-LC!EHF-105-01-L-D-SM-LC!SAMTEC_EHF-105-01-L-D-SM-LC!141.1000!55.4000!90.000!NO!LINE!137.3400!53.0600!138.2700!53.0600!0.1000!!!!!NOTCONNECT!!!NO!!!!!!!!
S!ASSEMBLY_TOP!516 1!J5!SAMTEC_EHF-105-01-L-D-SM-LC!EHF-105-01-L-D-SM-LC!SAMTEC_EHF-105-01-L-D-SM-LC!141.1000!55.4000!90.000!NO!LINE!140.2600!53.9300!140.2600!54.3300!0.1000!!!!!NOTCONNECT!!!NO!!!!!!!!
S!ASSEMBLY_TOP!517 1!J5!SAMTEC_EHF-105-01-L-D-SM-LC!EHF-105-01-L-D-SM-LC!SAMTEC_EHF-105-01-L-D-SM-LC!141.1000!55.4000!90.000!NO!LINE!140.2600!53.0600!140.6700!53.0600!0.1000!!!!!NOTCONNECT!!!NO!!!!!!!!
S!ASSEMBLY_TOP!518 1!J5!SAMTEC_EHF-105-01-L-D-SM-LC!EHF-105-01-L-D-SM-LC!SAMTEC_EHF-105-01-L-D-SM-LC!141.1000!55.4000!90.000!NO!LINE!140.6700!53.9300!140.6700!54.3300!0.1000!!!!!NOTCONNECT!!!NO!!!!!!!!
S!ASSEMBLY_TOP!519 1!J5!SAMTEC_EHF-105-01-L-D-SM-LC!EHF-105-01-L-D-SM-LC!SAMTEC_EHF-105-01-L-D-SM-LC!141.1000!55.4000!90.000!NO!LINE!140.3600!53.9300!140.3600!54.3300!0.1000!!!!!NOTCONNECT!!!NO!!!!!!!!
S!ASSEMBLY_TOP!520 1!J5!SAMTEC_EHF-105-01-L-D-SM-LC!EHF-105-01-L-D-SM-LC!SAMTEC_EHF-105-01-L-D-SM-LC!141.1000!55.4000!90.000!NO!LINE!140.5700!53.9300!140.5700!54.3300!0.1000!!!!!NOTCONNECT!!!NO!!!!!!!!
S!ASSEMBLY_TOP!521 1!J5!SAMTEC_EHF-105-01-L-D-SM-LC!EHF-105-01-L-D-SM-LC!SAMTEC_EHF-105-01-L-D-SM-LC!141.1000!55.4000!90.000!NO!LINE!140.6700!53.9300!140.2600!53.9300!0.1000!!!!!NOTCONNECT!!!NO!!!!!!!!
S!ASSEMBLY_TOP!522 1!J5!SAMTEC_EHF-105-01-L-D-SM-LC!EHF-105-01-L-D-SM-LC!SAMTEC_EHF-105-01-L-D-SM-LC!141.1000!55.4000!90.000!NO!LINE!141.9400!53.9300!141.9400!54.3300!0.1000!!!!!NOTCONNECT!!!NO!!!!!!!!
S!ASSEMBLY_TOP!523 1!J5!SAMTEC_EHF-105-01-L-D-SM-LC!EHF-105-01-L-D-SM-LC!SAMTEC_EHF-105-01-L-D-SM-LC!141.1000!55.4000!90.000!NO!LINE!141.5300!53.9300!141.5300!54.3300!0.1000!!!!!NOTCONNECT!!!NO!!!!!!!!
S!ASSEMBLY_TOP!524 1!J5!SAMTEC_EHF-105-01-L-D-SM-LC!EHF-105-01-L-D-SM-LC!SAMTEC_EHF-105-01-L-D-SM-LC!141.1000!55.4000!90.000!NO!LINE!141.5300!53.0600!141.9400!53.0600!0.1000!!!!!NOTCONNECT!!!NO!!!!!!!!
S!ASSEMBLY_TOP!525 1!J5!SAMTEC_EHF-105-01-L-D-SM-LC!EHF-105-01-L-D-SM-LC!SAMTEC_EHF-105-01-L-D-SM-LC!141.1000!55.4000!90.000!NO!LINE!141.6300!53.9300!141.6300!54.3300!0.1000!!!!!NOTCONNECT!!!NO!!!!!!!!
S!ASSEMBLY_TOP!526 1!J5!SAMTEC_EHF-105-01-L-D-SM-LC!EHF-105-01-L-D-SM-LC!SAMTEC_EHF-105-01-L-D-SM-LC!141.1000!55.4000!90.000!NO!LINE!141.8400!53.9300!141.8400!54.3300!0.1000!!!!!NOTCONNECT!!!NO!!!!!!!!
S!ASSEMBLY_TOP!527 1!J5!SAMTEC_EHF-105-01-L-D-SM-LC!EHF-105-01-L-D-SM-LC!SAMTEC_EHF-105-01-L-D-SM-LC!141.1000!55.4000!90.000!NO!LINE!141.9400!53.9300!141.5300!53.9300!0.1000!!!!!NOTCONNECT!!!NO!!!!!!!!
S!ASSEMBLY_TOP!528 1!J5!SAMTEC_EHF-105-01-L-D-SM-LC!EHF-105-01-L-D-SM-LC!SAMTEC_EHF-105-01-L-D-SM-LC!141.1000!55.4000!90.000!NO!LINE!143.9300!53.3400!143.7000!53.3400!0.1000!!!!!NOTCONNECT!!!NO!!!!!!!!
S!ASSEMBLY_TOP!529 1!J5!SAMTEC_EHF-105-01-L-D-SM-LC!EHF-105-01-L-D-SM-LC!SAMTEC_EHF-105-01-L-D-SM-LC!141.1000!55.4000!90.000!NO!LINE!143.9300!52.8600!143.7000!52.8600!0.1000!!!!!NOTCONNECT!!!NO!!!!!!!!
S!ASSEMBLY_TOP!530 1!J5!SAMTEC_EHF-105-01-L-D-SM-LC!EHF-105-01-L-D-SM-LC!SAMTEC_EHF-105-01-L-D-SM-LC!141.1000!55.4000!90.000!NO!LINE!143.6800!53.3700!143.9300!53.3700!0.1000!!!!!NOTCONNECT!!!NO!!!!!!!!
S!ASSEMBLY_TOP!531 1!J5!SAMTEC_EHF-105-01-L-D-SM-LC!EHF-105-01-L-D-SM-LC!SAMTEC_EHF-105-01-L-D-SM-LC!141.1000!55.4000!90.000!NO!LINE!144.7600!53.9300!144.7600!54.3300!0.1000!!!!!NOTCONNECT!!!NO!!!!!!!!
S!ASSEMBLY_TOP!532 1!J5!SAMTEC_EHF-105-01-L-D-SM-LC!EHF-105-01-L-D-SM-LC!SAMTEC_EHF-105-01-L-D-SM-LC!141.1000!55.4000!90.000!NO!LINE!143.9300!53.0600!144.8600!53.0600!0.1000!!!!!NOTCONNECT!!!NO!!!!!!!!
S!ASSEMBLY_TOP!533 1!J5!SAMTEC_EHF-105-01-L-D-SM-LC!EHF-105-01-L-D-SM-LC!SAMTEC_EHF-105-01-L-D-SM-LC!141.1000!55.4000!90.000!NO!LINE!144.8600!53.9300!143.9300!53.9300!0.1000!!!!!NOTCONNECT!!!NO!!!!!!!!
S!ASSEMBLY_TOP!534 1!J5!SAMTEC_EHF-105-01-L-D-SM-LC!EHF-105-01-L-D-SM-LC!SAMTEC_EHF-105-01-L-D-SM-LC!141.1000!55.4000!90.000!NO!LINE!144.8600!53.9300!144.8600!54.3300!0.1000!!!!!NOTCONNECT!!!NO!!!!!!!!
S!ASSEMBLY_TOP!535 1!J5!SAMTEC_EHF-105-01-L-D-SM-LC!EHF-105-01-L-D-SM-LC!SAMTEC_EHF-105-01-L-D-SM-LC!141.1000!55.4000!90.000!NO!LINE!137.3400!52.6600!137.3400!53.0600!0.1000!!!!!NOTCONNECT!!!NO!!!!!!!!
S!ASSEMBLY_TOP!536 1!J5!SAMTEC_EHF-105-01-L-D-SM-LC!EHF-105-01-L-D-SM-LC!SAMTEC_EHF-105-01-L-D-SM-LC!141.1000!55.4000!90.000!NO!LINE!137.4400!52.6600!137.4400!53.0600!0.1000!!!!!NOTCONNECT!!!NO!!!!!!!!
S!ASSEMBLY_TOP!537 1!J5!SAMTEC_EHF-105-01-L-D-SM-LC!EHF-105-01-L-D-SM-LC!SAMTEC_EHF-105-01-L-D-SM-LC!141.1000!55.4000!90.000!NO!LINE!138.2700!52.6600!137.3400!52.6600!0.1000!!!!!NOTCONNECT!!!NO!!!!!!!!
S!ASSEMBLY_TOP!538 1!J5!SAMTEC_EHF-105-01-L-D-SM-LC!EHF-105-01-L-D-SM-LC!SAMTEC_EHF-105-01-L-D-SM-LC!141.1000!55.4000!90.000!NO!LINE!140.2600!52.6600!140.2600!53.0600!0.1000!!!!!NOTCONNECT!!!NO!!!!!!!!
S!ASSEMBLY_TOP!539 1!J5!SAMTEC_EHF-105-01-L-D-SM-LC!EHF-105-01-L-D-SM-LC!SAMTEC_EHF-105-01-L-D-SM-LC!141.1000!55.4000!90.000!NO!LINE!140.6700!52.6600!140.6700!53.0600!0.1000!!!!!NOTCONNECT!!!NO!!!!!!!!
S!ASSEMBLY_TOP!540 1!J5!SAMTEC_EHF-105-01-L-D-SM-LC!EHF-105-01-L-D-SM-LC!SAMTEC_EHF-105-01-L-D-SM-LC!141.1000!55.4000!90.000!NO!LINE!140.6700!52.6600!140.2600!52.6600!0.1000!!!!!NOTCONNECT!!!NO!!!!!!!!
S!ASSEMBLY_TOP!541 1!J5!SAMTEC_EHF-105-01-L-D-SM-LC!EHF-105-01-L-D-SM-LC!SAMTEC_EHF-105-01-L-D-SM-LC!141.1000!55.4000!90.000!NO!LINE!140.3600!52.6600!140.3600!53.0600!0.1000!!!!!NOTCONNECT!!!NO!!!!!!!!
S!ASSEMBLY_TOP!542 1!J5!SAMTEC_EHF-105-01-L-D-SM-LC!EHF-105-01-L-D-SM-LC!SAMTEC_EHF-105-01-L-D-SM-LC!141.1000!55.4000!90.000!NO!LINE!140.5700!52.6600!140.5700!53.0600!0.1000!!!!!NOTCONNECT!!!NO!!!!!!!!
S!ASSEMBLY_TOP!543 1!J5!SAMTEC_EHF-105-01-L-D-SM-LC!EHF-105-01-L-D-SM-LC!SAMTEC_EHF-105-01-L-D-SM-LC!141.1000!55.4000!90.000!NO!LINE!141.9400!52.6600!141.9400!53.0600!0.1000!!!!!NOTCONNECT!!!NO!!!!!!!!
S!ASSEMBLY_TOP!544 1!J5!SAMTEC_EHF-105-01-L-D-SM-LC!EHF-105-01-L-D-SM-LC!SAMTEC_EHF-105-01-L-D-SM-LC!141.1000!55.4000!90.000!NO!LINE!141.5300!52.6600!141.5300!53.0600!0.1000!!!!!NOTCONNECT!!!NO!!!!!!!!
S!ASSEMBLY_TOP!545 1!J5!SAMTEC_EHF-105-01-L-D-SM-LC!EHF-105-01-L-D-SM-LC!SAMTEC_EHF-105-01-L-D-SM-LC!141.1000!55.4000!90.000!NO!LINE!141.8400!52.6600!141.8400!53.0600!0.1000!!!!!NOTCONNECT!!!NO!!!!!!!!
S!ASSEMBLY_TOP!546 1!J5!SAMTEC_EHF-105-01-L-D-SM-LC!EHF-105-01-L-D-SM-LC!SAMTEC_EHF-105-01-L-D-SM-LC!141.1000!55.4000!90.000!NO!LINE!141.9400!52.6600!141.5300!52.6600!0.1000!!!!!NOTCONNECT!!!NO!!!!!!!!
S!ASSEMBLY_TOP!547 1!J5!SAMTEC_EHF-105-01-L-D-SM-LC!EHF-105-01-L-D-SM-LC!SAMTEC_EHF-105-01-L-D-SM-LC!141.1000!55.4000!90.000!NO!LINE!141.6300!52.6600!141.6300!53.0600!0.1000!!!!!NOTCONNECT!!!NO!!!!!!!!
S!ASSEMBLY_TOP!548 1!J5!SAMTEC_EHF-105-01-L-D-SM-LC!EHF-105-01-L-D-SM-LC!SAMTEC_EHF-105-01-L-D-SM-LC!141.1000!55.4000!90.000!NO!LINE!143.7000!53.3400!143.7000!52.3800!0.1000!!!!!NOTCONNECT!!!NO!!!!!!!!
S!ASSEMBLY_TOP!549 1!J5!SAMTEC_EHF-105-01-L-D-SM-LC!EHF-105-01-L-D-SM-LC!SAMTEC_EHF-105-01-L-D-SM-LC!141.1000!55.4000!90.000!NO!LINE!143.9300!52.3800!143.7000!52.3800!0.1000!!!!!NOTCONNECT!!!NO!!!!!!!!
S!ASSEMBLY_TOP!550 1!J5!SAMTEC_EHF-105-01-L-D-SM-LC!EHF-105-01-L-D-SM-LC!SAMTEC_EHF-105-01-L-D-SM-LC!141.1000!55.4000!90.000!NO!LINE!143.6800!53.3700!143.6800!52.3500!0.1000!!!!!NOTCONNECT!!!NO!!!!!!!!
S!ASSEMBLY_TOP!551 1!J5!SAMTEC_EHF-105-01-L-D-SM-LC!EHF-105-01-L-D-SM-LC!SAMTEC_EHF-105-01-L-D-SM-LC!141.1000!55.4000!90.000!NO!LINE!143.6800!52.3500!143.9300!52.3500!0.1000!!!!!NOTCONNECT!!!NO!!!!!!!!
S!ASSEMBLY_TOP!552 1!J5!SAMTEC_EHF-105-01-L-D-SM-LC!EHF-105-01-L-D-SM-LC!SAMTEC_EHF-105-01-L-D-SM-LC!141.1000!55.4000!90.000!NO!LINE!144.7600!52.6600!144.7600!53.0600!0.1000!!!!!NOTCONNECT!!!NO!!!!!!!!
S!ASSEMBLY_TOP!553 1!J5!SAMTEC_EHF-105-01-L-D-SM-LC!EHF-105-01-L-D-SM-LC!SAMTEC_EHF-105-01-L-D-SM-LC!141.1000!55.4000!90.000!NO!LINE!144.8600!52.6600!143.9300!52.6600!0.1000!!!!!NOTCONNECT!!!NO!!!!!!!!
S!ASSEMBLY_TOP!554 1!J5!SAMTEC_EHF-105-01-L-D-SM-LC!EHF-105-01-L-D-SM-LC!SAMTEC_EHF-105-01-L-D-SM-LC!141.1000!55.4000!90.000!NO!LINE!144.8600!52.6600!144.8600!53.0600!0.1000!!!!!NOTCONNECT!!!NO!!!!!!!!
S!ASSEMBLY_TOP!558 1!J5!SAMTEC_EHF-105-01-L-D-SM-LC!EHF-105-01-L-D-SM-LC!SAMTEC_EHF-105-01-L-D-SM-LC!141.1000!55.4000!90.000!NO!LINE!139.3900!51.1300!139.3900!59.6700!0.1000!!!!!NOTCONNECT!!!NO!!!!!!!!
S!ASSEMBLY_TOP!559 1!J5!SAMTEC_EHF-105-01-L-D-SM-LC!EHF-105-01-L-D-SM-LC!SAMTEC_EHF-105-01-L-D-SM-LC!141.1000!55.4000!90.000!NO!LINE!142.8100!54.1300!142.8100!51.1300!0.1000!!!!!NOTCONNECT!!!NO!!!!!!!!
S!ASSEMBLY_TOP!560 1!J5!SAMTEC_EHF-105-01-L-D-SM-LC!EHF-105-01-L-D-SM-LC!SAMTEC_EHF-105-01-L-D-SM-LC!141.1000!55.4000!90.000!NO!LINE!143.6400!51.1300!138.5600!51.1300!0.1000!!!!!NOTCONNECT!!!NO!!!!!!!!
S!ASSEMBLY_TOP!565 1!J5!SAMTEC_EHF-105-01-L-D-SM-LC!EHF-105-01-L-D-SM-LC!SAMTEC_EHF-105-01-L-D-SM-LC!141.1000!55.4000!90.000!NO!LINE!138.5600!49.6900!138.2700!49.6900!0.1000!!!!!NOTCONNECT!!!NO!!!!!!!!
S!ASSEMBLY_TOP!566 1!J5!SAMTEC_EHF-105-01-L-D-SM-LC!EHF-105-01-L-D-SM-LC!SAMTEC_EHF-105-01-L-D-SM-LC!141.1000!55.4000!90.000!NO!LINE!143.6400!49.3500!138.5600!49.3500!0.1000!!!!!NOTCONNECT!!!NO!!!!!!!!
S!ASSEMBLY_TOP!567 1!J5!SAMTEC_EHF-105-01-L-D-SM-LC!EHF-105-01-L-D-SM-LC!SAMTEC_EHF-105-01-L-D-SM-LC!141.1000!55.4000!90.000!NO!LINE!143.9300!49.6800!143.6400!49.6800!0.1000!!!!!NOTCONNECT!!!NO!!!!!!!!
S!ASSEMBLY_TOP!571 1!J5!SAMTEC_EHF-105-01-L-D-SM-LC!EHF-105-01-L-D-SM-LC!SAMTEC_EHF-105-01-L-D-SM-LC!141.1000!55.4000!90.000!NO!LINE!138.2700!47.5300!137.7600!47.5300!0.1000!!!!!NOTCONNECT!!!NO!!!!!!!!
S!ASSEMBLY_TOP!572 1!J5!SAMTEC_EHF-105-01-L-D-SM-LC!EHF-105-01-L-D-SM-LC!SAMTEC_EHF-105-01-L-D-SM-LC!141.1000!55.4000!90.000!NO!LINE!144.4400!47.5300!143.9300!47.5300!0.1000!!!!!NOTCONNECT!!!NO!!!!!!!!
S!ASSEMBLY_TOP!579 1!J5!SAMTEC_EHF-105-01-L-D-SM-LC!EHF-105-01-L-D-SM-LC!SAMTEC_EHF-105-01-L-D-SM-LC!141.1000!55.4000!90.000!NO!LINE!138.5600!51.1300!138.5600!46.3100!0.1000!!!!!NOTCONNECT!!!NO!!!!!!!!
S!ASSEMBLY_TOP!580 1!J5!SAMTEC_EHF-105-01-L-D-SM-LC!EHF-105-01-L-D-SM-LC!SAMTEC_EHF-105-01-L-D-SM-LC!141.1000!55.4000!90.000!NO!LINE!139.7000!46.3100!138.5600!46.3100!0.1000!!!!!NOTCONNECT!!!NO!!!!!!!!
S!ASSEMBLY_TOP!581 1!J5!SAMTEC_EHF-105-01-L-D-SM-LC!EHF-105-01-L-D-SM-LC!SAMTEC_EHF-105-01-L-D-SM-LC!141.1000!55.4000!90.000!NO!LINE!139.7000!46.2600!138.2700!46.2600!0.1000!!!!!NOTCONNECT!!!NO!!!!!!!!
S!ASSEMBLY_TOP!582 1!J5!SAMTEC_EHF-105-01-L-D-SM-LC!EHF-105-01-L-D-SM-LC!SAMTEC_EHF-105-01-L-D-SM-LC!141.1000!55.4000!90.000!NO!LINE!143.6400!51.1300!143.6400!46.3100!0.1000!!!!!NOTCONNECT!!!NO!!!!!!!!
S!ASSEMBLY_TOP!583 1!J5!SAMTEC_EHF-105-01-L-D-SM-LC!EHF-105-01-L-D-SM-LC!SAMTEC_EHF-105-01-L-D-SM-LC!141.1000!55.4000!90.000!NO!LINE!143.6400!46.3100!142.5000!46.3100!0.1000!!!!!NOTCONNECT!!!NO!!!!!!!!
S!ASSEMBLY_TOP!584 1!J5!SAMTEC_EHF-105-01-L-D-SM-LC!EHF-105-01-L-D-SM-LC!SAMTEC_EHF-105-01-L-D-SM-LC!141.1000!55.4000!90.000!NO!LINE!143.9300!46.2600!142.5000!46.2600!0.1000!!!!!NOTCONNECT!!!NO!!!!!!!!
S!ASSEMBLY_TOP!593 1!J5!SAMTEC_EHF-105-01-L-D-SM-LC!EHF-105-01-L-D-SM-LC!SAMTEC_EHF-105-01-L-D-SM-LC!141.1000!55.4000!90.000!NO!LINE!137.7600!47.5300!137.7600!44.9900!0.1000!!!!!NOTCONNECT!!!NO!!!!!!!!
S!ASSEMBLY_TOP!594 1!J5!SAMTEC_EHF-105-01-L-D-SM-LC!EHF-105-01-L-D-SM-LC!SAMTEC_EHF-105-01-L-D-SM-LC!141.1000!55.4000!90.000!NO!LINE!138.2700!65.8100!138.2700!44.9900!0.1000!!!!!NOTCONNECT!!!NO!!!!!!!!
S!ASSEMBLY_TOP!595 1!J5!SAMTEC_EHF-105-01-L-D-SM-LC!EHF-105-01-L-D-SM-LC!SAMTEC_EHF-105-01-L-D-SM-LC!141.1000!55.4000!90.000!NO!LINE!139.7000!44.9900!139.7000!46.3100!0.1000!!!!!NOTCONNECT!!!NO!!!!!!!!
S!ASSEMBLY_TOP!596 1!J5!SAMTEC_EHF-105-01-L-D-SM-LC!EHF-105-01-L-D-SM-LC!SAMTEC_EHF-105-01-L-D-SM-LC!141.1000!55.4000!90.000!NO!LINE!139.7000!45.5200!142.5000!45.5200!0.1000!!!!!NOTCONNECT!!!NO!!!!!!!!
S!ASSEMBLY_TOP!597 1!J5!SAMTEC_EHF-105-01-L-D-SM-LC!EHF-105-01-L-D-SM-LC!SAMTEC_EHF-105-01-L-D-SM-LC!141.1000!55.4000!90.000!NO!LINE!142.5000!46.3100!142.5000!44.9900!0.1000!!!!!NOTCONNECT!!!NO!!!!!!!!
S!ASSEMBLY_TOP!598 1!J5!SAMTEC_EHF-105-01-L-D-SM-LC!EHF-105-01-L-D-SM-LC!SAMTEC_EHF-105-01-L-D-SM-LC!141.1000!55.4000!90.000!NO!LINE!137.7600!44.9900!144.4400!44.9900!0.1000!!!!!NOTCONNECT!!!NO!!!!!!!!
S!ASSEMBLY_TOP!599 1!J5!SAMTEC_EHF-105-01-L-D-SM-LC!EHF-105-01-L-D-SM-LC!SAMTEC_EHF-105-01-L-D-SM-LC!141.1000!55.4000!90.000!NO!LINE!144.4400!44.9900!144.4400!47.5300!0.1000!!!!!NOTCONNECT!!!NO!!!!!!!!
S!ASSEMBLY_TOP!600 1!J5!SAMTEC_EHF-105-01-L-D-SM-LC!EHF-105-01-L-D-SM-LC!SAMTEC_EHF-105-01-L-D-SM-LC!141.1000!55.4000!90.000!NO!LINE!143.9300!54.1300!143.9300!44.9900!0.1000!!!!!NOTCONNECT!!!NO!!!!!!!!
S!ASSEMBLY_TOP!604 1!J5!SAMTEC_EHF-105-01-L-D-SM-LC!EHF-105-01-L-D-SM-LC!SAMTEC_EHF-105-01-L-D-SM-LC!141.1000!55.4000!90.000!NO!ARC!144.7000!51.9000!144.7000!51.9000!144.600000!51.900000!0.100000!0.1250!CLOCKWISE!NOTCONNECT!!!NO!!!!!!!!
S!PLACE_BOUND_TOP!605 1 0!J5!SAMTEC_EHF-105-01-L-D-SM-LC!EHF-105-01-L-D-SM-LC!SAMTEC_EHF-105-01-L-D-SM-LC!141.1000!55.4000!90.000!NO!LINE!145.6250!44.9900!145.6250!65.8100!0.0000!!!!!SHAPE!!11.31 MM!NO!!!!!!!!
S!PLACE_BOUND_TOP!605 2 0!J5!SAMTEC_EHF-105-01-L-D-SM-LC!EHF-105-01-L-D-SM-LC!SAMTEC_EHF-105-01-L-D-SM-LC!141.1000!55.4000!90.000!NO!LINE!145.6250!65.8100!136.5750!65.8100!0.0000!!!!!SHAPE!!11.31 MM!NO!!!!!!!!
S!PLACE_BOUND_TOP!605 3 0!J5!SAMTEC_EHF-105-01-L-D-SM-LC!EHF-105-01-L-D-SM-LC!SAMTEC_EHF-105-01-L-D-SM-LC!141.1000!55.4000!90.000!NO!LINE!136.5750!65.8100!136.5750!44.9900!0.0000!!!!!SHAPE!!11.31 MM!NO!!!!!!!!
S!PLACE_BOUND_TOP!605 4 0!J5!SAMTEC_EHF-105-01-L-D-SM-LC!EHF-105-01-L-D-SM-LC!SAMTEC_EHF-105-01-L-D-SM-LC!141.1000!55.4000!90.000!NO!LINE!136.5750!44.9900!145.6250!44.9900!0.0000!!!!!SHAPE!!11.31 MM!NO!!!!!!!!
S!DFA_BOUND_TOP!606 1 0!J5!SAMTEC_EHF-105-01-L-D-SM-LC!EHF-105-01-L-D-SM-LC!SAMTEC_EHF-105-01-L-D-SM-LC!141.1000!55.4000!90.000!NO!LINE!145.8750!44.7400!145.8750!66.0600!0.0000!!!!!SHAPE!!!NO!!!!!!!!
S!DFA_BOUND_TOP!606 2 0!J5!SAMTEC_EHF-105-01-L-D-SM-LC!EHF-105-01-L-D-SM-LC!SAMTEC_EHF-105-01-L-D-SM-LC!141.1000!55.4000!90.000!NO!LINE!145.8750!66.0600!136.3250!66.0600!0.0000!!!!!SHAPE!!!NO!!!!!!!!
S!DFA_BOUND_TOP!606 3 0!J5!SAMTEC_EHF-105-01-L-D-SM-LC!EHF-105-01-L-D-SM-LC!SAMTEC_EHF-105-01-L-D-SM-LC!141.1000!55.4000!90.000!NO!LINE!136.3250!66.0600!136.3250!44.7400!0.0000!!!!!SHAPE!!!NO!!!!!!!!
S!DFA_BOUND_TOP!606 4 0!J5!SAMTEC_EHF-105-01-L-D-SM-LC!EHF-105-01-L-D-SM-LC!SAMTEC_EHF-105-01-L-D-SM-LC!141.1000!55.4000!90.000!NO!LINE!136.3250!44.7400!145.8750!44.7400!0.0000!!!!!SHAPE!!!NO!!!!!!!!
S!ASSEMBLY_TOP!612 1!J2!MOLEX_2137160001!213716-0001!MOLEX_2137160001!180.5380!23.5732!90.000!NO!LINE!174.3680!28.0482!180.9380!28.0482!0.1300!!!!!NOTCONNECT!!!NO!!!!!!!!
S!ASSEMBLY_TOP!612 2!J2!MOLEX_2137160001!213716-0001!MOLEX_2137160001!180.5380!23.5732!90.000!NO!LINE!180.9380!28.0482!180.9380!19.0982!0.1300!!!!!NOTCONNECT!!!NO!!!!!!!!
S!ASSEMBLY_TOP!612 3!J2!MOLEX_2137160001!213716-0001!MOLEX_2137160001!180.5380!23.5732!90.000!NO!LINE!180.9380!19.0982!174.3680!19.0982!0.1300!!!!!NOTCONNECT!!!NO!!!!!!!!
S!ASSEMBLY_TOP!612 4!J2!MOLEX_2137160001!213716-0001!MOLEX_2137160001!180.5380!23.5732!90.000!NO!LINE!174.3680!19.0982!174.3680!18.7532!0.1300!!!!!NOTCONNECT!!!NO!!!!!!!!
S!ASSEMBLY_TOP!612 5!J2!MOLEX_2137160001!213716-0001!MOLEX_2137160001!180.5380!23.5732!90.000!NO!LINE!174.3680!18.7532!171.9680!18.7532!0.1300!!!!!NOTCONNECT!!!NO!!!!!!!!
S!ASSEMBLY_TOP!612 6!J2!MOLEX_2137160001!213716-0001!MOLEX_2137160001!180.5380!23.5732!90.000!NO!LINE!171.9680!18.7532!171.9680!28.3932!0.1300!!!!!NOTCONNECT!!!NO!!!!!!!!
S!ASSEMBLY_TOP!612 7!J2!MOLEX_2137160001!213716-0001!MOLEX_2137160001!180.5380!23.5732!90.000!NO!LINE!171.9680!28.3932!174.3680!28.3932!0.1300!!!!!NOTCONNECT!!!NO!!!!!!!!
S!ASSEMBLY_TOP!612 8!J2!MOLEX_2137160001!213716-0001!MOLEX_2137160001!180.5380!23.5732!90.000!NO!LINE!174.3680!28.3932!174.3680!28.0482!0.1300!!!!!NOTCONNECT!!!NO!!!!!!!!
S!ASSEMBLY_TOP!632 1!J2!MOLEX_2137160001!213716-0001!MOLEX_2137160001!180.5380!23.5732!90.000!NO!LINE!180.5380!19.0982!180.5380!35.5732!0.1300!!!!!NOTCONNECT!!!NO!!!!!!!!
S!ASSEMBLY_TOP!633 1!J2!MOLEX_2137160001!213716-0001!MOLEX_2137160001!180.5380!23.5732!90.000!NO!LINE!171.2880!20.1982!171.2880!20.9982!0.1300!!!!!NOTCONNECT!!!NO!!!!!!!!
S!ASSEMBLY_TOP!634 1!J2!MOLEX_2137160001!213716-0001!MOLEX_2137160001!180.5380!23.5732!90.000!NO!LINE!171.2880!20.9982!170.5880!20.5982!0.1300!!!!!NOTCONNECT!!!NO!!!!!!!!
S!ASSEMBLY_TOP!635 1!J2!MOLEX_2137160001!213716-0001!MOLEX_2137160001!180.5380!23.5732!90.000!NO!LINE!170.5880!20.5982!171.2880!20.1982!0.1300!!!!!NOTCONNECT!!!NO!!!!!!!!
S!PLACE_BOUND_TOP!643 1 0!J2!MOLEX_2137160001!213716-0001!MOLEX_2137160001!180.5380!23.5732!90.000!NO!LINE!171.4880!18.3032!181.2380!18.3032!0.0000!!!!!SHAPE!!3.36 MM!NO!!!!!!!!
S!PLACE_BOUND_TOP!643 2 0!J2!MOLEX_2137160001!213716-0001!MOLEX_2137160001!180.5380!23.5732!90.000!NO!LINE!181.2380!18.3032!181.2380!28.8432!0.0000!!!!!SHAPE!!3.36 MM!NO!!!!!!!!
S!PLACE_BOUND_TOP!643 3 0!J2!MOLEX_2137160001!213716-0001!MOLEX_2137160001!180.5380!23.5732!90.000!NO!LINE!181.2380!28.8432!171.4880!28.8432!0.0000!!!!!SHAPE!!3.36 MM!NO!!!!!!!!
S!PLACE_BOUND_TOP!643 4 0!J2!MOLEX_2137160001!213716-0001!MOLEX_2137160001!180.5380!23.5732!90.000!NO!LINE!171.4880!28.8432!171.4880!18.3032!0.0000!!!!!SHAPE!!3.36 MM!NO!!!!!!!!
S!ASSEMBLY_TOP!647 1!J2!MOLEX_2137160001!213716-0001!MOLEX_2137160001!180.5380!23.5732!90.000!NO!TEXT!180.2880!29.0732!90.000!NO!LEFT!49 0 0.6350 0.4059 0.000 0.1519 0.7869 0.1519!PCB Edge!!!!!!NO!!!!!!!!
S!PLACE_BOUND_TOP!650 1!IC1!410357B!!410357B!149.0000!23.0000!180.000!NO!LINE!162.1250!10.5000!135.8750!10.5000!0.1000!!!!!NOTCONNECT!!2.63 MM!NO!!!2.63 MM!!!!!
S!PLACE_BOUND_TOP!651 1!IC1!410357B!!410357B!149.0000!23.0000!180.000!NO!LINE!135.8750!10.5000!135.8750!36.1000!0.1000!!!!!NOTCONNECT!!2.63 MM!NO!!!2.63 MM!!!!!
S!PLACE_BOUND_TOP!652 1!IC1!410357B!!410357B!149.0000!23.0000!180.000!NO!LINE!135.8750!36.1000!162.1250!36.1000!0.1000!!!!!NOTCONNECT!!2.63 MM!NO!!!2.63 MM!!!!!
S!PLACE_BOUND_TOP!653 1!IC1!410357B!!410357B!149.0000!23.0000!180.000!NO!LINE!162.1250!36.1000!162.1250!10.5000!0.1000!!!!!NOTCONNECT!!2.63 MM!NO!!!2.63 MM!!!!!
S!ASSEMBLY_TOP!654 1!IC1!410357B!!410357B!149.0000!23.0000!180.000!NO!LINE!160.3750!32.0000!159.0000!33.7500!0.2000!!!!!NOTCONNECT!!2.63 MM!NO!!!2.63 MM!!!!!
S!ASSEMBLY_TOP!655 1!IC1!410357B!!410357B!149.0000!23.0000!180.000!NO!LINE!159.0000!33.7500!137.6250!33.7500!0.2000!!!!!NOTCONNECT!!2.63 MM!NO!!!2.63 MM!!!!!
S!ASSEMBLY_TOP!656 1!IC1!410357B!!410357B!149.0000!23.0000!180.000!NO!LINE!137.6250!33.7500!137.6250!12.2500!0.2000!!!!!NOTCONNECT!!2.63 MM!NO!!!2.63 MM!!!!!
S!ASSEMBLY_TOP!657 1!IC1!410357B!!410357B!149.0000!23.0000!180.000!NO!LINE!137.6250!12.2500!160.3750!12.2500!0.2000!!!!!NOTCONNECT!!2.63 MM!NO!!!2.63 MM!!!!!
S!ASSEMBLY_TOP!658 1!IC1!410357B!!410357B!149.0000!23.0000!180.000!NO!LINE!160.3750!12.2500!160.3750!32.0000!0.2000!!!!!NOTCONNECT!!2.63 MM!NO!!!2.63 MM!!!!!
S!PLACE_BOUND_TOP!669 1 0!IC1!410357B!!410357B!149.0000!23.0000!180.000!NO!LINE!162.1750!36.1500!135.8250!36.1500!0.0000!!!!!SHAPE!!2.63 MM!NO!!!2.63 MM!!!!!
S!PLACE_BOUND_TOP!669 2 0!IC1!410357B!!410357B!149.0000!23.0000!180.000!NO!LINE!135.8250!36.1500!135.8250!10.4500!0.0000!!!!!SHAPE!!2.63 MM!NO!!!2.63 MM!!!!!
S!PLACE_BOUND_TOP!669 3 0!IC1!410357B!!410357B!149.0000!23.0000!180.000!NO!LINE!135.8250!10.4500!162.1750!10.4500!0.0000!!!!!SHAPE!!2.63 MM!NO!!!2.63 MM!!!!!
S!PLACE_BOUND_TOP!669 4 0!IC1!410357B!!410357B!149.0000!23.0000!180.000!NO!LINE!162.1750!10.4500!162.1750!36.1500!0.0000!!!!!SHAPE!!2.63 MM!NO!!!2.63 MM!!!!!
S!ASSEMBLY_TOP!672 1!C3!C0603!CC0603_100NF_16V_10%_X7R!C0603!112.9380!47.9732!180.000!NO!LINE!113.7380!48.3732!112.1380!48.3732!0.2000!!!!!NOTCONNECT!!!NO!!!!!!!!
S!ASSEMBLY_TOP!672 2!C3!C0603!CC0603_100NF_16V_10%_X7R!C0603!112.9380!47.9732!180.000!NO!LINE!112.1380!48.3732!112.1380!47.5732!0.2000!!!!!NOTCONNECT!!!NO!!!!!!!!
S!ASSEMBLY_TOP!672 3!C3!C0603!CC0603_100NF_16V_10%_X7R!C0603!112.9380!47.9732!180.000!NO!LINE!112.1380!47.5732!113.7380!47.5732!0.2000!!!!!NOTCONNECT!!!NO!!!!!!!!
S!ASSEMBLY_TOP!672 4!C3!C0603!CC0603_100NF_16V_10%_X7R!C0603!112.9380!47.9732!180.000!NO!LINE!113.7380!47.5732!113.7380!48.3732!0.2000!!!!!NOTCONNECT!!!NO!!!!!!!!
S!PLACE_BOUND_TOP!675 1 0!C3!C0603!CC0603_100NF_16V_10%_X7R!C0603!112.9380!47.9732!180.000!NO!LINE!114.3880!48.7232!114.3880!47.2232!0.0000!!!!!SHAPE!!0.55 MM!NO!!!!!!!!
S!PLACE_BOUND_TOP!675 2 0!C3!C0603!CC0603_100NF_16V_10%_X7R!C0603!112.9380!47.9732!180.000!NO!LINE!114.3880!47.2232!111.4880!47.2232!0.0000!!!!!SHAPE!!0.55 MM!NO!!!!!!!!
S!PLACE_BOUND_TOP!675 3 0!C3!C0603!CC0603_100NF_16V_10%_X7R!C0603!112.9380!47.9732!180.000!NO!LINE!111.4880!47.2232!111.4880!48.7232!0.0000!!!!!SHAPE!!0.55 MM!NO!!!!!!!!
S!PLACE_BOUND_TOP!675 4 0!C3!C0603!CC0603_100NF_16V_10%_X7R!C0603!112.9380!47.9732!180.000!NO!LINE!111.4880!48.7232!114.3880!48.7232!0.0000!!!!!SHAPE!!0.55 MM!NO!!!!!!!!
S!ASSEMBLY_BOTTOM!680 1!R4!C0603!R0603_4K7_1%_0.1W_100PPM!C0603!174.7000!30.8000!180.000!YES!LINE!173.9000!31.2000!175.5000!31.2000!0.2000!!!!!NOTCONNECT!!!NO!!!!!!!!
S!ASSEMBLY_BOTTOM!680 2!R4!C0603!R0603_4K7_1%_0.1W_100PPM!C0603!174.7000!30.8000!180.000!YES!LINE!175.5000!31.2000!175.5000!30.4000!0.2000!!!!!NOTCONNECT!!!NO!!!!!!!!
S!ASSEMBLY_BOTTOM!680 3!R4!C0603!R0603_4K7_1%_0.1W_100PPM!C0603!174.7000!30.8000!180.000!YES!LINE!175.5000!30.4000!173.9000!30.4000!0.2000!!!!!NOTCONNECT!!!NO!!!!!!!!
S!ASSEMBLY_BOTTOM!680 4!R4!C0603!R0603_4K7_1%_0.1W_100PPM!C0603!174.7000!30.8000!180.000!YES!LINE!173.9000!30.4000!173.9000!31.2000!0.2000!!!!!NOTCONNECT!!!NO!!!!!!!!
S!PLACE_BOUND_BOTTOM!683 1 0!R4!C0603!R0603_4K7_1%_0.1W_100PPM!C0603!174.7000!30.8000!180.000!YES!LINE!173.2500!31.5500!173.2500!30.0500!0.0000!!!!!SHAPE!!0.55 MM!NO!!!!!!!!
S!PLACE_BOUND_BOTTOM!683 2 0!R4!C0603!R0603_4K7_1%_0.1W_100PPM!C0603!174.7000!30.8000!180.000!YES!LINE!173.2500!30.0500!176.1500!30.0500!0.0000!!!!!SHAPE!!0.55 MM!NO!!!!!!!!
S!PLACE_BOUND_BOTTOM!683 3 0!R4!C0603!R0603_4K7_1%_0.1W_100PPM!C0603!174.7000!30.8000!180.000!YES!LINE!176.1500!30.0500!176.1500!31.5500!0.0000!!!!!SHAPE!!0.55 MM!NO!!!!!!!!
S!PLACE_BOUND_BOTTOM!683 4 0!R4!C0603!R0603_4K7_1%_0.1W_100PPM!C0603!174.7000!30.8000!180.000!YES!LINE!176.1500!31.5500!173.2500!31.5500!0.0000!!!!!SHAPE!!0.55 MM!NO!!!!!!!!
S!ASSEMBLY_TOP!688 1!R3!C0603!R0603_4K7_1%_0.1W_100PPM!C0603!172.7000!16.4000!180.000!NO!LINE!173.5000!16.8000!171.9000!16.8000!0.2000!!!!!NOTCONNECT!!!NO!!!!!!!!
S!ASSEMBLY_TOP!688 2!R3!C0603!R0603_4K7_1%_0.1W_100PPM!C0603!172.7000!16.4000!180.000!NO!LINE!171.9000!16.8000!171.9000!16.0000!0.2000!!!!!NOTCONNECT!!!NO!!!!!!!!
S!ASSEMBLY_TOP!688 3!R3!C0603!R0603_4K7_1%_0.1W_100PPM!C0603!172.7000!16.4000!180.000!NO!LINE!171.9000!16.0000!173.5000!16.0000!0.2000!!!!!NOTCONNECT!!!NO!!!!!!!!
S!ASSEMBLY_TOP!688 4!R3!C0603!R0603_4K7_1%_0.1W_100PPM!C0603!172.7000!16.4000!180.000!NO!LINE!173.5000!16.0000!173.5000!16.8000!0.2000!!!!!NOTCONNECT!!!NO!!!!!!!!
S!PLACE_BOUND_TOP!691 1 0!R3!C0603!R0603_4K7_1%_0.1W_100PPM!C0603!172.7000!16.4000!180.000!NO!LINE!174.1500!17.1500!174.1500!15.6500!0.0000!!!!!SHAPE!!0.55 MM!NO!!!!!!!!
S!PLACE_BOUND_TOP!691 2 0!R3!C0603!R0603_4K7_1%_0.1W_100PPM!C0603!172.7000!16.4000!180.000!NO!LINE!174.1500!15.6500!171.2500!15.6500!0.0000!!!!!SHAPE!!0.55 MM!NO!!!!!!!!
S!PLACE_BOUND_TOP!691 3 0!R3!C0603!R0603_4K7_1%_0.1W_100PPM!C0603!172.7000!16.4000!180.000!NO!LINE!171.2500!15.6500!171.2500!17.1500!0.0000!!!!!SHAPE!!0.55 MM!NO!!!!!!!!
S!PLACE_BOUND_TOP!691 4 0!R3!C0603!R0603_4K7_1%_0.1W_100PPM!C0603!172.7000!16.4000!180.000!NO!LINE!171.2500!17.1500!174.1500!17.1500!0.0000!!!!!SHAPE!!0.55 MM!NO!!!!!!!!
S!ASSEMBLY_TOP!696 1!R2!C0603!R0603_10K_1%_0.1W_100PPM!C0603!164.0000!31.0000!270.000!NO!LINE!163.6000!31.8000!163.6000!30.2000!0.2000!!!!!NOTCONNECT!!!NO!!!!!!!!
S!ASSEMBLY_TOP!696 2!R2!C0603!R0603_10K_1%_0.1W_100PPM!C0603!164.0000!31.0000!270.000!NO!LINE!163.6000!30.2000!164.4000!30.2000!0.2000!!!!!NOTCONNECT!!!NO!!!!!!!!
S!ASSEMBLY_TOP!696 3!R2!C0603!R0603_10K_1%_0.1W_100PPM!C0603!164.0000!31.0000!270.000!NO!LINE!164.4000!30.2000!164.4000!31.8000!0.2000!!!!!NOTCONNECT!!!NO!!!!!!!!
S!ASSEMBLY_TOP!696 4!R2!C0603!R0603_10K_1%_0.1W_100PPM!C0603!164.0000!31.0000!270.000!NO!LINE!164.4000!31.8000!163.6000!31.8000!0.2000!!!!!NOTCONNECT!!!NO!!!!!!!!
S!PLACE_BOUND_TOP!699 1 0!R2!C0603!R0603_10K_1%_0.1W_100PPM!C0603!164.0000!31.0000!270.000!NO!LINE!163.2500!32.4500!164.7500!32.4500!0.0000!!!!!SHAPE!!0.55 MM!NO!!!!!!!!
S!PLACE_BOUND_TOP!699 2 0!R2!C0603!R0603_10K_1%_0.1W_100PPM!C0603!164.0000!31.0000!270.000!NO!LINE!164.7500!32.4500!164.7500!29.5500!0.0000!!!!!SHAPE!!0.55 MM!NO!!!!!!!!
S!PLACE_BOUND_TOP!699 3 0!R2!C0603!R0603_10K_1%_0.1W_100PPM!C0603!164.0000!31.0000!270.000!NO!LINE!164.7500!29.5500!163.2500!29.5500!0.0000!!!!!SHAPE!!0.55 MM!NO!!!!!!!!
S!PLACE_BOUND_TOP!699 4 0!R2!C0603!R0603_10K_1%_0.1W_100PPM!C0603!164.0000!31.0000!270.000!NO!LINE!163.2500!29.5500!163.2500!32.4500!0.0000!!!!!SHAPE!!0.55 MM!NO!!!!!!!!
S!ASSEMBLY_TOP!704 1!R1!C0603!R0603_4K7_1%_0.1W_100PPM!C0603!166.0000!29.5000!270.000!NO!LINE!165.6000!30.3000!165.6000!28.7000!0.2000!!!!!NOTCONNECT!!!NO!!!!!!!!
S!ASSEMBLY_TOP!704 2!R1!C0603!R0603_4K7_1%_0.1W_100PPM!C0603!166.0000!29.5000!270.000!NO!LINE!165.6000!28.7000!166.4000!28.7000!0.2000!!!!!NOTCONNECT!!!NO!!!!!!!!
S!ASSEMBLY_TOP!704 3!R1!C0603!R0603_4K7_1%_0.1W_100PPM!C0603!166.0000!29.5000!270.000!NO!LINE!166.4000!28.7000!166.4000!30.3000!0.2000!!!!!NOTCONNECT!!!NO!!!!!!!!
S!ASSEMBLY_TOP!704 4!R1!C0603!R0603_4K7_1%_0.1W_100PPM!C0603!166.0000!29.5000!270.000!NO!LINE!166.4000!30.3000!165.6000!30.3000!0.2000!!!!!NOTCONNECT!!!NO!!!!!!!!
S!PLACE_BOUND_TOP!707 1 0!R1!C0603!R0603_4K7_1%_0.1W_100PPM!C0603!166.0000!29.5000!270.000!NO!LINE!165.2500!30.9500!166.7500!30.9500!0.0000!!!!!SHAPE!!0.55 MM!NO!!!!!!!!
S!PLACE_BOUND_TOP!707 2 0!R1!C0603!R0603_4K7_1%_0.1W_100PPM!C0603!166.0000!29.5000!270.000!NO!LINE!166.7500!30.9500!166.7500!28.0500!0.0000!!!!!SHAPE!!0.55 MM!NO!!!!!!!!
S!PLACE_BOUND_TOP!707 3 0!R1!C0603!R0603_4K7_1%_0.1W_100PPM!C0603!166.0000!29.5000!270.000!NO!LINE!166.7500!28.0500!165.2500!28.0500!0.0000!!!!!SHAPE!!0.55 MM!NO!!!!!!!!
S!PLACE_BOUND_TOP!707 4 0!R1!C0603!R0603_4K7_1%_0.1W_100PPM!C0603!166.0000!29.5000!270.000!NO!LINE!165.2500!28.0500!165.2500!30.9500!0.0000!!!!!SHAPE!!0.55 MM!NO!!!!!!!!
S!ASSEMBLY_BOTTOM!712 1!C2!C0603!CC0603_100NF_16V_10%_X7R!C0603!165.7000!23.0000!0.000!YES!LINE!166.5000!22.6000!164.9000!22.6000!0.2000!!!!!NOTCONNECT!!!NO!!!!!!!!
S!ASSEMBLY_BOTTOM!712 2!C2!C0603!CC0603_100NF_16V_10%_X7R!C0603!165.7000!23.0000!0.000!YES!LINE!164.9000!22.6000!164.9000!23.4000!0.2000!!!!!NOTCONNECT!!!NO!!!!!!!!
S!ASSEMBLY_BOTTOM!712 3!C2!C0603!CC0603_100NF_16V_10%_X7R!C0603!165.7000!23.0000!0.000!YES!LINE!164.9000!23.4000!166.5000!23.4000!0.2000!!!!!NOTCONNECT!!!NO!!!!!!!!
S!ASSEMBLY_BOTTOM!712 4!C2!C0603!CC0603_100NF_16V_10%_X7R!C0603!165.7000!23.0000!0.000!YES!LINE!166.5000!23.4000!166.5000!22.6000!0.2000!!!!!NOTCONNECT!!!NO!!!!!!!!
S!PLACE_BOUND_BOTTOM!715 1 0!C2!C0603!CC0603_100NF_16V_10%_X7R!C0603!165.7000!23.0000!0.000!YES!LINE!167.1500!22.2500!167.1500!23.7500!0.0000!!!!!SHAPE!!0.55 MM!NO!!!!!!!!
S!PLACE_BOUND_BOTTOM!715 2 0!C2!C0603!CC0603_100NF_16V_10%_X7R!C0603!165.7000!23.0000!0.000!YES!LINE!167.1500!23.7500!164.2500!23.7500!0.0000!!!!!SHAPE!!0.55 MM!NO!!!!!!!!
S!PLACE_BOUND_BOTTOM!715 3 0!C2!C0603!CC0603_100NF_16V_10%_X7R!C0603!165.7000!23.0000!0.000!YES!LINE!164.2500!23.7500!164.2500!22.2500!0.0000!!!!!SHAPE!!0.55 MM!NO!!!!!!!!
S!PLACE_BOUND_BOTTOM!715 4 0!C2!C0603!CC0603_100NF_16V_10%_X7R!C0603!165.7000!23.0000!0.000!YES!LINE!164.2500!22.2500!167.1500!22.2500!0.0000!!!!!SHAPE!!0.55 MM!NO!!!!!!!!
S!ASSEMBLY_TOP!721 1!D1!SOT95P280X145-6N!USBLC6-2SC6!SOT95P280X145-6N!165.5000!23.0000!180.000!NO!LINE!166.2000!21.5500!166.3000!21.6500!0.1000!!!!!NOTCONNECT!!!NO!!!!!!!!
S!ASSEMBLY_TOP!722 1!D1!SOT95P280X145-6N!USBLC6-2SC6!SOT95P280X145-6N!165.5000!23.0000!180.000!NO!LINE!166.1000!21.5500!166.3000!21.7500!0.1000!!!!!NOTCONNECT!!!NO!!!!!!!!
S!ASSEMBLY_TOP!723 1!D1!SOT95P280X145-6N!USBLC6-2SC6!SOT95P280X145-6N!165.5000!23.0000!180.000!NO!LINE!166.0000!21.5500!166.3000!21.8500!0.1000!!!!!NOTCONNECT!!!NO!!!!!!!!
S!ASSEMBLY_TOP!724 1!D1!SOT95P280X145-6N!USBLC6-2SC6!SOT95P280X145-6N!165.5000!23.0000!180.000!NO!LINE!165.9000!21.5500!166.3000!21.9500!0.1000!!!!!NOTCONNECT!!!NO!!!!!!!!
S!ASSEMBLY_TOP!725 1!D1!SOT95P280X145-6N!USBLC6-2SC6!SOT95P280X145-6N!165.5000!23.0000!180.000!NO!LINE!165.8000!21.5500!166.3000!22.0500!0.1000!!!!!NOTCONNECT!!!NO!!!!!!!!
S!ASSEMBLY_TOP!726 1!D1!SOT95P280X145-6N!USBLC6-2SC6!SOT95P280X145-6N!165.5000!23.0000!180.000!NO!LINE!165.7000!21.5500!166.3000!22.1500!0.1000!!!!!NOTCONNECT!!!NO!!!!!!!!
S!ASSEMBLY_TOP!727 1!D1!SOT95P280X145-6N!USBLC6-2SC6!SOT95P280X145-6N!165.5000!23.0000!180.000!NO!LINE!165.6000!21.5500!166.3000!22.2500!0.1000!!!!!NOTCONNECT!!!NO!!!!!!!!
S!ASSEMBLY_TOP!728 1!D1!SOT95P280X145-6N!USBLC6-2SC6!SOT95P280X145-6N!165.5000!23.0000!180.000!NO!LINE!165.5000!21.5500!166.3000!22.3500!0.1000!!!!!NOTCONNECT!!!NO!!!!!!!!
S!ASSEMBLY_TOP!729 1!D1!SOT95P280X145-6N!USBLC6-2SC6!SOT95P280X145-6N!165.5000!23.0000!180.000!NO!LINE!165.4000!21.5500!166.3000!22.4500!0.1000!!!!!NOTCONNECT!!!NO!!!!!!!!
S!ASSEMBLY_TOP!730 1!D1!SOT95P280X145-6N!USBLC6-2SC6!SOT95P280X145-6N!165.5000!23.0000!180.000!NO!LINE!165.3000!21.5500!166.3000!22.5500!0.1000!!!!!NOTCONNECT!!!NO!!!!!!!!
S!ASSEMBLY_TOP!731 1!D1!SOT95P280X145-6N!USBLC6-2SC6!SOT95P280X145-6N!165.5000!23.0000!180.000!NO!LINE!166.3000!24.4500!164.7000!24.4500!0.1000!!!!!NOTCONNECT!!!NO!!!!!!!!
S!ASSEMBLY_TOP!731 2!D1!SOT95P280X145-6N!USBLC6-2SC6!SOT95P280X145-6N!165.5000!23.0000!180.000!NO!LINE!164.7000!24.4500!164.7000!21.5500!0.1000!!!!!NOTCONNECT!!!NO!!!!!!!!
S!ASSEMBLY_TOP!731 3!D1!SOT95P280X145-6N!USBLC6-2SC6!SOT95P280X145-6N!165.5000!23.0000!180.000!NO!LINE!164.7000!21.5500!166.3000!21.5500!0.1000!!!!!NOTCONNECT!!!NO!!!!!!!!
S!ASSEMBLY_TOP!731 4!D1!SOT95P280X145-6N!USBLC6-2SC6!SOT95P280X145-6N!165.5000!23.0000!180.000!NO!LINE!166.3000!21.5500!166.3000!24.4500!0.1000!!!!!NOTCONNECT!!!NO!!!!!!!!
S!ASSEMBLY_TOP!736 1!D1!SOT95P280X145-6N!USBLC6-2SC6!SOT95P280X145-6N!165.5000!23.0000!180.000!NO!ARC!167.2000!21.2500!167.2000!21.2500!167.100000!21.250000!0.100000!0.1250!CLOCKWISE!NOTCONNECT!!!NO!!!!!!!!
S!PLACE_BOUND_TOP!737 1 0!D1!SOT95P280X145-6N!USBLC6-2SC6!SOT95P280X145-6N!165.5000!23.0000!180.000!NO!LINE!167.3750!24.5000!163.6250!24.5000!0.0000!!!!!SHAPE!!1.45 MM!NO!!!!!!!!
S!PLACE_BOUND_TOP!737 2 0!D1!SOT95P280X145-6N!USBLC6-2SC6!SOT95P280X145-6N!165.5000!23.0000!180.000!NO!LINE!163.6250!24.5000!163.6250!21.5000!0.0000!!!!!SHAPE!!1.45 MM!NO!!!!!!!!
S!PLACE_BOUND_TOP!737 3 0!D1!SOT95P280X145-6N!USBLC6-2SC6!SOT95P280X145-6N!165.5000!23.0000!180.000!NO!LINE!163.6250!21.5000!167.3750!21.5000!0.0000!!!!!SHAPE!!1.45 MM!NO!!!!!!!!
S!PLACE_BOUND_TOP!737 4 0!D1!SOT95P280X145-6N!USBLC6-2SC6!SOT95P280X145-6N!165.5000!23.0000!180.000!NO!LINE!167.3750!21.5000!167.3750!24.5000!0.0000!!!!!SHAPE!!1.45 MM!NO!!!!!!!!
S!DFA_BOUND_TOP!738 1 0!D1!SOT95P280X145-6N!USBLC6-2SC6!SOT95P280X145-6N!165.5000!23.0000!180.000!NO!LINE!167.6250!24.7500!163.3750!24.7500!0.0000!!!!!SHAPE!!!NO!!!!!!!!
S!DFA_BOUND_TOP!738 2 0!D1!SOT95P280X145-6N!USBLC6-2SC6!SOT95P280X145-6N!165.5000!23.0000!180.000!NO!LINE!163.3750!24.7500!163.3750!21.2500!0.0000!!!!!SHAPE!!!NO!!!!!!!!
S!DFA_BOUND_TOP!738 3 0!D1!SOT95P280X145-6N!USBLC6-2SC6!SOT95P280X145-6N!165.5000!23.0000!180.000!NO!LINE!163.3750!21.2500!167.6250!21.2500!0.0000!!!!!SHAPE!!!NO!!!!!!!!
S!DFA_BOUND_TOP!738 4 0!D1!SOT95P280X145-6N!USBLC6-2SC6!SOT95P280X145-6N!165.5000!23.0000!180.000!NO!LINE!167.6250!21.2500!167.6250!24.7500!0.0000!!!!!SHAPE!!!NO!!!!!!!!
S!ASSEMBLY_TOP!744 1!J6!MOLEX_53398-0471!53398-0471!MOLEX_53398-0471!107.1380!49.9732!270.000!NO!LINE!107.7880!52.0982!107.7880!53.5982!0.1000!!!!!NOTCONNECT!!!NO!!!!!!!!
S!ASSEMBLY_TOP!744 2!J6!MOLEX_53398-0471!53398-0471!MOLEX_53398-0471!107.1380!49.9732!270.000!NO!LINE!107.7880!53.5982!104.9880!53.5982!0.1000!!!!!NOTCONNECT!!!NO!!!!!!!!
S!ASSEMBLY_TOP!745 1!J6!MOLEX_53398-0471!53398-0471!MOLEX_53398-0471!107.1380!49.9732!270.000!NO!LINE!108.6880!50.5982!109.3380!50.5982!0.1000!!!!!NOTCONNECT!!!NO!!!!!!!!
S!ASSEMBLY_TOP!746 1!J6!MOLEX_53398-0471!53398-0471!MOLEX_53398-0471!107.1380!49.9732!270.000!NO!LINE!108.6880!49.3482!109.3380!49.3482!0.1000!!!!!NOTCONNECT!!!NO!!!!!!!!
S!ASSEMBLY_TOP!747 1!J6!MOLEX_53398-0471!53398-0471!MOLEX_53398-0471!107.1380!49.9732!270.000!NO!LINE!106.3880!50.5982!105.5880!50.5982!0.1000!!!!!NOTCONNECT!!!NO!!!!!!!!
S!ASSEMBLY_TOP!748 1!J6!MOLEX_53398-0471!53398-0471!MOLEX_53398-0471!107.1380!49.9732!270.000!NO!LINE!106.3880!49.3482!105.5880!49.3482!0.1000!!!!!NOTCONNECT!!!NO!!!!!!!!
S!ASSEMBLY_TOP!754 1!J6!MOLEX_53398-0471!53398-0471!MOLEX_53398-0471!107.1380!49.9732!270.000!NO!LINE!108.6880!52.0982!104.9880!52.0982!0.1000!!!!!NOTCONNECT!!!NO!!!!!!!!
S!ASSEMBLY_TOP!755 1!J6!MOLEX_53398-0471!53398-0471!MOLEX_53398-0471!107.1380!49.9732!270.000!NO!LINE!108.6880!46.8482!109.3380!46.8482!0.1000!!!!!NOTCONNECT!!!NO!!!!!!!!
S!ASSEMBLY_TOP!756 1!J6!MOLEX_53398-0471!53398-0471!MOLEX_53398-0471!107.1380!49.9732!270.000!NO!LINE!106.3880!46.8482!105.5880!46.8482!0.1000!!!!!NOTCONNECT!!!NO!!!!!!!!
S!ASSEMBLY_TOP!758 1!J6!MOLEX_53398-0471!53398-0471!MOLEX_53398-0471!107.1380!49.9732!270.000!NO!LINE!104.9880!53.5982!104.9880!45.3482!0.1000!!!!!NOTCONNECT!!!NO!!!!!!!!
S!ASSEMBLY_TOP!758 2!J6!MOLEX_53398-0471!53398-0471!MOLEX_53398-0471!107.1380!49.9732!270.000!NO!LINE!104.9880!45.3482!108.6880!45.3482!0.1000!!!!!NOTCONNECT!!!NO!!!!!!!!
S!ASSEMBLY_TOP!758 3!J6!MOLEX_53398-0471!53398-0471!MOLEX_53398-0471!107.1380!49.9732!270.000!NO!LINE!108.6880!45.3482!108.6880!52.0982!0.1000!!!!!NOTCONNECT!!!NO!!!!!!!!
S!ASSEMBLY_TOP!759 1!J6!MOLEX_53398-0471!53398-0471!MOLEX_53398-0471!107.1380!49.9732!270.000!NO!LINE!108.6880!48.0982!109.3380!48.0982!0.1000!!!!!NOTCONNECT!!!NO!!!!!!!!
S!ASSEMBLY_TOP!760 1!J6!MOLEX_53398-0471!53398-0471!MOLEX_53398-0471!107.1380!49.9732!270.000!NO!LINE!106.3880!48.0982!105.5880!48.0982!0.1000!!!!!NOTCONNECT!!!NO!!!!!!!!
S!ASSEMBLY_TOP!766 1!J6!MOLEX_53398-0471!53398-0471!MOLEX_53398-0471!107.1380!49.9732!270.000!NO!LINE!107.7880!45.3482!107.7880!43.8482!0.1000!!!!!NOTCONNECT!!!NO!!!!!!!!
S!ASSEMBLY_TOP!766 2!J6!MOLEX_53398-0471!53398-0471!MOLEX_53398-0471!107.1380!49.9732!270.000!NO!LINE!107.7880!43.8482!104.9880!43.8482!0.1000!!!!!NOTCONNECT!!!NO!!!!!!!!
S!ASSEMBLY_TOP!766 3!J6!MOLEX_53398-0471!53398-0471!MOLEX_53398-0471!107.1380!49.9732!270.000!NO!LINE!104.9880!43.8482!104.9880!45.3482!0.1000!!!!!NOTCONNECT!!!NO!!!!!!!!
S!ASSEMBLY_TOP!789 1!J6!MOLEX_53398-0471!53398-0471!MOLEX_53398-0471!107.1380!49.9732!270.000!NO!ARC!110.1380!50.5732!110.1380!50.5732!110.038000!50.573200!0.100000!0.1250!CLOCKWISE!NOTCONNECT!!!NO!!!!!!!!
S!PLACE_BOUND_TOP!790 1 0!J6!MOLEX_53398-0471!53398-0471!MOLEX_53398-0471!107.1380!49.9732!270.000!NO!LINE!104.6880!54.1982!104.6880!43.2482!0.0000!!!!!SHAPE!!4.7 MM!NO!!!!!!!!
S!PLACE_BOUND_TOP!790 2 0!J6!MOLEX_53398-0471!53398-0471!MOLEX_53398-0471!107.1380!49.9732!270.000!NO!LINE!104.6880!43.2482!109.5880!43.2482!0.0000!!!!!SHAPE!!4.7 MM!NO!!!!!!!!
S!PLACE_BOUND_TOP!790 3 0!J6!MOLEX_53398-0471!53398-0471!MOLEX_53398-0471!107.1380!49.9732!270.000!NO!LINE!109.5880!43.2482!109.5880!54.1982!0.0000!!!!!SHAPE!!4.7 MM!NO!!!!!!!!
S!PLACE_BOUND_TOP!790 4 0!J6!MOLEX_53398-0471!53398-0471!MOLEX_53398-0471!107.1380!49.9732!270.000!NO!LINE!109.5880!54.1982!104.6880!54.1982!0.0000!!!!!SHAPE!!4.7 MM!NO!!!!!!!!
S!DFA_BOUND_TOP!791 1 0!J6!MOLEX_53398-0471!53398-0471!MOLEX_53398-0471!107.1380!49.9732!270.000!NO!LINE!104.4380!54.4482!104.4380!42.9982!0.0000!!!!!SHAPE!!!NO!!!!!!!!
S!DFA_BOUND_TOP!791 2 0!J6!MOLEX_53398-0471!53398-0471!MOLEX_53398-0471!107.1380!49.9732!270.000!NO!LINE!104.4380!42.9982!109.8380!42.9982!0.0000!!!!!SHAPE!!!NO!!!!!!!!
S!DFA_BOUND_TOP!791 3 0!J6!MOLEX_53398-0471!53398-0471!MOLEX_53398-0471!107.1380!49.9732!270.000!NO!LINE!109.8380!42.9982!109.8380!54.4482!0.0000!!!!!SHAPE!!!NO!!!!!!!!
S!DFA_BOUND_TOP!791 4 0!J6!MOLEX_53398-0471!53398-0471!MOLEX_53398-0471!107.1380!49.9732!270.000!NO!LINE!109.8380!54.4482!104.4380!54.4482!0.0000!!!!!SHAPE!!!NO!!!!!!!!
S!PLACE_BOUND_BOTTOM!849 1 0!MH3!MOUNTHOLE!Mt_Hole!MOUNTHOLE!176.8450!3.2500!0.000!YES!LINE!180.0200!0.0750!180.0200!6.4250!0.0000!!!!!SHAPE!!!NO!!!!!!!!
S!PLACE_BOUND_BOTTOM!849 2 0!MH3!MOUNTHOLE!Mt_Hole!MOUNTHOLE!176.8450!3.2500!0.000!YES!LINE!180.0200!6.4250!173.6700!6.4250!0.0000!!!!!SHAPE!!!NO!!!!!!!!
S!PLACE_BOUND_BOTTOM!849 3 0!MH3!MOUNTHOLE!Mt_Hole!MOUNTHOLE!176.8450!3.2500!0.000!YES!LINE!173.6700!6.4250!173.6700!0.0750!0.0000!!!!!SHAPE!!!NO!!!!!!!!
S!PLACE_BOUND_BOTTOM!849 4 0!MH3!MOUNTHOLE!Mt_Hole!MOUNTHOLE!176.8450!3.2500!0.000!YES!LINE!173.6700!0.0750!180.0200!0.0750!0.0000!!!!!SHAPE!!!NO!!!!!!!!
S!PLACE_BOUND_BOTTOM!853 1 0!MH1!MOUNTHOLE!Mt_Hole!MOUNTHOLE!159.9950!71.1500!0.000!YES!LINE!163.1700!67.9750!163.1700!74.3250!0.0000!!!!!SHAPE!!!NO!!!!!!!!
S!PLACE_BOUND_BOTTOM!853 2 0!MH1!MOUNTHOLE!Mt_Hole!MOUNTHOLE!159.9950!71.1500!0.000!YES!LINE!163.1700!74.3250!156.8200!74.3250!0.0000!!!!!SHAPE!!!NO!!!!!!!!
S!PLACE_BOUND_BOTTOM!853 3 0!MH1!MOUNTHOLE!Mt_Hole!MOUNTHOLE!159.9950!71.1500!0.000!YES!LINE!156.8200!74.3250!156.8200!67.9750!0.0000!!!!!SHAPE!!!NO!!!!!!!!
S!PLACE_BOUND_BOTTOM!853 4 0!MH1!MOUNTHOLE!Mt_Hole!MOUNTHOLE!159.9950!71.1500!0.000!YES!LINE!156.8200!67.9750!163.1700!67.9750!0.0000!!!!!SHAPE!!!NO!!!!!!!!
S!PLACE_BOUND_TOP!857 1!MH4!MOUNTHOLE!Mt_Hole!MOUNTHOLE!104.5500!31.7180!0.000!NO!RECTANGLE!101.3750!28.5430!107.7250!34.8930!1!!!!!!!!YES!!!!!!!!
S!PLACE_BOUND_TOP!861 1!MH2!MOUNTHOLE!Mt_Hole!MOUNTHOLE!104.5500!65.7180!0.000!NO!RECTANGLE!101.3750!62.5430!107.7250!68.8930!1!!!!!!!!YES!!!!!!!!
S!ASSEMBLY_TOP!868 1!C1!CAP0402!445-7348-2-ND!CAP0402!133.5000!21.0000!180.000!NO!LINE!132.5856!20.8476!132.5856!20.5428!0.1016!!!!!NOTCONNECT!!!NO!!!!!!!!
S!ASSEMBLY_TOP!868 2!C1!CAP0402!445-7348-2-ND!CAP0402!133.5000!21.0000!180.000!NO!LINE!132.5856!20.5428!134.4144!20.5428!0.1016!!!!!NOTCONNECT!!!NO!!!!!!!!
S!ASSEMBLY_TOP!868 3!C1!CAP0402!445-7348-2-ND!CAP0402!133.5000!21.0000!180.000!NO!LINE!134.4144!20.5428!134.4144!21.4572!0.1016!!!!!NOTCONNECT!!!NO!!!!!!!!
S!ASSEMBLY_TOP!868 4!C1!CAP0402!445-7348-2-ND!CAP0402!133.5000!21.0000!180.000!NO!LINE!134.4144!21.4572!132.5856!21.4572!0.1016!!!!!NOTCONNECT!!!NO!!!!!!!!
S!ASSEMBLY_TOP!868 5!C1!CAP0402!445-7348-2-ND!CAP0402!133.5000!21.0000!180.000!NO!LINE!132.5856!21.4572!132.5856!21.1524!0.1016!!!!!NOTCONNECT!!!NO!!!!!!!!
S!PLACE_BOUND_TOP!869 1 0!C1!CAP0402!445-7348-2-ND!CAP0402!133.5000!21.0000!180.000!NO!LINE!134.4652!21.5080!132.5348!21.5080!0.0000!!!!!SHAPE!!!NO!!!!!!!!
S!PLACE_BOUND_TOP!869 2 0!C1!CAP0402!445-7348-2-ND!CAP0402!133.5000!21.0000!180.000!NO!LINE!132.5348!21.5080!132.5348!20.4920!0.0000!!!!!SHAPE!!!NO!!!!!!!!
S!PLACE_BOUND_TOP!869 3 0!C1!CAP0402!445-7348-2-ND!CAP0402!133.5000!21.0000!180.000!NO!LINE!132.5348!20.4920!134.4652!20.4920!0.0000!!!!!SHAPE!!!NO!!!!!!!!
S!PLACE_BOUND_TOP!869 4 0!C1!CAP0402!445-7348-2-ND!CAP0402!133.5000!21.0000!180.000!NO!LINE!134.4652!20.4920!134.4652!21.5080!0.0000!!!!!SHAPE!!!NO!!!!!!!!
