A!NET_NAME_SORT!NET_NAME!NODE_SORT!NODE_1_NUMBER!NODE_2_NUMBER!NODE_CONNECTS!RAT_CONNECTED!REFDES!PIN_NUMBER!PIN_TYPE!PIN_X!PIN_Y!VIA_X!VIA_Y!VIA_MIRROR!PAD_STACK_NAME!START_LAYER_NAME!END_LAYER_NAME!
J!Z:/cad/designs/uob-hep-pc072/hardware/Cadence/top/mtca_interface_board_reocc/front_panel_jtag_serial/physical/mib_fp_jtag_serial_18.brd!Mon Jul 29 17:23:59 2024!-1898.4723!-1906.4829!1911.5277!1903.5171!0.0001!millimeters!FRONT_PANEL_JTAG_SERIAL!62.992126 mil!4!UP TO DATE!
S!!!2!    1!    1!0!!J1!12!UNSPEC!103.3380!19.0732!!!!P90!TOP!BOTTOM!
S!!!!!!!!J1!12!UNSPEC!103.3380!19.0732!!!!P90!TOP!BOTTOM!
S!MMC_SPARE!MMC_SPARE!7!    1!    2!2!!!!!!!!!!!!!
S!MMC_SPARE!MMC_SPARE!7!    1!    2!2!!!!!!!!!!!!!
S!MMC_SPARE!MMC_SPARE!7!    1!    2!2!!!!!!!!!!!!!
S!MMC_SPARE!MMC_SPARE!7!    1!    2!2!!!!!!!!!!!!!
S!MMC_SPARE!MMC_SPARE!2!    1!    1!1!!J4!7!UNSPEC!173.4380!46.2632!!!!C120_H80!TOP!BOTTOM!
S!MMC_SPARE!MMC_SPARE!!!!!!J4!7!UNSPEC!173.4380!46.2632!!!!C120_H80!TOP!BOTTOM!
S!MMC_SPARE!MMC_SPARE!2!    2!    2!2!!!!!!!153.1000!56.6000!NO!V20H10!TOP!BOTTOM!
S!MMC_SPARE!MMC_SPARE!7!    2!    3!2!!!!!!!!!!!!!
S!MMC_SPARE!MMC_SPARE!7!    2!    3!2!!!!!!!!!!!!!
S!MMC_SPARE!MMC_SPARE!2!    3!    3!1!!J5!7!UNSPEC!143.5750!56.6700!!!!R410_75!TOP!TOP!
S!MMC_SPARE!MMC_SPARE!!!!!!J5!7!UNSPEC!143.5750!56.6700!!!!R410_75!TOP!TOP!
S!MMC_SPARE!MMC_SPARE!5!    1!    3!!YES!!!!!!!!!!!!
S!UNNAMED_1_CON16PUSBCUSB2_I148_D!UNNAMED_1_CON16PUSBCUSB2_I148_D!7!    1!    2!2!!!!!!!!!!!!!
S!UNNAMED_1_CON16PUSBCUSB2_I148_D!UNNAMED_1_CON16PUSBCUSB2_I148_D!7!    1!    2!2!!!!!!!!!!!!!
S!UNNAMED_1_CON16PUSBCUSB2_I148_D!UNNAMED_1_CON16PUSBCUSB2_I148_D!7!    1!    2!2!!!!!!!!!!!!!
S!UNNAMED_1_CON16PUSBCUSB2_I148_D!UNNAMED_1_CON16PUSBCUSB2_I148_D!7!    2!    3!2!!!!!!!!!!!!!
S!UNNAMED_1_CON16PUSBCUSB2_I148_D!UNNAMED_1_CON16PUSBCUSB2_I148_D!7!    2!    3!2!!!!!!!!!!!!!
S!UNNAMED_1_CON16PUSBCUSB2_I148_D!UNNAMED_1_CON16PUSBCUSB2_I148_D!7!    2!    3!2!!!!!!!!!!!!!
S!UNNAMED_1_CON16PUSBCUSB2_I148_D!UNNAMED_1_CON16PUSBCUSB2_I148_D!2!    1!    1!1!!J2!B7!BI!174.2380!23.1482!!!!T_N40_64_M77!TOP!BOTTOM!
S!UNNAMED_1_CON16PUSBCUSB2_I148_D!UNNAMED_1_CON16PUSBCUSB2_I148_D!!!!!!J2!B7!BI!174.2380!23.1482!!!!T_N40_64_M77!TOP!BOTTOM!
S!UNNAMED_1_CON16PUSBCUSB2_I148_D!UNNAMED_1_CON16PUSBCUSB2_I148_D!2!    2!    2!2!!J2!A7!BI!172.8880!23.9982!!!!T_N40_64_M77!TOP!BOTTOM!
S!UNNAMED_1_CON16PUSBCUSB2_I148_D!UNNAMED_1_CON16PUSBCUSB2_I148_D!!!!!!J2!A7!BI!172.8880!23.9982!!!!T_N40_64_M77!TOP!BOTTOM!
S!UNNAMED_1_CON16PUSBCUSB2_I148_D!UNNAMED_1_CON16PUSBCUSB2_I148_D!2!    3!    3!2!!!!!!!169.9000!22.9000!NO!V20H10!TOP!BOTTOM!
S!UNNAMED_1_CON16PUSBCUSB2_I148_D!UNNAMED_1_CON16PUSBCUSB2_I148_D!7!    3!    4!2!!!!!!!!!!!!!
S!UNNAMED_1_CON16PUSBCUSB2_I148_D!UNNAMED_1_CON16PUSBCUSB2_I148_D!7!    3!    4!2!!!!!!!!!!!!!
S!UNNAMED_1_CON16PUSBCUSB2_I148_D!UNNAMED_1_CON16PUSBCUSB2_I148_D!2!    4!    4!1!!D1!1!BI!166.8000!22.0500!!!!R115_60!TOP!TOP!
S!UNNAMED_1_CON16PUSBCUSB2_I148_D!UNNAMED_1_CON16PUSBCUSB2_I148_D!!!!!!D1!1!BI!166.8000!22.0500!!!!R115_60!TOP!TOP!
S!UNNAMED_1_CON16PUSBCUSB2_I148_D!UNNAMED_1_CON16PUSBCUSB2_I148_D!5!    2!    4!!YES!!!!!!!!!!!!
S!UNNAMED_1_CON16PUSBCUSB2_I148_D!UNNAMED_1_CON16PUSBCUSB2_I148_D!5!    1!    2!!YES!!!!!!!!!!!!
S!UNNAMED_1_CON16PUSBCUSB2_I148_C!UNNAMED_1_CON16PUSBCUSB2_I148_C!7!    1!    2!2!!!!!!!!!!!!!
S!UNNAMED_1_CON16PUSBCUSB2_I148_C!UNNAMED_1_CON16PUSBCUSB2_I148_C!7!    1!    2!2!!!!!!!!!!!!!
S!UNNAMED_1_CON16PUSBCUSB2_I148_C!UNNAMED_1_CON16PUSBCUSB2_I148_C!7!    1!    2!2!!!!!!!!!!!!!
S!UNNAMED_1_CON16PUSBCUSB2_I148_C!UNNAMED_1_CON16PUSBCUSB2_I148_C!7!    1!    2!2!!!!!!!!!!!!!
S!UNNAMED_1_CON16PUSBCUSB2_I148_C!UNNAMED_1_CON16PUSBCUSB2_I148_C!7!    1!    2!2!!!!!!!!!!!!!
S!UNNAMED_1_CON16PUSBCUSB2_I148_C!UNNAMED_1_CON16PUSBCUSB2_I148_C!7!    1!    2!2!!!!!!!!!!!!!
S!UNNAMED_1_CON16PUSBCUSB2_I148_C!UNNAMED_1_CON16PUSBCUSB2_I148_C!2!    1!    1!1!!J2!A5!BI!172.8880!22.2982!!!!T_N40_64_M77!TOP!BOTTOM!
S!UNNAMED_1_CON16PUSBCUSB2_I148_C!UNNAMED_1_CON16PUSBCUSB2_I148_C!!!!!!J2!A5!BI!172.8880!22.2982!!!!T_N40_64_M77!TOP!BOTTOM!
S!UNNAMED_1_CON16PUSBCUSB2_I148_C!UNNAMED_1_CON16PUSBCUSB2_I148_C!2!    2!    2!1!!R3!2!BI!171.9500!16.4000!!!!RTM_10X09!TOP!TOP!
S!UNNAMED_1_CON16PUSBCUSB2_I148_C!UNNAMED_1_CON16PUSBCUSB2_I148_C!!!!!!R3!2!BI!171.9500!16.4000!!!!RTM_10X09!TOP!TOP!
S!UNNAMED_1_CON16PUSBCUSB2_I148_C!UNNAMED_1_CON16PUSBCUSB2_I148_C!5!    1!    2!!YES!!!!!!!!!!!!
S!UNNAMED_1_CON16PUSBCUSB2_I148_ 00000002!UNNAMED_1_CON16PUSBCUSB2_I148_2!7!    1!    2!2!!!!!!!!!!!!!
S!UNNAMED_1_CON16PUSBCUSB2_I148_ 00000002!UNNAMED_1_CON16PUSBCUSB2_I148_2!7!    1!    2!2!!!!!!!!!!!!!
S!UNNAMED_1_CON16PUSBCUSB2_I148_ 00000002!UNNAMED_1_CON16PUSBCUSB2_I148_2!7!    1!    2!2!!!!!!!!!!!!!
S!UNNAMED_1_CON16PUSBCUSB2_I148_ 00000002!UNNAMED_1_CON16PUSBCUSB2_I148_2!2!    1!    1!1!!J2!B6!BI!174.2380!23.9982!!!!T_N40_64_M77!TOP!BOTTOM!
S!UNNAMED_1_CON16PUSBCUSB2_I148_ 00000002!UNNAMED_1_CON16PUSBCUSB2_I148_2!!!!!!J2!B6!BI!174.2380!23.9982!!!!T_N40_64_M77!TOP!BOTTOM!
S!UNNAMED_1_CON16PUSBCUSB2_I148_ 00000002!UNNAMED_1_CON16PUSBCUSB2_I148_2!7!    2!    3!2!!!!!!!!!!!!!
S!UNNAMED_1_CON16PUSBCUSB2_I148_ 00000002!UNNAMED_1_CON16PUSBCUSB2_I148_2!7!    2!    3!2!!!!!!!!!!!!!
S!UNNAMED_1_CON16PUSBCUSB2_I148_ 00000002!UNNAMED_1_CON16PUSBCUSB2_I148_2!7!    2!    3!2!!!!!!!!!!!!!
S!UNNAMED_1_CON16PUSBCUSB2_I148_ 00000002!UNNAMED_1_CON16PUSBCUSB2_I148_2!7!    2!    3!2!!!!!!!!!!!!!
S!UNNAMED_1_CON16PUSBCUSB2_I148_ 00000002!UNNAMED_1_CON16PUSBCUSB2_I148_2!2!    2!    2!2!!J2!A6!BI!172.8880!23.1482!!!!T_N40_64_M77!TOP!BOTTOM!
S!UNNAMED_1_CON16PUSBCUSB2_I148_ 00000002!UNNAMED_1_CON16PUSBCUSB2_I148_2!!!!!!J2!A6!BI!172.8880!23.1482!!!!T_N40_64_M77!TOP!BOTTOM!
S!UNNAMED_1_CON16PUSBCUSB2_I148_ 00000002!UNNAMED_1_CON16PUSBCUSB2_I148_2!2!    3!    3!1!!D1!3!BI!166.8000!23.9500!!!!R115_60!TOP!TOP!
S!UNNAMED_1_CON16PUSBCUSB2_I148_ 00000002!UNNAMED_1_CON16PUSBCUSB2_I148_2!!!!!!D1!3!BI!166.8000!23.9500!!!!R115_60!TOP!TOP!
S!UNNAMED_1_CON16PUSBCUSB2_I148_ 00000002!UNNAMED_1_CON16PUSBCUSB2_I148_2!5!    2!    3!!YES!!!!!!!!!!!!
S!UNNAMED_1_CON16PUSBCUSB2_I148_ 00000002!UNNAMED_1_CON16PUSBCUSB2_I148_2!5!    1!    2!!YES!!!!!!!!!!!!
S!UNNAMED_1_CON16PUSBCUSB2_I148_ 00000001!UNNAMED_1_CON16PUSBCUSB2_I148_1!7!    1!    2!2!!!!!!!!!!!!!
S!UNNAMED_1_CON16PUSBCUSB2_I148_ 00000001!UNNAMED_1_CON16PUSBCUSB2_I148_1!7!    1!    2!2!!!!!!!!!!!!!
S!UNNAMED_1_CON16PUSBCUSB2_I148_ 00000001!UNNAMED_1_CON16PUSBCUSB2_I148_1!7!    1!    2!2!!!!!!!!!!!!!
S!UNNAMED_1_CON16PUSBCUSB2_I148_ 00000001!UNNAMED_1_CON16PUSBCUSB2_I148_1!7!    1!    2!2!!!!!!!!!!!!!
S!UNNAMED_1_CON16PUSBCUSB2_I148_ 00000001!UNNAMED_1_CON16PUSBCUSB2_I148_1!7!    1!    2!2!!!!!!!!!!!!!
S!UNNAMED_1_CON16PUSBCUSB2_I148_ 00000001!UNNAMED_1_CON16PUSBCUSB2_I148_1!7!    1!    2!2!!!!!!!!!!!!!
S!UNNAMED_1_CON16PUSBCUSB2_I148_ 00000001!UNNAMED_1_CON16PUSBCUSB2_I148_1!2!    1!    1!1!!J2!B5!BI!174.2380!24.8482!!!!T_N40_64_M77!TOP!BOTTOM!
S!UNNAMED_1_CON16PUSBCUSB2_I148_ 00000001!UNNAMED_1_CON16PUSBCUSB2_I148_1!!!!!!J2!B5!BI!174.2380!24.8482!!!!T_N40_64_M77!TOP!BOTTOM!
S!UNNAMED_1_CON16PUSBCUSB2_I148_ 00000001!UNNAMED_1_CON16PUSBCUSB2_I148_1!2!    2!    2!1!!R4!2!BI!175.4500!30.8000!!!!RTM_10X09!BOTTOM!BOTTOM!
S!UNNAMED_1_CON16PUSBCUSB2_I148_ 00000001!UNNAMED_1_CON16PUSBCUSB2_I148_1!!!!!!R4!2!BI!175.4500!30.8000!!!!RTM_10X09!BOTTOM!BOTTOM!
S!UNNAMED_1_CON16PUSBCUSB2_I148_ 00000001!UNNAMED_1_CON16PUSBCUSB2_I148_1!5!    1!    2!!YES!!!!!!!!!!!!
S!MMC_TMS!MMC_TMS!7!    1!    2!2!!!!!!!!!!!!!
S!MMC_TMS!MMC_TMS!7!    1!    2!2!!!!!!!!!!!!!
S!MMC_TMS!MMC_TMS!7!    1!    2!2!!!!!!!!!!!!!
S!MMC_TMS!MMC_TMS!2!    1!    1!1!!J4!5!UNSPEC!173.4380!47.5332!!!!C120_H80!TOP!BOTTOM!
S!MMC_TMS!MMC_TMS!!!!!!J4!5!UNSPEC!173.4380!47.5332!!!!C120_H80!TOP!BOTTOM!
S!MMC_TMS!MMC_TMS!2!    2!    2!2!!!!!!!154.7000!55.3000!NO!V20H10!TOP!BOTTOM!
S!MMC_TMS!MMC_TMS!7!    2!    3!2!!!!!!!!!!!!!
S!MMC_TMS!MMC_TMS!7!    2!    3!2!!!!!!!!!!!!!
S!MMC_TMS!MMC_TMS!2!    3!    3!1!!J5!5!UNSPEC!143.5750!55.4000!!!!R410_75!TOP!TOP!
S!MMC_TMS!MMC_TMS!!!!!!J5!5!UNSPEC!143.5750!55.4000!!!!R410_75!TOP!TOP!
S!MMC_TMS!MMC_TMS!5!    1!    3!!YES!!!!!!!!!!!!
S!MMC_TDO!MMC_TDO!7!    1!    2!2!!!!!!!!!!!!!
S!MMC_TDO!MMC_TDO!7!    1!    2!2!!!!!!!!!!!!!
S!MMC_TDO!MMC_TDO!7!    1!    2!2!!!!!!!!!!!!!
S!MMC_TDO!MMC_TDO!2!    1!    1!1!!J4!3!UNSPEC!173.4380!48.8032!!!!C120_H80!TOP!BOTTOM!
S!MMC_TDO!MMC_TDO!!!!!!J4!3!UNSPEC!173.4380!48.8032!!!!C120_H80!TOP!BOTTOM!
S!MMC_TDO!MMC_TDO!2!    2!    2!2!!!!!!!156.2000!54.0000!NO!V20H10!TOP!BOTTOM!
S!MMC_TDO!MMC_TDO!7!    2!    3!2!!!!!!!!!!!!!
S!MMC_TDO!MMC_TDO!7!    2!    3!2!!!!!!!!!!!!!
S!MMC_TDO!MMC_TDO!7!    2!    3!2!!!!!!!!!!!!!
S!MMC_TDO!MMC_TDO!2!    3!    3!1!!J5!3!UNSPEC!143.5750!54.1300!!!!R410_75!TOP!TOP!
S!MMC_TDO!MMC_TDO!!!!!!J5!3!UNSPEC!143.5750!54.1300!!!!R410_75!TOP!TOP!
S!MMC_TDO!MMC_TDO!5!    1!    3!!YES!!!!!!!!!!!!
S!MMC_TDI!MMC_TDI!7!    1!    2!2!!!!!!!!!!!!!
S!MMC_TDI!MMC_TDI!7!    1!    2!2!!!!!!!!!!!!!
S!MMC_TDI!MMC_TDI!7!    1!    2!2!!!!!!!!!!!!!
S!MMC_TDI!MMC_TDI!2!    1!    1!1!!J4!9!UNSPEC!173.4380!44.9932!!!!C120_H80!TOP!BOTTOM!
S!MMC_TDI!MMC_TDI!!!!!!J4!9!UNSPEC!173.4380!44.9932!!!!C120_H80!TOP!BOTTOM!
S!MMC_TDI!MMC_TDI!2!    2!    2!2!!!!!!!152.1000!57.9000!NO!V20H10!TOP!BOTTOM!
S!MMC_TDI!MMC_TDI!7!    2!    3!2!!!!!!!!!!!!!
S!MMC_TDI!MMC_TDI!7!    2!    3!2!!!!!!!!!!!!!
S!MMC_TDI!MMC_TDI!2!    3!    3!1!!J5!9!UNSPEC!143.5750!57.9400!!!!R410_75!TOP!TOP!
S!MMC_TDI!MMC_TDI!!!!!!J5!9!UNSPEC!143.5750!57.9400!!!!R410_75!TOP!TOP!
S!MMC_TDI!MMC_TDI!5!    1!    3!!YES!!!!!!!!!!!!
S!MMC_TCK!MMC_TCK!7!    1!    2!2!!!!!!!!!!!!!
S!MMC_TCK!MMC_TCK!7!    1!    2!2!!!!!!!!!!!!!
S!MMC_TCK!MMC_TCK!7!    1!    2!2!!!!!!!!!!!!!
S!MMC_TCK!MMC_TCK!2!    1!    1!1!!J4!1!UNSPEC!173.4380!50.0732!!!!S120_H80!TOP!BOTTOM!
S!MMC_TCK!MMC_TCK!!!!!!J4!1!UNSPEC!173.4380!50.0732!!!!S120_H80!TOP!BOTTOM!
S!MMC_TCK!MMC_TCK!2!    2!    2!1!!J5!1!UNSPEC!143.5750!52.8600!!!!R410_75!TOP!TOP!
S!MMC_TCK!MMC_TCK!!!!!!J5!1!UNSPEC!143.5750!52.8600!!!!R410_75!TOP!TOP!
S!MMC_TCK!MMC_TCK!5!    1!    2!!YES!!!!!!!!!!!!
S!MMC_TRST*!MMC_TRST*!7!    1!    2!2!!!!!!!!!!!!!
S!MMC_TRST*!MMC_TRST*!7!    1!    2!2!!!!!!!!!!!!!
S!MMC_TRST*!MMC_TRST*!7!    1!    2!2!!!!!!!!!!!!!
S!MMC_TRST*!MMC_TRST*!7!    1!    2!2!!!!!!!!!!!!!
S!MMC_TRST*!MMC_TRST*!7!    1!    2!2!!!!!!!!!!!!!
S!MMC_TRST*!MMC_TRST*!7!    1!    2!2!!!!!!!!!!!!!
S!MMC_TRST*!MMC_TRST*!7!    1!    2!2!!!!!!!!!!!!!
S!MMC_TRST*!MMC_TRST*!7!    1!    2!2!!!!!!!!!!!!!
S!MMC_TRST*!MMC_TRST*!7!    1!    2!2!!!!!!!!!!!!!
S!MMC_TRST*!MMC_TRST*!2!    1!    1!1!!J4!8!UNSPEC!174.7080!46.2632!!!!C120_H80!TOP!BOTTOM!
S!MMC_TRST*!MMC_TRST*!!!!!!J4!8!UNSPEC!174.7080!46.2632!!!!C120_H80!TOP!BOTTOM!
S!MMC_TRST*!MMC_TRST*!2!    2!    2!1!!J5!8!UNSPEC!138.6250!56.6700!!!!R410_75!TOP!TOP!
S!MMC_TRST*!MMC_TRST*!!!!!!J5!8!UNSPEC!138.6250!56.6700!!!!R410_75!TOP!TOP!
S!MMC_TRST*!MMC_TRST*!5!    1!    2!!YES!!!!!!!!!!!!
S!MMC_RESET*!MMC_RESET*!7!    1!    2!2!!!!!!!!!!!!!
S!MMC_RESET*!MMC_RESET*!7!    1!    2!2!!!!!!!!!!!!!
S!MMC_RESET*!MMC_RESET*!7!    1!    2!2!!!!!!!!!!!!!
S!MMC_RESET*!MMC_RESET*!7!    1!    2!2!!!!!!!!!!!!!
S!MMC_RESET*!MMC_RESET*!2!    1!    1!1!!J4!6!UNSPEC!174.7080!47.5332!!!!C120_H80!TOP!BOTTOM!
S!MMC_RESET*!MMC_RESET*!!!!!!J4!6!UNSPEC!174.7080!47.5332!!!!C120_H80!TOP!BOTTOM!
S!MMC_RESET*!MMC_RESET*!2!    2!    2!2!!!!!!!169.5000!64.7000!NO!V20H10!TOP!BOTTOM!
S!MMC_RESET*!MMC_RESET*!7!    2!    3!2!!!!!!!!!!!!!
S!MMC_RESET*!MMC_RESET*!7!    2!    3!2!!!!!!!!!!!!!
S!MMC_RESET*!MMC_RESET*!7!    2!    3!2!!!!!!!!!!!!!
S!MMC_RESET*!MMC_RESET*!7!    2!    3!2!!!!!!!!!!!!!
S!MMC_RESET*!MMC_RESET*!7!    2!    3!2!!!!!!!!!!!!!
S!MMC_RESET*!MMC_RESET*!7!    2!    3!2!!!!!!!!!!!!!
S!MMC_RESET*!MMC_RESET*!2!    3!    3!1!!J5!6!UNSPEC!138.6250!55.4000!!!!R410_75!TOP!TOP!
S!MMC_RESET*!MMC_RESET*!!!!!!J5!6!UNSPEC!138.6250!55.4000!!!!R410_75!TOP!TOP!
S!MMC_RESET*!MMC_RESET*!5!    1!    3!!YES!!!!!!!!!!!!
S!MP3V 00000003!MP3V3!7!    2!    3!2!!!!!!!!!!!!!
S!MP3V 00000003!MP3V3!7!    2!    3!2!!!!!!!!!!!!!
S!MP3V 00000003!MP3V3!7!    2!    3!2!!!!!!!!!!!!!
S!MP3V 00000003!MP3V3!7!    1!    2!2!!!!!!!!!!!!!
S!MP3V 00000003!MP3V3!7!    1!    2!2!!!!!!!!!!!!!
S!MP3V 00000003!MP3V3!7!    1!    2!2!!!!!!!!!!!!!
S!MP3V 00000003!MP3V3!7!    1!    2!2!!!!!!!!!!!!!
S!MP3V 00000003!MP3V3!7!    1!    2!2!!!!!!!!!!!!!
S!MP3V 00000003!MP3V3!7!    1!    2!2!!!!!!!!!!!!!
S!MP3V 00000003!MP3V3!2!    1!    1!1!!J5!4!UNSPEC!138.6250!54.1300!!!!R410_75!TOP!TOP!
S!MP3V 00000003!MP3V3!!!!!!J5!4!UNSPEC!138.6250!54.1300!!!!R410_75!TOP!TOP!
S!MP3V 00000003!MP3V3!2!    2!    2!2!!!!!!!166.9000!65.5000!NO!V20H10!TOP!BOTTOM!
S!MP3V 00000003!MP3V3!2!    3!    3!1!!J4!4!UNSPEC!174.7080!48.8032!!!!C120_H80!TOP!BOTTOM!
S!MP3V 00000003!MP3V3!!!!!!J4!4!UNSPEC!174.7080!48.8032!!!!C120_H80!TOP!BOTTOM!
S!MP3V 00000003!MP3V3!5!    1!    3!!YES!!!!!!!!!!!!
S!!!2!    1!    1!0!!J2!A8!BI!172.8880!24.8482!!!!T_N40_64_M77!TOP!BOTTOM!
S!!!!!!!!J2!A8!BI!172.8880!24.8482!!!!T_N40_64_M77!TOP!BOTTOM!
S!!!2!    1!    1!0!!J2!B8!BI!174.2380!22.2982!!!!T_N40_64_M77!TOP!BOTTOM!
S!!!!!!!!J2!B8!BI!174.2380!22.2982!!!!T_N40_64_M77!TOP!BOTTOM!
S!UNNAMED_1_410357B_I128_VBUSDETE!UNNAMED_1_410357B_I128_VBUSDETE!7!    2!    3!2!!!!!!!!!!!!!
S!UNNAMED_1_410357B_I128_VBUSDETE!UNNAMED_1_410357B_I128_VBUSDETE!2!    1!    1!1!!IC1!18!UNSPEC!159.7250!29.0000!!!!R280_230!TOP!TOP!
S!UNNAMED_1_410357B_I128_VBUSDETE!UNNAMED_1_410357B_I128_VBUSDETE!!!!!!IC1!18!UNSPEC!159.7250!29.0000!!!!R280_230!TOP!TOP!
S!UNNAMED_1_410357B_I128_VBUSDETE!UNNAMED_1_410357B_I128_VBUSDETE!2!    2!    2!2!!R2!2!BI!164.0000!30.2500!!!!RTM_10X09!TOP!TOP!
S!UNNAMED_1_410357B_I128_VBUSDETE!UNNAMED_1_410357B_I128_VBUSDETE!!!!!!R2!2!BI!164.0000!30.2500!!!!RTM_10X09!TOP!TOP!
S!UNNAMED_1_410357B_I128_VBUSDETE!UNNAMED_1_410357B_I128_VBUSDETE!7!    1!    2!2!!!!!!!!!!!!!
S!UNNAMED_1_410357B_I128_VBUSDETE!UNNAMED_1_410357B_I128_VBUSDETE!7!    1!    2!2!!!!!!!!!!!!!
S!UNNAMED_1_410357B_I128_VBUSDETE!UNNAMED_1_410357B_I128_VBUSDETE!7!    1!    2!2!!!!!!!!!!!!!
S!UNNAMED_1_410357B_I128_VBUSDETE!UNNAMED_1_410357B_I128_VBUSDETE!2!    3!    3!1!!R1!1!BI!166.0000!30.2500!!!!RTM_10X09!TOP!TOP!
S!UNNAMED_1_410357B_I128_VBUSDETE!UNNAMED_1_410357B_I128_VBUSDETE!!!!!!R1!1!BI!166.0000!30.2500!!!!RTM_10X09!TOP!TOP!
S!UNNAMED_1_410357B_I128_VBUSDETE!UNNAMED_1_410357B_I128_VBUSDETE!5!    2!    3!!YES!!!!!!!!!!!!
S!UNNAMED_1_410357B_I128_VBUSDETE!UNNAMED_1_410357B_I128_VBUSDETE!5!    1!    2!!YES!!!!!!!!!!!!
S!USB_DP!USB_DP!7!    1!    2!2!!!!!!!!!!!!!
S!USB_DP!USB_DP!7!    1!    2!2!!!!!!!!!!!!!
S!USB_DP!USB_DP!2!    1!    1!1!!IC1!17!UNSPEC!159.7250!25.0000!!!!R280_230!TOP!TOP!
S!USB_DP!USB_DP!!!!!!IC1!17!UNSPEC!159.7250!25.0000!!!!R280_230!TOP!TOP!
S!USB_DP!USB_DP!2!    2!    2!1!!D1!4!BI!164.2000!23.9500!!!!R115_60!TOP!TOP!
S!USB_DP!USB_DP!!!!!!D1!4!BI!164.2000!23.9500!!!!R115_60!TOP!TOP!
S!USB_DP!USB_DP!5!    1!    2!!YES!!!!!!!!!!!!
S!USB_DM!USB_DM!7!    1!    2!2!!!!!!!!!!!!!
S!USB_DM!USB_DM!7!    1!    2!2!!!!!!!!!!!!!
S!USB_DM!USB_DM!7!    1!    2!2!!!!!!!!!!!!!
S!USB_DM!USB_DM!2!    1!    1!1!!IC1!16!UNSPEC!159.7250!21.0000!!!!R280_230!TOP!TOP!
S!USB_DM!USB_DM!!!!!!IC1!16!UNSPEC!159.7250!21.0000!!!!R280_230!TOP!TOP!
S!USB_DM!USB_DM!2!    2!    2!1!!D1!6!BI!164.2000!22.0500!!!!R115_60!TOP!TOP!
S!USB_DM!USB_DM!!!!!!D1!6!BI!164.2000!22.0500!!!!R115_60!TOP!TOP!
S!USB_DM!USB_DM!5!    1!    2!!YES!!!!!!!!!!!!
S!P5V!P5V!7!    3!    7!2!!!!!!!!!!!!!
S!P5V!P5V!7!    3!    7!2!!!!!!!!!!!!!
S!P5V!P5V!7!    3!    7!2!!!!!!!!!!!!!
S!P5V!P5V!7!    3!    7!2!!!!!!!!!!!!!
S!P5V!P5V!7!    6!    0!2!!!!!!!!!!!!!
S!P5V!P5V!7!    6!    0!2!!!!!!!!!!!!!
S!P5V!P5V!7!    6!    0!2!!!!!!!!!!!!!
S!P5V!P5V!7!    1!    0!2!!!!!!!!!!!!!
S!P5V!P5V!7!    1!    4!2!!!!!!!!!!!!!
S!P5V!P5V!7!    1!    4!2!!!!!!!!!!!!!
S!P5V!P5V!7!    1!    4!2!!!!!!!!!!!!!
S!P5V!P5V!7!    1!    4!2!!!!!!!!!!!!!
S!P5V!P5V!7!    1!    4!2!!!!!!!!!!!!!
S!P5V!P5V!7!    1!    4!2!!!!!!!!!!!!!
S!P5V!P5V!2!    1!    1!3!!J2!A9!POWER!172.8880!25.6982!!!!T_N40_64!TOP!BOTTOM!
S!P5V!P5V!!!!!!J2!A9!POWER!172.8880!25.6982!!!!T_N40_64!TOP!BOTTOM!
S!P5V!P5V!7!!!!!J2!!!!!!!!!!!
S!P5V!P5V!7!!!!!J2!!!!!!!!!!!
S!P5V!P5V!7!!!!!J2!!!!!!!!!!!
S!P5V!P5V!7!!!!!J2!!!!!!!!!!!
S!P5V!P5V!2!    2!    2!1!!J2!B4!POWER!174.2380!25.6982!!!!T_N40_64!TOP!BOTTOM!
S!P5V!P5V!!!!!!J2!B4!POWER!174.2380!25.6982!!!!T_N40_64!TOP!BOTTOM!
S!P5V!P5V!7!    5!    0!1!!!!!!!!!!!!!
S!P5V!P5V!7!    3!    4!2!!!!!!!!!!!!!
S!P5V!P5V!2!    3!    3!2!!C2!2!BI!164.9500!23.0000!!!!RTM_10X09!BOTTOM!BOTTOM!
S!P5V!P5V!!!!!!C2!2!BI!164.9500!23.0000!!!!RTM_10X09!BOTTOM!BOTTOM!
S!P5V!P5V!2!    4!    4!3!!!!!!!163.0000!23.0000!NO!V20H10!TOP!BOTTOM!
S!P5V!P5V!7!    4!    5!2!!!!!!!!!!!!!
S!P5V!P5V!2!    5!    5!2!!D1!5!POWER!164.2000!23.0000!!!!R115_60!TOP!TOP!
S!P5V!P5V!!!!!!D1!5!POWER!164.2000!23.0000!!!!R115_60!TOP!TOP!
S!P5V!P5V!2!    6!    6!1!!R1!2!BI!166.0000!28.7500!!!!RTM_10X09!TOP!TOP!
S!P5V!P5V!!!!!!R1!2!BI!166.0000!28.7500!!!!RTM_10X09!TOP!TOP!
S!P5V!P5V!2!    7!    7!2!!J2!A4!POWER!172.8880!21.4482!!!!T_N40_64!TOP!BOTTOM!
S!P5V!P5V!!!!!!J2!A4!POWER!172.8880!21.4482!!!!T_N40_64!TOP!BOTTOM!
S!P5V!P5V!7!!!!!J2!!!!!!!!!!!
S!P5V!P5V!7!!!!!J2!!!!!!!!!!!
S!P5V!P5V!7!!!!!J2!!!!!!!!!!!
S!P5V!P5V!7!!!!!J2!!!!!!!!!!!
S!P5V!P5V!2!    8!    8!1!!J2!B9!POWER!174.2380!21.4482!!!!T_N40_64!TOP!BOTTOM!
S!P5V!P5V!!!!!!J2!B9!POWER!174.2380!21.4482!!!!T_N40_64!TOP!BOTTOM!
S!P5V!P5V!5!    7!    8!!YES!!!!!!!!!!!!
S!P5V!P5V!5!    1!    7!!YES!!!!!!!!!!!!
S!P5V!P5V!5!    3!    6!!YES!!!!!!!!!!!!
S!P5V!P5V!5!    3!    5!!YES!!!!!!!!!!!!
S!P5V!P5V!5!    3!    7!!YES!!!!!!!!!!!!
S!P5V!P5V!5!    1!    2!!YES!!!!!!!!!!!!
S!UART_TX_FROM_FPGA_3V 00000003!UART_TX_FROM_FPGA_3V3!7!    1!    4!2!!!!!!!!!!!!!
S!UART_TX_FROM_FPGA_3V 00000003!UART_TX_FROM_FPGA_3V3!7!    1!    4!2!!!!!!!!!!!!!
S!UART_TX_FROM_FPGA_3V 00000003!UART_TX_FROM_FPGA_3V3!7!    1!    4!2!!!!!!!!!!!!!
S!UART_TX_FROM_FPGA_3V 00000003!UART_TX_FROM_FPGA_3V3!7!    1!    4!2!!!!!!!!!!!!!
S!UART_TX_FROM_FPGA_3V 00000003!UART_TX_FROM_FPGA_3V3!7!    1!    4!2!!!!!!!!!!!!!
S!UART_TX_FROM_FPGA_3V 00000003!UART_TX_FROM_FPGA_3V3!7!    1!    4!2!!!!!!!!!!!!!
S!UART_TX_FROM_FPGA_3V 00000003!UART_TX_FROM_FPGA_3V3!2!    1!    1!1!!J6!4!UNSPEC!108.9380!46.8482!!!!R130_80!TOP!TOP!
S!UART_TX_FROM_FPGA_3V 00000003!UART_TX_FROM_FPGA_3V3!!!!!!J6!4!UNSPEC!108.9380!46.8482!!!!R130_80!TOP!TOP!
S!UART_TX_FROM_FPGA_3V 00000003!UART_TX_FROM_FPGA_3V3!7!    2!    4!2!!!!!!!!!!!!!
S!UART_TX_FROM_FPGA_3V 00000003!UART_TX_FROM_FPGA_3V3!7!    2!    3!2!!!!!!!!!!!!!
S!UART_TX_FROM_FPGA_3V 00000003!UART_TX_FROM_FPGA_3V3!2!    2!    2!2!!!!!!!141.0000!35.5000!NO!BVIA-17R8-08!TOP!BOTTOM!
S!UART_TX_FROM_FPGA_3V 00000003!UART_TX_FROM_FPGA_3V3!2!    3!    3!1!!IC1!5!UNSPEC!141.0000!33.1000!!!!R280_230!TOP!TOP!
S!UART_TX_FROM_FPGA_3V 00000003!UART_TX_FROM_FPGA_3V3!!!!!!IC1!5!UNSPEC!141.0000!33.1000!!!!R280_230!TOP!TOP!
S!UART_TX_FROM_FPGA_3V 00000003!UART_TX_FROM_FPGA_3V3!2!    4!    4!2!!!!!!!129.8000!35.5000!NO!BVIA-17R8-08!TOP!BOTTOM!
S!UART_TX_FROM_FPGA_3V 00000003!UART_TX_FROM_FPGA_3V3!5!    1!    3!!YES!!!!!!!!!!!!
S!UART_RX_TO_FPGA_3V 00000003!UART_RX_TO_FPGA_3V3!7!    1!    2!2!!!!!!!!!!!!!
S!UART_RX_TO_FPGA_3V 00000003!UART_RX_TO_FPGA_3V3!7!    1!    2!2!!!!!!!!!!!!!
S!UART_RX_TO_FPGA_3V 00000003!UART_RX_TO_FPGA_3V3!7!    1!    2!2!!!!!!!!!!!!!
S!UART_RX_TO_FPGA_3V 00000003!UART_RX_TO_FPGA_3V3!7!    1!    2!2!!!!!!!!!!!!!
S!UART_RX_TO_FPGA_3V 00000003!UART_RX_TO_FPGA_3V3!2!    1!    1!1!!J6!2!UNSPEC!108.9380!49.3482!!!!R130_80!TOP!TOP!
S!UART_RX_TO_FPGA_3V 00000003!UART_RX_TO_FPGA_3V3!!!!!!J6!2!UNSPEC!108.9380!49.3482!!!!R130_80!TOP!TOP!
S!UART_RX_TO_FPGA_3V 00000003!UART_RX_TO_FPGA_3V3!2!    2!    2!1!!IC1!6!UNSPEC!138.2750!29.0000!!!!R280_230!TOP!TOP!
S!UART_RX_TO_FPGA_3V 00000003!UART_RX_TO_FPGA_3V3!!!!!!IC1!6!UNSPEC!138.2750!29.0000!!!!R280_230!TOP!TOP!
S!UART_RX_TO_FPGA_3V 00000003!UART_RX_TO_FPGA_3V3!5!    1!    2!!YES!!!!!!!!!!!!
S!VREF_JTAG!VREF_JTAG!2!    1!    1!2!!!!!!!132.4000!18.3000!NO!V20H10!TOP!BOTTOM!
S!VREF_JTAG!VREF_JTAG!7!    1!    2!2!!!!!!!!!!!!!
S!VREF_JTAG!VREF_JTAG!7!    1!    2!2!!!!!!!!!!!!!
S!VREF_JTAG!VREF_JTAG!7!    1!    2!2!!!!!!!!!!!!!
S!VREF_JTAG!VREF_JTAG!7!    1!    2!2!!!!!!!!!!!!!
S!VREF_JTAG!VREF_JTAG!2!    2!    2!1!!J1!2!UNSPEC!103.3380!9.0732!!!!P90!TOP!BOTTOM!
S!VREF_JTAG!VREF_JTAG!!!!!!J1!2!UNSPEC!103.3380!9.0732!!!!P90!TOP!BOTTOM!
S!VREF_JTAG!VREF_JTAG!7!    1!    4!2!!!!!!!!!!!!!
S!VREF_JTAG!VREF_JTAG!7!    1!    4!2!!!!!!!!!!!!!
S!VREF_JTAG!VREF_JTAG!7!    1!    4!2!!!!!!!!!!!!!
S!VREF_JTAG!VREF_JTAG!2!    3!    3!1!!IC1!8!UNSPEC!138.2750!21.0000!!!!R280_230!TOP!TOP!
S!VREF_JTAG!VREF_JTAG!!!!!!IC1!8!UNSPEC!138.2750!21.0000!!!!R280_230!TOP!TOP!
S!VREF_JTAG!VREF_JTAG!7!    3!    4!2!!!!!!!!!!!!!
S!VREF_JTAG!VREF_JTAG!2!    4!    4!2!!C1!1!UNSPEC!133.9989!21.0000!!!!SMD25_27!TOP!TOP!
S!VREF_JTAG!VREF_JTAG!!!!!!C1!1!UNSPEC!133.9989!21.0000!!!!SMD25_27!TOP!TOP!
S!VREF_JTAG!VREF_JTAG!5!    2!    4!!YES!!!!!!!!!!!!
S!VREF_JTAG!VREF_JTAG!5!    3!    4!!YES!!!!!!!!!!!!
S!VCC3V 00000003!VCC3V3!7!!!!!!!!!!!!!!!!
S!VCC3V 00000003!VCC3V3!7!!!!!!!!!!!!!!!!
S!VCC3V 00000003!VCC3V3!7!!!!!!!!!!!!!!!!
S!VCC3V 00000003!VCC3V3!7!!!!!!!!!!!!!!!!
S!VCC3V 00000003!VCC3V3!7!!!!!!!!!!!!!!!!
S!VCC3V 00000003!VCC3V3!7!!!!!!!!!!!!!!!!
S!VCC3V 00000003!VCC3V3!7!!!!!!!!!!!!!!!!
S!VCC3V 00000003!VCC3V3!7!!!!!!!!!!!!!!!!
S!VCC3V 00000003!VCC3V3!7!!!!!!!!!!!!!!!!
S!VCC3V 00000003!VCC3V3!7!!!!!!!!!!!!!!!!
S!VCC3V 00000003!VCC3V3!7!!!!!!!!!!!!!!!!
S!VCC3V 00000003!VCC3V3!7!!!!!!!!!!!!!!!!
S!VCC3V 00000003!VCC3V3!7!!!!!!!!!!!!!!!!
S!VCC3V 00000003!VCC3V3!7!!!!!!!!!!!!!!!!
S!VCC3V 00000003!VCC3V3!7!!!!!!!!!!!!!!!!
S!VCC3V 00000003!VCC3V3!7!!!!!!!!!!!!!!!!
S!VCC3V 00000003!VCC3V3!7!!!!!!!!!!!!!!!!
S!VCC3V 00000003!VCC3V3!7!!!!!!!!!!!!!!!!
S!VCC3V 00000003!VCC3V3!7!!!!!!!!!!!!!!!!
S!VCC3V 00000003!VCC3V3!7!!!!!!!!!!!!!!!!
S!VCC3V 00000003!VCC3V3!7!!!!!!!!!!!!!!!!
S!VCC3V 00000003!VCC3V3!7!!!!!!!!!!!!!!!!
S!VCC3V 00000003!VCC3V3!7!!!!!!!!!!!!!!!!
S!VCC3V 00000003!VCC3V3!7!!!!!!!!!!!!!!!!
S!VCC3V 00000003!VCC3V3!7!!!!!!!!!!!!!!!!
S!VCC3V 00000003!VCC3V3!7!!!!!!!!!!!!!!!!
S!VCC3V 00000003!VCC3V3!7!!!!!!!!!!!!!!!!
S!VCC3V 00000003!VCC3V3!7!!!!!!!!!!!!!!!!
S!VCC3V 00000003!VCC3V3!7!!!!!!!!!!!!!!!!
S!VCC3V 00000003!VCC3V3!7!!!!!!!!!!!!!!!!
S!VCC3V 00000003!VCC3V3!7!!!!!!!!!!!!!!!!
S!VCC3V 00000003!VCC3V3!7!!!!!!!!!!!!!!!!
S!VCC3V 00000003!VCC3V3!7!!!!!!!!!!!!!!!!
S!VCC3V 00000003!VCC3V3!7!!!!!!!!!!!!!!!!
S!VCC3V 00000003!VCC3V3!7!!!!!!!!!!!!!!!!
S!VCC3V 00000003!VCC3V3!7!!!!!!!!!!!!!!!!
S!VCC3V 00000003!VCC3V3!7!!!!!!!!!!!!!!!!
S!VCC3V 00000003!VCC3V3!7!!!!!!!!!!!!!!!!
S!VCC3V 00000003!VCC3V3!7!!!!!!!!!!!!!!!!
S!VCC3V 00000003!VCC3V3!7!!!!!!!!!!!!!!!!
S!VCC3V 00000003!VCC3V3!7!!!!!!!!!!!!!!!!
S!VCC3V 00000003!VCC3V3!7!!!!!!!!!!!!!!!!
S!VCC3V 00000003!VCC3V3!7!!!!!!!!!!!!!!!!
S!VCC3V 00000003!VCC3V3!7!!!!!!!!!!!!!!!!
S!VCC3V 00000003!VCC3V3!7!!!!!!!!!!!!!!!!
S!VCC3V 00000003!VCC3V3!7!!!!!!!!!!!!!!!!
S!VCC3V 00000003!VCC3V3!7!!!!!!!!!!!!!!!!
S!VCC3V 00000003!VCC3V3!7!!!!!!!!!!!!!!!!
S!VCC3V 00000003!VCC3V3!7!!!!!!!!!!!!!!!!
S!VCC3V 00000003!VCC3V3!7!!!!!!!!!!!!!!!!
S!VCC3V 00000003!VCC3V3!7!!!!!!!!!!!!!!!!
S!VCC3V 00000003!VCC3V3!7!!!!!!!!!!!!!!!!
S!VCC3V 00000003!VCC3V3!7!!!!!!!!!!!!!!!!
S!VCC3V 00000003!VCC3V3!7!!!!!!!!!!!!!!!!
S!VCC3V 00000003!VCC3V3!7!!!!!!!!!!!!!!!!
S!VCC3V 00000003!VCC3V3!7!!!!!!!!!!!!!!!!
S!VCC3V 00000003!VCC3V3!7!!!!!!!!!!!!!!!!
S!VCC3V 00000003!VCC3V3!7!!!!!!!!!!!!!!!!
S!VCC3V 00000003!VCC3V3!7!!!!!!!!!!!!!!!!
S!VCC3V 00000003!VCC3V3!7!!!!!!!!!!!!!!!!
S!VCC3V 00000003!VCC3V3!7!!!!!!!!!!!!!!!!
S!VCC3V 00000003!VCC3V3!7!!!!!!!!!!!!!!!!
S!VCC3V 00000003!VCC3V3!7!!!!!!!!!!!!!!!!
S!VCC3V 00000003!VCC3V3!7!!!!!!!!!!!!!!!!
S!VCC3V 00000003!VCC3V3!7!!!!!!!!!!!!!!!!
S!VCC3V 00000003!VCC3V3!7!!!!!!!!!!!!!!!!
S!VCC3V 00000003!VCC3V3!7!!!!!!!!!!!!!!!!
S!VCC3V 00000003!VCC3V3!7!!!!!!!!!!!!!!!!
S!VCC3V 00000003!VCC3V3!7!!!!!!!!!!!!!!!!
S!VCC3V 00000003!VCC3V3!7!!!!!!!!!!!!!!!!
S!VCC3V 00000003!VCC3V3!7!!!!!!!!!!!!!!!!
S!VCC3V 00000003!VCC3V3!7!!!!!!!!!!!!!!!!
S!VCC3V 00000003!VCC3V3!7!!!!!!!!!!!!!!!!
S!VCC3V 00000003!VCC3V3!7!!!!!!!!!!!!!!!!
S!VCC3V 00000003!VCC3V3!7!!!!!!!!!!!!!!!!
S!VCC3V 00000003!VCC3V3!7!!!!!!!!!!!!!!!!
S!VCC3V 00000003!VCC3V3!7!!!!!!!!!!!!!!!!
S!VCC3V 00000003!VCC3V3!7!!!!!!!!!!!!!!!!
S!VCC3V 00000003!VCC3V3!7!!!!!!!!!!!!!!!!
S!VCC3V 00000003!VCC3V3!7!!!!!!!!!!!!!!!!
S!VCC3V 00000003!VCC3V3!7!!!!!!!!!!!!!!!!
S!VCC3V 00000003!VCC3V3!7!!!!!!!!!!!!!!!!
S!VCC3V 00000003!VCC3V3!7!!!!!!!!!!!!!!!!
S!VCC3V 00000003!VCC3V3!7!!!!!!!!!!!!!!!!
S!VCC3V 00000003!VCC3V3!7!!!!!!!!!!!!!!!!
S!VCC3V 00000003!VCC3V3!7!!!!!!!!!!!!!!!!
S!VCC3V 00000003!VCC3V3!7!!!!!!!!!!!!!!!!
S!VCC3V 00000003!VCC3V3!7!!!!!!!!!!!!!!!!
S!VCC3V 00000003!VCC3V3!7!!!!!!!!!!!!!!!!
S!VCC3V 00000003!VCC3V3!7!!!!!!!!!!!!!!!!
S!VCC3V 00000003!VCC3V3!7!!!!!!!!!!!!!!!!
S!VCC3V 00000003!VCC3V3!7!!!!!!!!!!!!!!!!
S!VCC3V 00000003!VCC3V3!7!!!!!!!!!!!!!!!!
S!VCC3V 00000003!VCC3V3!7!!!!!!!!!!!!!!!!
S!VCC3V 00000003!VCC3V3!7!!!!!!!!!!!!!!!!
S!VCC3V 00000003!VCC3V3!7!!!!!!!!!!!!!!!!
S!VCC3V 00000003!VCC3V3!7!!!!!!!!!!!!!!!!
S!VCC3V 00000003!VCC3V3!7!!!!!!!!!!!!!!!!
S!VCC3V 00000003!VCC3V3!7!!!!!!!!!!!!!!!!
S!VCC3V 00000003!VCC3V3!7!!!!!!!!!!!!!!!!
S!VCC3V 00000003!VCC3V3!7!!!!!!!!!!!!!!!!
S!VCC3V 00000003!VCC3V3!7!!!!!!!!!!!!!!!!
S!VCC3V 00000003!VCC3V3!7!!!!!!!!!!!!!!!!
S!VCC3V 00000003!VCC3V3!7!!!!!!!!!!!!!!!!
S!VCC3V 00000003!VCC3V3!7!!!!!!!!!!!!!!!!
S!VCC3V 00000003!VCC3V3!7!!!!!!!!!!!!!!!!
S!VCC3V 00000003!VCC3V3!7!!!!!!!!!!!!!!!!
S!VCC3V 00000003!VCC3V3!7!!!!!!!!!!!!!!!!
S!VCC3V 00000003!VCC3V3!7!!!!!!!!!!!!!!!!
S!VCC3V 00000003!VCC3V3!7!!!!!!!!!!!!!!!!
S!VCC3V 00000003!VCC3V3!7!!!!!!!!!!!!!!!!
S!VCC3V 00000003!VCC3V3!7!!!!!!!!!!!!!!!!
S!VCC3V 00000003!VCC3V3!7!!!!!!!!!!!!!!!!
S!VCC3V 00000003!VCC3V3!7!!!!!!!!!!!!!!!!
S!VCC3V 00000003!VCC3V3!7!!!!!!!!!!!!!!!!
S!VCC3V 00000003!VCC3V3!7!!!!!!!!!!!!!!!!
S!VCC3V 00000003!VCC3V3!7!!!!!!!!!!!!!!!!
S!VCC3V 00000003!VCC3V3!7!!!!!!!!!!!!!!!!
S!VCC3V 00000003!VCC3V3!7!!!!!!!!!!!!!!!!
S!VCC3V 00000003!VCC3V3!7!!!!!!!!!!!!!!!!
S!VCC3V 00000003!VCC3V3!7!!!!!!!!!!!!!!!!
S!VCC3V 00000003!VCC3V3!7!!!!!!!!!!!!!!!!
S!VCC3V 00000003!VCC3V3!7!!!!!!!!!!!!!!!!
S!VCC3V 00000003!VCC3V3!7!!!!!!!!!!!!!!!!
S!VCC3V 00000003!VCC3V3!7!!!!!!!!!!!!!!!!
S!VCC3V 00000003!VCC3V3!7!!!!!!!!!!!!!!!!
S!VCC3V 00000003!VCC3V3!7!!!!!!!!!!!!!!!!
S!VCC3V 00000003!VCC3V3!7!!!!!!!!!!!!!!!!
S!VCC3V 00000003!VCC3V3!7!!!!!!!!!!!!!!!!
S!VCC3V 00000003!VCC3V3!7!!!!!!!!!!!!!!!!
S!VCC3V 00000003!VCC3V3!7!!!!!!!!!!!!!!!!
S!VCC3V 00000003!VCC3V3!7!!!!!!!!!!!!!!!!
S!VCC3V 00000003!VCC3V3!7!!!!!!!!!!!!!!!!
S!VCC3V 00000003!VCC3V3!7!!!!!!!!!!!!!!!!
S!VCC3V 00000003!VCC3V3!7!!!!!!!!!!!!!!!!
S!VCC3V 00000003!VCC3V3!7!!!!!!!!!!!!!!!!
S!VCC3V 00000003!VCC3V3!7!!!!!!!!!!!!!!!!
S!VCC3V 00000003!VCC3V3!7!!!!!!!!!!!!!!!!
S!VCC3V 00000003!VCC3V3!7!!!!!!!!!!!!!!!!
S!VCC3V 00000003!VCC3V3!7!!!!!!!!!!!!!!!!
S!VCC3V 00000003!VCC3V3!7!!!!!!!!!!!!!!!!
S!VCC3V 00000003!VCC3V3!7!!!!!!!!!!!!!!!!
S!VCC3V 00000003!VCC3V3!7!!!!!!!!!!!!!!!!
S!VCC3V 00000003!VCC3V3!7!!!!!!!!!!!!!!!!
S!VCC3V 00000003!VCC3V3!7!!!!!!!!!!!!!!!!
S!VCC3V 00000003!VCC3V3!7!!!!!!!!!!!!!!!!
S!VCC3V 00000003!VCC3V3!7!!!!!!!!!!!!!!!!
S!VCC3V 00000003!VCC3V3!7!!!!!!!!!!!!!!!!
S!VCC3V 00000003!VCC3V3!7!!!!!!!!!!!!!!!!
S!VCC3V 00000003!VCC3V3!7!!!!!!!!!!!!!!!!
S!VCC3V 00000003!VCC3V3!7!!!!!!!!!!!!!!!!
S!VCC3V 00000003!VCC3V3!7!!!!!!!!!!!!!!!!
S!VCC3V 00000003!VCC3V3!7!!!!!!!!!!!!!!!!
S!VCC3V 00000003!VCC3V3!7!!!!!!!!!!!!!!!!
S!VCC3V 00000003!VCC3V3!7!!!!!!!!!!!!!!!!
S!VCC3V 00000003!VCC3V3!7!!!!!!!!!!!!!!!!
S!VCC3V 00000003!VCC3V3!7!!!!!!!!!!!!!!!!
S!VCC3V 00000003!VCC3V3!7!!!!!!!!!!!!!!!!
S!VCC3V 00000003!VCC3V3!7!!!!!!!!!!!!!!!!
S!VCC3V 00000003!VCC3V3!7!!!!!!!!!!!!!!!!
S!VCC3V 00000003!VCC3V3!7!!!!!!!!!!!!!!!!
S!VCC3V 00000003!VCC3V3!7!!!!!!!!!!!!!!!!
S!VCC3V 00000003!VCC3V3!7!!!!!!!!!!!!!!!!
S!VCC3V 00000003!VCC3V3!7!!!!!!!!!!!!!!!!
S!VCC3V 00000003!VCC3V3!7!!!!!!!!!!!!!!!!
S!VCC3V 00000003!VCC3V3!7!!!!!!!!!!!!!!!!
S!VCC3V 00000003!VCC3V3!7!!!!!!!!!!!!!!!!
S!VCC3V 00000003!VCC3V3!7!!!!!!!!!!!!!!!!
S!VCC3V 00000003!VCC3V3!7!!!!!!!!!!!!!!!!
S!VCC3V 00000003!VCC3V3!7!!!!!!!!!!!!!!!!
S!VCC3V 00000003!VCC3V3!7!!!!!!!!!!!!!!!!
S!VCC3V 00000003!VCC3V3!7!!!!!!!!!!!!!!!!
S!VCC3V 00000003!VCC3V3!7!!!!!!!!!!!!!!!!
S!VCC3V 00000003!VCC3V3!7!!!!!!!!!!!!!!!!
S!VCC3V 00000003!VCC3V3!2!    1!    1!1!!C3!2!BI!112.1880!47.9732!!!!RTM_10X09!TOP!TOP!
S!VCC3V 00000003!VCC3V3!!!!!!C3!2!BI!112.1880!47.9732!!!!RTM_10X09!TOP!TOP!
S!VCC3V 00000003!VCC3V3!7!    1!    8!2!!!!!!!!!!!!!
S!VCC3V 00000003!VCC3V3!7!    1!    8!2!!!!!!!!!!!!!
S!VCC3V 00000003!VCC3V3!2!    2!    2!1!!J6!3!UNSPEC!108.9380!48.0982!!!!R130_80!TOP!TOP!
S!VCC3V 00000003!VCC3V3!!!!!!J6!3!UNSPEC!108.9380!48.0982!!!!R130_80!TOP!TOP!
S!VCC3V 00000003!VCC3V3!7!    2!    7!2!!!!!!!!!!!!!
S!VCC3V 00000003!VCC3V3!7!    2!    7!2!!!!!!!!!!!!!
S!VCC3V 00000003!VCC3V3!7!    5!    6!2!!!!!!!!!!!!!
S!VCC3V 00000003!VCC3V3!2!    3!    3!2!!!!!!!161.2500!17.0000!NO!BVIA-17R8-08!TOP!BOTTOM!
S!VCC3V 00000003!VCC3V3!7!    3!    4!2!!!!!!!!!!!!!
S!VCC3V 00000003!VCC3V3!2!    4!    4!1!!IC1!15!UNSPEC!159.7250!17.0000!!!!R280_230!TOP!TOP!
S!VCC3V 00000003!VCC3V3!!!!!!IC1!15!UNSPEC!159.7250!17.0000!!!!R280_230!TOP!TOP!
S!VCC3V 00000003!VCC3V3!2!    5!    5!2!!!!!!!153.0000!34.9000!NO!BVIA-17R8-08!TOP!BOTTOM!
S!VCC3V 00000003!VCC3V3!2!    6!    6!1!!IC1!2!UNSPEC!153.0000!33.1000!!!!R280_230!TOP!TOP!
S!VCC3V 00000003!VCC3V3!!!!!!IC1!2!UNSPEC!153.0000!33.1000!!!!R280_230!TOP!TOP!
S!VCC3V 00000003!VCC3V3!2!    7!    7!2!!!!!!!110.0000!48.2500!NO!BVIA-17R8-08!TOP!BOTTOM!
S!VCC3V 00000003!VCC3V3!2!    8!    8!2!!!!!!!111.0000!48.0000!NO!BVIA-17R8-08!TOP!BOTTOM!
S!VCC3V 00000003!VCC3V3!5!    1!    6!!YES!!!!!!!!!!!!
S!VCC3V 00000003!VCC3V3!5!    4!    6!!YES!!!!!!!!!!!!
S!VCC3V 00000003!VCC3V3!5!    1!    2!!YES!!!!!!!!!!!!
S!TDI!TDI!7!    1!    2!2!!!!!!!!!!!!!
S!TDI!TDI!7!    1!    2!2!!!!!!!!!!!!!
S!TDI!TDI!7!    1!    2!2!!!!!!!!!!!!!
S!TDI!TDI!7!    1!    2!2!!!!!!!!!!!!!
S!TDI!TDI!7!    1!    2!2!!!!!!!!!!!!!
S!TDI!TDI!7!    1!    2!2!!!!!!!!!!!!!
S!TDI!TDI!7!    1!    2!2!!!!!!!!!!!!!
S!TDI!TDI!7!    1!    2!2!!!!!!!!!!!!!
S!TDI!TDI!7!    1!    2!2!!!!!!!!!!!!!
S!TDI!TDI!2!    1!    1!1!!J1!10!UNSPEC!103.3380!17.0732!!!!P90!TOP!BOTTOM!
S!TDI!TDI!!!!!!J1!10!UNSPEC!103.3380!17.0732!!!!P90!TOP!BOTTOM!
S!TDI!TDI!2!    2!    2!1!!IC1!12!UNSPEC!149.0000!12.9000!!!!R280_230!TOP!TOP!
S!TDI!TDI!!!!!!IC1!12!UNSPEC!149.0000!12.9000!!!!R280_230!TOP!TOP!
S!TDI!TDI!5!    1!    2!!YES!!!!!!!!!!!!
S!TDO!TDO!7!    1!    2!2!!!!!!!!!!!!!
S!TDO!TDO!7!    1!    2!2!!!!!!!!!!!!!
S!TDO!TDO!7!    1!    2!2!!!!!!!!!!!!!
S!TDO!TDO!7!    1!    2!2!!!!!!!!!!!!!
S!TDO!TDO!7!    1!    2!2!!!!!!!!!!!!!
S!TDO!TDO!7!    1!    2!2!!!!!!!!!!!!!
S!TDO!TDO!7!    1!    2!2!!!!!!!!!!!!!
S!TDO!TDO!7!    1!    2!2!!!!!!!!!!!!!
S!TDO!TDO!2!    1!    1!1!!IC1!11!UNSPEC!145.0000!12.9000!!!!R280_230!TOP!TOP!
S!TDO!TDO!!!!!!IC1!11!UNSPEC!145.0000!12.9000!!!!R280_230!TOP!TOP!
S!TDO!TDO!2!    2!    2!1!!J1!8!UNSPEC!103.3380!15.0732!!!!P90!TOP!BOTTOM!
S!TDO!TDO!!!!!!J1!8!UNSPEC!103.3380!15.0732!!!!P90!TOP!BOTTOM!
S!TDO!TDO!5!    1!    2!!YES!!!!!!!!!!!!
S!TCK!TCK!7!    1!    2!2!!!!!!!!!!!!!
S!TCK!TCK!7!    1!    2!2!!!!!!!!!!!!!
S!TCK!TCK!7!    1!    2!2!!!!!!!!!!!!!
S!TCK!TCK!7!    1!    2!2!!!!!!!!!!!!!
S!TCK!TCK!7!    1!    2!2!!!!!!!!!!!!!
S!TCK!TCK!7!    1!    2!2!!!!!!!!!!!!!
S!TCK!TCK!7!    1!    2!2!!!!!!!!!!!!!
S!TCK!TCK!2!    1!    1!1!!J1!6!UNSPEC!103.3380!13.0732!!!!P90!TOP!BOTTOM!
S!TCK!TCK!!!!!!J1!6!UNSPEC!103.3380!13.0732!!!!P90!TOP!BOTTOM!
S!TCK!TCK!2!    2!    2!1!!IC1!10!UNSPEC!141.0000!12.9000!!!!R280_230!TOP!TOP!
S!TCK!TCK!!!!!!IC1!10!UNSPEC!141.0000!12.9000!!!!R280_230!TOP!TOP!
S!TCK!TCK!5!    1!    2!!YES!!!!!!!!!!!!
S!TMS!TMS!7!    1!    2!2!!!!!!!!!!!!!
S!TMS!TMS!7!    1!    2!2!!!!!!!!!!!!!
S!TMS!TMS!7!    1!    2!2!!!!!!!!!!!!!
S!TMS!TMS!7!    1!    2!2!!!!!!!!!!!!!
S!TMS!TMS!7!    1!    2!2!!!!!!!!!!!!!
S!TMS!TMS!7!    1!    2!2!!!!!!!!!!!!!
S!TMS!TMS!7!    1!    2!2!!!!!!!!!!!!!
S!TMS!TMS!2!    1!    1!1!!J1!4!UNSPEC!103.3380!11.0732!!!!P90!TOP!BOTTOM!
S!TMS!TMS!!!!!!J1!4!UNSPEC!103.3380!11.0732!!!!P90!TOP!BOTTOM!
S!TMS!TMS!2!    2!    2!1!!IC1!13!UNSPEC!153.0000!12.9000!!!!R280_230!TOP!TOP!
S!TMS!TMS!!!!!!IC1!13!UNSPEC!153.0000!12.9000!!!!R280_230!TOP!TOP!
S!TMS!TMS!5!    1!    2!!YES!!!!!!!!!!!!
S!GND!GND!2!    1!    1!1!!J1!1!UNSPEC!105.3380!9.0732!!!!P90!TOP!BOTTOM!
S!GND!GND!!!!!!J1!1!UNSPEC!105.3380!9.0732!!!!P90!TOP!BOTTOM!
S!GND!GND!2!    2!    2!1!!J1!3!UNSPEC!105.3380!11.0732!!!!P90!TOP!BOTTOM!
S!GND!GND!!!!!!J1!3!UNSPEC!105.3380!11.0732!!!!P90!TOP!BOTTOM!
S!GND!GND!2!    3!    3!1!!J1!5!UNSPEC!105.3380!13.0732!!!!P90!TOP!BOTTOM!
S!GND!GND!!!!!!J1!5!UNSPEC!105.3380!13.0732!!!!P90!TOP!BOTTOM!
S!GND!GND!2!    4!    4!1!!J1!7!UNSPEC!105.3380!15.0732!!!!P90!TOP!BOTTOM!
S!GND!GND!!!!!!J1!7!UNSPEC!105.3380!15.0732!!!!P90!TOP!BOTTOM!
S!GND!GND!2!    5!    5!1!!J1!9!UNSPEC!105.3380!17.0732!!!!P90!TOP!BOTTOM!
S!GND!GND!!!!!!J1!9!UNSPEC!105.3380!17.0732!!!!P90!TOP!BOTTOM!
S!GND!GND!2!    6!    6!1!!J1!11!UNSPEC!105.3380!19.0732!!!!P90!TOP!BOTTOM!
S!GND!GND!!!!!!J1!11!UNSPEC!105.3380!19.0732!!!!P90!TOP!BOTTOM!
S!GND!GND!7!!!!!!!!!!!!!!!!
S!GND!GND!7!!!!!!!!!!!!!!!!
S!GND!GND!7!!!!!!!!!!!!!!!!
S!GND!GND!7!!!!!!!!!!!!!!!!
S!GND!GND!7!!!!!!!!!!!!!!!!
S!GND!GND!7!!!!!!!!!!!!!!!!
S!GND!GND!7!!!!!!!!!!!!!!!!
S!GND!GND!7!!!!!!!!!!!!!!!!
S!GND!GND!7!!!!!!!!!!!!!!!!
S!GND!GND!7!!!!!!!!!!!!!!!!
S!GND!GND!7!!!!!!!!!!!!!!!!
S!GND!GND!7!!!!!!!!!!!!!!!!
S!GND!GND!7!!!!!!!!!!!!!!!!
S!GND!GND!7!!!!!!!!!!!!!!!!
S!GND!GND!7!!!!!!!!!!!!!!!!
S!GND!GND!7!!!!!!!!!!!!!!!!
S!GND!GND!7!!!!!!!!!!!!!!!!
S!GND!GND!7!!!!!!!!!!!!!!!!
S!GND!GND!7!!!!!!!!!!!!!!!!
S!GND!GND!7!!!!!!!!!!!!!!!!
S!GND!GND!7!!!!!!!!!!!!!!!!
S!GND!GND!7!!!!!!!!!!!!!!!!
S!GND!GND!7!!!!!!!!!!!!!!!!
S!GND!GND!7!!!!!!!!!!!!!!!!
S!GND!GND!7!!!!!!!!!!!!!!!!
S!GND!GND!7!!!!!!!!!!!!!!!!
S!GND!GND!7!!!!!!!!!!!!!!!!
S!GND!GND!7!!!!!!!!!!!!!!!!
S!GND!GND!7!!!!!!!!!!!!!!!!
S!GND!GND!7!!!!!!!!!!!!!!!!
S!GND!GND!7!!!!!!!!!!!!!!!!
S!GND!GND!7!!!!!!!!!!!!!!!!
S!GND!GND!7!!!!!!!!!!!!!!!!
S!GND!GND!7!!!!!!!!!!!!!!!!
S!GND!GND!7!!!!!!!!!!!!!!!!
S!GND!GND!7!!!!!!!!!!!!!!!!
S!GND!GND!7!!!!!!!!!!!!!!!!
S!GND!GND!7!!!!!!!!!!!!!!!!
S!GND!GND!7!!!!!!!!!!!!!!!!
S!GND!GND!7!!!!!!!!!!!!!!!!
S!GND!GND!7!!!!!!!!!!!!!!!!
S!GND!GND!7!!!!!!!!!!!!!!!!
S!GND!GND!7!!!!!!!!!!!!!!!!
S!GND!GND!7!!!!!!!!!!!!!!!!
S!GND!GND!7!!!!!!!!!!!!!!!!
S!GND!GND!7!!!!!!!!!!!!!!!!
S!GND!GND!7!!!!!!!!!!!!!!!!
S!GND!GND!7!!!!!!!!!!!!!!!!
S!GND!GND!7!!!!!!!!!!!!!!!!
S!GND!GND!7!!!!!!!!!!!!!!!!
S!GND!GND!7!!!!!!!!!!!!!!!!
S!GND!GND!7!!!!!!!!!!!!!!!!
S!GND!GND!7!!!!!!!!!!!!!!!!
S!GND!GND!7!!!!!!!!!!!!!!!!
S!GND!GND!7!!!!!!!!!!!!!!!!
S!GND!GND!7!!!!!!!!!!!!!!!!
S!GND!GND!7!!!!!!!!!!!!!!!!
S!GND!GND!7!!!!!!!!!!!!!!!!
S!GND!GND!7!!!!!!!!!!!!!!!!
S!GND!GND!7!!!!!!!!!!!!!!!!
S!GND!GND!7!!!!!!!!!!!!!!!!
S!GND!GND!7!!!!!!!!!!!!!!!!
S!GND!GND!7!!!!!!!!!!!!!!!!
S!GND!GND!7!!!!!!!!!!!!!!!!
S!GND!GND!7!!!!!!!!!!!!!!!!
S!GND!GND!7!!!!!!!!!!!!!!!!
S!GND!GND!7!!!!!!!!!!!!!!!!
S!GND!GND!7!!!!!!!!!!!!!!!!
S!GND!GND!7!!!!!!!!!!!!!!!!
S!GND!GND!7!!!!!!!!!!!!!!!!
S!GND!GND!7!!!!!!!!!!!!!!!!
S!GND!GND!7!!!!!!!!!!!!!!!!
S!GND!GND!7!!!!!!!!!!!!!!!!
S!GND!GND!7!!!!!!!!!!!!!!!!
S!GND!GND!7!!!!!!!!!!!!!!!!
S!GND!GND!7!!!!!!!!!!!!!!!!
S!GND!GND!7!!!!!!!!!!!!!!!!
S!GND!GND!7!!!!!!!!!!!!!!!!
S!GND!GND!7!!!!!!!!!!!!!!!!
S!GND!GND!7!!!!!!!!!!!!!!!!
S!GND!GND!7!!!!!!!!!!!!!!!!
S!GND!GND!7!!!!!!!!!!!!!!!!
S!GND!GND!7!!!!!!!!!!!!!!!!
S!GND!GND!7!!!!!!!!!!!!!!!!
S!GND!GND!7!!!!!!!!!!!!!!!!
S!GND!GND!7!!!!!!!!!!!!!!!!
S!GND!GND!7!!!!!!!!!!!!!!!!
S!GND!GND!7!!!!!!!!!!!!!!!!
S!GND!GND!7!!!!!!!!!!!!!!!!
S!GND!GND!7!!!!!!!!!!!!!!!!
S!GND!GND!7!!!!!!!!!!!!!!!!
S!GND!GND!7!!!!!!!!!!!!!!!!
S!GND!GND!7!!!!!!!!!!!!!!!!
S!GND!GND!7!!!!!!!!!!!!!!!!
S!GND!GND!7!!!!!!!!!!!!!!!!
S!GND!GND!7!!!!!!!!!!!!!!!!
S!GND!GND!7!!!!!!!!!!!!!!!!
S!GND!GND!7!!!!!!!!!!!!!!!!
S!GND!GND!7!!!!!!!!!!!!!!!!
S!GND!GND!7!!!!!!!!!!!!!!!!
S!GND!GND!7!!!!!!!!!!!!!!!!
S!GND!GND!7!!!!!!!!!!!!!!!!
S!GND!GND!7!!!!!!!!!!!!!!!!
S!GND!GND!7!!!!!!!!!!!!!!!!
S!GND!GND!7!!!!!!!!!!!!!!!!
S!GND!GND!7!!!!!!!!!!!!!!!!
S!GND!GND!7!!!!!!!!!!!!!!!!
S!GND!GND!7!!!!!!!!!!!!!!!!
S!GND!GND!7!!!!!!!!!!!!!!!!
S!GND!GND!7!!!!!!!!!!!!!!!!
S!GND!GND!7!!!!!!!!!!!!!!!!
S!GND!GND!7!!!!!!!!!!!!!!!!
S!GND!GND!7!!!!!!!!!!!!!!!!
S!GND!GND!7!!!!!!!!!!!!!!!!
S!GND!GND!7!!!!!!!!!!!!!!!!
S!GND!GND!7!!!!!!!!!!!!!!!!
S!GND!GND!7!!!!!!!!!!!!!!!!
S!GND!GND!7!!!!!!!!!!!!!!!!
S!GND!GND!7!!!!!!!!!!!!!!!!
S!GND!GND!7!!!!!!!!!!!!!!!!
S!GND!GND!7!!!!!!!!!!!!!!!!
S!GND!GND!7!!!!!!!!!!!!!!!!
S!GND!GND!7!!!!!!!!!!!!!!!!
S!GND!GND!7!!!!!!!!!!!!!!!!
S!GND!GND!7!!!!!!!!!!!!!!!!
S!GND!GND!7!!!!!!!!!!!!!!!!
S!GND!GND!2!    7!    7!2!!!!!!!172.6000!30.6000!NO!V24H12!TOP!BOTTOM!
S!GND!GND!7!    7!    8!2!!!!!!!!!!!!!
S!GND!GND!7!    7!    8!2!!!!!!!!!!!!!
S!GND!GND!2!    8!    8!1!!R4!1!BI!173.9500!30.8000!!!!RTM_10X09!BOTTOM!BOTTOM!
S!GND!GND!!!!!!R4!1!BI!173.9500!30.8000!!!!RTM_10X09!BOTTOM!BOTTOM!
S!GND!GND!2!    9!    9!2!!!!!!!174.8000!16.3000!NO!V24H12!TOP!BOTTOM!
S!GND!GND!7!    9!   10!2!!!!!!!!!!!!!
S!GND!GND!7!    9!   10!2!!!!!!!!!!!!!
S!GND!GND!2!   10!   10!1!!R3!1!BI!173.4500!16.4000!!!!RTM_10X09!TOP!TOP!
S!GND!GND!!!!!!R3!1!BI!173.4500!16.4000!!!!RTM_10X09!TOP!TOP!
S!GND!GND!2!   11!   11!2!!!!!!!138.6000!58.8000!NO!V24H12!TOP!BOTTOM!
S!GND!GND!7!   11!   12!2!!!!!!!!!!!!!
S!GND!GND!7!   11!   12!2!!!!!!!!!!!!!
S!GND!GND!2!   12!   12!1!!J5!10!UNSPEC!138.6250!57.9400!!!!R410_75!TOP!TOP!
S!GND!GND!!!!!!J5!10!UNSPEC!138.6250!57.9400!!!!R410_75!TOP!TOP!
S!GND!GND!2!   13!   13!2!!!!!!!138.6000!52.0000!NO!V24H12!TOP!BOTTOM!
S!GND!GND!7!   13!   14!2!!!!!!!!!!!!!
S!GND!GND!7!   13!   14!2!!!!!!!!!!!!!
S!GND!GND!2!   14!   14!1!!J5!2!UNSPEC!138.6250!52.8600!!!!R410_75!TOP!TOP!
S!GND!GND!!!!!!J5!2!UNSPEC!138.6250!52.8600!!!!R410_75!TOP!TOP!
S!GND!GND!2!   15!   15!1!!J4!10!UNSPEC!174.7080!44.9932!!!!C120_H80!TOP!BOTTOM!
S!GND!GND!!!!!!J4!10!UNSPEC!174.7080!44.9932!!!!C120_H80!TOP!BOTTOM!
S!GND!GND!2!   16!   16!1!!J4!2!UNSPEC!174.7080!50.0732!!!!C120_H80!TOP!BOTTOM!
S!GND!GND!!!!!!J4!2!UNSPEC!174.7080!50.0732!!!!C120_H80!TOP!BOTTOM!
S!GND!GND!7!   17!   36!2!!!!!!!!!!!!!
S!GND!GND!7!   17!   36!2!!!!!!!!!!!!!
S!GND!GND!7!   17!   36!2!!!!!!!!!!!!!
S!GND!GND!2!   17!   17!1!!J6!1!UNSPEC!108.9380!50.5982!!!!R130_80!TOP!TOP!
S!GND!GND!!!!!!J6!1!UNSPEC!108.9380!50.5982!!!!R130_80!TOP!TOP!
S!GND!GND!2!   18!   18!1!!C3!1!BI!113.6880!47.9732!!!!RTM_10X09!TOP!TOP!
S!GND!GND!!!!!!C3!1!BI!113.6880!47.9732!!!!RTM_10X09!TOP!TOP!
S!GND!GND!7!   18!   41!2!!!!!!!!!!!!!
S!GND!GND!7!   18!   41!2!!!!!!!!!!!!!
S!GND!GND!2!   19!   19!2!!J2!A1!POWER!172.8880!20.5982!!!!T_N40_64!TOP!BOTTOM!
S!GND!GND!!!!!!J2!A1!POWER!172.8880!20.5982!!!!T_N40_64!TOP!BOTTOM!
S!GND!GND!7!!!!!J2!!!!!!!!!!!
S!GND!GND!7!!!!!J2!!!!!!!!!!!
S!GND!GND!7!!!!!J2!!!!!!!!!!!
S!GND!GND!7!!!!!J2!!!!!!!!!!!
S!GND!GND!2!   20!   20!2!!J2!A12!POWER!172.8880!26.5482!!!!T_N40_64!TOP!BOTTOM!
S!GND!GND!!!!!!J2!A12!POWER!172.8880!26.5482!!!!T_N40_64!TOP!BOTTOM!
S!GND!GND!7!!!!!J2!!!!!!!!!!!
S!GND!GND!7!!!!!J2!!!!!!!!!!!
S!GND!GND!7!!!!!J2!!!!!!!!!!!
S!GND!GND!7!!!!!J2!!!!!!!!!!!
S!GND!GND!2!   21!   21!2!!J2!B1!POWER!174.2380!26.5482!!!!T_N40_64!TOP!BOTTOM!
S!GND!GND!!!!!!J2!B1!POWER!174.2380!26.5482!!!!T_N40_64!TOP!BOTTOM!
S!GND!GND!2!   22!   22!2!!J2!B12!POWER!174.2380!20.5982!!!!T_N40_64!TOP!BOTTOM!
S!GND!GND!!!!!!J2!B12!POWER!174.2380!20.5982!!!!T_N40_64!TOP!BOTTOM!
S!GND!GND!2!   23!   23!1!!J2!SH1!UNSPEC!177.5380!19.2532!!!!T_L70_129SL_249_M262_142!TOP!BOTTOM!
S!GND!GND!!!!!!J2!SH1!UNSPEC!177.5380!19.2532!!!!T_L70_129SL_249_M262_142!TOP!BOTTOM!
S!GND!GND!2!   24!   24!1!!J2!SH2!UNSPEC!177.5380!27.8932!!!!T_L70_129SL_249_M262_142!TOP!BOTTOM!
S!GND!GND!!!!!!J2!SH2!UNSPEC!177.5380!27.8932!!!!T_L70_129SL_249_M262_142!TOP!BOTTOM!
S!GND!GND!2!   25!   25!1!!J2!SH3!UNSPEC!173.3880!19.2532!!!!T_L70_129SL_320_M332_142!TOP!BOTTOM!
S!GND!GND!!!!!!J2!SH3!UNSPEC!173.3880!19.2532!!!!T_L70_129SL_320_M332_142!TOP!BOTTOM!
S!GND!GND!2!   26!   26!1!!J2!SH4!UNSPEC!173.3880!27.8932!!!!T_L70_129SL_320_M332_142!TOP!BOTTOM!
S!GND!GND!!!!!!J2!SH4!UNSPEC!173.3880!27.8932!!!!T_L70_129SL_320_M332_142!TOP!BOTTOM!
S!GND!GND!2!   27!   27!1!!C2!1!BI!166.4500!23.0000!!!!RTM_10X09!BOTTOM!BOTTOM!
S!GND!GND!!!!!!C2!1!BI!166.4500!23.0000!!!!RTM_10X09!BOTTOM!BOTTOM!
S!GND!GND!7!   27!   34!2!!!!!!!!!!!!!
S!GND!GND!7!   30!   31!2!!!!!!!!!!!!!
S!GND!GND!7!   32!   33!2!!!!!!!!!!!!!
S!GND!GND!2!   28!   28!2!!!!!!!136.7500!25.0000!NO!BVIA-17R8-08!TOP!BOTTOM!
S!GND!GND!7!   28!   29!2!!!!!!!!!!!!!
S!GND!GND!2!   29!   29!1!!IC1!7!UNSPEC!138.2750!25.0000!!!!R280_230!TOP!TOP!
S!GND!GND!!!!!!IC1!7!UNSPEC!138.2750!25.0000!!!!R280_230!TOP!TOP!
S!GND!GND!2!   30!   30!2!!!!!!!157.0000!11.1000!NO!BVIA-17R8-08!TOP!BOTTOM!
S!GND!GND!2!   31!   31!1!!IC1!14!UNSPEC!157.0000!12.9000!!!!R280_230!TOP!TOP!
S!GND!GND!!!!!!IC1!14!UNSPEC!157.0000!12.9000!!!!R280_230!TOP!TOP!
S!GND!GND!2!   32!   32!2!!!!!!!157.0000!35.0000!NO!BVIA-17R8-08!TOP!BOTTOM!
S!GND!GND!2!   33!   33!1!!IC1!1!UNSPEC!157.0000!33.1000!!!!R280_230!TOP!TOP!
S!GND!GND!!!!!!IC1!1!UNSPEC!157.0000!33.1000!!!!R280_230!TOP!TOP!
S!GND!GND!2!   34!   34!3!!!!!!!167.7500!23.0000!NO!BVIA-17R8-08!TOP!BOTTOM!
S!GND!GND!7!   34!   35!2!!!!!!!!!!!!!
S!GND!GND!2!   35!   35!1!!D1!2!GROUND!166.8000!23.0000!!!!R115_60!TOP!TOP!
S!GND!GND!!!!!!D1!2!GROUND!166.8000!23.0000!!!!R115_60!TOP!TOP!
S!GND!GND!2!   36!   36!2!!!!!!!110.0000!50.7500!NO!BVIA-17R8-08!TOP!BOTTOM!
S!GND!GND!2!   37!   37!2!!!!!!!132.2500!21.0000!NO!BVIA-17R8-08!TOP!BOTTOM!
S!GND!GND!7!   37!   38!2!!!!!!!!!!!!!
S!GND!GND!2!   38!   38!1!!C1!2!UNSPEC!133.0011!21.0000!!!!SMD25_27!TOP!TOP!
S!GND!GND!!!!!!C1!2!UNSPEC!133.0011!21.0000!!!!SMD25_27!TOP!TOP!
S!GND!GND!7!   39!   40!2!!!!!!!!!!!!!
S!GND!GND!2!   39!   39!1!!R2!1!BI!164.0000!31.7500!!!!RTM_10X09!TOP!TOP!
S!GND!GND!!!!!!R2!1!BI!164.0000!31.7500!!!!RTM_10X09!TOP!TOP!
S!GND!GND!2!   40!   40!2!!!!!!!164.0000!32.7500!NO!BVIA-17R8-08!TOP!BOTTOM!
S!GND!GND!2!   41!   41!2!!!!!!!115.0000!48.0000!NO!BVIA-17R8-08!TOP!BOTTOM!
S!GND!GND!2!   42!   42!1!!MH3!1!POWER!176.8450!3.2500!!!!M270!TOP!BOTTOM!
S!GND!GND!!!!!!MH3!1!POWER!176.8450!3.2500!!!!M270!TOP!BOTTOM!
S!GND!GND!2!   43!   43!1!!MH1!1!POWER!159.9950!71.1500!!!!M270!TOP!BOTTOM!
S!GND!GND!!!!!!MH1!1!POWER!159.9950!71.1500!!!!M270!TOP!BOTTOM!
S!GND!GND!2!   44!   44!1!!MH2!1!POWER!104.5500!65.7180!!!!HOLE3-3P!TOP!BOTTOM!
S!GND!GND!!!!!!MH2!1!POWER!104.5500!65.7180!!!!HOLE3-3P!TOP!BOTTOM!
S!GND!GND!2!   45!   45!1!!MH4!1!POWER!104.5500!31.7180!!!!HOLE3-3P!TOP!BOTTOM!
S!GND!GND!!!!!!MH4!1!POWER!104.5500!31.7180!!!!HOLE3-3P!TOP!BOTTOM!
S!GND!GND!5!    6!   45!!YES!!!!!!!!!!!!
S!GND!GND!5!   17!   44!!YES!!!!!!!!!!!!
S!GND!GND!5!   12!   43!!YES!!!!!!!!!!!!
S!GND!GND!5!   10!   42!!YES!!!!!!!!!!!!
S!GND!GND!5!   33!   39!!YES!!!!!!!!!!!!
S!GND!GND!5!    6!   38!!YES!!!!!!!!!!!!
S!GND!GND!5!   19!   35!!YES!!!!!!!!!!!!
S!GND!GND!5!   29!   33!!YES!!!!!!!!!!!!
S!GND!GND!5!   27!   31!!YES!!!!!!!!!!!!
S!GND!GND!5!   29!   38!!YES!!!!!!!!!!!!
S!GND!GND!5!   27!   35!!YES!!!!!!!!!!!!
S!GND!GND!5!    8!   26!!YES!!!!!!!!!!!!
S!GND!GND!5!   19!   25!!YES!!!!!!!!!!!!
S!GND!GND!5!   24!   26!!YES!!!!!!!!!!!!
S!GND!GND!5!   23!   25!!YES!!!!!!!!!!!!
S!GND!GND!5!   19!   22!!YES!!!!!!!!!!!!
S!GND!GND!5!   20!   21!!YES!!!!!!!!!!!!
S!GND!GND!5!   20!   26!!YES!!!!!!!!!!!!
S!GND!GND!5!   19!   20!!YES!!!!!!!!!!!!
S!GND!GND!5!   17!   18!!YES!!!!!!!!!!!!
S!GND!GND!5!   17!   45!!YES!!!!!!!!!!!!
S!GND!GND!5!   15!   16!!YES!!!!!!!!!!!!
S!GND!GND!5!    8!   15!!YES!!!!!!!!!!!!
S!GND!GND!5!   14!   29!!YES!!!!!!!!!!!!
S!GND!GND!5!   12!   14!!YES!!!!!!!!!!!!
S!GND!GND!5!   10!   25!!YES!!!!!!!!!!!!
S!GND!GND!5!    8!   39!!YES!!!!!!!!!!!!
S!GND!GND!5!    5!    6!!YES!!!!!!!!!!!!
S!GND!GND!5!    4!    5!!YES!!!!!!!!!!!!
S!GND!GND!5!    3!    4!!YES!!!!!!!!!!!!
S!GND!GND!5!    2!    3!!YES!!!!!!!!!!!!
S!GND!GND!5!    1!    2!!YES!!!!!!!!!!!!
S!!!2!    1!    1!0!!IC1!4!UNSPEC!145.0000!33.1000!!!!R280_230!TOP!TOP!
S!!!!!!!!IC1!4!UNSPEC!145.0000!33.1000!!!!R280_230!TOP!TOP!
S!!!2!    1!    1!0!!IC1!9!UNSPEC!138.2750!17.0000!!!!R280_230!TOP!TOP!
S!!!!!!!!IC1!9!UNSPEC!138.2750!17.0000!!!!R280_230!TOP!TOP!
S!!!2!    1!    1!0!!IC1!3!UNSPEC!149.0000!33.1000!!!!R280_230!TOP!TOP!
S!!!!!!!!IC1!3!UNSPEC!149.0000!33.1000!!!!R280_230!TOP!TOP!
S!!!2!    1!    1!0!!J1!14!UNSPEC!103.3380!21.0732!!!!P90!TOP!BOTTOM!
S!!!!!!!!J1!14!UNSPEC!103.3380!21.0732!!!!P90!TOP!BOTTOM!
S!!!2!    1!    1!0!!J1!13!UNSPEC!105.3380!21.0732!!!!P90!TOP!BOTTOM!
S!!!!!!!!J1!13!UNSPEC!105.3380!21.0732!!!!P90!TOP!BOTTOM!
