(---------------------------------------------------------------------)
(                                                                     )
(    Allegro Netrev Import Logic                                      )
(                                                                     )
(    Drawing          : mib_fp_jtag_serial_29.brd                     )
(    Software Version : 24.1P001                                      )
(    Date/Time        : Tue Mar 10 17:07:23 2026                      )
(                                                                     )
(---------------------------------------------------------------------)


------ Directives ------------

Ripup etch:                  No
Ripup delete first segment:  No
Ripup retain bondwire:       No
Ripup symbols:               Always
Missing symbol has error:    No
DRC update:                  Yes
Schematic directory:         'C:\Users\phdgc\Downloads\uob-hep-pc072\hardware\Cadence\top\mtca_interface_board_reocc\front_panel_jtag_serial\packaged'
Design Directory:            'C:/Users/phdgc/Downloads/uob-hep-pc072/hardware/Cadence/top/mtca_interface_board_reocc/front_panel_jtag_serial/physical'
Old design name:             'C:/Users/phdgc/Downloads/uob-hep-pc072/hardware/Cadence/top/mtca_interface_board_reocc/front_panel_jtag_serial/physical/mib_fp_jtag_serial_29.brd'
New design name:             'C:/Users/phdgc/Downloads/uob-hep-pc072/hardware/Cadence/top/mtca_interface_board_reocc/front_panel_jtag_serial/physical/mib_fp_jtag_serial_30.brd'

CmdLine: netrev -proj C:\Users\phdgc\Downloads\uob-hep-pc072\hardware\Cadence\top\front_panel_jtag_serial.cpm -y 1 -O C:\Users\phdgc\Downloads\uob-hep-pc072\hardware\Cadence\top\mtca_interface_board_reocc\front_panel_jtag_serial\physical\mib_fp_jtag_serial_29.brd C:\Users\phdgc\Downloads\uob-hep-pc072\hardware\Cadence\top\mtca_interface_board_reocc\front_panel_jtag_serial\physical\mib_fp_jtag_serial_30.brd -w C:\Users\phdgc\Downloads\uob-hep-pc072\hardware\Cadence\top\temp\constraints_difference_report.xml -$

------ Preparing to read pst files ------

Starting to read C:/Users/phdgc/Downloads/uob-hep-pc072/hardware/Cadence/top/mtca_interface_board_reocc/front_panel_jtag_serial/packaged/pstchip.dat 
   Finished reading C:/Users/phdgc/Downloads/uob-hep-pc072/hardware/Cadence/top/mtca_interface_board_reocc/front_panel_jtag_serial/packaged/pstchip.dat (00:00:00.40)
Starting to read C:/Users/phdgc/Downloads/uob-hep-pc072/hardware/Cadence/top/mtca_interface_board_reocc/front_panel_jtag_serial/packaged/pstxprt.dat 
   Finished reading C:/Users/phdgc/Downloads/uob-hep-pc072/hardware/Cadence/top/mtca_interface_board_reocc/front_panel_jtag_serial/packaged/pstxprt.dat (00:00:00.00)
Starting to read C:/Users/phdgc/Downloads/uob-hep-pc072/hardware/Cadence/top/mtca_interface_board_reocc/front_panel_jtag_serial/packaged/pstxnet.dat 
   Finished reading C:/Users/phdgc/Downloads/uob-hep-pc072/hardware/Cadence/top/mtca_interface_board_reocc/front_panel_jtag_serial/packaged/pstxnet.dat (00:00:00.00)

------ Oversights/Warnings/Errors ------




===========================================================
Start Constraint Diff3 Import
	Constraint File:    C:/Users/phdgc/Downloads/uob-hep-pc072/hardware/Cadence/top/mtca_interface_board_reocc/front_panel_jtag_serial/packaged/pstcmdb.dat
	Allegro Baseline:   C:/Users/phdgc/AppData/Local/Temp/#Taaaaaj52932.tmp
	Start time: Tue Mar 10 17:07:23 2026
===========================================================
===========================================================
Finished Constraint Update	Time: Tue Mar 10 17:07:23 2026
===========================================================

------ Library Paths ------
MODULEPATH =  . 
           c:/cadence/spb_23.1/share/local/pcb/modules 
           ../../aidainnova_dut_interface/physical 
           ../../fmc_tlu_threshold_discriminator_dual/physical 
           ../../fmc_tlu_clock_gen/physical 
           ../../aidainnova_tlu_pwr_supplies/physical 
           C:/Users/phdgc/Downloads/aidainnova_tlu-hw/hardware/Cadence/aidainnova_tlu_baseboard_v1a/worklib/fmc_tlu_threshold_discriminator_dual/physical 

PSMPATH =  . 
           z:\cad\bris_cdslib\lib_psd14.x/symbols 
           z:\cad\bris_cdslib\lib_psd14.x/formats 
           z:\cad\cern_cdslib/lib_psd17.x/pe_allegro_lib/symbols/connector 
           z:\cad\cern_cdslib/lib_psd17.x/pe_allegro_lib/symbols/soic 
           z:\cad\cern_cdslib/lib_psd17.x/pe_allegro_lib/symbols/discrete 
           z:\cad\cern_cdslib/lib_psd17.x/pe_allegro_lib/symbols/dip 
           z:\cad\cern_cdslib/lib_psd17.x/pe_allegro_lib/symbols/so 
           z:\cad\cern_cdslib/lib_psd17.x/pe_allegro_lib/symbols/bga 
           z:\cad\cern_cdslib/lib_psd17.x/pe_allegro_lib/symbols/qfp 
           z:\cad\cern_cdslib/lib_psd17.x/pe_allegro_lib/symbols/passif 
           z:\cad\cern_cdslib/lib_psd17.x/pe_allegro_lib/symbols/cap 
           z:\cad\cern_cdslib/lib_psd17.x/pe_allegro_lib/symbols/led 
           z:\cad\cern_cdslib/lib_psd17.x/pe_allegro_lib/symbols/rel 
           z:\cad\cern_cdslib/lib_psd17.x/pe_allegro_lib/symbols/sw 
           z:\cad\cern_cdslib/lib_psd17.x/pe_allegro_lib/symbols/mec 
           z:\cad\cern_cdslib/lib_psd17.x/pe_allegro_lib/symbols/pwr 
           z:\cad\cern_cdslib/lib_psd17.x/pe_allegro_lib/symbols/res 
           z:\cad\cern_cdslib/lib_psd17.x/pe_allegro_lib/padstacks/mechanical 
           z:\cad\cern_cdslib/lib_psd17.x/pe_allegro_lib/padstacks/mechanical 
           ./symbols 
           ../../../../cis_hep_partslib/cis_hep_partslib/Allegro_Library/symbols 
           ./symbols 
           ../../../../cis_hep_partslib/cis_hep_partslib/Allegro_Library/symbols 

PADPATH =  . 
           symbols 
           .. 
           ../symbols 
           z:\cad\bris_cdslib\lib_psd14.x/pads 
           z:\cad\cern_cdslib/lib_psd17.x/pe_allegro_lib/padstacks/padstack_smd 
           z:\cad\cern_cdslib/lib_psd17.x/pe_allegro_lib/padstacks/padstack3 
           z:\cad\cern_cdslib/lib_psd17.x/pe_allegro_lib/padstacks/padstackm 
           ./symbols 
           z:\cad\cern_cdslib/lib_psd17.x/pe_allegro_lib/padstacks/mechanical 
           ../../../../cis_hep_partslib/cis_hep_partslib/Allegro_Library/pads/ 


------ Summary Statistics ------


netrev run on Mar 10 17:07:22 2026
   DESIGN NAME : 'FRONT_PANEL_JTAG_SERIAL'
   PACKAGING ON 10-Mar-2026 AT 17:07:19

   COMPILE 'logic'
   CHECK_PIN_NAMES OFF
   CROSS_REFERENCE OFF
   DIRECTORIES  <none>
   FEEDBACK OFF
   INCREMENTAL OFF
   INTERFACE_TYPE PHYSICAL
   LIBRARIES  'default' 'mtca_interface_board_reocc' 'mtca_interface_board'
              'ocad_parts_lib' 'discrete' 'ind' 'golden_symbols' 'atcs'
              'testpoint' 'diode' 'graphics' 'standard' 'cninterface' 'cnpower'
              'cnconnector' 'cndiscrete' 'cnpassive' 'cnlinear'
              'bris_cds_standard' 'bris_cds_logic' 'bris_cds_discrete'
              'bris_cds_pld' 'cnmech' 'oxflib'
   MASTER_LIBRARIES  <none>
   MAX_ERRORS 500
   MERGE_MINIMUM 5
   NET_NAME_CHARS '#%&()*+-./:=>?@[]^_`|'
   NET_NAME_LENGTH 31
   OVERSIGHTS ON
   REPLACE_CHECK OFF
   SINGLE_NODE_NETS ON
   SPLIT_MINIMUM 0
   SUPPRESS   20
   WARNINGS ON

 No error detected
 No oversight detected
 No warning detected

cpu time      0:02:56
elapsed time  0:00:01

