A!NET_NAME_SORT!NET_NAME!NET_PHYSICAL_TYPE!NET_SPACING_TYPE!ELECTRICAL_CONSTRAINT_SET!NET_DIFFERENTIAL_PAIR!NET_STUB_LENGTH!NET_MAX_VIA_COUNT!NET_MIN_LINE_WIDTH!NET_MAX_PARALLEL!NO_TEST!
J!Z:/cad/designs/uob-hep-pc072/hardware/Cadence/top/mtca_interface_board_reocc/front_panel_jtag_serial/physical/mib_fp_jtag_serial_18.brd!Mon Jul 29 17:23:59 2024!-1898.4723!-1906.4829!1911.5277!1903.5171!0.0001!millimeters!FRONT_PANEL_JTAG_SERIAL!62.992126 mil!4!UP TO DATE!
S!MMC_SPARE!MMC_SPARE!!!!!!!!!!
S!UNNAMED_1_CON16PUSBCUSB2_I148_D!UNNAMED_1_CON16PUSBCUSB2_I148_D!!!!!!!!!!
S!UNNAMED_1_CON16PUSBCUSB2_I148_C!UNNAMED_1_CON16PUSBCUSB2_I148_C!!!!!!!!!!
S!UNNAMED_1_CON16PUSBCUSB2_I148_ 00000002!UNNAMED_1_CON16PUSBCUSB2_I148_2!!!!!!!!!!
S!UNNAMED_1_CON16PUSBCUSB2_I148_ 00000001!UNNAMED_1_CON16PUSBCUSB2_I148_1!!!!!!!!!!
S!MMC_TMS!MMC_TMS!!!!!!!!!!
S!MMC_TDO!MMC_TDO!!!!!!!!!!
S!MMC_TDI!MMC_TDI!!!!!!!!!!
S!MMC_TCK!MMC_TCK!!!!!!!!!!
S!MMC_TRST*!MMC_TRST*!!!!!!!!!!
S!MMC_RESET*!MMC_RESET*!!!!!!!!!!
S!MP3V 00000003!MP3V3!!!!!!!!!!
S!UNNAMED_1_410357B_I128_VBUSDETE!UNNAMED_1_410357B_I128_VBUSDETE!!!!!!!!!!
S!USB_DP!USB_DP!!!!!!!!!!
S!USB_DM!USB_DM!!!!!!!!!!
S!P5V!P5V!!!!!!!!!!
S!UART_TX_FROM_FPGA_3V 00000003!UART_TX_FROM_FPGA_3V3!!!!!!!!!!
S!UART_RX_TO_FPGA_3V 00000003!UART_RX_TO_FPGA_3V3!!!!!!!!!!
S!VREF_JTAG!VREF_JTAG!!!!!!!!!!
S!VCC3V 00000003!VCC3V3!!!!!!!!!!
S!TDI!TDI!!!!!!!!!!
S!TDO!TDO!!!!!!!!!!
S!TCK!TCK!!!!!!!!!!
S!TMS!TMS!!!!!!!!!!
S!GND!GND!PWR_GND!PWR!!!!!!!!
