NAME!usage!drillToolSize!holeCounterType!holeCounterDiameter!holeCounterDepth!holeCounterTolerance!holeCounterAngle!drillNonStandard
P90!Through!!nil!0.0!0.0!0.0 0.0!0!nil!
S120_H80!Through_pin!!nil!0.0!0.0!0.0 0.0!0!nil!
C120_H80!Through_pin!!nil!0.0!0.0!0.0 0.0!0!nil!
R410_75!Smd!!nil!0.0!0.0!0.0 0.0!0!nil!
C100HN120!Through!!nil!0.0!0.0!0.0 0.0!0!nil!
T_N40_64_M77!Through!!nil!0.0!0.0!0.0 0.0!0!nil!
T_N40_64!Through!!nil!0.0!0.0!0.0 0.0!0!nil!
T_L70_129SL_249_M262_142!Slot!!nil!0.0!0.0!0.0 0.0!0!nil!
T_L70_129SL_320_M332_142!Slot!!nil!0.0!0.0!0.0 0.0!0!nil!
R280_230!Smd!!nil!0.0!0.0!0.0 0.0!0!nil!
RTM_10X09!Smd!!nil!0.0!0.0!0.0 0.0!0!nil!
R115_60!Smd!!nil!0.0!0.0!0.0 0.0!0!nil!
R130_80!Smd!!nil!0.0!0.0!0.0 0.0!0!nil!
R300_210!Smd!!nil!0.0!0.0!0.0 0.0!0!nil!
M270!Through!!nil!0.0!0.0!0.0 0.0!0!nil!
HOLE3-3P!Through!!nil!0.0!0.0!0.0 0.0!0!nil!
SMD25_27!Smd!!nil!0.0!0.0!0.0 0.0!0!nil!
V24H12!Through_pin!!nil!0.0!0.0!0.0 0.0!0!nil!
BVIA-17R8-08!Through!!nil!0.0!0.0!0.0 0.0!0!nil!
V20H10!Through_pin!!nil!0.0!0.0!0.0 0.0!0!nil!
