A!CLASS!REFDES!PIN_NUMBER!PAD_STACK_NAME!START_LAYER_NAME!END_LAYER_NAME!NET_NAME!PIN_X!PIN_Y!VIA_X!VIA_Y!DRILL_HOLE_TYPE!SLOT_SIZE_MAJOR!SLOT_SIZE_MINOR!SLOT_X!SLOT_Y!SLOT_ROTATION!SLOT_PLATING!DRILL_FIGURE_CHAR!DRILL_FIGURE_SHAPE!DRILL_FIGURE_WIDTH!DRILL_FIGURE_HEIGHT!DRILL_FIGURE_ROTATION!GRAPHIC_DATA_NAME!GRAPHIC_DATA_1!GRAPHIC_DATA_2!GRAPHIC_DATA_3!GRAPHIC_DATA_4!PIN_NUMBER_SORT!DRILL_ARRAY_LOCATIONS!COMP_PACKAGE!DRILL_HOLE_POSTOL!DRILL_HOLE_NEGTOL!BACKDRILL_TOP_LAYER!BACKDRILL_BOTTOM_LAYER!BACKDRILL_TOP_FROM!BACKDRILL_BOTTOM_FROM!EMBEDDED_LAYER!EMBEDDED_STATUS!BACKDRILL_SIZE!DRILL_TOP_NAME!DRILL_BOTTOM_NAME!NET_SHORT!TEST_POINT!PROBE_FIGURE!
J!Z:/cad/designs/uob-hep-pc072/hardware/Cadence/top/mtca_interface_board_reocc/front_panel_jtag_serial/physical/mib_fp_jtag_serial_18.brd!Mon Jul 29 17:23:59 2024!-1898.4723!-1906.4829!1911.5277!1903.5171!0.0001!millimeters!FRONT_PANEL_JTAG_SERIAL!62.992126 mil!4!UP TO DATE!
S!PIN!J1!1!P90!TOP!BOTTOM!GND!105.3380!9.0732!!!CIRCLE_DRILL!0.9144!0.9144!105.3380!9.0732!0.000!PLATED!!TRIANGLE_1!1.5240!1.5240!0.000!CIRCLE!105.3380!9.0732!2.1590!2.1590! 00000001!!CONMOLEX14MC_2MM!0.0000!0.0000!!!!!!!1.2700!!!!!!
S!PIN!J1!2!P90!TOP!BOTTOM!VREF_JTAG!103.3380!9.0732!!!CIRCLE_DRILL!0.9144!0.9144!103.3380!9.0732!0.000!PLATED!!TRIANGLE_1!1.5240!1.5240!0.000!CIRCLE!103.3380!9.0732!2.1590!2.1590! 00000002!!CONMOLEX14MC_2MM!0.0000!0.0000!!!!!!!1.2700!!!!!!
S!PIN!J1!3!P90!TOP!BOTTOM!GND!105.3380!11.0732!!!CIRCLE_DRILL!0.9144!0.9144!105.3380!11.0732!0.000!PLATED!!TRIANGLE_1!1.5240!1.5240!0.000!CIRCLE!105.3380!11.0732!2.1590!2.1590! 00000003!!CONMOLEX14MC_2MM!0.0000!0.0000!!!!!!!1.2700!!!!!!
S!PIN!J1!4!P90!TOP!BOTTOM!TMS!103.3380!11.0732!!!CIRCLE_DRILL!0.9144!0.9144!103.3380!11.0732!0.000!PLATED!!TRIANGLE_1!1.5240!1.5240!0.000!CIRCLE!103.3380!11.0732!2.1590!2.1590! 00000004!!CONMOLEX14MC_2MM!0.0000!0.0000!!!!!!!1.2700!!!!!!
S!PIN!J1!5!P90!TOP!BOTTOM!GND!105.3380!13.0732!!!CIRCLE_DRILL!0.9144!0.9144!105.3380!13.0732!0.000!PLATED!!TRIANGLE_1!1.5240!1.5240!0.000!CIRCLE!105.3380!13.0732!2.1590!2.1590! 00000005!!CONMOLEX14MC_2MM!0.0000!0.0000!!!!!!!1.2700!!!!!!
S!PIN!J1!6!P90!TOP!BOTTOM!TCK!103.3380!13.0732!!!CIRCLE_DRILL!0.9144!0.9144!103.3380!13.0732!0.000!PLATED!!TRIANGLE_1!1.5240!1.5240!0.000!CIRCLE!103.3380!13.0732!2.1590!2.1590! 00000006!!CONMOLEX14MC_2MM!0.0000!0.0000!!!!!!!1.2700!!!!!!
S!PIN!J1!7!P90!TOP!BOTTOM!GND!105.3380!15.0732!!!CIRCLE_DRILL!0.9144!0.9144!105.3380!15.0732!0.000!PLATED!!TRIANGLE_1!1.5240!1.5240!0.000!CIRCLE!105.3380!15.0732!2.1590!2.1590! 00000007!!CONMOLEX14MC_2MM!0.0000!0.0000!!!!!!!1.2700!!!!!!
S!PIN!J1!8!P90!TOP!BOTTOM!TDO!103.3380!15.0732!!!CIRCLE_DRILL!0.9144!0.9144!103.3380!15.0732!0.000!PLATED!!TRIANGLE_1!1.5240!1.5240!0.000!CIRCLE!103.3380!15.0732!2.1590!2.1590! 00000008!!CONMOLEX14MC_2MM!0.0000!0.0000!!!!!!!1.2700!!!!!!
S!PIN!J1!9!P90!TOP!BOTTOM!GND!105.3380!17.0732!!!CIRCLE_DRILL!0.9144!0.9144!105.3380!17.0732!0.000!PLATED!!TRIANGLE_1!1.5240!1.5240!0.000!CIRCLE!105.3380!17.0732!2.1590!2.1590! 00000009!!CONMOLEX14MC_2MM!0.0000!0.0000!!!!!!!1.2700!!!!!!
S!PIN!J1!10!P90!TOP!BOTTOM!TDI!103.3380!17.0732!!!CIRCLE_DRILL!0.9144!0.9144!103.3380!17.0732!0.000!PLATED!!TRIANGLE_1!1.5240!1.5240!0.000!CIRCLE!103.3380!17.0732!2.1590!2.1590! 00000010!!CONMOLEX14MC_2MM!0.0000!0.0000!!!!!!!1.2700!!!!!!
S!PIN!J1!11!P90!TOP!BOTTOM!GND!105.3380!19.0732!!!CIRCLE_DRILL!0.9144!0.9144!105.3380!19.0732!0.000!PLATED!!TRIANGLE_1!1.5240!1.5240!0.000!CIRCLE!105.3380!19.0732!2.1590!2.1590! 00000011!!CONMOLEX14MC_2MM!0.0000!0.0000!!!!!!!1.2700!!!!!!
S!PIN!J1!12!P90!TOP!BOTTOM!!103.3380!19.0732!!!CIRCLE_DRILL!0.9144!0.9144!103.3380!19.0732!0.000!PLATED!!TRIANGLE_1!1.5240!1.5240!0.000!CIRCLE!103.3380!19.0732!2.1590!2.1590! 00000012!!CONMOLEX14MC_2MM!0.0000!0.0000!!!!!!!1.2700!!!!!!
S!PIN!J1!13!P90!TOP!BOTTOM!!105.3380!21.0732!!!CIRCLE_DRILL!0.9144!0.9144!105.3380!21.0732!0.000!PLATED!!TRIANGLE_1!1.5240!1.5240!0.000!CIRCLE!105.3380!21.0732!2.1590!2.1590! 00000013!!CONMOLEX14MC_2MM!0.0000!0.0000!!!!!!!1.2700!!!!!!
S!PIN!J1!14!P90!TOP!BOTTOM!!103.3380!21.0732!!!CIRCLE_DRILL!0.9144!0.9144!103.3380!21.0732!0.000!PLATED!!TRIANGLE_1!1.5240!1.5240!0.000!CIRCLE!103.3380!21.0732!2.1590!2.1590! 00000014!!CONMOLEX14MC_2MM!0.0000!0.0000!!!!!!!1.2700!!!!!!
S!PIN!J4!1!S120_H80!TOP!BOTTOM!MMC_TCK!173.4380!50.0732!!!CIRCLE_DRILL!0.4000!0.4000!173.4380!50.0732!0.000!PLATED!B!DIAMOND!0.8000!0.8000!0.000!FIG_RECTANGLE!173.4380!50.0732!0.7000!0.7000! 00000001!!SHDRRA10W41P127_2X5_1270X546X533P!0.0000!0.0000!!!!!!!0.7556!!!!!!
S!PIN!J4!2!C120_H80!TOP!BOTTOM!GND!174.7080!50.0732!!!CIRCLE_DRILL!0.4000!0.4000!174.7080!50.0732!0.000!PLATED!A!DIAMOND!0.8000!0.8000!0.000!CIRCLE!174.7080!50.0732!0.7000!0.7000! 00000002!!SHDRRA10W41P127_2X5_1270X546X533P!0.0000!0.0000!!!!!!!0.7556!!!!!!
S!PIN!J4!3!C120_H80!TOP!BOTTOM!MMC_TDO!173.4380!48.8032!!!CIRCLE_DRILL!0.4000!0.4000!173.4380!48.8032!0.000!PLATED!A!DIAMOND!0.8000!0.8000!0.000!CIRCLE!173.4380!48.8032!0.7000!0.7000! 00000003!!SHDRRA10W41P127_2X5_1270X546X533P!0.0000!0.0000!!!!!!!0.7556!!!!!!
S!PIN!J4!4!C120_H80!TOP!BOTTOM!MP3V3!174.7080!48.8032!!!CIRCLE_DRILL!0.4000!0.4000!174.7080!48.8032!0.000!PLATED!A!DIAMOND!0.8000!0.8000!0.000!CIRCLE!174.7080!48.8032!0.7000!0.7000! 00000004!!SHDRRA10W41P127_2X5_1270X546X533P!0.0000!0.0000!!!!!!!0.7556!!!!!!
S!PIN!J4!5!C120_H80!TOP!BOTTOM!MMC_TMS!173.4380!47.5332!!!CIRCLE_DRILL!0.4000!0.4000!173.4380!47.5332!0.000!PLATED!A!DIAMOND!0.8000!0.8000!0.000!CIRCLE!173.4380!47.5332!0.7000!0.7000! 00000005!!SHDRRA10W41P127_2X5_1270X546X533P!0.0000!0.0000!!!!!!!0.7556!!!!!!
S!PIN!J4!6!C120_H80!TOP!BOTTOM!MMC_RESET*!174.7080!47.5332!!!CIRCLE_DRILL!0.4000!0.4000!174.7080!47.5332!0.000!PLATED!A!DIAMOND!0.8000!0.8000!0.000!CIRCLE!174.7080!47.5332!0.7000!0.7000! 00000006!!SHDRRA10W41P127_2X5_1270X546X533P!0.0000!0.0000!!!!!!!0.7556!!!!!!
S!PIN!J4!7!C120_H80!TOP!BOTTOM!MMC_SPARE!173.4380!46.2632!!!CIRCLE_DRILL!0.4000!0.4000!173.4380!46.2632!0.000!PLATED!A!DIAMOND!0.8000!0.8000!0.000!CIRCLE!173.4380!46.2632!0.7000!0.7000! 00000007!!SHDRRA10W41P127_2X5_1270X546X533P!0.0000!0.0000!!!!!!!0.7556!!!!!!
S!PIN!J4!8!C120_H80!TOP!BOTTOM!MMC_TRST*!174.7080!46.2632!!!CIRCLE_DRILL!0.4000!0.4000!174.7080!46.2632!0.000!PLATED!A!DIAMOND!0.8000!0.8000!0.000!CIRCLE!174.7080!46.2632!0.7000!0.7000! 00000008!!SHDRRA10W41P127_2X5_1270X546X533P!0.0000!0.0000!!!!!!!0.7556!!!!!!
S!PIN!J4!9!C120_H80!TOP!BOTTOM!MMC_TDI!173.4380!44.9932!!!CIRCLE_DRILL!0.4000!0.4000!173.4380!44.9932!0.000!PLATED!A!DIAMOND!0.8000!0.8000!0.000!CIRCLE!173.4380!44.9932!0.7000!0.7000! 00000009!!SHDRRA10W41P127_2X5_1270X546X533P!0.0000!0.0000!!!!!!!0.7556!!!!!!
S!PIN!J4!10!C120_H80!TOP!BOTTOM!GND!174.7080!44.9932!!!CIRCLE_DRILL!0.4000!0.4000!174.7080!44.9932!0.000!PLATED!A!DIAMOND!0.8000!0.8000!0.000!CIRCLE!174.7080!44.9932!0.7000!0.7000! 00000010!!SHDRRA10W41P127_2X5_1270X546X533P!0.0000!0.0000!!!!!!!0.7556!!!!!!
S!PIN!J5!1!R410_75!TOP!TOP!MMC_TCK!143.5750!52.8600!!!!!!!!!!!!!!!FIG_RECTANGLE!143.5750!52.8600!4.1000!0.7500! 00000001!!SAMTEC_EHF-105-01-L-D-SM-LC!!!!!!!!!0.7556!!!!!!
S!PIN!J5!2!R410_75!TOP!TOP!GND!138.6250!52.8600!!!!!!!!!!!!!!!FIG_RECTANGLE!138.6250!52.8600!4.1000!0.7500! 00000002!!SAMTEC_EHF-105-01-L-D-SM-LC!!!!!!!!!0.7556!!!!!!
S!PIN!J5!3!R410_75!TOP!TOP!MMC_TDO!143.5750!54.1300!!!!!!!!!!!!!!!FIG_RECTANGLE!143.5750!54.1300!4.1000!0.7500! 00000003!!SAMTEC_EHF-105-01-L-D-SM-LC!!!!!!!!!0.7556!!!!!!
S!PIN!J5!4!R410_75!TOP!TOP!MP3V3!138.6250!54.1300!!!!!!!!!!!!!!!FIG_RECTANGLE!138.6250!54.1300!4.1000!0.7500! 00000004!!SAMTEC_EHF-105-01-L-D-SM-LC!!!!!!!!!0.7556!!!!!!
S!PIN!J5!5!R410_75!TOP!TOP!MMC_TMS!143.5750!55.4000!!!!!!!!!!!!!!!FIG_RECTANGLE!143.5750!55.4000!4.1000!0.7500! 00000005!!SAMTEC_EHF-105-01-L-D-SM-LC!!!!!!!!!0.7556!!!!!!
S!PIN!J5!6!R410_75!TOP!TOP!MMC_RESET*!138.6250!55.4000!!!!!!!!!!!!!!!FIG_RECTANGLE!138.6250!55.4000!4.1000!0.7500! 00000006!!SAMTEC_EHF-105-01-L-D-SM-LC!!!!!!!!!0.7556!!!!!!
S!PIN!J5!7!R410_75!TOP!TOP!MMC_SPARE!143.5750!56.6700!!!!!!!!!!!!!!!FIG_RECTANGLE!143.5750!56.6700!4.1000!0.7500! 00000007!!SAMTEC_EHF-105-01-L-D-SM-LC!!!!!!!!!0.7556!!!!!!
S!PIN!J5!8!R410_75!TOP!TOP!MMC_TRST*!138.6250!56.6700!!!!!!!!!!!!!!!FIG_RECTANGLE!138.6250!56.6700!4.1000!0.7500! 00000008!!SAMTEC_EHF-105-01-L-D-SM-LC!!!!!!!!!0.7556!!!!!!
S!PIN!J5!9!R410_75!TOP!TOP!MMC_TDI!143.5750!57.9400!!!!!!!!!!!!!!!FIG_RECTANGLE!143.5750!57.9400!4.1000!0.7500! 00000009!!SAMTEC_EHF-105-01-L-D-SM-LC!!!!!!!!!0.7556!!!!!!
S!PIN!J5!10!R410_75!TOP!TOP!GND!138.6250!57.9400!!!!!!!!!!!!!!!FIG_RECTANGLE!138.6250!57.9400!4.1000!0.7500! 00000010!!SAMTEC_EHF-105-01-L-D-SM-LC!!!!!!!!!0.7556!!!!!!
S!PIN!J5!!C100HN120!TOP!BOTTOM!!143.2100!48.5400!!!CIRCLE_DRILL!1.2000!1.2000!143.2100!48.5400!0.000!NON_PLATED!!CROSS!1.4000!1.4000!0.000!CIRCLE!143.2100!48.5400!2.0500!2.0500!!!SAMTEC_EHF-105-01-L-D-SM-LC!0.0000!0.0000!!!!!!!0.0000!!!!!!
S!PIN!J5!!C100HN120!TOP!BOTTOM!!143.2100!62.2600!!!CIRCLE_DRILL!1.2000!1.2000!143.2100!62.2600!0.000!NON_PLATED!!CROSS!1.4000!1.4000!0.000!CIRCLE!143.2100!62.2600!2.0500!2.0500!!!SAMTEC_EHF-105-01-L-D-SM-LC!0.0000!0.0000!!!!!!!0.0000!!!!!!
S!PIN!J2!A1!T_N40_64!TOP!BOTTOM!GND!172.8880!20.5982!!!CIRCLE_DRILL!0.4000!0.4000!172.8880!20.5982!0.000!PLATED!!CROSS!1.0000!1.0000!0.000!CIRCLE!172.8880!20.5982!0.6480!0.6480!A 00000001!!MOLEX_2137160001!0.0000!0.0000!!!!!!!0.7556!!!!!!
S!PIN!J2!A12!T_N40_64!TOP!BOTTOM!GND!172.8880!26.5482!!!CIRCLE_DRILL!0.4000!0.4000!172.8880!26.5482!0.000!PLATED!!CROSS!1.0000!1.0000!0.000!CIRCLE!172.8880!26.5482!0.6480!0.6480!A 00000012!!MOLEX_2137160001!0.0000!0.0000!!!!!!!0.7556!!!!!!
S!PIN!J2!A4!T_N40_64!TOP!BOTTOM!P5V!172.8880!21.4482!!!CIRCLE_DRILL!0.4000!0.4000!172.8880!21.4482!0.000!PLATED!!CROSS!1.0000!1.0000!0.000!CIRCLE!172.8880!21.4482!0.6480!0.6480!A 00000004!!MOLEX_2137160001!0.0000!0.0000!!!!!!!0.7556!!!!!!
S!PIN!J2!A5!T_N40_64_M77!TOP!BOTTOM!UNNAMED_1_CON16PUSBCUSB2_I148_C!172.8880!22.2982!!!CIRCLE_DRILL!0.4000!0.4000!172.8880!22.2982!0.000!PLATED!!CROSS!1.0000!1.0000!0.000!CIRCLE!172.8880!22.2982!0.7751!0.7751!A 00000005!!MOLEX_2137160001!0.0000!0.0000!!!!!!!0.7556!!!!!!
S!PIN!J2!A6!T_N40_64_M77!TOP!BOTTOM!UNNAMED_1_CON16PUSBCUSB2_I148_2!172.8880!23.1482!!!CIRCLE_DRILL!0.4000!0.4000!172.8880!23.1482!0.000!PLATED!!CROSS!1.0000!1.0000!0.000!CIRCLE!172.8880!23.1482!0.7751!0.7751!A 00000006!!MOLEX_2137160001!0.0000!0.0000!!!!!!!0.7556!!!!!!
S!PIN!J2!A7!T_N40_64_M77!TOP!BOTTOM!UNNAMED_1_CON16PUSBCUSB2_I148_D!172.8880!23.9982!!!CIRCLE_DRILL!0.4000!0.4000!172.8880!23.9982!0.000!PLATED!!CROSS!1.0000!1.0000!0.000!CIRCLE!172.8880!23.9982!0.7751!0.7751!A 00000007!!MOLEX_2137160001!0.0000!0.0000!!!!!!!0.7556!!!!!!
S!PIN!J2!A8!T_N40_64_M77!TOP!BOTTOM!!172.8880!24.8482!!!CIRCLE_DRILL!0.4000!0.4000!172.8880!24.8482!0.000!PLATED!!CROSS!1.0000!1.0000!0.000!CIRCLE!172.8880!24.8482!0.7751!0.7751!A 00000008!!MOLEX_2137160001!0.0000!0.0000!!!!!!!0.7556!!!!!!
S!PIN!J2!A9!T_N40_64!TOP!BOTTOM!P5V!172.8880!25.6982!!!CIRCLE_DRILL!0.4000!0.4000!172.8880!25.6982!0.000!PLATED!!CROSS!1.0000!1.0000!0.000!CIRCLE!172.8880!25.6982!0.6480!0.6480!A 00000009!!MOLEX_2137160001!0.0000!0.0000!!!!!!!0.7556!!!!!!
S!PIN!J2!B1!T_N40_64!TOP!BOTTOM!GND!174.2380!26.5482!!!CIRCLE_DRILL!0.4000!0.4000!174.2380!26.5482!0.000!PLATED!!CROSS!1.0000!1.0000!0.000!CIRCLE!174.2380!26.5482!0.6480!0.6480!B 00000001!!MOLEX_2137160001!0.0000!0.0000!!!!!!!0.7556!!!!!!
S!PIN!J2!B12!T_N40_64!TOP!BOTTOM!GND!174.2380!20.5982!!!CIRCLE_DRILL!0.4000!0.4000!174.2380!20.5982!0.000!PLATED!!CROSS!1.0000!1.0000!0.000!CIRCLE!174.2380!20.5982!0.6480!0.6480!B 00000012!!MOLEX_2137160001!0.0000!0.0000!!!!!!!0.7556!!!!!!
S!PIN!J2!B4!T_N40_64!TOP!BOTTOM!P5V!174.2380!25.6982!!!CIRCLE_DRILL!0.4000!0.4000!174.2380!25.6982!0.000!PLATED!!CROSS!1.0000!1.0000!0.000!CIRCLE!174.2380!25.6982!0.6480!0.6480!B 00000004!!MOLEX_2137160001!0.0000!0.0000!!!!!!!0.7556!!!!!!
S!PIN!J2!B5!T_N40_64_M77!TOP!BOTTOM!UNNAMED_1_CON16PUSBCUSB2_I148_1!174.2380!24.8482!!!CIRCLE_DRILL!0.4000!0.4000!174.2380!24.8482!0.000!PLATED!!CROSS!1.0000!1.0000!0.000!CIRCLE!174.2380!24.8482!0.7751!0.7751!B 00000005!!MOLEX_2137160001!0.0000!0.0000!!!!!!!0.7556!!!!!!
S!PIN!J2!B6!T_N40_64_M77!TOP!BOTTOM!UNNAMED_1_CON16PUSBCUSB2_I148_2!174.2380!23.9982!!!CIRCLE_DRILL!0.4000!0.4000!174.2380!23.9982!0.000!PLATED!!CROSS!1.0000!1.0000!0.000!CIRCLE!174.2380!23.9982!0.7751!0.7751!B 00000006!!MOLEX_2137160001!0.0000!0.0000!!!!!!!0.7556!!!!!!
S!PIN!J2!B7!T_N40_64_M77!TOP!BOTTOM!UNNAMED_1_CON16PUSBCUSB2_I148_D!174.2380!23.1482!!!CIRCLE_DRILL!0.4000!0.4000!174.2380!23.1482!0.000!PLATED!!CROSS!1.0000!1.0000!0.000!CIRCLE!174.2380!23.1482!0.7751!0.7751!B 00000007!!MOLEX_2137160001!0.0000!0.0000!!!!!!!0.7556!!!!!!
S!PIN!J2!B8!T_N40_64_M77!TOP!BOTTOM!!174.2380!22.2982!!!CIRCLE_DRILL!0.4000!0.4000!174.2380!22.2982!0.000!PLATED!!CROSS!1.0000!1.0000!0.000!CIRCLE!174.2380!22.2982!0.7751!0.7751!B 00000008!!MOLEX_2137160001!0.0000!0.0000!!!!!!!0.7556!!!!!!
S!PIN!J2!B9!T_N40_64!TOP!BOTTOM!P5V!174.2380!21.4482!!!CIRCLE_DRILL!0.4000!0.4000!174.2380!21.4482!0.000!PLATED!!CROSS!1.0000!1.0000!0.000!CIRCLE!174.2380!21.4482!0.6480!0.6480!B 00000009!!MOLEX_2137160001!0.0000!0.0000!!!!!!!0.7556!!!!!!
S!PIN!J2!SH1!T_L70_129SL_249_M262_142!TOP!BOTTOM!GND!177.5380!19.2532!!!OVAL_SLOT!1.6000!0.7000!177.3880!19.2532!180.000!PLATED!!OBLONG_X!1.6000!0.7000!180.000!FIG_RECTANGLE!177.5380!19.2532!2.6270!1.4270!SH 00000001!!MOLEX_2137160001!0.0000!0.0000!!!!!!!0.0000!!!!!!
S!PIN!J2!SH2!T_L70_129SL_249_M262_142!TOP!BOTTOM!GND!177.5380!27.8932!!!OVAL_SLOT!1.6000!0.7000!177.3880!27.8932!180.000!PLATED!!OBLONG_X!1.6000!0.7000!180.000!FIG_RECTANGLE!177.5380!27.8932!2.6270!1.4270!SH 00000002!!MOLEX_2137160001!0.0000!0.0000!!!!!!!0.0000!!!!!!
S!PIN!J2!SH3!T_L70_129SL_320_M332_142!TOP!BOTTOM!GND!173.3880!19.2532!!!OVAL_SLOT!2.0000!0.7000!173.3880!19.2532!180.000!PLATED!!OBLONG_X!2.0000!0.7000!180.000!FIG_RECTANGLE!173.3880!19.2532!3.3270!1.4270!SH 00000003!!MOLEX_2137160001!0.0000!0.0000!!!!!!!0.0000!!!!!!
S!PIN!J2!SH4!T_L70_129SL_320_M332_142!TOP!BOTTOM!GND!173.3880!27.8932!!!OVAL_SLOT!2.0000!0.7000!173.3880!27.8932!180.000!PLATED!!OBLONG_X!2.0000!0.7000!180.000!FIG_RECTANGLE!173.3880!27.8932!3.3270!1.4270!SH 00000004!!MOLEX_2137160001!0.0000!0.0000!!!!!!!0.0000!!!!!!
S!PIN!IC1!1!R280_230!TOP!TOP!GND!157.0000!33.1000!!!!!!!!!!!!!!!FIG_RECTANGLE!157.0000!33.1000!2.8000!2.3000! 00000001!!410357B!!!!!!!!!0.0000!!!!!!
S!PIN!IC1!2!R280_230!TOP!TOP!VCC3V3!153.0000!33.1000!!!!!!!!!!!!!!!FIG_RECTANGLE!153.0000!33.1000!2.8000!2.3000! 00000002!!410357B!!!!!!!!!0.0000!!!!!!
S!PIN!IC1!3!R280_230!TOP!TOP!!149.0000!33.1000!!!!!!!!!!!!!!!FIG_RECTANGLE!149.0000!33.1000!2.8000!2.3000! 00000003!!410357B!!!!!!!!!0.0000!!!!!!
S!PIN!IC1!4!R280_230!TOP!TOP!!145.0000!33.1000!!!!!!!!!!!!!!!FIG_RECTANGLE!145.0000!33.1000!2.8000!2.3000! 00000004!!410357B!!!!!!!!!0.0000!!!!!!
S!PIN!IC1!5!R280_230!TOP!TOP!UART_TX_FROM_FPGA_3V3!141.0000!33.1000!!!!!!!!!!!!!!!FIG_RECTANGLE!141.0000!33.1000!2.8000!2.3000! 00000005!!410357B!!!!!!!!!0.0000!!!!!!
S!PIN!IC1!6!R280_230!TOP!TOP!UART_RX_TO_FPGA_3V3!138.2750!29.0000!!!!!!!!!!!!!!!FIG_RECTANGLE!138.2750!29.0000!2.3000!2.8000! 00000006!!410357B!!!!!!!!!0.0000!!!!!!
S!PIN!IC1!7!R280_230!TOP!TOP!GND!138.2750!25.0000!!!!!!!!!!!!!!!FIG_RECTANGLE!138.2750!25.0000!2.3000!2.8000! 00000007!!410357B!!!!!!!!!0.0000!!!!!!
S!PIN!IC1!8!R280_230!TOP!TOP!VREF_JTAG!138.2750!21.0000!!!!!!!!!!!!!!!FIG_RECTANGLE!138.2750!21.0000!2.3000!2.8000! 00000008!!410357B!!!!!!!!!0.0000!!!!!!
S!PIN!IC1!9!R280_230!TOP!TOP!!138.2750!17.0000!!!!!!!!!!!!!!!FIG_RECTANGLE!138.2750!17.0000!2.3000!2.8000! 00000009!!410357B!!!!!!!!!0.0000!!!!!!
S!PIN!IC1!10!R280_230!TOP!TOP!TCK!141.0000!12.9000!!!!!!!!!!!!!!!FIG_RECTANGLE!141.0000!12.9000!2.8000!2.3000! 00000010!!410357B!!!!!!!!!0.0000!!!!!!
S!PIN!IC1!11!R280_230!TOP!TOP!TDO!145.0000!12.9000!!!!!!!!!!!!!!!FIG_RECTANGLE!145.0000!12.9000!2.8000!2.3000! 00000011!!410357B!!!!!!!!!0.0000!!!!!!
S!PIN!IC1!12!R280_230!TOP!TOP!TDI!149.0000!12.9000!!!!!!!!!!!!!!!FIG_RECTANGLE!149.0000!12.9000!2.8000!2.3000! 00000012!!410357B!!!!!!!!!0.0000!!!!!!
S!PIN!IC1!13!R280_230!TOP!TOP!TMS!153.0000!12.9000!!!!!!!!!!!!!!!FIG_RECTANGLE!153.0000!12.9000!2.8000!2.3000! 00000013!!410357B!!!!!!!!!0.0000!!!!!!
S!PIN!IC1!14!R280_230!TOP!TOP!GND!157.0000!12.9000!!!!!!!!!!!!!!!FIG_RECTANGLE!157.0000!12.9000!2.8000!2.3000! 00000014!!410357B!!!!!!!!!0.0000!!!!!!
S!PIN!IC1!15!R280_230!TOP!TOP!VCC3V3!159.7250!17.0000!!!!!!!!!!!!!!!FIG_RECTANGLE!159.7250!17.0000!2.3000!2.8000! 00000015!!410357B!!!!!!!!!0.0000!!!!!!
S!PIN!IC1!16!R280_230!TOP!TOP!USB_DM!159.7250!21.0000!!!!!!!!!!!!!!!FIG_RECTANGLE!159.7250!21.0000!2.3000!2.8000! 00000016!!410357B!!!!!!!!!0.0000!!!!!!
S!PIN!IC1!17!R280_230!TOP!TOP!USB_DP!159.7250!25.0000!!!!!!!!!!!!!!!FIG_RECTANGLE!159.7250!25.0000!2.3000!2.8000! 00000017!!410357B!!!!!!!!!0.0000!!!!!!
S!PIN!IC1!18!R280_230!TOP!TOP!UNNAMED_1_410357B_I128_VBUSDETE!159.7250!29.0000!!!!!!!!!!!!!!!FIG_RECTANGLE!159.7250!29.0000!2.3000!2.8000! 00000018!!410357B!!!!!!!!!0.0000!!!!!!
S!PIN!C3!1!RTM_10X09!TOP!TOP!GND!113.6880!47.9732!!!!!!!!!!!!!!!FIG_RECTANGLE!113.6880!47.9732!1.1500!1.2500! 00000001!!C0603!!!!!!!!!0.0000!!!!!!
S!PIN!C3!2!RTM_10X09!TOP!TOP!VCC3V3!112.1880!47.9732!!!!!!!!!!!!!!!FIG_RECTANGLE!112.1880!47.9732!1.1500!1.2500! 00000002!!C0603!!!!!!!!!0.0000!!!!!!
S!PIN!R4!1!RTM_10X09!BOTTOM!BOTTOM!GND!173.9500!30.8000!!!!!!!!!!!!!!!FIG_RECTANGLE!173.9500!30.8000!1.1500!1.2500! 00000001!!C0603!!!!!!!!!0.0000!!!!!!
S!PIN!R4!2!RTM_10X09!BOTTOM!BOTTOM!UNNAMED_1_CON16PUSBCUSB2_I148_1!175.4500!30.8000!!!!!!!!!!!!!!!FIG_RECTANGLE!175.4500!30.8000!1.1500!1.2500! 00000002!!C0603!!!!!!!!!0.0000!!!!!!
S!PIN!R3!1!RTM_10X09!TOP!TOP!GND!173.4500!16.4000!!!!!!!!!!!!!!!FIG_RECTANGLE!173.4500!16.4000!1.1500!1.2500! 00000001!!C0603!!!!!!!!!0.0000!!!!!!
S!PIN!R3!2!RTM_10X09!TOP!TOP!UNNAMED_1_CON16PUSBCUSB2_I148_C!171.9500!16.4000!!!!!!!!!!!!!!!FIG_RECTANGLE!171.9500!16.4000!1.1500!1.2500! 00000002!!C0603!!!!!!!!!0.0000!!!!!!
S!PIN!R2!1!RTM_10X09!TOP!TOP!GND!164.0000!31.7500!!!!!!!!!!!!!!!FIG_RECTANGLE!164.0000!31.7500!1.2500!1.1500! 00000001!!C0603!!!!!!!!!0.0000!!!!!!
S!PIN!R2!2!RTM_10X09!TOP!TOP!UNNAMED_1_410357B_I128_VBUSDETE!164.0000!30.2500!!!!!!!!!!!!!!!FIG_RECTANGLE!164.0000!30.2500!1.2500!1.1500! 00000002!!C0603!!!!!!!!!0.0000!!!!!!
S!PIN!R1!1!RTM_10X09!TOP!TOP!UNNAMED_1_410357B_I128_VBUSDETE!166.0000!30.2500!!!!!!!!!!!!!!!FIG_RECTANGLE!166.0000!30.2500!1.2500!1.1500! 00000001!!C0603!!!!!!!!!0.0000!!!!!!
S!PIN!R1!2!RTM_10X09!TOP!TOP!P5V!166.0000!28.7500!!!!!!!!!!!!!!!FIG_RECTANGLE!166.0000!28.7500!1.2500!1.1500! 00000002!!C0603!!!!!!!!!0.0000!!!!!!
S!PIN!C2!1!RTM_10X09!BOTTOM!BOTTOM!GND!166.4500!23.0000!!!!!!!!!!!!!!!FIG_RECTANGLE!166.4500!23.0000!1.1500!1.2500! 00000001!!C0603!!!!!!!!!0.0000!!!!!!
S!PIN!C2!2!RTM_10X09!BOTTOM!BOTTOM!P5V!164.9500!23.0000!!!!!!!!!!!!!!!FIG_RECTANGLE!164.9500!23.0000!1.1500!1.2500! 00000002!!C0603!!!!!!!!!0.0000!!!!!!
S!PIN!D1!1!R115_60!TOP!TOP!UNNAMED_1_CON16PUSBCUSB2_I148_D!166.8000!22.0500!!!!!!!!!!!!!!!FIG_RECTANGLE!166.8000!22.0500!1.1500!0.6000! 00000001!!SOT95P280X145-6N!!!!!!!!!0.0000!!!!!!
S!PIN!D1!2!R115_60!TOP!TOP!GND!166.8000!23.0000!!!!!!!!!!!!!!!FIG_RECTANGLE!166.8000!23.0000!1.1500!0.6000! 00000002!!SOT95P280X145-6N!!!!!!!!!0.0000!!!!!!
S!PIN!D1!3!R115_60!TOP!TOP!UNNAMED_1_CON16PUSBCUSB2_I148_2!166.8000!23.9500!!!!!!!!!!!!!!!FIG_RECTANGLE!166.8000!23.9500!1.1500!0.6000! 00000003!!SOT95P280X145-6N!!!!!!!!!0.0000!!!!!!
S!PIN!D1!4!R115_60!TOP!TOP!USB_DP!164.2000!23.9500!!!!!!!!!!!!!!!FIG_RECTANGLE!164.2000!23.9500!1.1500!0.6000! 00000004!!SOT95P280X145-6N!!!!!!!!!0.0000!!!!!!
S!PIN!D1!5!R115_60!TOP!TOP!P5V!164.2000!23.0000!!!!!!!!!!!!!!!FIG_RECTANGLE!164.2000!23.0000!1.1500!0.6000! 00000005!!SOT95P280X145-6N!!!!!!!!!0.0000!!!!!!
S!PIN!D1!6!R115_60!TOP!TOP!USB_DM!164.2000!22.0500!!!!!!!!!!!!!!!FIG_RECTANGLE!164.2000!22.0500!1.1500!0.6000! 00000006!!SOT95P280X145-6N!!!!!!!!!0.0000!!!!!!
S!PIN!J6!1!R130_80!TOP!TOP!GND!108.9380!50.5982!!!!!!!!!!!!!!!FIG_RECTANGLE!108.9380!50.5982!1.3000!0.8000! 00000001!!MOLEX_53398-0471!!!!!!!!!0.0000!!!!!!
S!PIN!J6!2!R130_80!TOP!TOP!UART_RX_TO_FPGA_3V3!108.9380!49.3482!!!!!!!!!!!!!!!FIG_RECTANGLE!108.9380!49.3482!1.3000!0.8000! 00000002!!MOLEX_53398-0471!!!!!!!!!0.0000!!!!!!
S!PIN!J6!!R300_210!TOP!TOP!!106.1880!53.1482!!!!!!!!!!!!!!!FIG_RECTANGLE!106.1880!53.1482!3.0000!2.1000!!!MOLEX_53398-0471!!!!!!!!!0.0000!!!!!!
S!PIN!J6!3!R130_80!TOP!TOP!VCC3V3!108.9380!48.0982!!!!!!!!!!!!!!!FIG_RECTANGLE!108.9380!48.0982!1.3000!0.8000! 00000003!!MOLEX_53398-0471!!!!!!!!!0.0000!!!!!!
S!PIN!J6!4!R130_80!TOP!TOP!UART_TX_FROM_FPGA_3V3!108.9380!46.8482!!!!!!!!!!!!!!!FIG_RECTANGLE!108.9380!46.8482!1.3000!0.8000! 00000004!!MOLEX_53398-0471!!!!!!!!!0.0000!!!!!!
S!PIN!J6!!R300_210!TOP!TOP!!106.1880!44.2982!!!!!!!!!!!!!!!FIG_RECTANGLE!106.1880!44.2982!3.0000!2.1000!!!MOLEX_53398-0471!!!!!!!!!0.0000!!!!!!
S!PIN!MH3!1!M270!TOP!BOTTOM!GND!176.8450!3.2500!!!CIRCLE_DRILL!2.6920!2.6920!176.8450!3.2500!0.000!PLATED!!CIRCLE!3.3020!3.3020!0.000!CIRCLE!176.8450!3.2500!4.0640!4.0640! 00000001!!MOUNTHOLE!0.0000!0.0000!!!!!!!3.0476!!!!!!
S!PIN!MH1!1!M270!TOP!BOTTOM!GND!159.9950!71.1500!!!CIRCLE_DRILL!2.6920!2.6920!159.9950!71.1500!0.000!PLATED!!CIRCLE!3.3020!3.3020!0.000!CIRCLE!159.9950!71.1500!4.0640!4.0640! 00000001!!MOUNTHOLE!0.0000!0.0000!!!!!!!3.0476!!!!!!
S!PIN!MH4!1!HOLE3-3P!TOP!BOTTOM!GND!104.5500!31.7180!!!CIRCLE_DRILL!3.3020!3.3020!104.5500!31.7180!0.000!PLATED!Y!NULL!2.2860!2.5400!0.000!CIRCLE!104.5500!31.7180!7.1120!7.1120! 00000001!!MOUNTHOLE!0.0000!0.0000!!!!!!!3.6576!!!!!!
S!PIN!MH2!1!HOLE3-3P!TOP!BOTTOM!GND!104.5500!65.7180!!!CIRCLE_DRILL!3.3020!3.3020!104.5500!65.7180!0.000!PLATED!Y!NULL!2.2860!2.5400!0.000!CIRCLE!104.5500!65.7180!7.1120!7.1120! 00000001!!MOUNTHOLE!0.0000!0.0000!!!!!!!3.6576!!!!!!
S!PIN!C1!1!SMD25_27!TOP!TOP!VREF_JTAG!133.9989!21.0000!!!!!!!!!!!!!!!FIG_RECTANGLE!133.9989!21.0000!0.6350!0.6858! 00000001!!CAP0402!!!!!!!!!3.6576!!!!!!
S!PIN!C1!2!SMD25_27!TOP!TOP!GND!133.0011!21.0000!!!!!!!!!!!!!!!FIG_RECTANGLE!133.0011!21.0000!0.6350!0.6858! 00000002!!CAP0402!!!!!!!!!3.6576!!!!!!
S!VIA CLASS!!!V20H10!TOP!BOTTOM!MMC_SPARE!!!153.1000!56.6000!CIRCLE_DRILL!0.2540!0.2540!153.1000!56.6000!0.000!PLATED!A!CIRCLE!0.7620!0.7620!0.000!CIRCLE!153.1000!56.6000!0.5080!0.5080!!!!0.0000!0.2540!!!!!!!0.6096!!!!!!
S!VIA CLASS!!!V20H10!TOP!BOTTOM!UNNAMED_1_CON16PUSBCUSB2_I148_D!!!169.9000!22.9000!CIRCLE_DRILL!0.2540!0.2540!169.9000!22.9000!0.000!PLATED!A!CIRCLE!0.7620!0.7620!0.000!CIRCLE!169.9000!22.9000!0.5080!0.5080!!!!0.0000!0.2540!!!!!!!0.6096!!!!!!
S!VIA CLASS!!!V20H10!TOP!BOTTOM!MMC_TMS!!!154.7000!55.3000!CIRCLE_DRILL!0.2540!0.2540!154.7000!55.3000!0.000!PLATED!A!CIRCLE!0.7620!0.7620!0.000!CIRCLE!154.7000!55.3000!0.5080!0.5080!!!!0.0000!0.2540!!!!!!!0.6096!!!!!!
S!VIA CLASS!!!V20H10!TOP!BOTTOM!MMC_TDO!!!156.2000!54.0000!CIRCLE_DRILL!0.2540!0.2540!156.2000!54.0000!0.000!PLATED!A!CIRCLE!0.7620!0.7620!0.000!CIRCLE!156.2000!54.0000!0.5080!0.5080!!!!0.0000!0.2540!!!!!!!0.6096!!!!!!
S!VIA CLASS!!!V20H10!TOP!BOTTOM!MMC_TDI!!!152.1000!57.9000!CIRCLE_DRILL!0.2540!0.2540!152.1000!57.9000!0.000!PLATED!A!CIRCLE!0.7620!0.7620!0.000!CIRCLE!152.1000!57.9000!0.5080!0.5080!!!!0.0000!0.2540!!!!!!!0.6096!!!!!!
S!VIA CLASS!!!V20H10!TOP!BOTTOM!MMC_RESET*!!!169.5000!64.7000!CIRCLE_DRILL!0.2540!0.2540!169.5000!64.7000!0.000!PLATED!A!CIRCLE!0.7620!0.7620!0.000!CIRCLE!169.5000!64.7000!0.5080!0.5080!!!!0.0000!0.2540!!!!!!!0.6096!!!!!!
S!VIA CLASS!!!V20H10!TOP!BOTTOM!MP3V3!!!166.9000!65.5000!CIRCLE_DRILL!0.2540!0.2540!166.9000!65.5000!0.000!PLATED!A!CIRCLE!0.7620!0.7620!0.000!CIRCLE!166.9000!65.5000!0.5080!0.5080!!!!0.0000!0.2540!!!!!!!0.6096!!!!!!
S!VIA CLASS!!!V20H10!TOP!BOTTOM!P5V!!!163.0000!23.0000!CIRCLE_DRILL!0.2540!0.2540!163.0000!23.0000!0.000!PLATED!A!CIRCLE!0.7620!0.7620!0.000!CIRCLE!163.0000!23.0000!0.5080!0.5080!!!!0.0000!0.2540!!!!!!!0.6096!!!!!!
S!VIA CLASS!!!BVIA-17R8-08!TOP!BOTTOM!UART_TX_FROM_FPGA_3V3!!!141.0000!35.5000!CIRCLE_DRILL!0.2032!0.2032!141.0000!35.5000!0.000!PLATED!B!CROSS!0.4569!0.4569!0.000!FIG_RECTANGLE!141.0000!35.5000!0.6604!0.6604!!!!0.0000!0.2029!!!!!!!0.5588!!!!!!
S!VIA CLASS!!!BVIA-17R8-08!TOP!BOTTOM!UART_TX_FROM_FPGA_3V3!!!129.8000!35.5000!CIRCLE_DRILL!0.2032!0.2032!129.8000!35.5000!0.000!PLATED!B!CROSS!0.4569!0.4569!0.000!FIG_RECTANGLE!129.8000!35.5000!0.6604!0.6604!!!!0.0000!0.2029!!!!!!!0.5588!!!!!!
S!VIA CLASS!!!V20H10!TOP!BOTTOM!VREF_JTAG!!!132.4000!18.3000!CIRCLE_DRILL!0.2540!0.2540!132.4000!18.3000!0.000!PLATED!A!CIRCLE!0.7620!0.7620!0.000!CIRCLE!132.4000!18.3000!0.5080!0.5080!!!!0.0000!0.2540!!!!!!!0.6096!!!!!!
S!VIA CLASS!!!BVIA-17R8-08!TOP!BOTTOM!VCC3V3!!!161.2500!17.0000!CIRCLE_DRILL!0.2032!0.2032!161.2500!17.0000!0.000!PLATED!B!CROSS!0.4569!0.4569!0.000!FIG_RECTANGLE!161.2500!17.0000!0.6604!0.6604!!!!0.0000!0.2029!!!!!!!0.5588!!!!!!
S!VIA CLASS!!!BVIA-17R8-08!TOP!BOTTOM!VCC3V3!!!153.0000!34.9000!CIRCLE_DRILL!0.2032!0.2032!153.0000!34.9000!0.000!PLATED!B!CROSS!0.4569!0.4569!0.000!FIG_RECTANGLE!153.0000!34.9000!0.6604!0.6604!!!!0.0000!0.2029!!!!!!!0.5588!!!!!!
S!VIA CLASS!!!BVIA-17R8-08!TOP!BOTTOM!VCC3V3!!!110.0000!48.2500!CIRCLE_DRILL!0.2032!0.2032!110.0000!48.2500!0.000!PLATED!B!CROSS!0.4569!0.4569!0.000!FIG_RECTANGLE!110.0000!48.2500!0.6604!0.6604!!!!0.0000!0.2029!!!!!!!0.5588!!!!!!
S!VIA CLASS!!!BVIA-17R8-08!TOP!BOTTOM!VCC3V3!!!111.0000!48.0000!CIRCLE_DRILL!0.2032!0.2032!111.0000!48.0000!0.000!PLATED!B!CROSS!0.4569!0.4569!0.000!FIG_RECTANGLE!111.0000!48.0000!0.6604!0.6604!!!!0.0000!0.2029!!!!!!!0.5588!!!!!!
S!VIA CLASS!!!V24H12!TOP!BOTTOM!GND!!!172.6000!30.6000!CIRCLE_DRILL!0.3048!0.3048!172.6000!30.6000!0.000!PLATED!D!CROSS!0.7620!0.7620!0.000!CIRCLE!172.6000!30.6000!0.6096!0.6096!!!!0.0000!0.3051!!!!!!!0.6604!!!!!!
S!VIA CLASS!!!V24H12!TOP!BOTTOM!GND!!!174.8000!16.3000!CIRCLE_DRILL!0.3048!0.3048!174.8000!16.3000!0.000!PLATED!D!CROSS!0.7620!0.7620!0.000!CIRCLE!174.8000!16.3000!0.6096!0.6096!!!!0.0000!0.3051!!!!!!!0.6604!!!!!!
S!VIA CLASS!!!V24H12!TOP!BOTTOM!GND!!!138.6000!58.8000!CIRCLE_DRILL!0.3048!0.3048!138.6000!58.8000!0.000!PLATED!D!CROSS!0.7620!0.7620!0.000!CIRCLE!138.6000!58.8000!0.6096!0.6096!!!!0.0000!0.3051!!!!!!!0.6604!!!!!!
S!VIA CLASS!!!V24H12!TOP!BOTTOM!GND!!!138.6000!52.0000!CIRCLE_DRILL!0.3048!0.3048!138.6000!52.0000!0.000!PLATED!D!CROSS!0.7620!0.7620!0.000!CIRCLE!138.6000!52.0000!0.6096!0.6096!!!!0.0000!0.3051!!!!!!!0.6604!!!!!!
S!VIA CLASS!!!BVIA-17R8-08!TOP!BOTTOM!GND!!!136.7500!25.0000!CIRCLE_DRILL!0.2032!0.2032!136.7500!25.0000!0.000!PLATED!B!CROSS!0.4569!0.4569!0.000!FIG_RECTANGLE!136.7500!25.0000!0.6604!0.6604!!!!0.0000!0.2029!!!!!!!0.5588!!!!!!
S!VIA CLASS!!!BVIA-17R8-08!TOP!BOTTOM!GND!!!157.0000!11.1000!CIRCLE_DRILL!0.2032!0.2032!157.0000!11.1000!0.000!PLATED!B!CROSS!0.4569!0.4569!0.000!FIG_RECTANGLE!157.0000!11.1000!0.6604!0.6604!!!!0.0000!0.2029!!!!!!!0.5588!!!!!!
S!VIA CLASS!!!BVIA-17R8-08!TOP!BOTTOM!GND!!!157.0000!35.0000!CIRCLE_DRILL!0.2032!0.2032!157.0000!35.0000!0.000!PLATED!B!CROSS!0.4569!0.4569!0.000!FIG_RECTANGLE!157.0000!35.0000!0.6604!0.6604!!!!0.0000!0.2029!!!!!!!0.5588!!!!!!
S!VIA CLASS!!!BVIA-17R8-08!TOP!BOTTOM!GND!!!167.7500!23.0000!CIRCLE_DRILL!0.2032!0.2032!167.7500!23.0000!0.000!PLATED!B!CROSS!0.4569!0.4569!0.000!FIG_RECTANGLE!167.7500!23.0000!0.6604!0.6604!!!!0.0000!0.2029!!!!!!!0.5588!!!!!!
S!VIA CLASS!!!BVIA-17R8-08!TOP!BOTTOM!GND!!!110.0000!50.7500!CIRCLE_DRILL!0.2032!0.2032!110.0000!50.7500!0.000!PLATED!B!CROSS!0.4569!0.4569!0.000!FIG_RECTANGLE!110.0000!50.7500!0.6604!0.6604!!!!0.0000!0.2029!!!!!!!0.5588!!!!!!
S!VIA CLASS!!!BVIA-17R8-08!TOP!BOTTOM!GND!!!132.2500!21.0000!CIRCLE_DRILL!0.2032!0.2032!132.2500!21.0000!0.000!PLATED!B!CROSS!0.4569!0.4569!0.000!FIG_RECTANGLE!132.2500!21.0000!0.6604!0.6604!!!!0.0000!0.2029!!!!!!!0.5588!!!!!!
S!VIA CLASS!!!BVIA-17R8-08!TOP!BOTTOM!GND!!!164.0000!32.7500!CIRCLE_DRILL!0.2032!0.2032!164.0000!32.7500!0.000!PLATED!B!CROSS!0.4569!0.4569!0.000!FIG_RECTANGLE!164.0000!32.7500!0.6604!0.6604!!!!0.0000!0.2029!!!!!!!0.5588!!!!!!
S!VIA CLASS!!!BVIA-17R8-08!TOP!BOTTOM!GND!!!115.0000!48.0000!CIRCLE_DRILL!0.2032!0.2032!115.0000!48.0000!0.000!PLATED!B!CROSS!0.4569!0.4569!0.000!FIG_RECTANGLE!115.0000!48.0000!0.6604!0.6604!!!!0.0000!0.2029!!!!!!!0.5588!!!!!!
S!VIA CLASS!!!V20H10!TOP!BOTTOM!!!!135.3000!17.0000!CIRCLE_DRILL!0.2540!0.2540!135.3000!17.0000!0.000!PLATED!A!CIRCLE!0.7620!0.7620!0.000!CIRCLE!135.3000!17.0000!0.5080!0.5080!!!!0.0000!0.2540!!!!!!!0.6096!!!!!!
