A!CLASS!REFDES!START_LAYER_NAME!END_LAYER_NAME!SYM_MIRROR!EMBEDDED_STATUS!
J!Z:/cad/designs/uob-hep-pc072/hardware/Cadence/top/mtca_interface_board_reocc/front_panel_jtag_serial/physical/mib_fp_jtag_serial_18.brd!Mon Jul 29 17:24:00 2024!-1898.4723!-1906.4829!1911.5277!1903.5171!0.0001!millimeters!FRONT_PANEL_JTAG_SERIAL!62.992126 mil!4!UP TO DATE!
S!PIN!J1!TOP!BOTTOM!NO!!
S!PIN!J1!TOP!BOTTOM!NO!!
S!PIN!J1!TOP!BOTTOM!NO!!
S!PIN!J1!TOP!BOTTOM!NO!!
S!PIN!J1!TOP!BOTTOM!NO!!
S!PIN!J1!TOP!BOTTOM!NO!!
S!PIN!J1!TOP!BOTTOM!NO!!
S!PIN!J1!TOP!BOTTOM!NO!!
S!PIN!J1!TOP!BOTTOM!NO!!
S!PIN!J1!TOP!BOTTOM!NO!!
S!PIN!J1!TOP!BOTTOM!NO!!
S!PIN!J1!TOP!BOTTOM!NO!!
S!PIN!J1!TOP!BOTTOM!NO!!
S!PIN!J1!TOP!BOTTOM!NO!!
S!PIN!J4!TOP!BOTTOM!NO!!
S!PIN!J4!TOP!BOTTOM!NO!!
S!PIN!J4!TOP!BOTTOM!NO!!
S!PIN!J4!TOP!BOTTOM!NO!!
S!PIN!J4!TOP!BOTTOM!NO!!
S!PIN!J4!TOP!BOTTOM!NO!!
S!PIN!J4!TOP!BOTTOM!NO!!
S!PIN!J4!TOP!BOTTOM!NO!!
S!PIN!J4!TOP!BOTTOM!NO!!
S!PIN!J4!TOP!BOTTOM!NO!!
S!PIN!J5!TOP!TOP!NO!!
S!PIN!J5!TOP!TOP!NO!!
S!PIN!J5!TOP!TOP!NO!!
S!PIN!J5!TOP!TOP!NO!!
S!PIN!J5!TOP!TOP!NO!!
S!PIN!J5!TOP!TOP!NO!!
S!PIN!J5!TOP!TOP!NO!!
S!PIN!J5!TOP!TOP!NO!!
S!PIN!J5!TOP!TOP!NO!!
S!PIN!J5!TOP!TOP!NO!!
S!PIN!J5!TOP!BOTTOM!NO!!
S!PIN!J5!TOP!BOTTOM!NO!!
S!PIN!J2!TOP!BOTTOM!NO!!
S!PIN!J2!TOP!BOTTOM!NO!!
S!PIN!J2!TOP!BOTTOM!NO!!
S!PIN!J2!TOP!BOTTOM!NO!!
S!PIN!J2!TOP!BOTTOM!NO!!
S!PIN!J2!TOP!BOTTOM!NO!!
S!PIN!J2!TOP!BOTTOM!NO!!
S!PIN!J2!TOP!BOTTOM!NO!!
S!PIN!J2!TOP!BOTTOM!NO!!
S!PIN!J2!TOP!BOTTOM!NO!!
S!PIN!J2!TOP!BOTTOM!NO!!
S!PIN!J2!TOP!BOTTOM!NO!!
S!PIN!J2!TOP!BOTTOM!NO!!
S!PIN!J2!TOP!BOTTOM!NO!!
S!PIN!J2!TOP!BOTTOM!NO!!
S!PIN!J2!TOP!BOTTOM!NO!!
S!PIN!J2!TOP!BOTTOM!NO!!
S!PIN!J2!TOP!BOTTOM!NO!!
S!PIN!J2!TOP!BOTTOM!NO!!
S!PIN!J2!TOP!BOTTOM!NO!!
S!PIN!IC1!TOP!TOP!NO!!
S!PIN!IC1!TOP!TOP!NO!!
S!PIN!IC1!TOP!TOP!NO!!
S!PIN!IC1!TOP!TOP!NO!!
S!PIN!IC1!TOP!TOP!NO!!
S!PIN!IC1!TOP!TOP!NO!!
S!PIN!IC1!TOP!TOP!NO!!
S!PIN!IC1!TOP!TOP!NO!!
S!PIN!IC1!TOP!TOP!NO!!
S!PIN!IC1!TOP!TOP!NO!!
S!PIN!IC1!TOP!TOP!NO!!
S!PIN!IC1!TOP!TOP!NO!!
S!PIN!IC1!TOP!TOP!NO!!
S!PIN!IC1!TOP!TOP!NO!!
S!PIN!IC1!TOP!TOP!NO!!
S!PIN!IC1!TOP!TOP!NO!!
S!PIN!IC1!TOP!TOP!NO!!
S!PIN!IC1!TOP!TOP!NO!!
S!PIN!C3!TOP!TOP!NO!!
S!PIN!C3!TOP!TOP!NO!!
S!PIN!R4!BOTTOM!BOTTOM!YES!!
S!PIN!R4!BOTTOM!BOTTOM!YES!!
S!PIN!R3!TOP!TOP!NO!!
S!PIN!R3!TOP!TOP!NO!!
S!PIN!R2!TOP!TOP!NO!!
S!PIN!R2!TOP!TOP!NO!!
S!PIN!R1!TOP!TOP!NO!!
S!PIN!R1!TOP!TOP!NO!!
S!PIN!C2!BOTTOM!BOTTOM!YES!!
S!PIN!C2!BOTTOM!BOTTOM!YES!!
S!PIN!D1!TOP!TOP!NO!!
S!PIN!D1!TOP!TOP!NO!!
S!PIN!D1!TOP!TOP!NO!!
S!PIN!D1!TOP!TOP!NO!!
S!PIN!D1!TOP!TOP!NO!!
S!PIN!D1!TOP!TOP!NO!!
S!PIN!J6!TOP!TOP!NO!!
S!PIN!J6!TOP!TOP!NO!!
S!PIN!J6!TOP!TOP!NO!!
S!PIN!J6!TOP!TOP!NO!!
S!PIN!J6!TOP!TOP!NO!!
S!PIN!J6!TOP!TOP!NO!!
S!PIN!MH3!TOP!BOTTOM!YES!!
S!PIN!MH1!TOP!BOTTOM!YES!!
S!PIN!MH4!TOP!BOTTOM!NO!!
S!PIN!MH2!TOP!BOTTOM!NO!!
S!PIN!C1!TOP!TOP!NO!!
S!PIN!C1!TOP!TOP!NO!!
S!VIA CLASS!!TOP!BOTTOM!!!
S!VIA CLASS!!TOP!BOTTOM!!!
S!VIA CLASS!!TOP!BOTTOM!!!
S!VIA CLASS!!TOP!BOTTOM!!!
S!VIA CLASS!!TOP!BOTTOM!!!
S!VIA CLASS!!TOP!BOTTOM!!!
S!VIA CLASS!!TOP!BOTTOM!!!
S!VIA CLASS!!TOP!BOTTOM!!!
S!VIA CLASS!!TOP!BOTTOM!!!
S!VIA CLASS!!TOP!BOTTOM!!!
S!VIA CLASS!!TOP!BOTTOM!!!
S!VIA CLASS!!TOP!BOTTOM!!!
S!VIA CLASS!!TOP!BOTTOM!!!
S!VIA CLASS!!TOP!BOTTOM!!!
S!VIA CLASS!!TOP!BOTTOM!!!
S!VIA CLASS!!TOP!BOTTOM!!!
S!VIA CLASS!!TOP!BOTTOM!!!
S!VIA CLASS!!TOP!BOTTOM!!!
S!VIA CLASS!!TOP!BOTTOM!!!
S!VIA CLASS!!TOP!BOTTOM!!!
S!VIA CLASS!!TOP!BOTTOM!!!
S!VIA CLASS!!TOP!BOTTOM!!!
S!VIA CLASS!!TOP!BOTTOM!!!
S!VIA CLASS!!TOP!BOTTOM!!!
S!VIA CLASS!!TOP!BOTTOM!!!
S!VIA CLASS!!TOP!BOTTOM!!!
S!VIA CLASS!!TOP!BOTTOM!!!
S!VIA CLASS!!TOP!BOTTOM!!!
