A!REFDES!PART_NUMBER!REUSE_ID!ROOM!PACKAGE_HEIGHT_MAX!HEIGHT!TOL!PARENT_PART_TYPE!PARENT_PPT!PARENT_PPT_PART!PART_NAME!PART_NUMBER!SCH_MODIFIED_PART!VALUE!
J!Z:/cad/designs/uob-hep-pc072/hardware/Cadence/top/mtca_interface_board_reocc/front_panel_jtag_serial/physical/mib_fp_jtag_serial_18.brd!Mon Jul 29 17:23:59 2024!-1898.4723!-1906.4829!1911.5277!1903.5171!0.0001!millimeters!FRONT_PANEL_JTAG_SERIAL!62.992126 mil!4!UP TO DATE!
S!J1!87833-1420!!!!!!CON14P!CON14P!CON14P-MOLEX_87833!CON14P!87833-1420!!!
S!J4!SHF-105-01-L-D-RA!212!!!!!SHF-105-01-L-D-RA!SHF-105-01-L-D-RA!SHF-105-01-L-D-RA-SHF-105-01-L-D-RA!SHF-105-01-L-D-RA!SHF-105-01-L-D-RA!!!
S!IC1!!!!2.63 MM!2.63 mm!!410_357_B_OTHER!410_357_B!410_357_B-DIGILENT,410-357-B!410_357_B!!!!
S!J5!EHF-105-01-L-D-SM-LC!!!!!!CON10P!CON10P!CON10P-EHF-105-01-L-D-SM-LC!CON10P!EHF-105-01-L-D-SM-LC!!!
S!J2!213716-0001!!!!!!CON16P_USB_C_USB2!CON16P_USB_C_USB2!CON16P_USB_C_USB2-2137160001!CON16P_USB_C_USB2!213716-0001!!!
S!R2!R0603_10K_1%_0.1W_100PPM!!!!!1%!RSMD0603_1/10W!RSMD0603!RSMD0603_1/10W-10K,1%!RSMD0603!R0603_10K_1%_0.1W_100PPM!!10k!
S!R3!R0603_4K7_1%_0.1W_100PPM!!!!!1%!RSMD0603_1/10W!RSMD0603!RSMD0603_1/10W-4.7K,1%!RSMD0603!R0603_4K7_1%_0.1W_100PPM!!4.7k!
S!R4!R0603_4K7_1%_0.1W_100PPM!!!!!1%!RSMD0603_1/10W!RSMD0603!RSMD0603_1/10W-4.7K,1%!RSMD0603!R0603_4K7_1%_0.1W_100PPM!!4.7k!
S!R1!R0603_4K7_1%_0.1W_100PPM!!!!!1%!RSMD0603_1/10W!RSMD0603!RSMD0603_1/10W-4.7K,1%!RSMD0603!R0603_4K7_1%_0.1W_100PPM!!4.7k!
S!C3!CC0603_100NF_16V_10%_X7R!!!!!10%!CAPCERSMDCL2_0603!CAPCERSMDCL2!CAPCERSMDCL2_0603-100NF,16V!CAPCERSMDCL2!CC0603_100NF_16V_10%_X7R!!100nF!
S!C2!CC0603_100NF_16V_10%_X7R!!!!!10%!CAPCERSMDCL2_0603!CAPCERSMDCL2!CAPCERSMDCL2_0603-100NF,16V!CAPCERSMDCL2!CC0603_100NF_16V_10%_X7R!!100nF!
S!D1!USBLC6-2SC6!!!!!!USBLC6-2_SOT23!USBLC6-2!USBLC6-2SC6!USBLC6-2!USBLC6-2SC6!!!
S!J6!53398-0471!!!!!!CON4P!CON4P!CON4P-53398-0471!CON4P!53398-0471!!!
S!C1!445-7348-2-ND!!JTAG!!!!CAP_NP!CAP_NP!CAP_NP-445-7348-2-ND,CAP_NP!CAP_NP!445-7348-2-ND!TRUE!0.1UF!
S!MH1!Mt_Hole!175!TE0712!!!!MT_HOLE!MT_HOLE!MT_HOLE-MT_HOLE,MT_HOLE!MT_HOLE!Mt_Hole!TRUE!MT_HOLE!
S!MH2!Mt_Hole!!TE0712!!!!MT_HOLE!MT_HOLE!MT_HOLE-MT_HOLE,MT_HOLE!MT_HOLE!Mt_Hole!TRUE!MT_HOLE!
S!MH3!Mt_Hole!!!!!!MT_HOLE!MT_HOLE!MT_HOLE-MT_HOLE,MT_HOLE!MT_HOLE!Mt_Hole!TRUE!MT_HOLE!
S!MH4!Mt_Hole!!!!!!MT_HOLE!MT_HOLE!MT_HOLE-MT_HOLE,MT_HOLE!MT_HOLE!Mt_Hole!TRUE!MT_HOLE!
