FILE_TYPE=LIBRARY_PARTS;
TIME=' COMPILATION ON SAT DEC 31 17:29:13 2022  ';
PRIMITIVE 'hdr1x3';
  PIN
    'P1':
      PIN_NUMBER='(1)';
      PIN_TYPE='ANALOG';
      NO_LOAD_CHECK='BOTH';
      NO_IO_CHECK='BOTH';
      ALLOW_CONNECT='TRUE';
    'P2':
      PIN_NUMBER='(2)';
      PIN_TYPE='ANALOG';
      NO_LOAD_CHECK='BOTH';
      NO_IO_CHECK='BOTH';
      ALLOW_CONNECT='TRUE';
    'P3':
      PIN_NUMBER='(3)';
      PIN_TYPE='ANALOG';
      NO_LOAD_CHECK='BOTH';
      NO_IO_CHECK='BOTH';
      ALLOW_CONNECT='TRUE';
  END_PIN;
  BODY
    PHYS_DES_PREFIX='J';
    CLASS='IO';
    PART_NAME='hdr1x3';
    BODY_NAME='hdr1x3';
  END_BODY;
END_PRIMITIVE;
END.
