FILE_TYPE=LIBRARY_PARTS ;
TIME=' Compilation on Thu APR 27 14:42:06 1995  ';
PRIMITIVE 'ELCAPTAN','ELCAPTAN_SMD','ELCAPTAN_SMD_B','ELCAPTAN_PER','ELCAPTAN_AXI','ELCAPTAN_SMD_V','ELCAPTAN_SMD_EPCOS','ELCAPTAN_SMD_T520','ELCAPTAN_SMD6032','ELCAPTAN_SMD_X','ELCAPTAN_SMD_E','ELCAPTAN_SMD_A','ELCAPTAN_SMD_T510','ELCAPTAN_SMD_3216-21','ELCAPTAN_SMD_3216-18','ELCAPTAN_SMD_P','ELCAPTAN_SMD_D','ELCAPTAN_D4';
 PIN
  'A'<0>:
   PIN_NUMBER='(1)';
   INPUT_LOAD='(*,*)';
   OUTPUT_LOAD='(*,*)';
   BIDIRECTIONAL='TRUE';
  'B'<0>:
   PIN_NUMBER='(2)';
   INPUT_LOAD='(*,*)';
   OUTPUT_LOAD='(*,*)';
   BIDIRECTIONAL='TRUE';
 END_PIN;
 BODY
  PART_NAME='ELCAPTAN';
  BODY_NAME='ELCAPTAN';
  CLASS='DISCRETE';
  NO_IO_CHECK='TRUE';
  UNKNOWN_LOADING='TRUE';
  NO_LOAD_CHECK='TRUE';
  ALLOW_CONNECT='TRUE';
 END_BODY;
END_PRIMITIVE;

END.
