FILE_TYPE=LIBRARY_PARTS;
TIME=' COMPILATION ON SAT DEC 31 17:29:12 2022  ';
PRIMITIVE 'sfp_cage-2227023-1';
  PIN
    'CG1':
      PIN_NUMBER='(1)';
      PINUSE='POWER';
    'CG2':
      PIN_NUMBER='(2)';
      PINUSE='POWER';
    'CG3':
      PIN_NUMBER='(3)';
      PINUSE='POWER';
    'CG4':
      PIN_NUMBER='(4)';
      PINUSE='POWER';
    'CG5':
      PIN_NUMBER='(5)';
      PINUSE='POWER';
    'CG6':
      PIN_NUMBER='(6)';
      PINUSE='POWER';
    'CG7':
      PIN_NUMBER='(7)';
      PINUSE='POWER';
    'CG8':
      PIN_NUMBER='(8)';
      PINUSE='POWER';
    'CG':
      PIN_NUMBER='(9)';
      PINUSE='POWER';
    'CG_0':
      PIN_NUMBER='(10)';
      PINUSE='POWER';
    'CG_1':
      PIN_NUMBER='(11)';
      PINUSE='POWER';
    'CG_2':
      PIN_NUMBER='(12)';
      PINUSE='POWER';
    'CG_3':
      PIN_NUMBER='(13)';
      PINUSE='POWER';
    'CG_4':
      PIN_NUMBER='(14)';
      PINUSE='POWER';
    'CG_5':
      PIN_NUMBER='(15)';
      PINUSE='POWER';
    'CG_6':
      PIN_NUMBER='(16)';
      PINUSE='POWER';
    'CG_7':
      PIN_NUMBER='(17)';
      PINUSE='POWER';
    'CG_8':
      PIN_NUMBER='(18)';
      PINUSE='POWER';
    'CG_9':
      PIN_NUMBER='(19)';
      PINUSE='POWER';
    'CG_10':
      PIN_NUMBER='(20)';
      PINUSE='POWER';
  END_PIN;
  BODY
    PHYS_DES_PREFIX='U';
    CLASS='IC';
    PART_NAME='sfp_cage-2227023-1';
    BODY_NAME='sfp_cage-2227023-1';
  END_BODY;
END_PRIMITIVE;
END.
