FILE_TYPE=LIBRARY_PARTS;
TIME=' COMPILATION ON SAT DEC 31 17:29:14 2022  ';
PRIMITIVE 'si5395a-a-gm';
  PIN
    'IN1':
      PIN_NUMBER='(1)';
      INPUT_LOAD='(-0.01,0.01)';
    'IN1B':
      PIN_NUMBER='(2)';
      INPUT_LOAD='(-0.01,0.01)';
    'IN_SEL0':
      PIN_NUMBER='(3)';
      INPUT_LOAD='(-0.01,0.01)';
    'IN_SEL1':
      PIN_NUMBER='(4)';
      INPUT_LOAD='(-0.01,0.01)';
    'RSVD':
      PIN_NUMBER='(5)';
      PIN_TYPE='ANALOG';
      NO_LOAD_CHECK='BOTH';
      NO_IO_CHECK='BOTH';
      ALLOW_CONNECT='TRUE';
    'RSTB':
      PIN_NUMBER='(6)';
      INPUT_LOAD='(-0.01,0.01)';
    'X1/NC':
      PIN_NUMBER='(7)';
      INPUT_LOAD='(-0.01,0.01)';
    'XA/NC':
      PIN_NUMBER='(8)';
      INPUT_LOAD='(-0.01,0.01)';
    'XB/NC':
      PIN_NUMBER='(9)';
      INPUT_LOAD='(-0.01,0.01)';
    'X2/NC':
      PIN_NUMBER='(10)';
      INPUT_LOAD='(-0.01,0.01)';
    'OEB':
      PIN_NUMBER='(11)';
      OUTPUT_LOAD='(1.0,-1.0)';
    'INTRB':
      PIN_NUMBER='(12)';
      OUTPUT_LOAD='(1.0,-1.0)';
    'VDDA':
      PIN_NUMBER='(13)';
      PINUSE='POWER';
    'IN2':
      PIN_NUMBER='(14)';
      INPUT_LOAD='(-0.01,0.01)';
    'IN2B':
      PIN_NUMBER='(15)';
      INPUT_LOAD='(-0.01,0.01)';
    'SCLK':
      PIN_NUMBER='(16)';
      OUTPUT_LOAD='(1.0,-1.0)';
    'A1/SDO':
      PIN_NUMBER='(17)';
      INPUT_LOAD='(-0.01,0.01)';
      OUTPUT_LOAD='(1.0,-1.0)';
      BIDIRECTIONAL='TRUE';
    'SDA/SDIO':
      PIN_NUMBER='(18)';
      INPUT_LOAD='(-0.01,0.01)';
      OUTPUT_LOAD='(1.0,-1.0)';
      BIDIRECTIONAL='TRUE';
    'A0/CSB':
      PIN_NUMBER='(19)';
      INPUT_LOAD='(-0.01,0.01)';
    'OUT0AB':
      PIN_NUMBER='(20)';
      OUTPUT_LOAD='(1.0,-1.0)';
    'OUT0A':
      PIN_NUMBER='(21)';
      OUTPUT_LOAD='(1.0,-1.0)';
    'VDDO0':
      PIN_NUMBER='(22)';
      PINUSE='POWER';
    'OUT0B':
      PIN_NUMBER='(23)';
      OUTPUT_LOAD='(1.0,-1.0)';
    'OUT0':
      PIN_NUMBER='(24)';
      OUTPUT_LOAD='(1.0,-1.0)';
    'FDEC':
      PIN_NUMBER='(25)';
      INPUT_LOAD='(-0.01,0.01)';
    'VDDO1':
      PIN_NUMBER='(26)';
      PINUSE='POWER';
    'OUT1B':
      PIN_NUMBER='(27)';
      OUTPUT_LOAD='(1.0,-1.0)';
    'OUT1':
      PIN_NUMBER='(28)';
      OUTPUT_LOAD='(1.0,-1.0)';
    'VDDO2':
      PIN_NUMBER='(29)';
      PINUSE='POWER';
    'OUT2B':
      PIN_NUMBER='(30)';
      OUTPUT_LOAD='(1.0,-1.0)';
    'OUT2':
      PIN_NUMBER='(31)';
      OUTPUT_LOAD='(1.0,-1.0)';
    'VDD0':
      PIN_NUMBER='(32)';
      PINUSE='POWER';
    'VDDO3':
      PIN_NUMBER='(33)';
      PINUSE='POWER';
    'OUT3B':
      PIN_NUMBER='(34)';
      OUTPUT_LOAD='(1.0,-1.0)';
    'OUT3':
      PIN_NUMBER='(35)';
      OUTPUT_LOAD='(1.0,-1.0)';
    'VDDO4':
      PIN_NUMBER='(36)';
      PINUSE='POWER';
    'OUT4B':
      PIN_NUMBER='(37)';
      OUTPUT_LOAD='(1.0,-1.0)';
    'OUT4':
      PIN_NUMBER='(38)';
      OUTPUT_LOAD='(1.0,-1.0)';
    'I2C_SEL':
      PIN_NUMBER='(39)';
      INPUT_LOAD='(-0.01,0.01)';
    'VDDO5':
      PIN_NUMBER='(40)';
      PINUSE='POWER';
    'OUT5B':
      PIN_NUMBER='(41)';
      OUTPUT_LOAD='(1.0,-1.0)';
    'OUT5':
      PIN_NUMBER='(42)';
      OUTPUT_LOAD='(1.0,-1.0)';
    'VDDO6':
      PIN_NUMBER='(43)';
      PINUSE='POWER';
    'OUT6B':
      PIN_NUMBER='(44)';
      OUTPUT_LOAD='(1.0,-1.0)';
    'OUT6':
      PIN_NUMBER='(45)';
      OUTPUT_LOAD='(1.0,-1.0)';
    'VDD1':
      PIN_NUMBER='(46)';
      PINUSE='POWER';
    'LOLB':
      PIN_NUMBER='(47)';
      OUTPUT_LOAD='(1.0,-1.0)';
    'FINC':
      PIN_NUMBER='(48)';
      INPUT_LOAD='(-0.01,0.01)';
    'VDDO7':
      PIN_NUMBER='(49)';
      PINUSE='POWER';
    'OUT7B':
      PIN_NUMBER='(50)';
      OUTPUT_LOAD='(1.0,-1.0)';
    'OUT7':
      PIN_NUMBER='(51)';
      OUTPUT_LOAD='(1.0,-1.0)';
    'VDDO8':
      PIN_NUMBER='(52)';
      PINUSE='POWER';
    'OUT8B':
      PIN_NUMBER='(53)';
      OUTPUT_LOAD='(1.0,-1.0)';
    'OUT8':
      PIN_NUMBER='(54)';
      OUTPUT_LOAD='(1.0,-1.0)';
    'OUT9B':
      PIN_NUMBER='(55)';
      OUTPUT_LOAD='(1.0,-1.0)';
    'OUT9':
      PIN_NUMBER='(56)';
      OUTPUT_LOAD='(1.0,-1.0)';
    'VDDO9':
      PIN_NUMBER='(57)';
      PINUSE='POWER';
    'OUT9AB':
      PIN_NUMBER='(58)';
      OUTPUT_LOAD='(1.0,-1.0)';
    'OUT9A':
      PIN_NUMBER='(59)';
      OUTPUT_LOAD='(1.0,-1.0)';
    'VDD2':
      PIN_NUMBER='(60)';
      PINUSE='POWER';
    'IN3/FB_IN':
      PIN_NUMBER='(61)';
      INPUT_LOAD='(-0.01,0.01)';
    'IN3B/FB_INB':
      PIN_NUMBER='(62)';
      INPUT_LOAD='(-0.01,0.01)';
    'IN0':
      PIN_NUMBER='(63)';
      INPUT_LOAD='(-0.01,0.01)';
    'IN0B':
      PIN_NUMBER='(64)';
      INPUT_LOAD='(-0.01,0.01)';
    'GND_PAD':
      PIN_NUMBER='(65)';
      PINUSE='GROUND';
  END_PIN;
  BODY
    PHYS_DES_PREFIX='U';
    CLASS='IC';
    PART_NAME='si5395a-a-gm';
    BODY_NAME='si5395a-a-gm';
  END_BODY;
END_PRIMITIVE;
END.
