FILE_TYPE=LIBRARY_PARTS;
primitive 'CON16P_USB_C_USB2';
  pin
    'GND1':
      PIN_NUMBER='(A1)';
      PINUSE='POWER';
      NO_LOAD_CHECK='Both';
      NO_IO_CHECK='Both';
      NO_ASSERT_CHECK='TRUE';
      NO_DIR_CHECK='TRUE';
      ALLOW_CONNECT='TRUE';
    'VBUS1':
      PIN_NUMBER='(A4)';
      PINUSE='POWER';
      NO_LOAD_CHECK='Both';
      NO_IO_CHECK='Both';
      NO_ASSERT_CHECK='TRUE';
      NO_DIR_CHECK='TRUE';
      ALLOW_CONNECT='TRUE';
    'CC1':
      PIN_NUMBER='(A5)';
      BIDIRECTIONAL='TRUE';
      INPUT_LOAD='(-0.01,0.01)';
      OUTPUT_LOAD='(1.0,-1.0)';
    'DA+':
      PIN_NUMBER='(A6)';
      BIDIRECTIONAL='TRUE';
      INPUT_LOAD='(-0.01,0.01)';
      OUTPUT_LOAD='(1.0,-1.0)';
    'DA-':
      PIN_NUMBER='(A7)';
      BIDIRECTIONAL='TRUE';
      INPUT_LOAD='(-0.01,0.01)';
      OUTPUT_LOAD='(1.0,-1.0)';
    'SBU1':
      PIN_NUMBER='(A8)';
      BIDIRECTIONAL='TRUE';
      INPUT_LOAD='(-0.01,0.01)';
      OUTPUT_LOAD='(1.0,-1.0)';
    'GND2':
      PIN_NUMBER='(A12)';
      PINUSE='POWER';
      NO_LOAD_CHECK='Both';
      NO_IO_CHECK='Both';
      NO_ASSERT_CHECK='TRUE';
      NO_DIR_CHECK='TRUE';
      ALLOW_CONNECT='TRUE';
    'VBUS2':
      PIN_NUMBER='(A9)';
      PINUSE='POWER';
      NO_LOAD_CHECK='Both';
      NO_IO_CHECK='Both';
      NO_ASSERT_CHECK='TRUE';
      NO_DIR_CHECK='TRUE';
      ALLOW_CONNECT='TRUE';
    'SBU2':
      PIN_NUMBER='(B8)';
      BIDIRECTIONAL='TRUE';
      INPUT_LOAD='(-0.01,0.01)';
      OUTPUT_LOAD='(1.0,-1.0)';
    'CC2':
      PIN_NUMBER='(B5)';
      BIDIRECTIONAL='TRUE';
      INPUT_LOAD='(-0.01,0.01)';
      OUTPUT_LOAD='(1.0,-1.0)';
    'DB+':
      PIN_NUMBER='(B6)';
      BIDIRECTIONAL='TRUE';
      INPUT_LOAD='(-0.01,0.01)';
      OUTPUT_LOAD='(1.0,-1.0)';
    'DB-':
      PIN_NUMBER='(B7)';
      BIDIRECTIONAL='TRUE';
      INPUT_LOAD='(-0.01,0.01)';
      OUTPUT_LOAD='(1.0,-1.0)';
    'SHIELD1':
      PIN_NUMBER='(SH1)';
      PIN_TYPE='ANALOG';
      NO_LOAD_CHECK='Both';
      NO_IO_CHECK='Both';
      NO_ASSERT_CHECK='TRUE';
      NO_DIR_CHECK='TRUE';
      ALLOW_CONNECT='TRUE';
    'SHIELD2':
      PIN_NUMBER='(SH2)';
      PIN_TYPE='ANALOG';
      NO_LOAD_CHECK='Both';
      NO_IO_CHECK='Both';
      NO_ASSERT_CHECK='TRUE';
      NO_DIR_CHECK='TRUE';
      ALLOW_CONNECT='TRUE';
    'SHIELD3':
      PIN_NUMBER='(SH3)';
      PIN_TYPE='ANALOG';
      NO_LOAD_CHECK='Both';
      NO_IO_CHECK='Both';
      NO_ASSERT_CHECK='TRUE';
      NO_DIR_CHECK='TRUE';
      ALLOW_CONNECT='TRUE';
    'SHIELD4':
      PIN_NUMBER='(SH4)';
      PIN_TYPE='ANALOG';
      NO_LOAD_CHECK='Both';
      NO_IO_CHECK='Both';
      NO_ASSERT_CHECK='TRUE';
      NO_DIR_CHECK='TRUE';
      ALLOW_CONNECT='TRUE';
    'GND3':
      PIN_NUMBER='(B1)';
      PINUSE='POWER';
      NO_LOAD_CHECK='Both';
      NO_IO_CHECK='Both';
      NO_ASSERT_CHECK='TRUE';
      NO_DIR_CHECK='TRUE';
      ALLOW_CONNECT='TRUE';
    'VBUS3':
      PIN_NUMBER='(B4)';
      PINUSE='POWER';
      NO_LOAD_CHECK='Both';
      NO_IO_CHECK='Both';
      NO_ASSERT_CHECK='TRUE';
      NO_DIR_CHECK='TRUE';
      ALLOW_CONNECT='TRUE';
    'GND4':
      PIN_NUMBER='(B12)';
      PINUSE='POWER';
      NO_LOAD_CHECK='Both';
      NO_IO_CHECK='Both';
      NO_ASSERT_CHECK='TRUE';
      NO_DIR_CHECK='TRUE';
      ALLOW_CONNECT='TRUE';
    'VBUS4':
      PIN_NUMBER='(B9)';
      PINUSE='POWER';
      NO_LOAD_CHECK='Both';
      NO_IO_CHECK='Both';
      NO_ASSERT_CHECK='TRUE';
      NO_DIR_CHECK='TRUE';
      ALLOW_CONNECT='TRUE';
  end_pin;
  body
    PART_NAME='CON16P_USB_C_USB2';
    BODY_NAME='CON16P_USB_C_USB2';
    JEDEC_TYPE='MOLEX_2137160001';
    PHYS_DES_PREFIX='J';
    CLASS='IO';
  end_body;
end_primitive;

END.
