FILE_TYPE=LIBRARY_PARTS;
TIME=' COMPILATION ON SAT DEC 31 17:29:17 2022  ';
PRIMITIVE 'diode';
  PIN
    'ANODE':
      PIN_NUMBER='(A)';
      PIN_TYPE='ANALOG';
      NO_LOAD_CHECK='BOTH';
      NO_IO_CHECK='BOTH';
      ALLOW_CONNECT='TRUE';
    'CATHODE':
      PIN_NUMBER='(C)';
      PIN_TYPE='ANALOG';
      NO_LOAD_CHECK='BOTH';
      NO_IO_CHECK='BOTH';
      ALLOW_CONNECT='TRUE';
  END_PIN;
  BODY
    PHYS_DES_PREFIX='CR';
    CLASS='DISCRETE';
    PART_NAME='diode';
    BODY_NAME='diode';
  END_BODY;
END_PRIMITIVE;
END.
