FILE_TYPE=LIBRARY_PARTS;
TIME=' COMPILATION ON SAT DEC 31 17:29:14 2022  ';
PRIMITIVE '4-smd_crystal';
  PIN
    'HOT1':
      PIN_NUMBER='(1)';
      PIN_TYPE='ANALOG';
      NO_LOAD_CHECK='BOTH';
      NO_IO_CHECK='BOTH';
      ALLOW_CONNECT='TRUE';
    'GND1':
      PIN_NUMBER='(2)';
      PINUSE='GROUND';
    'HOT2':
      PIN_NUMBER='(3)';
      PIN_TYPE='ANALOG';
      NO_LOAD_CHECK='BOTH';
      NO_IO_CHECK='BOTH';
      ALLOW_CONNECT='TRUE';
    'GND2':
      PIN_NUMBER='(4)';
      PINUSE='GROUND';
  END_PIN;
  BODY
    PHYS_DES_PREFIX='Y';
    CLASS='DISCRETE';
    PART_NAME='4-smd_crystal';
    BODY_NAME='4-smd_crystal';
  END_BODY;
END_PRIMITIVE;
END.
