FILE_TYPE=LIBRARY_PARTS;
TIME=' COMPILATION ON SAT DEC 31 17:29:15 2022  ';
PRIMITIVE 'si53342-b-gm';
  PIN
    'OEAB':
      PIN_NUMBER='(1)';
      INPUT_LOAD='(-0.01,0.01)';
    'Q1B':
      PIN_NUMBER='(2)';
      OUTPUT_LOAD='(1.0,-1.0)';
    'Q1':
      PIN_NUMBER='(3)';
      OUTPUT_LOAD='(1.0,-1.0)';
    'Q0B':
      PIN_NUMBER='(4)';
      OUTPUT_LOAD='(1.0,-1.0)';
    'Q0':
      PIN_NUMBER='(5)';
      OUTPUT_LOAD='(1.0,-1.0)';
    'VDD':
      PIN_NUMBER='(6)';
      PINUSE='POWER';
    'CLK0':
      PIN_NUMBER='(7)';
      INPUT_LOAD='(-0.01,0.01)';
    'CLK0B':
      PIN_NUMBER='(8)';
      OUTPUT_LOAD='(1.0,-1.0)';
    'NC1':
      PIN_NUMBER='(9)';
      PIN_TYPE='ANALOG';
      NO_LOAD_CHECK='BOTH';
      NO_IO_CHECK='BOTH';
      ALLOW_CONNECT='TRUE';
    'NC2':
      PIN_NUMBER='(10)';
      PIN_TYPE='ANALOG';
      NO_LOAD_CHECK='BOTH';
      NO_IO_CHECK='BOTH';
      ALLOW_CONNECT='TRUE';
    'CLK1':
      PIN_NUMBER='(11)';
      INPUT_LOAD='(-0.01,0.01)';
    'CLK1B':
      PIN_NUMBER='(12)';
      INPUT_LOAD='(-0.01,0.01)';
    'CLK_SEL':
      PIN_NUMBER='(13)';
      INPUT_LOAD='(-0.01,0.01)';
    'Q5B':
      PIN_NUMBER='(14)';
      OUTPUT_LOAD='(1.0,-1.0)';
    'Q5':
      PIN_NUMBER='(15)';
      OUTPUT_LOAD='(1.0,-1.0)';
    'Q4B':
      PIN_NUMBER='(16)';
      OUTPUT_LOAD='(1.0,-1.0)';
    'Q4':
      PIN_NUMBER='(17)';
      OUTPUT_LOAD='(1.0,-1.0)';
    'OEBB':
      PIN_NUMBER='(18)';
      INPUT_LOAD='(-0.01,0.01)';
    'VDDOB':
      PIN_NUMBER='(19)';
      PINUSE='POWER';
    'Q3B':
      PIN_NUMBER='(20)';
      OUTPUT_LOAD='(1.0,-1.0)';
    'Q3':
      PIN_NUMBER='(21)';
      OUTPUT_LOAD='(1.0,-1.0)';
    'Q2B':
      PIN_NUMBER='(22)';
      OUTPUT_LOAD='(1.0,-1.0)';
    'Q2':
      PIN_NUMBER='(23)';
      OUTPUT_LOAD='(1.0,-1.0)';
    'VDDOA':
      PIN_NUMBER='(24)';
      PINUSE='POWER';
    'GND_PAD':
      PIN_NUMBER='(25)';
      PINUSE='GROUND';
  END_PIN;
  BODY
    PHYS_DES_PREFIX='U';
    CLASS='IC';
    PART_NAME='si53342-b-gm';
    BODY_NAME='si53342-b-gm';
  END_BODY;
END_PRIMITIVE;
END.
