FILE_TYPE=LIBRARY_PARTS ;
TIME=' Compilation on Thu Sep 21 14:42:06 1989  ';
PRIMITIVE 'RSMD0603','RSMD0603_1/16W','RSMD0603_1/10W','RSMD0603_';
 PIN
  'A'<0>:
   PIN_NUMBER='(1)';
   PIN_GROUP='1';
   INPUT_LOAD='(*,*)';
   OUTPUT_LOAD='(*,*)';
   BIDIRECTIONAL='TRUE';
  'B'<0>:
   PIN_NUMBER='(2)';
   PIN_GROUP='1';
   INPUT_LOAD='(*,*)';
   OUTPUT_LOAD='(*,*)';
   BIDIRECTIONAL='TRUE';
 END_PIN;
 BODY
  PART_NAME='RSMD0603';
  BODY_NAME='RSMD0603';
  CLASS='DISCRETE';
  PINCOUNT='2';
  SIZE='1';
 END_BODY;
END_PRIMITIVE;

END.
