(---------------------------------------------------------------------)
(                                                                     )
(    Dangling Line, Via and Antenna Report                            )
(                                                                     )
(    Drawing          : mib_rev2_v205.brd                             )
(    Software Version : 17.4S033                                      )
(    Date/Time        : Tue Apr 25 18:03:37 2023                      )
(                                                                     )
(---------------------------------------------------------------------)


Report methodology:
  - Dangling lines have at least one end not connected.
  - Dangling vias have one or no connection
      - Plus are not a test, thieving or netshort property via.
  - Antenna vias do not have connections on their start and end layers.
      - Plus they are not a thieving vias.
      - Optionally, VOLTAGE nets, testvias and through vias can be suppressed with
        the environment variable report_antennavia.
      - Section may be suppressed by variable report_noantennavia.
  - Not part of the current partition.
  - To suppress items in dangle report add the OK_DANGLE property to the via
    or connect line.

<< Dangling Lines >>  - Location marked with a star (*) is dangling.
  Net                 Layer                  Length       Location
  ------------------------------------------------------------------------------------------
  Not a Net            TOP                   0.0220     *(92.3750 32.4110) to *(92.3750 32.3890)
  Not a Net            TOP                   0.0220     *(92.3750 64.4110) to *(92.3750 64.3890)


<< Dangling Vias >>
  Net                  Padstack               Location            Layers
  ---------------------------------------------------------------------------
  VP12                 V24H12               (140.7500 6.5000) TOP/BOTTOM 
  VP12                 V24H12               (145.5000 6.5000) TOP/BOTTOM 


<< Antenna Vias >>
  Net                  Padstack               Location            Layers
  ---------------------------------------------------------------------------
  P2V5_MON_LOW         V20H10               (82.3000 8.5000) TOP/BOTTOM 
  P2V5_MON_LOW         V20H10               (74.9000 13.1000) TOP/BOTTOM 
  P2V5_MON_HIGH        V20H10               (83.2000 8.7000) TOP/BOTTOM 
  P2V5_MON_HIGH        V20H10               (74.5500 11.7500) TOP/BOTTOM 
  UNNAMED_1_LTC2991_I162_V2 V20H10               (85.6500 12.6500) TOP/BOTTOM 
  UNNAMED_1_LTC2991_I162_V2 V20H10               (110.6250 13.3750) TOP/BOTTOM 
  UNNAMED_1_LTC2991_I162_V1 V20H10               (86.0000 11.8000) TOP/BOTTOM 
  UNNAMED_1_LTC2991_I162_V1 V20H10               (110.5000 10.5250) TOP/BOTTOM 
  LDO_1V8_PG           V20H10               (8.4000 25.9500) TOP/BOTTOM 
  LDO_1V8_PG           V20H10               (32.5000 42.0000) TOP/BOTTOM 
  LDO_1V8_PG           V20H10               (68.0000 41.2500) TOP/BOTTOM 
  LDO_1V8_PG           V20H10               (69.7500 41.2500) TOP/BOTTOM 
  SENSE_I2C_SDA        V20H10               (81.5000 4.2500) TOP/BOTTOM 
  SENSE_I2C_SDA        V20H10               (80.7500 20.0000) TOP/BOTTOM 
  SENSE_I2C_SCL        V20H10               (22.6000 13.5000) TOP/BOTTOM 
  SENSE_I2C_SCL        V20H10               (83.2500 4.2500) TOP/BOTTOM 
  SENSE_I2C_SCL        V20H10               (81.2500 19.2500) TOP/BOTTOM 
  DC_DC_ENABLE         V20H10               (126.0000 9.0000) TOP/BOTTOM 
  UART_TX_FROM_FPGA_3V3 V20H10               (131.8300 66.1000) TOP/BOTTOM 
  UART_TX_FROM_FPGA_3V3 V20H10               (100.0900 44.8800) TOP/BOTTOM 
  UART_RX_TO_FPGA_3V3  V20H10               (129.3200 66.2400) TOP/BOTTOM 
  UART_RX_TO_FPGA_3V3  V20H10               (100.0400 44.0500) TOP/BOTTOM 
  P1V5_OUT             V20H10               (90.2000 35.7000) TOP/BOTTOM 
  VDD_CLK_BUFFER       V20H10               (16.8372 41.6000) TOP/BOTTOM 
  VDD_CLK_BUFFER       V20H10               (15.8000 42.0000) TOP/BOTTOM 
  VDD_CLK_BUFFER       V20H10               (14.7600 41.1600) TOP/BOTTOM 
  VDD_CLK_BUFFER       V20H10               (16.0000 54.7500) TOP/BOTTOM 
  VDD_CLK_BUFFER       V20H10               (10.0000 53.0000) TOP/BOTTOM 
  VDD_CLK_BUFFER       V20H10               (10.4800 49.4600) TOP/BOTTOM 
  VDD_CLK_BUFFER       V20H10               (10.5000 52.2500) TOP/BOTTOM 
  VDD_CLK_BUFFER       V20H10               (10.2500 48.7500) TOP/BOTTOM 
  VDD_CLK_BUFFER       V20H10               (8.5000 49.7500) TOP/BOTTOM 
  VDD_CLK_BUFFER       V20H10               (9.7500 49.7500) TOP/BOTTOM 
  VDD_CLK_BUFFER       V20H10               (8.5000 52.2500) TOP/BOTTOM 
  VDD_CLK_BUFFER       V20H10               (9.5000 52.2500) TOP/BOTTOM 
  VDD_CLK_BUFFER       V20H10               (9.0000 50.2500) TOP/BOTTOM 
  VDD_CLK_BUFFER       V20H10               (9.0000 51.7500) TOP/BOTTOM 
  VDD_CLK_BUFFER       V20H10               (8.5000 51.0000) TOP/BOTTOM 
  VDD_CLK_BUFFER       V20H10               (9.5000 51.0000) TOP/BOTTOM 
  VDD_CLK_BUFFER       V20H10               (7.7500 56.5000) TOP/BOTTOM 
  VDD_CLK_BUFFER       V20H10               (7.7500 43.5000) TOP/BOTTOM 
  UPSTREAM_DATA_P<0>   V20H10               (125.5000 23.5000) TOP/BOTTOM 
  UPSTREAM_DATA_P<0>   V20H10               (77.3371 36.9000) TOP/BOTTOM 
  UPSTREAM_DATA_N_<2>  V20H10               (106.8000 39.5000) TOP/BOTTOM 
  UPSTREAM_DATA_N_<2>  V20H10               (99.0183 38.4817) TOP/BOTTOM 
  UPSTREAM_DATA_N_<2>  V20H10               (79.3439 38.5561) TOP/BOTTOM 
  UPSTREAM_DATA_N_<1>  V20H10               (102.3396 27.5396) TOP/BOTTOM 
  UPSTREAM_DATA_N_<1>  V20H10               (76.4152 32.6503) TOP/BOTTOM 
  UPSTREAM_DATA_N_<0>  V20H10               (126.5000 23.2000) TOP/BOTTOM 
  UPSTREAM_DATA_N_<0>  V20H10               (76.6000 36.9000) TOP/BOTTOM 
  SFP_DATA_OUT_P<1>    V20H10               (124.5213 40.2500) TOP/BOTTOM 
  SFP_DATA_OUT_P<1>    V20H10               (117.8561 68.8561) TOP/BOTTOM 
  SFP_DATA_OUT_P<0>    V20H10               (123.4000 25.3000) TOP/BOTTOM 
  SFP_DATA_OUT_P<0>    V20H10               (96.5000 41.9935) TOP/BOTTOM 
  SFP_DATA_OUT_N<1>    V20H10               (124.0000 40.7713) TOP/BOTTOM 
  SFP_DATA_OUT_N<1>    V20H10               (117.3348 68.3348) TOP/BOTTOM 
  UPSTREAM_DATA_P<2>   V20H10               (106.0000 39.5000) TOP/BOTTOM 
  UPSTREAM_DATA_P<2>   V20H10               (99.5396 37.9604) TOP/BOTTOM 
  UPSTREAM_DATA_P<2>   V20H10               (79.8652 38.0348) TOP/BOTTOM 
  UPSTREAM_DATA_P<1>   V20H10               (101.8183 27.0183) TOP/BOTTOM 
  UPSTREAM_DATA_P<1>   V20H10               (75.8939 32.1290) TOP/BOTTOM 
  SFP_DATA_OUT_N<0>    V20H10               (122.8787 25.8213) TOP/BOTTOM 
  SFP_DATA_OUT_N<0>    V20H10               (96.5000 41.2564) TOP/BOTTOM 
  DFF_REF_CLK_P<2>     V20H10               (117.8436 48.2810) TOP/BOTTOM 
  DFF_REF_CLK_P<2>     V20H10               (79.8000 52.0270) TOP/BOTTOM 
  DFF_REF_CLK_P<1>     V20H10               (79.4000 53.2000) TOP/BOTTOM 
  DFF_REF_CLK_P<1>     V20H10               (117.2500 31.3685) TOP/BOTTOM 
  DFF_REF_CLK_P<0>     VIA_10               (83.5000 53.5000) TOP/BOTTOM 
  DFF_REF_CLK_P<0>     VIA_10               (130.2500 15.0000) TOP/BOTTOM 
  DFF_REF_CLK_N<2>     V20H10               (117.8436 47.5439) TOP/BOTTOM 
  DFF_REF_CLK_N<2>     V20H10               (80.6000 51.9000) TOP/BOTTOM 
  DFF_REF_CLK_N<1>     V20H10               (79.7500 54.0000) TOP/BOTTOM 
  DFF_REF_CLK_N<1>     V20H10               (117.2500 30.6314) TOP/BOTTOM 
  DFF_REF_CLK_N<0>     VIA_10               (84.0000 53.0000) TOP/BOTTOM 
  DFF_REF_CLK_N<0>     VIA_10               (130.0000 14.2500) TOP/BOTTOM 
  CLK_SCL              V20H10               (92.5000 54.7500) TOP/BOTTOM 
  CLK_SCL              V20H10               (42.7500 65.0000) TOP/BOTTOM 
  CLK_SCL              V20H10               (73.5000 68.5000) TOP/BOTTOM 
  CLK_SEL0             V20H10               (92.3000 29.5000) TOP/BOTTOM 
  CLK_SEL0             V20H10               (90.5000 47.2500) TOP/BOTTOM 
  CLK_SEL1             V20H10               (90.5000 48.2500) TOP/BOTTOM 
  CLK_SEL1             V20H10               (91.4000 29.6000) TOP/BOTTOM 
  CLK_INTR             V20H10               (90.5000 52.5000) TOP/BOTTOM 
  CLK_INTR             V20H10               (90.0000 29.5000) TOP/BOTTOM 
  CLK_LOL              V20H10               (80.2500 48.2500) TOP/BOTTOM 
  CLK_LOL              V20H10               (89.3000 29.1000) TOP/BOTTOM 
  CLK_P<1>             V20H10               (81.4000 28.6000) TOP/BOTTOM 
  CLK_P<1>             V20H10               (85.1700 43.5200) TOP/BOTTOM 
  CLK_P<0>             V20H10               (79.5000 64.6000) TOP/BOTTOM 
  CLK_P<0>             V20H10               (84.1652 47.1652) TOP/BOTTOM 
  CLK_N<1>             V20H10               (80.7000 28.9000) TOP/BOTTOM 
  CLK_N<1>             V20H10               (84.4300 43.5700) TOP/BOTTOM 
  CLK_SDA              V20H10               (42.7500 63.5000) TOP/BOTTOM 
  CLK_SDA              V20H10               (74.2500 68.2500) TOP/BOTTOM 
  CLK_SDA              V20H10               (90.5000 55.5000) TOP/BOTTOM 
  CLK_N<0>             V20H10               (80.1000 65.2000) TOP/BOTTOM 
  CLK_N<0>             V20H10               (83.6439 46.6439) TOP/BOTTOM 
  AVDD                 V20H10               (98.7500 55.2500) TOP/BOTTOM 
  AVDD                 V20H10               (98.2500 54.0000) TOP/BOTTOM 
  AVDD                 V20H10               (98.7500 54.5000) TOP/BOTTOM 
  AVDD                 V20H10               (99.2500 54.0000) TOP/BOTTOM 
  AVDD                 V20H10               (99.5000 54.7500) TOP/BOTTOM 
  AVDD                 V20H10               (99.2500 50.5000) TOP/BOTTOM 
  AVDD                 V20H10               (99.2500 49.7500) TOP/BOTTOM 
  AVDD                 V20H10               (99.2500 51.2500) TOP/BOTTOM 
  P2V5                 V20H10               (132.3000 55.3000) TOP/BOTTOM 
  P2V5                 V20H10               (133.0500 54.9500) TOP/BOTTOM 
  P2V5                 V20H10               (133.1500 20.9500) TOP/BOTTOM 
  P2V5                 V20H10               (132.5000 21.2500) TOP/BOTTOM 
  P2V5                 V20H10               (133.2000 38.0500) TOP/BOTTOM 
  P2V5                 V20H10               (132.3500 38.5500) TOP/BOTTOM 
  P2V5                 V20H10               (133.4500 41.8000) TOP/BOTTOM 
  P2V5                 V20H10               (132.3500 41.5000) TOP/BOTTOM 
  P2V5                 V20H10               (133.4500 58.8000) TOP/BOTTOM 
  P2V5                 V20H10               (132.5500 58.5500) TOP/BOTTOM 
  P2V5                 V20H10               (133.4000 24.8000) TOP/BOTTOM 
  P2V5                 V20H10               (132.3500 24.4500) TOP/BOTTOM 
  P2V5                 V20H10               (125.0000 33.5000) TOP/BOTTOM 
  P2V5                 V20H10               (125.0000 36.5000) TOP/BOTTOM 
  P2V5                 V20H10               (125.0000 29.5000) TOP/BOTTOM 
  P2V5                 V20H10               (125.0000 32.5000) TOP/BOTTOM 
  P2V5                 V20H10               (122.4000 50.6000) TOP/BOTTOM 
  P2V5                 V20H10               (122.4000 53.5000) TOP/BOTTOM 
  P2V5                 V20H10               (122.4000 46.4500) TOP/BOTTOM 
  P2V5                 V20H10               (122.4000 49.3000) TOP/BOTTOM 
  P2V5                 V20H10               (131.4000 52.6000) TOP/BOTTOM 
  P2V5                 V20H10               (68.8000 19.5000) TOP/BOTTOM 
  P2V5                 V20H10               (81.6000 39.6000) TOP/BOTTOM 
  P2V5                 V20H10               (83.1000 38.0000) TOP/BOTTOM 
  P2V5                 V20H10               (75.3000 38.4000) TOP/BOTTOM 
  P2V5                 V20H10               (73.4000 38.2000) TOP/BOTTOM 
  P2V5                 V20H10               (66.7000 31.5000) TOP/BOTTOM 
  P2V5                 V20H10               (72.6000 41.4000) TOP/BOTTOM 
  P2V5                 V20H10               (92.7500 36.0000) TOP/BOTTOM 
  P2V5                 V20H10               (93.5000 36.2500) TOP/BOTTOM 
  P2V5                 V20H10               (94.2500 36.0000) TOP/BOTTOM 
  P2V5                 V20H10               (95.0000 36.2500) TOP/BOTTOM 
  P2V5                 V20H10               (84.0000 12.5000) TOP/BOTTOM 
  P2V5                 V24H12               (66.5000 16.0000) TOP/BOTTOM 
  P2V5                 V24H12               (66.0000 17.0000) TOP/BOTTOM 
  P2V5                 V24H12               (62.5000 18.0000) TOP/BOTTOM 
  P2V5                 V24H12               (65.5000 18.0000) TOP/BOTTOM 
  P2V5                 V24H12               (64.5000 18.0000) TOP/BOTTOM 
  P2V5                 V24H12               (63.5000 18.0000) TOP/BOTTOM 
  P2V5                 V24H12               (66.5000 18.0000) TOP/BOTTOM 
  P2V5                 V24H12               (62.5000 16.0000) TOP/BOTTOM 
  P2V5                 V24H12               (65.5000 16.0000) TOP/BOTTOM 
  P2V5                 V24H12               (64.5000 16.0000) TOP/BOTTOM 
  P2V5                 V24H12               (63.5000 16.0000) TOP/BOTTOM 
  P2V5                 V24H12               (63.0000 17.0000) TOP/BOTTOM 
  P2V5                 V24H12               (64.0000 17.0000) TOP/BOTTOM 
  P2V5                 V24H12               (65.0000 17.0000) TOP/BOTTOM 
  P2V5                 V20H10               (129.5000 55.2500) TOP/BOTTOM 
  P2V5                 V20H10               (128.2500 59.0000) TOP/BOTTOM 
  P2V5                 V20H10               (129.5000 58.7500) TOP/BOTTOM 
  P2V5                 V20H10               (126.9500 53.4000) TOP/BOTTOM 
  P2V5                 V20H10               (128.2000 50.9000) TOP/BOTTOM 
  P2V5                 V20H10               (127.4500 51.6500) TOP/BOTTOM 
  P2V5                 V20H10               (128.9500 51.6500) TOP/BOTTOM 
  P2V5                 V20H10               (127.4500 50.1500) TOP/BOTTOM 
  P2V5                 V20H10               (128.9500 50.1500) TOP/BOTTOM 
  P2V5                 V20H10               (128.2000 49.4000) TOP/BOTTOM 
  P2V5                 V20H10               (127.4500 48.6500) TOP/BOTTOM 
  P2V5                 V20H10               (128.9500 48.9000) TOP/BOTTOM 
  P2V5                 V20H10               (127.9500 47.9000) TOP/BOTTOM 
  P2V5                 V20H10               (128.2000 52.1500) TOP/BOTTOM 
  P2V5                 V20H10               (128.4500 36.3000) TOP/BOTTOM 
  P2V5                 V20H10               (128.2500 42.0000) TOP/BOTTOM 
  P2V5                 V20H10               (129.5000 41.7500) TOP/BOTTOM 
  P2V5                 V20H10               (129.5000 38.2500) TOP/BOTTOM 
  P2V5                 V20H10               (129.7000 35.0500) TOP/BOTTOM 
  P2V5                 V20H10               (129.7000 32.3000) TOP/BOTTOM 
  P2V5                 V20H10               (130.4500 33.0500) TOP/BOTTOM 
  P2V5                 V20H10               (128.9500 33.0500) TOP/BOTTOM 
  P2V5                 V20H10               (129.7000 33.8000) TOP/BOTTOM 
  P2V5                 V20H10               (130.4500 34.5500) TOP/BOTTOM 
  P2V5                 V20H10               (128.9500 34.5500) TOP/BOTTOM 
  P2V5                 V20H10               (129.4500 30.8000) TOP/BOTTOM 
  P2V5                 V20H10               (130.4500 31.8000) TOP/BOTTOM 
  P2V5                 V20H10               (128.9500 31.5500) TOP/BOTTOM 
  P2V5                 V20H10               (129.7500 19.2500) TOP/BOTTOM 
  P2V5                 V20H10               (128.2500 25.0000) TOP/BOTTOM 
  P2V5                 V20H10               (129.5000 24.7500) TOP/BOTTOM 
  P2V5                 V20H10               (131.0000 18.2500) TOP/BOTTOM 
  P2V5                 V20H10               (131.0000 15.5000) TOP/BOTTOM 
  P2V5                 V20H10               (131.7500 16.2500) TOP/BOTTOM 
  P2V5                 V20H10               (130.2500 16.2500) TOP/BOTTOM 
  P2V5                 V20H10               (131.0000 17.0000) TOP/BOTTOM 
  P2V5                 V20H10               (131.7500 17.7500) TOP/BOTTOM 
  P2V5                 V20H10               (130.2500 17.7500) TOP/BOTTOM 
  P2V5                 V20H10               (130.7500 14.0000) TOP/BOTTOM 
  P2V5                 V20H10               (131.7500 15.0000) TOP/BOTTOM 
  P2V5                 V20H10               (95.2000 57.9000) TOP/BOTTOM 
  P2V5                 V20H10               (95.7500 58.5000) TOP/BOTTOM 
  P2V5                 V20H10               (94.7500 58.5000) TOP/BOTTOM 
  P2V5                 V20H10               (95.2500 60.0000) TOP/BOTTOM 
  P2V5                 V20H10               (94.2500 60.0000) TOP/BOTTOM 
  P2V5                 V20H10               (94.2500 59.0000) TOP/BOTTOM 
  P2V5                 V20H10               (97.7500 59.5000) TOP/BOTTOM 
  P2V5                 V20H10               (97.7500 58.5000) TOP/BOTTOM 
  P2V5                 V20H10               (97.2500 59.0000) TOP/BOTTOM 
  P2V5                 V20H10               (96.7500 58.5000) TOP/BOTTOM 
  P2V5                 V20H10               (96.2500 59.0000) TOP/BOTTOM 
  P2V5                 V20H10               (94.2500 58.0000) TOP/BOTTOM 
  P2V5                 V20H10               (95.7500 59.5000) TOP/BOTTOM 
  P2V5                 V20H10               (96.7500 59.5000) TOP/BOTTOM 
  P2V5                 V20H10               (96.2500 60.0000) TOP/BOTTOM 
  P2V5                 V20H10               (97.2500 60.0000) TOP/BOTTOM 
  P2V5                 V20H10               (98.2500 60.0000) TOP/BOTTOM 
  P2V5                 V20H10               (94.7500 59.5000) TOP/BOTTOM 
  P2V5                 V20H10               (95.2500 59.0000) TOP/BOTTOM 
  P2V5                 V20H10               (94.2500 57.2500) TOP/BOTTOM 
  P2V5                 V20H10               (92.7500 58.2500) TOP/BOTTOM 
  P2V5                 V20H10               (92.5000 57.5000) TOP/BOTTOM 
  P2V5                 V20H10               (91.7500 57.0000) TOP/BOTTOM 
  P2V5                 V20H10               (92.3000 65.2500) TOP/BOTTOM 
  P2V5                 V20H10               (92.8000 67.7500) TOP/BOTTOM 
  P2V5                 V20H10               (122.7500 21.5000) TOP/BOTTOM 
  VCCT_3V3_2           V20H10               (137.1500 47.7500) TOP/BOTTOM 
  VCCT_3V3_2           V20H10               (138.0000 45.7500) TOP/BOTTOM 
  VCCT_3V3_2           V20H10               (137.0000 46.7500) TOP/BOTTOM 
  VCCT_3V3_2           V20H10               (136.5000 46.2500) TOP/BOTTOM 
  VCCT_3V3_2           V20H10               (136.0000 46.7500) TOP/BOTTOM 
  VCCT_3V3_2           V20H10               (136.0000 45.7500) TOP/BOTTOM 
  VCCT_3V3_1           V20H10               (138.0000 11.7500) TOP/BOTTOM 
  VCCT_3V3_1           V20H10               (137.0000 12.7500) TOP/BOTTOM 
  VCCT_3V3_1           V20H10               (136.5000 12.2500) TOP/BOTTOM 
  VCCT_3V3_1           V20H10               (136.0000 11.7500) TOP/BOTTOM 
  VCCT_3V3_1           V20H10               (136.0000 12.7500) TOP/BOTTOM 
  VCCT_3V3_1           V20H10               (135.5000 12.2500) TOP/BOTTOM 
  VCCT_3V3             V20H10               (138.0000 28.7500) TOP/BOTTOM 
  VCCT_3V3             V20H10               (137.0000 29.7500) TOP/BOTTOM 
  VCCT_3V3             V20H10               (136.5000 29.2500) TOP/BOTTOM 
  VCCT_3V3             V20H10               (136.0000 28.7500) TOP/BOTTOM 
  VCCT_3V3             V20H10               (136.0000 29.7500) TOP/BOTTOM 
  VCCT_3V3             V20H10               (135.2500 29.2500) TOP/BOTTOM 
  VCCR_3V3_2           V20H10               (137.5000 57.8500) TOP/BOTTOM 
  VCCR_3V3_2           V20H10               (142.7500 56.0000) TOP/BOTTOM 
  VCCR_3V3_2           V20H10               (137.2500 59.0000) TOP/BOTTOM 
  VCCR_3V3_2           V20H10               (137.2500 59.7500) TOP/BOTTOM 
  VCCR_3V3_2           V20H10               (135.7500 59.0000) TOP/BOTTOM 
  VCCR_3V3_2           V20H10               (137.2500 60.5000) TOP/BOTTOM 
  VCCR_3V3_2           V20H10               (135.7500 59.7500) TOP/BOTTOM 
  VCCR_3V3_2           V20H10               (135.7500 60.5000) TOP/BOTTOM 
  VCCR_3V3_2           V20H10               (138.2500 61.5000) TOP/BOTTOM 
  VCCR_3V3_2           V20H10               (137.5000 61.5000) TOP/BOTTOM 
  VCCR_3V3_2           V20H10               (136.7500 61.5000) TOP/BOTTOM 
  VCCR_3V3_2           V20H10               (136.0000 61.5000) TOP/BOTTOM 
  VCCR_3V3_1           V20H10               (137.7750 23.7750) TOP/BOTTOM 
  VCCR_3V3_1           V20H10               (143.0000 22.2500) TOP/BOTTOM 
  VCCR_3V3_1           V20H10               (136.0000 25.0000) TOP/BOTTOM 
  VCCR_3V3_1           V20H10               (137.5000 25.0000) TOP/BOTTOM 
  VCCR_3V3_1           V20H10               (137.5000 25.7500) TOP/BOTTOM 
  VCCR_3V3_1           V20H10               (136.0000 25.7500) TOP/BOTTOM 
  VCCR_3V3_1           V20H10               (136.0000 26.5000) TOP/BOTTOM 
  VCCR_3V3_1           V20H10               (137.5000 26.5000) TOP/BOTTOM 
  VCCR_3V3_1           V20H10               (138.2500 27.5000) TOP/BOTTOM 
  VCCR_3V3_1           V20H10               (137.5000 27.5000) TOP/BOTTOM 
  VCCR_3V3_1           V20H10               (136.0000 27.5000) TOP/BOTTOM 
  VCCR_3V3             V20H10               (137.5000 40.8000) TOP/BOTTOM 
  VCCR_3V3             V20H10               (143.0000 39.0000) TOP/BOTTOM 
  VCCR_3V3             V20H10               (135.7500 42.0000) TOP/BOTTOM 
  VCCR_3V3             V20H10               (137.2500 42.0000) TOP/BOTTOM 
  VCCR_3V3             V20H10               (137.2500 42.7500) TOP/BOTTOM 
  VCCR_3V3             V20H10               (135.7500 42.7500) TOP/BOTTOM 
  VCCR_3V3             V20H10               (135.7500 43.5000) TOP/BOTTOM 
  VCCR_3V3             V20H10               (137.2500 43.5000) TOP/BOTTOM 
  VCCR_3V3             V20H10               (138.2500 44.5000) TOP/BOTTOM 
  VCCR_3V3             V20H10               (137.5000 44.5000) TOP/BOTTOM 
  VCCR_3V3             V20H10               (136.7500 44.5000) TOP/BOTTOM 
  VCCR_3V3             V20H10               (136.0000 44.5000) TOP/BOTTOM 
  TMS_1                V20H10               (42.8000 46.1000) TOP/BOTTOM 
  TMS_1                V20H10               (41.3000 39.4000) TOP/BOTTOM 
  TDO_1                V20H10               (42.8000 48.7000) TOP/BOTTOM 
  TDO_1                V20H10               (43.8000 39.1000) TOP/BOTTOM 
  TDI_1                V20H10               (45.9000 39.8000) TOP/BOTTOM 
  TDI_1                V20H10               (46.8000 37.9000) TOP/BOTTOM 
  SFP_SDA<2>           V20H10               (86.5000 36.2000) TOP/BOTTOM 
  SFP_SDA<1>           V20H10               (144.7500 41.0000) TOP/BOTTOM 
  SFP_SDA<1>           V20H10               (87.9000 39.2000) TOP/BOTTOM 
  SFP_SDA<0>           V20H10               (91.7000 26.3000) TOP/BOTTOM 
  SFP_SDA<0>           V20H10               (88.8000 35.8000) TOP/BOTTOM 
  SFP_SCL<2>           V20H10               (85.7000 36.1000) TOP/BOTTOM 
  SFP_TX_DISABLE<2>    V20H10               (116.8000 53.5000) TOP/BOTTOM 
  SFP_TX_DISABLE<2>    V20H10               (114.2000 40.8000) TOP/BOTTOM 
  SFP_TX_DISABLE<2>    V20H10               (89.9000 39.7000) TOP/BOTTOM 
  SFP_TX_DISABLE<1>    V20H10               (92.3000 39.8000) TOP/BOTTOM 
  SFP_TX_DISABLE<0>    V20H10               (114.0000 23.2500) TOP/BOTTOM 
  SFP_TX_DISABLE<0>    V20H10               (114.7500 31.5000) TOP/BOTTOM 
  SFP_TX_DISABLE<0>    V20H10               (94.0000 39.4000) TOP/BOTTOM 
  SFP_TX_FAULT<2>      V20H10               (116.7000 52.6000) TOP/BOTTOM 
  SFP_TX_FAULT<2>      V20H10               (117.7500 26.7500) TOP/BOTTOM 
  SFP_TX_FAULT<2>      V20H10               (92.5000 27.5000) TOP/BOTTOM 
  SFP_TX_FAULT<1>      V20H10               (70.3000 65.4300) TOP/BOTTOM 
  SFP_TX_FAULT<0>      V20H10               (113.2500 22.7500) TOP/BOTTOM 
  SFP_TX_FAULT<0>      V20H10               (114.0000 32.2500) TOP/BOTTOM 
  SFP_TX_FAULT<0>      V20H10               (92.9000 39.3000) TOP/BOTTOM 
  SFP_LOS<2>           V20H10               (119.3000 58.2500) TOP/BOTTOM 
  SFP_LOS<2>           V20H10               (118.2500 26.0000) TOP/BOTTOM 
  SFP_LOS<2>           V20H10               (92.7500 26.2500) TOP/BOTTOM 
  SFP_SCL<1>           V20H10               (87.7000 40.0000) TOP/BOTTOM 
  SFP_LOS<1>           V20H10               (90.6000 39.2000) TOP/BOTTOM 
  SFP_LOS<0>           V20H10               (115.5000 24.0000) TOP/BOTTOM 
  SFP_LOS<0>           V20H10               (115.5000 26.7500) TOP/BOTTOM 
  SFP_LOS<0>           V20H10               (91.4000 35.8000) TOP/BOTTOM 
  SFP_SCL<0>           V20H10               (88.1000 36.1000) TOP/BOTTOM 
  DCDC_3V3_PG          V20H10               (18.5500 34.5000) TOP/BOTTOM 
  DCDC_3V3_PG          V20H10               (20.5000 37.2500) TOP/BOTTOM 
  DCDC_ENABLE          V20H10               (19.6500 25.7000) TOP/BOTTOM 
  NOVER_TEMP           V20H10               (13.0000 19.7000) TOP/BOTTOM 
  NOVER_TEMP           V20H10               (9.7000 29.2000) TOP/BOTTOM 
  NOVER_TEMP           V20H10               (48.7500 17.0000) TOP/BOTTOM 
  NOVER_TEMP           V20H10               (81.5000 18.2500) TOP/BOTTOM 
  N00904               V20H10               (74.0000 52.2500) TOP/BOTTOM 
  N00904               V20H10               (74.5000 48.0000) TOP/BOTTOM 
  N00771               V20H10               (67.2500 68.5000) TOP/BOTTOM 
  N00771               V20H10               (72.7600 68.4300) TOP/BOTTOM 
  N00469               V20H10               (14.2500 13.5500) TOP/BOTTOM 
  N00469               V20H10               (9.8000 14.1500) TOP/BOTTOM 
  N00469               V20H10               (4.5750 42.4750) TOP/BOTTOM 
  AMC_N_ENABLE         V20H10               (17.4000 19.5500) TOP/BOTTOM 
  AMC_N_ENABLE         V20H10               (6.4500 35.8500) TOP/BOTTOM 
  TCK_2                V20H10               (19.9000 19.2000) TOP/BOTTOM 
  TCK_2                V20H10               (18.4000 11.6000) TOP/BOTTOM 
  TMS_2                V20H10               (19.9000 20.2000) TOP/BOTTOM 
  TMS_2                V20H10               (17.4500 11.3000) TOP/BOTTOM 
  TDO_2                V20H10               (14.0000 5.5000) TOP/BOTTOM 
  TDO_2                V20H10               (19.9500 26.7500) TOP/BOTTOM 
  TDI_2                V20H10               (6.5000 6.5000)  TOP/BOTTOM 
  TDI_2                V20H10               (8.9000 13.5000) TOP/BOTTOM 
  GBE_TX_N             V20H10               (107.5000 49.9202) TOP/BOTTOM 
  GBE_TX_N             V20H10               (5.5550 13.4782) TOP/BOTTOM 
  GBE_TX_N             V20H10               (103.5000 53.0865) TOP/BOTTOM 
  GBE_TX_P             V20H10               (107.5000 49.1831) TOP/BOTTOM 
  GBE_TX_P             V20H10               (5.5550 12.7411) TOP/BOTTOM 
  GBE_TX_P             V20H10               (103.5000 52.3494) TOP/BOTTOM 
  GBE_RX_N             V20H10               (107.6020 53.3819) TOP/BOTTOM 
  GBE_RX_N             V20H10               (5.5000 16.0000) TOP/BOTTOM 
  GBE_RX_P             V20H10               (107.6020 52.0541) TOP/BOTTOM 
  GBE_RX_P             V20H10               (5.5000 14.7383) TOP/BOTTOM 
  IMPB_SCL             V20H10               (7.9000 36.8500) TOP/BOTTOM 
  IMPB_SDA             V20H10               (6.5000 57.2500) TOP/BOTTOM 
  DATA_OUT_P<11>       V20H10               (30.2500 13.7500) TOP/BOTTOM 
  DATA_OUT_P<11>       V20H10               (73.4000 20.5242) TOP/BOTTOM 
  DATA_OUT_P<10>       V20H10               (75.2000 20.5000) TOP/BOTTOM 
  DATA_OUT_P<10>       V20H10               (19.8500 11.8500) TOP/BOTTOM 
  DATA_OUT_P<9>        V20H10               (75.7060 23.0000) TOP/BOTTOM 
  DATA_OUT_P<9>        V20H10               (34.0000 20.2500) TOP/BOTTOM 
  DATA_OUT_P<8>        V20H10               (77.5560 22.7500) TOP/BOTTOM 
  DATA_OUT_P<8>        V20H10               (26.5000 17.0000) TOP/BOTTOM 
  DATA_OUT_P<7>        V20H10               (79.0629 35.9000) TOP/BOTTOM 
  DATA_OUT_P<7>        V20H10               (81.0000 26.0000) TOP/BOTTOM 
  DATA_OUT_P<7>        V20H10               (32.4128 20.2946) TOP/BOTTOM 
  DATA_OUT_P<6>        V20H10               (26.9816 18.4816) TOP/BOTTOM 
  DATA_OUT_P<6>        V20H10               (78.7500 20.0000) TOP/BOTTOM 
  DATA_OUT_P<5>        V20H10               (82.7500 25.2500) TOP/BOTTOM 
  DATA_OUT_P<5>        V20H10               (31.3600 20.1500) TOP/BOTTOM 
  DATA_OUT_P<4>        V20H10               (36.0000 29.0000) TOP/BOTTOM 
  DATA_OUT_P<4>        V20H10               (82.3000 35.7000) TOP/BOTTOM 
  DATA_OUT_P<4>        V20H10               (27.1368 20.6590) TOP/BOTTOM 
  DATA_OUT_P<3>        V20H10               (84.4000 32.1000) TOP/BOTTOM 
  DATA_OUT_P<3>        V20H10               (32.2500 23.5000) TOP/BOTTOM 
  DATA_OUT_P<2>        V20H10               (84.5440 23.0000) TOP/BOTTOM 
  DATA_OUT_P<2>        V20H10               (26.4600 22.7900) TOP/BOTTOM 
  DATA_OUT_P<1>        V20H10               (85.8730 25.6244) TOP/BOTTOM 
  DATA_OUT_P<1>        V20H10               (30.7852 24.3654) TOP/BOTTOM 
  DATA_OUT_P<0>        V20H10               (86.9000 27.6000) TOP/BOTTOM 
  DATA_OUT_P<0>        V20H10               (26.5099 24.9901) TOP/BOTTOM 
  DATA_OUT_N<11>       V20H10               (30.9871 13.5089) TOP/BOTTOM 
  DATA_OUT_N<11>       V20H10               (72.4000 20.4242) TOP/BOTTOM 
  DATA_OUT_N<10>       V20H10               (74.4000 20.6000) TOP/BOTTOM 
  DATA_OUT_N<10>       V20H10               (20.8000 11.8500) TOP/BOTTOM 
  DATA_OUT_N<9>        V20H10               (74.9689 23.0000) TOP/BOTTOM 
  DATA_OUT_N<9>        V20H10               (34.9871 20.2500) TOP/BOTTOM 
  DATA_OUT_N<8>        V20H10               (76.8189 22.7500) TOP/BOTTOM 
  DATA_OUT_N<8>        V20H10               (27.2500 16.0000) TOP/BOTTOM 
  DATA_OUT_N<7>        V20H10               (79.8000 35.9000) TOP/BOTTOM 
  DATA_OUT_N<7>        V20H10               (81.0000 26.7500) TOP/BOTTOM 
  DATA_OUT_N<7>        V20H10               (32.9341 20.8159) TOP/BOTTOM 
  DATA_OUT_N<6>        V20H10               (26.4603 17.9603) TOP/BOTTOM 
  DATA_OUT_N<6>        V20H10               (79.4871 20.0000) TOP/BOTTOM 
  DATA_OUT_N<5>        V20H10               (82.5335 25.9666) TOP/BOTTOM 
  DATA_OUT_N<5>        V20H10               (31.1500 19.4400) TOP/BOTTOM 
  DATA_OUT_N<4>        V20H10               (27.1368 19.9219) TOP/BOTTOM 
  DATA_OUT_N<4>        V20H10               (81.6000 36.1000) TOP/BOTTOM 
  DATA_OUT_N<4>        V20H10               (36.7500 28.2500) TOP/BOTTOM 
  DATA_OUT_N<3>        V20H10               (83.6000 32.2000) TOP/BOTTOM 
  DATA_OUT_N<3>        V20H10               (32.5000 24.5000) TOP/BOTTOM 
  DATA_OUT_N<2>        V20H10               (85.2811 23.0000) TOP/BOTTOM 
  DATA_OUT_N<2>        V20H10               (26.8600 22.1600) TOP/BOTTOM 
  DATA_OUT_N<1>        V20H10               (86.3943 25.1031) TOP/BOTTOM 
  DATA_OUT_N<1>        V20H10               (31.3065 23.8441) TOP/BOTTOM 
  DATA_OUT_N<0>        V20H10               (87.3901 27.0098) TOP/BOTTOM 
  DATA_OUT_N<0>        V20H10               (27.0399 24.4601) TOP/BOTTOM 
  DATA_IN_P<11>        V20H10               (90.5000 59.7500) TOP/BOTTOM 
  DATA_IN_P<11>        V20H10               (30.6929 25.5100) TOP/BOTTOM 
  DATA_IN_P<10>        V20H10               (26.7500 26.8371) TOP/BOTTOM 
  DATA_IN_P<10>        V20H10               (88.6358 60.5118) TOP/BOTTOM 
  DATA_IN_P<9>         V20H10               (85.3561 60.3318) TOP/BOTTOM 
  DATA_IN_P<9>         V20H10               (35.2500 29.5000) TOP/BOTTOM 
  AMC_GA<2>            V20H10               (4.5000 23.7500) TOP/BOTTOM 
  DATA_IN_P<8>         V20H10               (23.7500 28.7500) TOP/BOTTOM 
  DATA_IN_P<8>         V20H10               (84.6814 64.7451) TOP/BOTTOM 
  DATA_IN_P<7>         V20H10               (82.3750 64.8000) TOP/BOTTOM 
  DATA_IN_P<7>         V20H10               (31.2500 30.7500) TOP/BOTTOM 
  DATA_IN_P<6>         V20H10               (26.7500 30.0000) TOP/BOTTOM 
  DATA_IN_P<6>         V20H10               (81.0744 64.5000) TOP/BOTTOM 
  DATA_IN_P<5>         V20H10               (32.7500 32.5000) TOP/BOTTOM 
  DATA_IN_P<5>         V20H10               (56.5000 31.2500) TOP/BOTTOM 
  DATA_IN_P<5>         V20H10               (60.6400 60.0700) TOP/BOTTOM 
  DATA_IN_P<5>         V20H10               (83.2000 67.9000) TOP/BOTTOM 
  DATA_IN_P<4>         V20H10               (26.7500 32.7500) TOP/BOTTOM 
  DATA_IN_P<4>         V20H10               (55.0000 33.2500) TOP/BOTTOM 
  DATA_IN_P<4>         V20H10               (56.6256 59.1244) TOP/BOTTOM 
  DATA_IN_P<4>         V20H10               (84.5000 68.0000) TOP/BOTTOM 
  DATA_IN_P<3>         V20H10               (34.0000 34.2500) TOP/BOTTOM 
  DATA_IN_P<3>         V20H10               (52.2500 34.0000) TOP/BOTTOM 
  DATA_IN_P<3>         V20H10               (54.8900 57.7400) TOP/BOTTOM 
  DATA_IN_P<3>         V20H10               (86.7500 69.5000) TOP/BOTTOM 
  DATA_IN_P<2>         V20H10               (23.5000 34.7500) TOP/BOTTOM 
  DATA_IN_P<2>         V20H10               (51.0000 35.7500) TOP/BOTTOM 
  DATA_IN_P<2>         V20H10               (53.6000 55.3400) TOP/BOTTOM 
  DATA_IN_P<2>         V20H10               (87.7500 68.0000) TOP/BOTTOM 
  DATA_IN_P<1>         V20H10               (30.0000 35.7061) TOP/BOTTOM 
  DATA_IN_P<1>         V20H10               (48.0713 36.5000) TOP/BOTTOM 
  DATA_IN_P<1>         V20H10               (48.1800 54.9700) TOP/BOTTOM 
  DATA_IN_P<1>         V20H10               (87.7500 69.0000) TOP/BOTTOM 
  DATA_IN_P<0>         V20H10               (27.0000 36.7811) TOP/BOTTOM 
  DATA_IN_P<0>         V20H10               (45.7317 37.7317) TOP/BOTTOM 
  DATA_IN_P<0>         V20H10               (45.9700 52.9400) TOP/BOTTOM 
  DATA_IN_P<0>         V20H10               (91.2500 68.2500) TOP/BOTTOM 
  DATA_IN_N<11>        V20H10               (91.2500 59.2500) TOP/BOTTOM 
  DATA_IN_N<11>        V20H10               (31.4300 25.5100) TOP/BOTTOM 
  DATA_IN_N<10>        V20H10               (26.7500 26.1000) TOP/BOTTOM 
  DATA_IN_N<10>        V20H10               (89.1571 59.9905) TOP/BOTTOM 
  DATA_IN_N<9>         V20H10               (84.8348 60.8531) TOP/BOTTOM 
  DATA_IN_N<9>         V20H10               (34.5000 29.0000) TOP/BOTTOM 
  DATA_IN_N<8>         V20H10               (23.7500 27.7500) TOP/BOTTOM 
  DATA_IN_N<8>         V20H10               (85.4185 64.7451) TOP/BOTTOM 
  DATA_IN_N<7>         V20H10               (32.0000 30.0000) TOP/BOTTOM 
  DATA_IN_N<7>         V20H10               (82.7000 64.1000) TOP/BOTTOM 
  DATA_IN_N<6>         V20H10               (26.5000 29.0000) TOP/BOTTOM 
  DATA_IN_N<6>         V20H10               (81.3000 65.3000) TOP/BOTTOM 
  DATA_IN_N<5>         V20H10               (32.7500 31.5000) TOP/BOTTOM 
  DATA_IN_N<5>         V20H10               (55.7629 30.5000) TOP/BOTTOM 
  DATA_IN_N<5>         V20H10               (59.9000 60.1000) TOP/BOTTOM 
  DATA_IN_N<5>         V20H10               (83.0000 68.7000) TOP/BOTTOM 
  DATA_IN_N<4>         V20H10               (26.5000 32.0000) TOP/BOTTOM 
  DATA_IN_N<4>         V20H10               (54.2500 32.5000) TOP/BOTTOM 
  DATA_IN_N<4>         V20H10               (56.1043 59.6457) TOP/BOTTOM 
  DATA_IN_N<4>         V20H10               (83.7500 68.5000) TOP/BOTTOM 
  DATA_IN_N<3>         V20H10               (34.2500 33.5000) TOP/BOTTOM 
  DATA_IN_N<3>         V20H10               (53.0000 34.5000) TOP/BOTTOM 
  DATA_IN_N<3>         V20H10               (55.4980 57.3037) TOP/BOTTOM 
  DATA_IN_N<3>         V20H10               (86.2500 68.7500) TOP/BOTTOM 
  DATA_IN_N<2>         V20H10               (23.5000 34.0129) TOP/BOTTOM 
  DATA_IN_N<2>         V20H10               (50.4800 35.2100) TOP/BOTTOM 
  DATA_IN_N<2>         V20H10               (53.0600 55.8500) TOP/BOTTOM 
  DATA_IN_N<2>         V20H10               (87.0000 68.2500) TOP/BOTTOM 
  DATA_IN_N<1>         V20H10               (30.0000 34.9690) TOP/BOTTOM 
  DATA_IN_N<1>         V20H10               (48.7500 37.0000) TOP/BOTTOM 
  DATA_IN_N<1>         V20H10               (48.7100 54.4500) TOP/BOTTOM 
  DATA_IN_N<1>         V20H10               (88.5000 69.0000) TOP/BOTTOM 
  AMC_GA<0>            V20H10               (7.2000 11.6000) TOP/BOTTOM 
  DATA_IN_N<0>         V20H10               (27.0000 36.0440) TOP/BOTTOM 
  DATA_IN_N<0>         V20H10               (45.2104 37.2104) TOP/BOTTOM 
  DATA_IN_N<0>         V20H10               (45.4487 53.4613) TOP/BOTTOM 
  DATA_IN_N<0>         V20H10               (90.5000 69.0000) TOP/BOTTOM 
  AMC_N_PS<1>          V20H10               (7.1500 31.6500) TOP/BOTTOM 
  AMC_N_PS<1>          V20H10               (5.2500 6.7500)  TOP/BOTTOM 
  AMC_N_PS<0>          V20H10               (13.9500 22.6000) TOP/BOTTOM 
  AMC_N_PS<0>          V20H10               (13.1500 21.0500) TOP/BOTTOM 
  AMC_N_PS<0>          V20H10               (6.9000 16.5000) TOP/BOTTOM 
  AMC_N_PS<0>          V20H10               (5.5000 66.7500) TOP/BOTTOM 
  VP12                 V24H12               (143.2500 6.5000) TOP/BOTTOM 
  VP12                 V24H12               (116.7500 23.7500) TOP/BOTTOM 
  VP12                 V24H12               (112.2500 22.7500) TOP/BOTTOM 
  VP12                 V24H12               (118.2500 23.7500) TOP/BOTTOM 
  VP12                 V24H12               (140.7500 6.5000) TOP/BOTTOM 
  VP12                 V24H12               (145.5000 6.5000) TOP/BOTTOM 
  VP12                 V24H12               (114.2500 4.2500) TOP/BOTTOM 
  VP12                 V24H12               (6.0500 67.5000) TOP/BOTTOM 
  VP12                 V24H12               (5.3000 58.1000) TOP/BOTTOM 
  VP12                 V24H12               (5.0500 46.8500) TOP/BOTTOM 
  VP12                 V24H12               (5.7500 36.2500) TOP/BOTTOM 
  VP12                 V24H12               (4.2500 18.0000) TOP/BOTTOM 
  VP12                 V24H12               (7.2500 6.0000)  TOP/BOTTOM 
  VP12                 V24H12               (4.5000 24.7500) TOP/BOTTOM 
  VP12                 V24H12               (4.7000 10.8000) TOP/BOTTOM 
  VP12                 V24H12               (19.7500 36.2500) TOP/BOTTOM 
  AUXIO_N3             V20H10               (33.7100 52.1700) TOP/BOTTOM 
  AUXIO_N3             V20H10               (74.8900 65.2200) TOP/BOTTOM 
  AUXIO_N4             V20H10               (37.4900 49.7700) TOP/BOTTOM 
  AUXIO_N4             V20H10               (44.9700 56.0000) TOP/BOTTOM 
  AUXIO_N5             V20H10               (33.2800 47.2700) TOP/BOTTOM 
  AUXIO_N5             V20H10               (49.3215 52.7965) TOP/BOTTOM 
  AUXIO_N5             V20H10               (57.6365 61.0335) TOP/BOTTOM 
  AUXIO_N5             V20H10               (71.7000 65.3600) TOP/BOTTOM 
  AUXIO_P5             V20H10               (41.6100 47.2900) TOP/BOTTOM 
  AUXIO_P5             V20H10               (49.3215 52.1615) TOP/BOTTOM 
  AUXIO_P5             V20H10               (58.0856 60.5844) TOP/BOTTOM 
  AUXIO_P5             V20H10               (72.6450 65.1550) TOP/BOTTOM 
  AUXIO_P2             V20H10               (37.6539 55.3039) TOP/BOTTOM 
  AUXIO_P2             V20H10               (48.9100 62.0500) TOP/BOTTOM 
  AUXIO_P4             V20H10               (41.5000 49.8000) TOP/BOTTOM 
  AUXIO_P4             V20H10               (44.2200 55.2500) TOP/BOTTOM 
  AUXIO_P3             V20H10               (41.7400 52.3100) TOP/BOTTOM 
  AUXIO_P3             V20H10               (74.0800 65.1400) TOP/BOTTOM 
  DATA_FROM_UPSTREAM_P<2> V20H10               (111.2000 42.3000) TOP/BOTTOM 
  DATA_FROM_UPSTREAM_P<2> V20H10               (109.6909 42.3091) TOP/BOTTOM 
  AUXIO_N7             V20H10               (33.7000 42.2000) TOP/BOTTOM 
  AUXIO_N7             V20H10               (64.3039 64.1100) TOP/BOTTOM 
  AUXIO_N0             V20H10               (41.8300 59.3500) TOP/BOTTOM 
  AUXIO_N0             V20H10               (37.3700 59.9100) TOP/BOTTOM 
  AUXIO_N6             V20H10               (33.6200 44.6400) TOP/BOTTOM 
  AUXIO_N6             V20H10               (52.4050 58.9200) TOP/BOTTOM 
  AUXIO_N6             V20H10               (69.3391 67.5609) TOP/BOTTOM 
  AUXIO_P6             V20H10               (41.5000 44.7000) TOP/BOTTOM 
  AUXIO_P6             V20H10               (51.9500 59.3750) TOP/BOTTOM 
  AUXIO_P6             V20H10               (68.6290 68.0200) TOP/BOTTOM 
  AUXIO_N1             V20H10               (37.3900 57.3900) TOP/BOTTOM 
  AUXIO_N1             V20H10               (42.0300 57.7300) TOP/BOTTOM 
  AUXIO_N2             V20H10               (37.6539 54.3567) TOP/BOTTOM 
  AUXIO_N2             V20H10               (48.9100 61.0800) TOP/BOTTOM 
  AUXIO_P7             V20H10               (41.5000 42.1000) TOP/BOTTOM 
  AUXIO_P7             V20H10               (64.9389 64.1100) TOP/BOTTOM 
  REFCLK_OUT1_N        V20H10               (7.0000 45.5689) TOP/BOTTOM 
  REFCLK_OUT1_N        V20H10               (50.1132 58.5871) TOP/BOTTOM 
  REFCLK_OUT1_P        V20H10               (7.0000 46.3060) TOP/BOTTOM 
  REFCLK_OUT1_P        V20H10               (50.1132 57.8500) TOP/BOTTOM 
  REFCLK_OUT0_N        V20H10               (6.7104 58.9604) TOP/BOTTOM 
  REFCLK_OUT0_N        V20H10               (53.2312 60.9812) TOP/BOTTOM 
  REFCLK_OUT0_P        V20H10               (7.2317 59.4817) TOP/BOTTOM 
  REFCLK_OUT0_P        V20H10               (52.7099 60.4599) TOP/BOTTOM 
  FPGA_PG              V20H10               (8.7000 26.7500) TOP/BOTTOM 
  FPGA_PG              V20H10               (10.3000 36.8500) TOP/BOTTOM 
  FPGA_PG              V20H10               (10.3000 38.5500) TOP/BOTTOM 
  FPGA_PG              V20H10               (87.5000 64.2500) TOP/BOTTOM 
  VCC3V3               V24H12               (9.4000 40.1500) TOP/BOTTOM 
  VCC3V3               V24H12               (130.6300 69.1600) TOP/BOTTOM 
  VCC3V3               V24H12               (94.3000 29.3000) TOP/BOTTOM 
  VCC3V3               V24H12               (94.9000 45.9000) TOP/BOTTOM 
  VCC3V3               V24H12               (153.7500 57.5000) TOP/BOTTOM 
  VCC3V3               V24H12               (153.7500 56.5000) TOP/BOTTOM 
  VCC3V3               V24H12               (153.7500 55.5000) TOP/BOTTOM 
  VCC3V3               V24H12               (153.7500 54.5000) TOP/BOTTOM 
  VCC3V3               V24H12               (153.7500 51.5000) TOP/BOTTOM 
  VCC3V3               V24H12               (153.7500 52.5000) TOP/BOTTOM 
  VCC3V3               V24H12               (153.7500 53.5000) TOP/BOTTOM 
  VCC3V3               V24H12               (154.0000 40.5000) TOP/BOTTOM 
  VCC3V3               V24H12               (154.0012 39.5012) TOP/BOTTOM 
  VCC3V3               V24H12               (154.0000 38.5000) TOP/BOTTOM 
  VCC3V3               V24H12               (154.0000 37.5000) TOP/BOTTOM 
  VCC3V3               V24H12               (154.0000 35.5000) TOP/BOTTOM 
  VCC3V3               V24H12               (154.0000 34.5000) TOP/BOTTOM 
  VCC3V3               V24H12               (154.0000 36.5000) TOP/BOTTOM 
  VCC3V3               V24H12               (154.0000 23.5000) TOP/BOTTOM 
  VCC3V3               V24H12               (154.0000 22.5000) TOP/BOTTOM 
  VCC3V3               V24H12               (154.0000 21.5000) TOP/BOTTOM 
  VCC3V3               V24H12               (154.0000 17.5000) TOP/BOTTOM 
  VCC3V3               V24H12               (154.0000 18.5000) TOP/BOTTOM 
  VCC3V3               V24H12               (154.0000 20.5000) TOP/BOTTOM 
  VCC3V3               V24H12               (154.0000 19.5000) TOP/BOTTOM 
  VCC3V3               V24H12               (127.0000 60.7500) TOP/BOTTOM 
  VCC3V3               V24H12               (127.5000 61.5000) TOP/BOTTOM 
  VCC3V3               V24H12               (128.0000 60.7500) TOP/BOTTOM 
  VCC3V3               V24H12               (128.5000 61.5000) TOP/BOTTOM 
  VCC3V3               V24H12               (129.0000 60.7500) TOP/BOTTOM 
  VCC3V3               V24H12               (129.7500 61.5000) TOP/BOTTOM 
  VCC3V3               V24H12               (130.2500 60.7500) TOP/BOTTOM 
  VCC3V3               V24H12               (131.2500 60.7500) TOP/BOTTOM 
  VCC3V3               V24H12               (126.7500 46.5000) TOP/BOTTOM 
  VCC3V3               V24H12               (128.0000 46.5000) TOP/BOTTOM 
  VCC3V3               V24H12               (129.5000 46.5000) TOP/BOTTOM 
  VCC3V3               V24H12               (130.2500 45.7500) TOP/BOTTOM 
  VCC3V3               V24H12               (131.0000 46.5000) TOP/BOTTOM 
  VCC3V3               V24H12               (130.2500 44.5000) TOP/BOTTOM 
  VCC3V3               V24H12               (129.5000 43.7500) TOP/BOTTOM 
  VCC3V3               V24H12               (128.7500 45.7500) TOP/BOTTOM 
  VCC3V3               V24H12               (127.2500 44.5000) TOP/BOTTOM 
  VCC3V3               V24H12               (128.7500 44.5000) TOP/BOTTOM 
  VCC3V3               V24H12               (128.0000 43.7500) TOP/BOTTOM 
  VCC3V3               V24H12               (127.5000 45.7500) TOP/BOTTOM 
  VCC3V3               V24H12               (126.7500 43.7500) TOP/BOTTOM 
  VCC3V3               V24H12               (127.2500 29.5000) TOP/BOTTOM 
  VCC3V3               V24H12               (128.0000 28.7500) TOP/BOTTOM 
  VCC3V3               V24H12               (128.5000 29.5000) TOP/BOTTOM 
  VCC3V3               V24H12               (129.2500 28.7500) TOP/BOTTOM 
  VCC3V3               V24H12               (129.7500 29.5000) TOP/BOTTOM 
  VCC3V3               V24H12               (130.5000 28.7500) TOP/BOTTOM 
  VCC3V3               V24H12               (131.0000 29.5000) TOP/BOTTOM 
  VCC3V3               V24H12               (130.5000 27.5000) TOP/BOTTOM 
  VCC3V3               V24H12               (129.7500 26.7500) TOP/BOTTOM 
  VCC3V3               V24H12               (126.7500 27.5000) TOP/BOTTOM 
  VCC3V3               V24H12               (126.7500 28.7500) TOP/BOTTOM 
  VCC3V3               V24H12               (129.2500 27.5000) TOP/BOTTOM 
  VCC3V3               V24H12               (128.5000 26.7500) TOP/BOTTOM 
  VCC3V3               V24H12               (128.0000 27.5000) TOP/BOTTOM 
  VCC3V3               V24H12               (127.2500 26.7500) TOP/BOTTOM 
  VCC3V3               V24H12               (130.2500 12.5000) TOP/BOTTOM 
  VCC3V3               V24H12               (129.5000 12.0000) TOP/BOTTOM 
  VCC3V3               V24H12               (128.7500 12.5000) TOP/BOTTOM 
  VCC3V3               V24H12               (127.7500 12.5000) TOP/BOTTOM 
  VCC3V3               V24H12               (114.0000 16.0000) TOP/BOTTOM 
  VCC3V3               V24H12               (113.0000 16.0000) TOP/BOTTOM 
  VCC3V3               V24H12               (112.0000 16.0000) TOP/BOTTOM 
  VCC3V3               V24H12               (111.0000 16.0000) TOP/BOTTOM 
  VCC3V3               V24H12               (110.0000 16.0000) TOP/BOTTOM 
  VCC3V3               V24H12               (110.5000 17.0000) TOP/BOTTOM 
  VCC3V3               V24H12               (111.5000 17.0000) TOP/BOTTOM 
  VCC3V3               V24H12               (112.5000 17.0000) TOP/BOTTOM 
  VCC3V3               V24H12               (113.5000 17.0000) TOP/BOTTOM 
  VCC3V3               V24H12               (114.0000 18.0000) TOP/BOTTOM 
  VCC3V3               V24H12               (113.0000 18.0000) TOP/BOTTOM 
  VCC3V3               V24H12               (112.0000 18.0000) TOP/BOTTOM 
  VCC3V3               V24H12               (111.0000 18.0000) TOP/BOTTOM 
  VCC3V3               V24H12               (110.0000 18.0000) TOP/BOTTOM 
  VCC3V3               V24H12               (96.5000 68.5000) TOP/BOTTOM 
  VCC3V3               V24H12               (99.2500 69.2500) TOP/BOTTOM 
  VCC3V3               V24H12               (97.2500 45.5000) TOP/BOTTOM 
  VCC3V3               V24H12               (94.8000 32.3000) TOP/BOTTOM 
  VCC3V3               V24H12               (100.0000 14.7500) TOP/BOTTOM 
  VCC3V3               V24H12               (86.0000 7.0011) TOP/BOTTOM 
  VCC3V3               V24H12               (92.0000 68.0000) TOP/BOTTOM 
  VCC3V3               V24H12               (91.3000 65.0000) TOP/BOTTOM 
  VCC3V3               V24H12               (93.1000 32.1000) TOP/BOTTOM 
  VCC3V3               V24H12               (63.0000 55.5000) TOP/BOTTOM 
  VCC3V3               V24H12               (62.7500 38.0000) TOP/BOTTOM 
  VCC3V3               V24H12               (48.5000 59.3600) TOP/BOTTOM 
  VCC3V3               V24H12               (41.7500 67.5000) TOP/BOTTOM 
  VCC3V3               V24H12               (40.5000 62.2500) TOP/BOTTOM 
  VCC3V3               V24H12               (33.5000 67.7500) TOP/BOTTOM 
  VCC3V3               V24H12               (33.5000 66.0000) TOP/BOTTOM 
  VCC3V3               V24H12               (33.5000 64.5000) TOP/BOTTOM 
  VCC3V3               V24H12               (23.2500 37.2500) TOP/BOTTOM 
  VCC3V3               V24H12               (16.7500 51.7500) TOP/BOTTOM 
  VCC3V3               V24H12               (17.7500 52.2500) TOP/BOTTOM 
  VCC3V3               V24H12               (17.5000 51.2500) TOP/BOTTOM 
  VCC3V3               V24H12               (16.7500 50.7500) TOP/BOTTOM 
  VCC3V3               V24H12               (16.0000 51.2500) TOP/BOTTOM 
  VCC3V3               V24H12               (15.2500 50.7500) TOP/BOTTOM 
  VCC3V3               V24H12               (13.7500 50.7500) TOP/BOTTOM 
  VCC3V3               V24H12               (14.5000 51.2500) TOP/BOTTOM 
  VCC3V3               V24H12               (12.2500 49.4900) TOP/BOTTOM 
  MP3V3                V24H12               (19.6500 13.7500) TOP/BOTTOM 
  MP3V3                V24H12               (17.6500 27.7000) TOP/BOTTOM 
  MP3V3                V24H12               (21.2500 35.2000) TOP/BOTTOM 
  MP3V3                V24H12               (90.7500 20.2500) TOP/BOTTOM 
  MP3V3                V24H12               (32.5000 63.0000) TOP/BOTTOM 
  MP3V3                V24H12               (164.7500 67.7500) TOP/BOTTOM 
  MP3V3                V24H12               (22.6500 33.9000) TOP/BOTTOM 
  MP3V3                V24H12               (10.6500 34.4500) TOP/BOTTOM 
  MP3V3                V24H12               (16.6000 28.0500) TOP/BOTTOM 
  MP3V3                V24H12               (15.6500 28.0500) TOP/BOTTOM 
  MP3V3                V24H12               (14.7000 28.0500) TOP/BOTTOM 
  MP3V3                V24H12               (13.7500 28.0500) TOP/BOTTOM 
  MP3V3                V24H12               (14.7000 35.2000) TOP/BOTTOM 
  MP3V3                V24H12               (13.7500 23.9000) TOP/BOTTOM 
  MP3V3                V24H12               (18.4500 21.0500) TOP/BOTTOM 
  MP3V3                V24H12               (15.6000 21.2000) TOP/BOTTOM 
  MP3V3                V24H12               (15.5000 13.8000) TOP/BOTTOM 
  MP3V3                V24H12               (11.2500 18.6500) TOP/BOTTOM 
  MP3V3                V24H12               (17.5500 34.5000) TOP/BOTTOM 
  MP3V3                V24H12               (12.4500 30.6000) TOP/BOTTOM 
  RED_LED              V20H10               (155.2500 65.5000) TOP/BOTTOM 
  RED_LED              V20H10               (8.3500 19.5000) TOP/BOTTOM 
  BLUE_LED             V20H10               (155.5000 64.0000) TOP/BOTTOM 
  BLUE_LED             V20H10               (7.4500 14.5000) TOP/BOTTOM 
  GREEN_LED            V20H10               (151.5000 67.0000) TOP/BOTTOM 
  GREEN_LED            V20H10               (9.8500 20.2500) TOP/BOTTOM 
  HANDLE_SW_CLOSE_N    V20H10               (148.5646 2.1590) TOP/BOTTOM 
  HANDLE_SW_CLOSE_N    V20H10               (15.7500 2.7500) TOP/BOTTOM 
  VDD_CLK              V24H12               (79.0000 43.0000) TOP/BOTTOM 
  VDD_CLK              V24H12               (78.2500 47.0000) TOP/BOTTOM 
  VDD_CLK              V24H12               (78.2500 44.7500) TOP/BOTTOM 
  VDD_CLK              V24H12               (78.2500 43.7500) TOP/BOTTOM 
  VDD_CLK              V24H12               (78.2500 45.7500) TOP/BOTTOM 
  SEGMENT3             V24H12               (155.5000 71.2500) TOP/BOTTOM 
  GND                  V24H12               (6.5500 13.1500) TOP/BOTTOM 
  GND                  V24H12               (6.3000 15.3500) TOP/BOTTOM 
  GND                  V24H12               (16.9500 25.0500) TOP/BOTTOM 
  GND                  V24H12               (19.7500 27.6000) TOP/BOTTOM 
  GND                  V24H12               (28.0500 5.2500) TOP/BOTTOM 
  GND                  V24H12               (13.7500 20.3500) TOP/BOTTOM 
  GND                  V24H12               (11.2000 25.4000) TOP/BOTTOM 
  GND                  V24H12               (13.8500 25.6500) TOP/BOTTOM 
  GND                  V24H12               (13.8000 26.6500) TOP/BOTTOM 
  GND                  V24H12               (12.8000 28.8000) TOP/BOTTOM 
  GND                  V24H12               (13.8000 14.5500) TOP/BOTTOM 
  GND                  V24H12               (12.1000 18.9500) TOP/BOTTOM 
  GND                  V24H12               (8.9000 34.4500) TOP/BOTTOM 
  GND                  V24H12               (17.7000 30.7000) TOP/BOTTOM 
  GND                  V24H12               (27.2500 30.7500) TOP/BOTTOM 
  GND                  V24H12               (119.8000 50.6000) TOP/BOTTOM 
  GND                  V24H12               (119.7000 53.5500) TOP/BOTTOM 
  GND                  V24H12               (119.8000 49.3000) TOP/BOTTOM 
  GND                  V24H12               (119.9000 46.4500) TOP/BOTTOM 
  GND                  V24H12               (96.2000 61.5000) TOP/BOTTOM 
  GND                  V24H12               (16.9200 49.8300) TOP/BOTTOM 
  GND                  V24H12               (127.0600 68.0600) TOP/BOTTOM 
  GND                  V24H12               (51.2800 23.4400) TOP/BOTTOM 
  GND                  V24H12               (56.2500 28.1400) TOP/BOTTOM 
  GND                  V24H12               (88.8200 64.0800) TOP/BOTTOM 
  GND                  V24H12               (86.7500 64.4100) TOP/BOTTOM 
  GND                  V24H12               (8.3500 5.5700)  TOP/BOTTOM 
  GND                  V24H12               (53.5400 31.6200) TOP/BOTTOM 
  GND                  V24H12               (50.7300 31.6200) TOP/BOTTOM 
  GND                  V24H12               (43.7400 31.4000) TOP/BOTTOM 
  GND                  V24H12               (46.6100 31.6300) TOP/BOTTOM 
  GND                  V24H12               (49.8800 34.3700) TOP/BOTTOM 
  GND                  V24H12               (19.3300 42.0900) TOP/BOTTOM 
  GND                  V24H12               (19.4500 47.9200) TOP/BOTTOM 
  GND                  V24H12               (21.6500 52.7200) TOP/BOTTOM 
  GND                  V24H12               (19.3000 54.1000) TOP/BOTTOM 
  GND                  V24H12               (19.0500 59.9100) TOP/BOTTOM 
  GND                  V24H12               (22.7000 55.9400) TOP/BOTTOM 
  GND                  V24H12               (23.7300 13.5500) TOP/BOTTOM 
  GND                  V24H12               (25.0000 11.8700) TOP/BOTTOM 
  GND                  V24H12               (26.2100 13.5700) TOP/BOTTOM 
  GND                  V24H12               (29.1300 11.8400) TOP/BOTTOM 
  GND                  V24H12               (30.1100 14.5000) TOP/BOTTOM 
  GND                  V24H12               (29.9300 16.3200) TOP/BOTTOM 
  GND                  V24H12               (30.2300 18.0404) TOP/BOTTOM 
  GND                  V24H12               (30.0400 20.4400) TOP/BOTTOM 
  GND                  V24H12               (26.2400 15.3000) TOP/BOTTOM 
  GND                  V24H12               (23.8300 17.5400) TOP/BOTTOM 
  GND                  V24H12               (23.8100 19.5200) TOP/BOTTOM 
  GND                  V24H12               (23.8100 21.0400) TOP/BOTTOM 
  GND                  V24H12               (26.3100 21.3300) TOP/BOTTOM 
  GND                  V24H12               (23.8100 23.5400) TOP/BOTTOM 
  GND                  V24H12               (23.8100 25.5400) TOP/BOTTOM 
  GND                  V24H12               (23.7500 26.5000) TOP/BOTTOM 
  GND                  V24H12               (23.7500 29.7500) TOP/BOTTOM 
  GND                  V24H12               (23.7500 31.0000) TOP/BOTTOM 
  GND                  V24H12               (23.5500 33.0700) TOP/BOTTOM 
  GND                  V24H12               (27.3100 21.5400) TOP/BOTTOM 
  GND                  V24H12               (30.0000 22.4600) TOP/BOTTOM 
  GND                  V24H12               (27.4500 23.7900) TOP/BOTTOM 
  GND                  V24H12               (29.9500 24.4300) TOP/BOTTOM 
  GND                  V24H12               (30.0100 26.1200) TOP/BOTTOM 
  GND                  V24H12               (27.5300 26.5600) TOP/BOTTOM 
  GND                  V24H12               (30.0000 28.2500) TOP/BOTTOM 
  GND                  V24H12               (27.2500 29.2500) TOP/BOTTOM 
  GND                  V24H12               (30.2500 30.5000) TOP/BOTTOM 
  GND                  V24H12               (27.4100 31.6500) TOP/BOTTOM 
  GND                  V24H12               (30.4700 32.4600) TOP/BOTTOM 
  GND                  V24H12               (27.4000 33.7200) TOP/BOTTOM 
  GND                  V24H12               (30.5700 36.2500) TOP/BOTTOM 
  GND                  V24H12               (23.7100 35.5400) TOP/BOTTOM 
  GND                  V24H12               (26.3500 35.4500) TOP/BOTTOM 
  GND                  V24H12               (25.0400 37.6400) TOP/BOTTOM 
  GND                  V24H12               (28.8800 37.7200) TOP/BOTTOM 
  GND                  V24H12               (26.6000 48.3800) TOP/BOTTOM 
  GND                  V24H12               (26.3000 47.7000) TOP/BOTTOM 
  GND                  V24H12               (26.0200 46.9700) TOP/BOTTOM 
  GND                  V24H12               (26.7800 49.1600) TOP/BOTTOM 
  GND                  V24H12               (26.2300 49.6800) TOP/BOTTOM 
  GND                  V24H12               (26.7800 50.2156) TOP/BOTTOM 
  GND                  V24H12               (32.1500 70.6600) TOP/BOTTOM 
  GND                  V24H12               (29.1900 67.7500) TOP/BOTTOM 
  GND                  V24H12               (27.4600 47.6900) TOP/BOTTOM 
  GND                  V24H12               (29.9300 48.2000) TOP/BOTTOM 
  GND                  V24H12               (27.4800 48.7200) TOP/BOTTOM 
  GND                  V24H12               (29.9600 49.1000) TOP/BOTTOM 
  GND                  V24H12               (29.9100 51.7100) TOP/BOTTOM 
  GND                  V24H12               (29.9100 53.2200) TOP/BOTTOM 
  GND                  V24H12               (30.0000 55.2000) TOP/BOTTOM 
  GND                  V24H12               (30.0600 58.9000) TOP/BOTTOM 
  GND                  V24H12               (29.9100 59.8300) TOP/BOTTOM 
  GND                  V24H12               (30.0600 61.0700) TOP/BOTTOM 
  GND                  V24H12               (33.6700 51.0500) TOP/BOTTOM 
  GND                  V24H12               (33.6300 48.4800) TOP/BOTTOM 
  GND                  V24H12               (41.4800 53.5600) TOP/BOTTOM 
  GND                  V24H12               (41.5600 56.1100) TOP/BOTTOM 
  GND                  V24H12               (41.6300 58.5500) TOP/BOTTOM 
  GND                  V24H12               (16.4000 61.7000) TOP/BOTTOM 
  GND                  V24H12               (16.2400 63.9600) TOP/BOTTOM 
  GND                  V24H12               (76.8000 65.3000) TOP/BOTTOM 
  GND                  V24H12               (81.6000 67.9000) TOP/BOTTOM 
  GND                  V24H12               (81.8000 61.6000) TOP/BOTTOM 
  GND                  V24H12               (84.2000 64.1000) TOP/BOTTOM 
  GND                  V24H12               (80.4000 32.1000) TOP/BOTTOM 
  GND                  V24H12               (82.9000 36.2000) TOP/BOTTOM 
  GND                  V24H12               (84.9000 35.9000) TOP/BOTTOM 
  GND                  V24H12               (77.9000 35.9000) TOP/BOTTOM 
  GND                  V24H12               (75.5000 35.8000) TOP/BOTTOM 
  GND                  V24H12               (62.6500 23.8500) TOP/BOTTOM 
  GND                  V24H12               (78.9000 10.2000) TOP/BOTTOM 
  GND                  V24H12               (71.7000 14.6000) TOP/BOTTOM 
  GND                  V24H12               (70.0000 16.4000) TOP/BOTTOM 
  GND                  V24H12               (73.4000 16.3700) TOP/BOTTOM 
  GND                  V24H12               (95.7100 14.1200) TOP/BOTTOM 
  GND                  V24H12               (94.1300 15.8500) TOP/BOTTOM 
  GND                  V24H12               (119.0000 13.7000) TOP/BOTTOM 
  GND                  V24H12               (117.1000 15.3000) TOP/BOTTOM 
  GND                  V24H12               (121.1000 15.3000) TOP/BOTTOM 
  GND                  V24H12               (46.4900 9.1800) TOP/BOTTOM 
  GND                  V24H12               (48.2600 7.5800) TOP/BOTTOM 
  GND                  V24H12               (48.2800 11.3000) TOP/BOTTOM 
  GND                  V24H12               (53.5400 16.6600) TOP/BOTTOM 
  GND                  V24H12               (55.5000 18.3800) TOP/BOTTOM 
  GND                  V24H12               (50.9200 18.3400) TOP/BOTTOM 
  GND                  V24H12               (96.4000 7.7000) TOP/BOTTOM 
  GND                  V24H12               (93.9400 9.5000) TOP/BOTTOM 
  GND                  V24H12               (96.3800 11.2000) TOP/BOTTOM 
  GND                  V24H12               (109.9000 59.3000) TOP/BOTTOM 
  GND                  V24H12               (109.9000 54.8000) TOP/BOTTOM 
  GND                  V24H12               (111.4000 53.0000) TOP/BOTTOM 
  GND                  V24H12               (111.4000 45.3000) TOP/BOTTOM 
  GND                  V24H12               (114.6000 45.4000) TOP/BOTTOM 
  GND                  V24H12               (114.6000 48.3000) TOP/BOTTOM 
  GND                  V24H12               (114.6000 50.0000) TOP/BOTTOM 
  GND                  V24H12               (114.6000 52.9000) TOP/BOTTOM 
  GND                  V24H12               (113.1000 54.9000) TOP/BOTTOM 
  GND                  V24H12               (113.3000 57.8000) TOP/BOTTOM 
  GND                  V24H12               (109.9000 62.5000) TOP/BOTTOM 
  GND                  V24H12               (113.1000 59.4000) TOP/BOTTOM 
  GND                  V24H12               (113.1000 62.5000) TOP/BOTTOM 
  GND                  V24H12               (55.6500 40.3500) TOP/BOTTOM 
  GND                  V24H12               (55.7700 51.3300) TOP/BOTTOM 
  GND                  V24H12               (41.5000 45.9000) TOP/BOTTOM 
  GND                  V24H12               (33.6000 43.4000) TOP/BOTTOM 
  GND                  V24H12               (41.5000 43.4000) TOP/BOTTOM 
  GND                  V24H12               (87.0000 19.5000) TOP/BOTTOM 
  GND                  V24H12               (86.2500 19.0000) TOP/BOTTOM 
  GND                  V24H12               (87.0000 18.2500) TOP/BOTTOM 
  GND                  V24H12               (84.5000 18.2500) TOP/BOTTOM 
  GND                  V24H12               (36.0000 8.5000) TOP/BOTTOM 
  GND                  V24H12               (118.0000 33.0000) TOP/BOTTOM 
  GND                  V24H12               (111.1000 33.4000) TOP/BOTTOM 
  GND                  V24H12               (116.7500 33.0000) TOP/BOTTOM 
  GND                  V24H12               (115.2500 33.0000) TOP/BOTTOM 
  GND                  V24H12               (61.1000 23.2500) TOP/BOTTOM 
  GND                  V24H12               (64.7000 23.9000) TOP/BOTTOM 
  GND                  V24H12               (66.9000 23.9000) TOP/BOTTOM 
  GND                  V24H12               (68.7000 23.9000) TOP/BOTTOM 
  GND                  V24H12               (32.5000 11.0000) TOP/BOTTOM 
  GND                  V24H12               (36.0000 11.0000) TOP/BOTTOM 
  GND                  V24H12               (36.2500 16.7500) TOP/BOTTOM 
  GND                  V24H12               (32.2500 14.2500) TOP/BOTTOM 
  GND                  V24H12               (36.0000 14.2500) TOP/BOTTOM 
  GND                  V24H12               (36.0000 4.5000) TOP/BOTTOM 
  GND                  V24H12               (36.0000 6.5000) TOP/BOTTOM 
  GND                  V24H12               (32.2500 8.5000) TOP/BOTTOM 
  GND                  V24H12               (32.2500 4.5000) TOP/BOTTOM 
  GND                  V24H12               (32.2500 6.5000) TOP/BOTTOM 
  GND                  V24H12               (23.2500 36.2500) TOP/BOTTOM 
  GND                  V24H12               (107.0000 17.2500) TOP/BOTTOM 
  GND                  V24H12               (105.2500 24.2500) TOP/BOTTOM 
  GND                  V24H12               (106.2500 24.2500) TOP/BOTTOM 
  GND                  V24H12               (109.5000 22.5000) TOP/BOTTOM 
  GND                  V24H12               (100.0000 22.7500) TOP/BOTTOM 
  GND                  V24H12               (151.0000 24.5000) TOP/BOTTOM 
  GND                  V24H12               (147.5000 23.7500) TOP/BOTTOM 
  GND                  V24H12               (37.5000 63.7500) TOP/BOTTOM 
  GND                  V24H12               (38.5000 69.0000) TOP/BOTTOM 
  GND                  V24H12               (90.7500 69.7500) TOP/BOTTOM 
  GND                  V24H12               (87.5000 65.3000) TOP/BOTTOM 
  GND                  V24H12               (72.8000 64.1000) TOP/BOTTOM 
  GND                  V24H12               (74.6000 64.2000) TOP/BOTTOM 
  GND                  V24H12               (77.0000 61.6000) TOP/BOTTOM 
  GND                  V24H12               (79.4000 61.5000) TOP/BOTTOM 
  GND                  V24H12               (79.5000 68.0000) TOP/BOTTOM 
  GND                  V24H12               (90.3000 64.0500) TOP/BOTTOM 
  GND                  V24H12               (93.2500 64.2500) TOP/BOTTOM 
  GND                  V24H12               (94.5000 64.5000) TOP/BOTTOM 
  GND                  V24H12               (80.6000 35.9000) TOP/BOTTOM 
  GND                  V24H12               (90.4000 32.1000) TOP/BOTTOM 
  GND                  V24H12               (88.0000 32.1000) TOP/BOTTOM 
  GND                  V24H12               (85.3000 29.5000) TOP/BOTTOM 
  GND                  V24H12               (82.9000 29.6000) TOP/BOTTOM 
  GND                  V24H12               (78.0000 29.6000) TOP/BOTTOM 
  GND                  V24H12               (72.6000 29.6000) TOP/BOTTOM 
  GND                  V24H12               (74.9000 29.6000) TOP/BOTTOM 
  GND                  V24H12               (123.0000 23.2000) TOP/BOTTOM 
  GND                  V24H12               (125.5000 13.0000) TOP/BOTTOM 
  GND                  V24H12               (120.5000 29.5000) TOP/BOTTOM 
  GND                  V24H12               (120.5000 32.5000) TOP/BOTTOM 
  GND                  V24H12               (120.5000 33.5000) TOP/BOTTOM 
  GND                  V24H12               (120.5000 36.5000) TOP/BOTTOM 
  GND                  V24H12               (96.0000 55.7500) TOP/BOTTOM 
  GND                  V24H12               (139.5000 12.5000) TOP/BOTTOM 
  GND                  V24H12               (139.2500 29.5000) TOP/BOTTOM 
  GND                  V24H12               (139.5000 46.5000) TOP/BOTTOM 
  GND                  V24H12               (147.5000 17.5000) TOP/BOTTOM 
  GND                  V24H12               (142.7500 18.7500) TOP/BOTTOM 
  GND                  V24H12               (142.7500 24.0000) TOP/BOTTOM 
  GND                  V24H12               (147.5000 34.7500) TOP/BOTTOM 
  GND                  V24H12               (142.7500 36.0000) TOP/BOTTOM 
  GND                  V24H12               (147.7500 40.7500) TOP/BOTTOM 
  GND                  V24H12               (147.7500 41.5000) TOP/BOTTOM 
  GND                  V24H12               (142.7500 41.0000) TOP/BOTTOM 
  GND                  V24H12               (143.0000 53.0000) TOP/BOTTOM 
  GND                  V24H12               (147.2500 51.5000) TOP/BOTTOM 
  GND                  V24H12               (147.7500 57.7500) TOP/BOTTOM 
  GND                  V24H12               (147.7500 58.5000) TOP/BOTTOM 
  GND                  V24H12               (142.7500 58.0000) TOP/BOTTOM 
  GND                  V24H12               (134.2500 42.5000) TOP/BOTTOM 
  GND                  V24H12               (122.5000 44.2500) TOP/BOTTOM 
  GND                  V24H12               (122.9000 27.7000) TOP/BOTTOM 
  GND                  V24H12               (134.2500 25.5000) TOP/BOTTOM 
  GND                  V24H12               (134.2500 59.5000) TOP/BOTTOM 
  GND                  V24H12               (122.7500 61.0000) TOP/BOTTOM 
  GND                  V24H12               (131.5000 22.5000) TOP/BOTTOM 
  GND                  V24H12               (130.5000 23.5000) TOP/BOTTOM 
  GND                  V24H12               (131.5000 23.5000) TOP/BOTTOM 
  GND                  V24H12               (130.5000 39.5000) TOP/BOTTOM 
  GND                  V24H12               (131.5000 39.5000) TOP/BOTTOM 
  GND                  V24H12               (131.5000 40.5000) TOP/BOTTOM 
  GND                  V24H12               (130.5000 40.5000) TOP/BOTTOM 
  GND                  V24H12               (130.5000 56.5000) TOP/BOTTOM 
  GND                  V24H12               (131.5000 56.5000) TOP/BOTTOM 
  GND                  V24H12               (131.5000 57.5000) TOP/BOTTOM 
  GND                  V24H12               (130.5000 57.5000) TOP/BOTTOM 
  GND                  V24H12               (124.4500 53.4000) TOP/BOTTOM 
  GND                  V24H12               (125.9500 36.3000) TOP/BOTTOM 
  GND                  V24H12               (128.9500 47.9000) TOP/BOTTOM 
  GND                  V24H12               (130.7000 30.8950) TOP/BOTTOM 
  GND                  V24H12               (131.7500 14.0950) TOP/BOTTOM 
  GND                  V24H12               (136.5000 13.7000) TOP/BOTTOM 
  GND                  V24H12               (135.5000 19.3500) TOP/BOTTOM 
  GND                  V24H12               (134.8500 31.0500) TOP/BOTTOM 
  GND                  V24H12               (133.7500 35.3500) TOP/BOTTOM 
  GND                  V24H12               (133.4000 48.4500) TOP/BOTTOM 
  GND                  V24H12               (132.6500 52.2500) TOP/BOTTOM 
  GND                  V24H12               (134.2500 38.2500) TOP/BOTTOM 
  GND                  V24H12               (131.5000 25.5000) TOP/BOTTOM 
  GND                  V24H12               (130.5000 25.5000) TOP/BOTTOM 
  GND                  V24H12               (134.0000 21.2500) TOP/BOTTOM 
  GND                  V24H12               (131.5000 20.5000) TOP/BOTTOM 
  GND                  V24H12               (130.5000 20.5000) TOP/BOTTOM 
  GND                  V24H12               (125.8000 25.2000) TOP/BOTTOM 
  GND                  V24H12               (131.5000 42.5000) TOP/BOTTOM 
  GND                  V24H12               (130.5000 42.5000) TOP/BOTTOM 
  GND                  V24H12               (131.5000 37.5000) TOP/BOTTOM 
  GND                  V24H12               (130.5000 37.5000) TOP/BOTTOM 
  GND                  V24H12               (125.5000 42.0000) TOP/BOTTOM 
  GND                  V24H12               (130.5000 54.5000) TOP/BOTTOM 
  GND                  V24H12               (130.5000 59.5000) TOP/BOTTOM 
  GND                  V24H12               (131.5000 59.5000) TOP/BOTTOM 
  GND                  V24H12               (125.5000 59.0000) TOP/BOTTOM 
  GND                  V24H12               (131.5000 54.5000) TOP/BOTTOM 
  GND                  V24H12               (134.0000 55.2500) TOP/BOTTOM 
  GND                  V24H12               (66.2500 41.5000) TOP/BOTTOM 
  GND                  V24H12               (75.0000 41.5000) TOP/BOTTOM 
  GND                  V24H12               (76.5000 41.5000) TOP/BOTTOM 
  GND                  V24H12               (86.0000 39.2500) TOP/BOTTOM 
  GND                  V24H12               (85.2500 41.0000) TOP/BOTTOM 
  GND                  V24H12               (98.7500 45.5000) TOP/BOTTOM 
  GND                  V24H12               (96.0000 54.7500) TOP/BOTTOM 
  GND                  V24H12               (95.5000 60.7500) TOP/BOTTOM 
  GND                  V24H12               (150.7500 7.5000) TOP/BOTTOM 
  GND                  V24H12               (148.5000 7.5000) TOP/BOTTOM 
  GND                  V24H12               (7.9000 47.5000) TOP/BOTTOM 
  GND                  V24H12               (11.2500 39.0000) TOP/BOTTOM 
  GND                  V24H12               (23.2400 42.8200) TOP/BOTTOM 
  GND                  V24H12               (7.7500 42.5000) TOP/BOTTOM 
  GND                  V24H12               (7.7500 44.5000) TOP/BOTTOM 
  GND                  V20H10               (14.5000 43.5000) TOP/BOTTOM 
  GND                  V20H10               (13.5000 43.5000) TOP/BOTTOM 
  GND                  V20H10               (13.5000 44.5000) TOP/BOTTOM 
  GND                  V20H10               (12.5000 45.5000) TOP/BOTTOM 
  GND                  V20H10               (12.5000 43.5000) TOP/BOTTOM 
  GND                  V20H10               (12.5000 44.5000) TOP/BOTTOM 
  GND                  V24H12               (17.0300 39.4300) TOP/BOTTOM 
  GND                  V24H12               (7.3800 49.7300) TOP/BOTTOM 
  GND                  V24H12               (23.0000 46.0000) TOP/BOTTOM 
  GND                  V24H12               (21.8100 49.4000) TOP/BOTTOM 
  GND                  V24H12               (6.6350 54.5000) TOP/BOTTOM 
  GND                  V24H12               (7.8400 60.8800) TOP/BOTTOM 
  GND                  V24H12               (7.7500 55.5000) TOP/BOTTOM 
  GND                  V24H12               (7.7500 57.5000) TOP/BOTTOM 
  GND                  V24H12               (20.3650 52.1350) TOP/BOTTOM 
  GND                  V24H12               (16.2500 52.5000) TOP/BOTTOM 
  GND                  V24H12               (26.5000 61.7500) TOP/BOTTOM 
  GND                  V24H12               (15.5000 64.5000) TOP/BOTTOM 
  GND                  V20H10               (14.5000 56.5000) TOP/BOTTOM 
  GND                  V20H10               (13.5000 56.5000) TOP/BOTTOM 
  GND                  V20H10               (12.5000 56.5000) TOP/BOTTOM 
  GND                  V20H10               (12.5000 57.5000) TOP/BOTTOM 
  GND                  V20H10               (12.5000 58.5000) TOP/BOTTOM 
  GND                  V20H10               (13.5000 57.5000) TOP/BOTTOM 
  GND                  V24H12               (81.7500 13.0000) TOP/BOTTOM 
  GND                  V20H10               (86.2000 44.4000) TOP/BOTTOM 
  GND                  V24H12               (103.5000 48.7500) TOP/BOTTOM 
  GND                  V24H12               (108.2500 49.5000) TOP/BOTTOM 
  GND                  V24H12               (108.2500 52.7500) TOP/BOTTOM 
  GND                  V24H12               (103.5000 45.3500) TOP/BOTTOM 
  GND                  V24H12               (103.5000 47.5000) TOP/BOTTOM 
  GND                  V24H12               (103.5000 50.5000) TOP/BOTTOM 
  GND                  V24H12               (103.7500 54.0000) TOP/BOTTOM 
  GND                  V24H12               (103.5000 55.0000) TOP/BOTTOM 
  GND                  V24H12               (103.7500 51.5000) TOP/BOTTOM 
  GND                  V24H12               (37.6000 56.1000) TOP/BOTTOM 
  GND                  V24H12               (36.2500 20.0000) TOP/BOTTOM 
  GND                  V24H12               (92.5000 20.5000) TOP/BOTTOM 
  GND                  V24H12               (87.0000 15.5000) TOP/BOTTOM 
  GND                  V24H12               (86.0000 8.0000) TOP/BOTTOM 
  GND                  V24H12               (60.5000 15.0000) TOP/BOTTOM 
  GND                  V24H12               (58.0000 14.5000) TOP/BOTTOM 
  GND                  V24H12               (132.5000 6.0000) TOP/BOTTOM 
  GND                  V24H12               (129.5000 6.0000) TOP/BOTTOM 
  GND                  V24H12               (128.0000 9.5000) TOP/BOTTOM 
  GND                  V24H12               (125.0000 19.5000) TOP/BOTTOM 
  GND                  V24H12               (127.0000 8.0000) TOP/BOTTOM 
  GND                  V20H10               (120.0000 18.7000) TOP/BOTTOM 
  GND                  V20H10               (120.0000 22.5000) TOP/BOTTOM 
  GND                  V20H10               (118.4000 20.5000) TOP/BOTTOM 
  GND                  V20H10               (122.1000 20.5000) TOP/BOTTOM 
  GND                  V24H12               (108.0000 15.0000) TOP/BOTTOM 
  GND                  V24H12               (105.5000 14.5000) TOP/BOTTOM 
  GND                  V20H10               (27.5000 55.5000) TOP/BOTTOM 
  GND                  V20H10               (27.5100 49.6700) TOP/BOTTOM 
  GND                  V20H10               (26.2500 50.7500) TOP/BOTTOM 
  GND                  V20H10               (27.3050 57.4040) TOP/BOTTOM 
  GND                  V20H10               (26.2500 53.0000) TOP/BOTTOM 
  GND                  V20H10               (26.2500 55.2500) TOP/BOTTOM 
  GND                  V20H10               (27.5000 51.0000) TOP/BOTTOM 
  GND                  V20H10               (27.5000 53.5000) TOP/BOTTOM 
  GND                  V20H10               (26.4160 57.4040) TOP/BOTTOM 
  GND                  V20H10               (29.9832 57.2793) TOP/BOTTOM 
  GND                  V20H10               (27.5000 62.2500) TOP/BOTTOM 
  GND                  V20H10               (30.0500 61.9500) TOP/BOTTOM 
  GND                  V24H12               (37.7271 58.5922) TOP/BOTTOM 
  GND                  V24H12               (37.4200 53.5600) TOP/BOTTOM 
  GND                  V24H12               (37.6479 50.9836) TOP/BOTTOM 
  GND                  V24H12               (37.8100 48.4100) TOP/BOTTOM 
  GND                  V24H12               (37.4200 45.9400) TOP/BOTTOM 
  GND                  V24H12               (37.7083 43.3862) TOP/BOTTOM 
  GND                  V20H10               (23.7500 62.7500) TOP/BOTTOM 

<< Summary >>
  Total dangling lines:       2
  Total dangling vias:        2
  Total antenna vias:      1030
