A!FILM_NAME!CLASS!SUBCLASS!ROTATION!OFFSET_X!OFFSET_Y!UNDEFINED_LINE_WIDTH!SHAPE_BOUNDING_BOX!PLOT_MODE!FILM_MIRRORED!FULL_CONTACT_THERMAL_RELIEFS!SUPPRESS_UNCONNECTED_PADS!DRAW_MISSING_PAD_APERTURES!USE_APERTURE_ROTATION!SUPPRESS_SHAPE_FILL!VECTOR_BASED_PAD_BEHAVIOR!
J!C:/Users/phdgc/Downloads/uob-hep-pc072/hardware/Cadence/top/mtca_interface_board_reocc/top/physical/mib_rev2_v206.brd!May 15 08:37:06 2023!1911.5277!-1898.4723!1903.5171!-1906.4829!4!millimeters!!!10!out of date!
S!30_assy_bot!REF DES!SILKSCREEN_BOTTOM!0!0.0000!0.0000!0.1270!0.0000!positive!yes!no!no!no!yes!no!yes!
S!30_assy_bot!PIN!BOTTOM!0!0.0000!0.0000!0.1270!0.0000!positive!yes!no!no!no!yes!no!yes!
S!30_assy_bot!PACKAGE GEOMETRY!SILKSCREEN_BOTTOM!0!0.0000!0.0000!0.1270!0.0000!positive!yes!no!no!no!yes!no!yes!
S!30_assy_bot!DRAWING FORMAT!FTB_INFO!0!0.0000!0.0000!0.1270!0.0000!positive!yes!no!no!no!yes!no!yes!
S!30_assy_bot!BOARD GEOMETRY!SILKSCREEN_BOTTOM!0!0.0000!0.0000!0.1270!0.0000!positive!yes!no!no!no!yes!no!yes!
S!30_assy_bot!BOARD GEOMETRY!DESIGN_OUTLINE!0!0.0000!0.0000!0.1270!0.0000!positive!yes!no!no!no!yes!no!yes!
S!30_assy_bot!BOARD GEOMETRY!ASSY_BOT!0!0.0000!0.0000!0.1270!0.0000!positive!yes!no!no!no!yes!no!yes!
S!28_pmask_bot!PIN!PASTEMASK_BOTTOM!0!0.0000!0.0000!0.1270!0.0000!positive!no!no!no!no!yes!no!yes!
S!28_pmask_bot!PACKAGE GEOMETRY!PASTEMASK_BOTTOM!0!0.0000!0.0000!0.1270!0.0000!positive!no!no!no!no!yes!no!yes!
S!28_pmask_bot!BOARD GEOMETRY!PASTEMASK_BOTTOM!0!0.0000!0.0000!0.1270!0.0000!positive!no!no!no!no!yes!no!yes!
S!27_pmask_top!PIN!PASTEMASK_TOP!0!0.0000!0.0000!0.1270!0.0000!positive!no!no!no!no!yes!no!yes!
S!27_pmask_top!PACKAGE GEOMETRY!PASTEMASK_TOP!0!0.0000!0.0000!0.1270!0.0000!positive!no!no!no!no!yes!no!yes!
S!27_pmask_top!BOARD GEOMETRY!PASTEMASK_TOP!0!0.0000!0.0000!0.1270!0.0000!positive!no!no!no!no!yes!no!yes!
S!29_assy_top!REF DES!SILKSCREEN_TOP!0!0.0000!0.0000!0.1270!0.0000!positive!no!no!no!no!yes!no!yes!
S!29_assy_top!PIN!TOP!0!0.0000!0.0000!0.1270!0.0000!positive!no!no!no!no!yes!no!yes!
S!29_assy_top!PACKAGE GEOMETRY!SILKSCREEN_TOP!0!0.0000!0.0000!0.1270!0.0000!positive!no!no!no!no!yes!no!yes!
S!29_assy_top!DRAWING FORMAT!FTB_INFO!0!0.0000!0.0000!0.1270!0.0000!positive!no!no!no!no!yes!no!yes!
S!29_assy_top!BOARD GEOMETRY!SILKSCREEN_TOP!0!0.0000!0.0000!0.1270!0.0000!positive!no!no!no!no!yes!no!yes!
S!29_assy_top!BOARD GEOMETRY!DESIGN_OUTLINE!0!0.0000!0.0000!0.1270!0.0000!positive!no!no!no!no!yes!no!yes!
S!29_assy_top!BOARD GEOMETRY!ASSY_TOP!0!0.0000!0.0000!0.1270!0.0000!positive!no!no!no!no!yes!no!yes!
S!03_sig1!VIA CLASS!03_SIG1!0!0.0000!0.0000!0.1270!0.0000!positive!no!no!yes!no!yes!no!yes!
S!03_sig1!PIN!03_SIG1!0!0.0000!0.0000!0.1270!0.0000!positive!no!no!yes!no!yes!no!yes!
S!03_sig1!ETCH!03_SIG1!0!0.0000!0.0000!0.1270!0.0000!positive!no!no!yes!no!yes!no!yes!
S!03_sig1!DRAWING FORMAT!FTB_INFO!0!0.0000!0.0000!0.1270!0.0000!positive!no!no!yes!no!yes!no!yes!
S!06_GND!VIA CLASS!06_GND!0!0.0000!0.0000!0.0000!2.5400!positive!no!no!no!no!no!no!yes!
S!06_GND!PIN!06_GND!0!0.0000!0.0000!0.0000!2.5400!positive!no!no!no!no!no!no!yes!
S!06_GND!ETCH!06_GND!0!0.0000!0.0000!0.0000!2.5400!positive!no!no!no!no!no!no!yes!
S!02_GND!ETCH!02_GND!0!0.0000!0.0000!0.0000!2.5400!positive!no!no!no!no!no!no!yes!
S!02_GND!PIN!02_GND!0!0.0000!0.0000!0.0000!2.5400!positive!no!no!no!no!no!no!yes!
S!02_GND!VIA CLASS!02_GND!0!0.0000!0.0000!0.0000!2.5400!positive!no!no!no!no!no!no!yes!
S!04_GND!ETCH!04_GND!0!0.0000!0.0000!0.0000!2.5400!positive!no!no!no!no!no!no!yes!
S!04_GND!PIN!04_GND!0!0.0000!0.0000!0.0000!2.5400!positive!no!no!no!no!no!no!yes!
S!04_GND!VIA CLASS!04_GND!0!0.0000!0.0000!0.0000!2.5400!positive!no!no!no!no!no!no!yes!
S!10_Bottom!VIA CLASS!BOTTOM!0!0.0000!0.0000!0.0000!2.5400!positive!no!no!no!no!no!no!yes!
S!10_Bottom!PIN!BOTTOM!0!0.0000!0.0000!0.0000!2.5400!positive!no!no!no!no!no!no!yes!
S!10_Bottom!ETCH!BOTTOM!0!0.0000!0.0000!0.0000!2.5400!positive!no!no!no!no!no!no!yes!
S!10_Bottom!DRAWING FORMAT!FTB_INFO!0!0.0000!0.0000!0.0000!2.5400!positive!no!no!no!no!no!no!yes!
S!05_PWR1!ETCH!05_PWR1!0!0.0000!0.0000!0.0000!2.5400!positive!no!no!no!no!no!no!yes!
S!05_PWR1!PIN!05_PWR1!0!0.0000!0.0000!0.0000!2.5400!positive!no!no!no!no!no!no!yes!
S!05_PWR1!VIA CLASS!05_PWR1!0!0.0000!0.0000!0.0000!2.5400!positive!no!no!no!no!no!no!yes!
S!07_SIG2!ETCH!07_SIG2!0!0.0000!0.0000!0.0000!2.5400!positive!no!no!no!no!no!no!yes!
S!07_SIG2!PIN!07_SIG2!0!0.0000!0.0000!0.0000!2.5400!positive!no!no!no!no!no!no!yes!
S!07_SIG2!VIA CLASS!07_SIG2!0!0.0000!0.0000!0.0000!2.5400!positive!no!no!no!no!no!no!yes!
S!08_GND!ETCH!08_GND!0!0.0000!0.0000!0.0000!2.5400!positive!no!no!no!no!no!no!yes!
S!08_GND!PIN!08_GND!0!0.0000!0.0000!0.0000!2.5400!positive!no!no!no!no!no!no!yes!
S!08_GND!VIA CLASS!08_GND!0!0.0000!0.0000!0.0000!2.5400!positive!no!no!no!no!no!no!yes!
S!09_SIG3!ETCH!09_SIG3!0!0.0000!0.0000!0.0000!2.5400!positive!no!no!no!no!no!no!yes!
S!09_SIG3!PIN!09_SIG3!0!0.0000!0.0000!0.0000!2.5400!positive!no!no!no!no!no!no!yes!
S!09_SIG3!VIA CLASS!09_SIG3!0!0.0000!0.0000!0.0000!2.5400!positive!no!no!no!no!no!no!yes!
S!01_Top!VIA CLASS!TOP!0!0.0000!0.0000!0.0000!2.5400!positive!no!no!no!no!no!no!yes!
S!01_Top!PIN!TOP!0!0.0000!0.0000!0.0000!2.5400!positive!no!no!no!no!no!no!yes!
S!01_Top!ETCH!TOP!0!0.0000!0.0000!0.0000!2.5400!positive!no!no!no!no!no!no!yes!
S!01_Top!DRAWING FORMAT!FTB_INFO!0!0.0000!0.0000!0.0000!2.5400!positive!no!no!no!no!no!no!yes!
S!11_silk_top!PACKAGE GEOMETRY!SILKSCREEN_TOP!0!0.0000!0.0000!0.1270!2.5400!positive!no!no!no!no!no!no!yes!
S!11_silk_top!MANUFACTURING!AUTOSILK_TOP!0!0.0000!0.0000!0.1270!2.5400!positive!no!no!no!no!no!no!yes!
S!11_silk_top!BOARD GEOMETRY!SILKSCREEN_TOP!0!0.0000!0.0000!0.1270!2.5400!positive!no!no!no!no!no!no!yes!
S!12_silk_bot!PACKAGE GEOMETRY!SILKSCREEN_BOTTOM!0!0.0000!0.0000!0.1270!2.5400!positive!no!no!no!no!no!no!yes!
S!12_silk_bot!MANUFACTURING!AUTOSILK_BOTTOM!0!0.0000!0.0000!0.1270!2.5400!positive!no!no!no!no!no!no!yes!
S!12_silk_bot!BOARD GEOMETRY!SILKSCREEN_BOTTOM!0!0.0000!0.0000!0.1270!2.5400!positive!no!no!no!no!no!no!yes!
S!13_smask_top!PIN!SOLDERMASK_TOP!0!0.0000!0.0000!0.0000!2.5400!positive!no!no!no!no!no!no!yes!
S!13_smask_top!PACKAGE GEOMETRY!SOLDERMASK_TOP!0!0.0000!0.0000!0.0000!2.5400!positive!no!no!no!no!no!no!yes!
S!13_smask_top!BOARD GEOMETRY!SOLDERMASK_TOP!0!0.0000!0.0000!0.0000!2.5400!positive!no!no!no!no!no!no!yes!
S!14_smask_bot!PIN!SOLDERMASK_BOTTOM!0!0.0000!0.0000!0.0000!2.5400!positive!no!no!no!no!no!no!yes!
S!14_smask_bot!PACKAGE GEOMETRY!SOLDERMASK_BOTTOM!0!0.0000!0.0000!0.0000!2.5400!positive!no!no!no!no!no!no!yes!
S!14_smask_bot!BOARD GEOMETRY!SOLDERMASK_BOTTOM!0!0.0000!0.0000!0.0000!2.5400!positive!no!no!no!no!no!no!yes!
S!15_fab_plot!PIN!BOTTOM!0!0.0000!0.0000!0.1270!2.5400!positive!no!no!no!no!no!no!yes!
S!15_fab_plot!MANUFACTURING!XSECTION_CHART!0!0.0000!0.0000!0.1270!2.5400!positive!no!no!no!no!no!no!yes!
S!15_fab_plot!MANUFACTURING!DETAILS!0!0.0000!0.0000!0.1270!2.5400!positive!no!no!no!no!no!no!yes!
S!15_fab_plot!MANUFACTURING!NCLEGEND-1-10!0!0.0000!0.0000!0.1270!2.5400!positive!no!no!no!no!no!no!yes!
S!15_fab_plot!DRAWING FORMAT!OUTLINE!0!0.0000!0.0000!0.1270!2.5400!positive!no!no!no!no!no!no!yes!
S!15_fab_plot!DRAWING FORMAT!TITLE_BLOCK!0!0.0000!0.0000!0.1270!2.5400!positive!no!no!no!no!no!no!yes!
S!15_fab_plot!DRAWING FORMAT!TITLE_DATA!0!0.0000!0.0000!0.1270!2.5400!positive!no!no!no!no!no!no!yes!
S!15_fab_plot!DRAWING FORMAT!REVISION_BLOCK!0!0.0000!0.0000!0.1270!2.5400!positive!no!no!no!no!no!no!yes!
S!15_fab_plot!DRAWING FORMAT!REVISION_DATA!0!0.0000!0.0000!0.1270!2.5400!positive!no!no!no!no!no!no!yes!
S!15_fab_plot!DRAWING FORMAT!FAB_NOTES!0!0.0000!0.0000!0.1270!2.5400!positive!no!no!no!no!no!no!yes!
S!15_fab_plot!DRAWING FORMAT!ASSY_INFO!0!0.0000!0.0000!0.1270!2.5400!positive!no!no!no!no!no!no!yes!
S!15_fab_plot!DRAWING FORMAT!PROJ_INFO!0!0.0000!0.0000!0.1270!2.5400!positive!no!no!no!no!no!no!yes!
S!15_fab_plot!DRAWING FORMAT!FAB_DWG_INFO!0!0.0000!0.0000!0.1270!2.5400!positive!no!no!no!no!no!no!yes!
S!15_fab_plot!DRAWING FORMAT!ASSY_DWG_INFO!0!0.0000!0.0000!0.1270!2.5400!positive!no!no!no!no!no!no!yes!
S!15_fab_plot!DRAWING FORMAT!POT_INFO!0!0.0000!0.0000!0.1270!2.5400!positive!no!no!no!no!no!no!yes!
S!15_fab_plot!DRAWING FORMAT!WHIZZ_LOGO!0!0.0000!0.0000!0.1270!2.5400!positive!no!no!no!no!no!no!yes!
S!15_fab_plot!DRAWING FORMAT!FORMAT!0!0.0000!0.0000!0.1270!2.5400!positive!no!no!no!no!no!no!yes!
S!15_fab_plot!DRAWING FORMAT!FORMAT_SHT1!0!0.0000!0.0000!0.1270!2.5400!positive!no!no!no!no!no!no!yes!
S!15_fab_plot!DRAWING FORMAT!FTB_INFO!0!0.0000!0.0000!0.1270!2.5400!positive!no!no!no!no!no!no!yes!
S!15_fab_plot!DRAWING FORMAT!FILM_TITLE_BLOCK!0!0.0000!0.0000!0.1270!2.5400!positive!no!no!no!no!no!no!yes!
S!15_fab_plot!DRAWING FORMAT!STACKUP_DETAIL!0!0.0000!0.0000!0.1270!2.5400!positive!no!no!no!no!no!no!yes!
S!15_fab_plot!DRAWING FORMAT!DESIGNER_COMMENTS!0!0.0000!0.0000!0.1270!2.5400!positive!no!no!no!no!no!no!yes!
S!15_fab_plot!DRAWING FORMAT!ASSEMBLY_NOTES!0!0.0000!0.0000!0.1270!2.5400!positive!no!no!no!no!no!no!yes!
S!15_fab_plot!DRAWING FORMAT!FABRICATION_NOTES!0!0.0000!0.0000!0.1270!2.5400!positive!no!no!no!no!no!no!yes!
S!15_fab_plot!BOARD GEOMETRY!OUTLINE!0!0.0000!0.0000!0.1270!2.5400!positive!no!no!no!no!no!no!yes!
S!15_fab_plot!BOARD GEOMETRY!DIMENSION!0!0.0000!0.0000!0.1270!2.5400!positive!no!no!no!no!no!no!yes!
S!15_fab_plot!BOARD GEOMETRY!DESIGN_OUTLINE!0!0.0000!0.0000!0.1270!2.5400!positive!no!no!no!no!no!no!yes!
S!15_fab_plot!BOARD GEOMETRY!CUTOUT!0!0.0000!0.0000!0.1270!2.5400!positive!no!no!no!no!no!no!yes!
S!15_fab_plot!BOARD GEOMETRY!TFM_DESIGN_OUTLINE!0!0.0000!0.0000!0.1270!2.5400!positive!no!no!no!no!no!no!yes!
S!15_fab_plot!BOARD GEOMETRY!FAB1!0!0.0000!0.0000!0.1270!2.5400!positive!no!no!no!no!no!no!yes!
S!15_fab_plot!BOARD GEOMETRY!FABRICATION_NOTES!0!0.0000!0.0000!0.1270!2.5400!positive!no!no!no!no!no!no!yes!
S!16_hardgold_top!VIA CLASS!HARDGOLD_TOP!0!0.0000!0.0000!0.0000!2.5400!positive!no!no!no!no!no!no!yes!
S!16_hardgold_top!PIN!HARDGOLD_TOP!0!0.0000!0.0000!0.0000!2.5400!positive!no!no!no!no!no!no!yes!
S!17_hardgold_bot!VIA CLASS!HARDGOLD_BOTTOM!0!0.0000!0.0000!0.0000!2.5400!positive!no!no!no!no!no!no!yes!
S!17_hardgold_bot!PIN!HARDGOLD_BOTTOM!0!0.0000!0.0000!0.0000!2.5400!positive!no!no!no!no!no!no!yes!
S!18_DESIGN_OUTLINE!BOARD GEOMETRY!DESIGN_OUTLINE!0!0.0000!0.0000!0.1000!2.5400!positive!no!no!no!no!no!no!yes!
S!19_CUTOUT!BOARD GEOMETRY!CUTOUT!0!0.0000!0.0000!0.1000!2.5400!positive!no!no!no!no!no!no!yes!
