A!LAYER_SORT!LAYER_SUBCLASS!LAYER_ARTWORK!LAYER_USE!LAYER_CONDUCTOR!LAYER_DIELECTRIC_CONSTANT!LAYER_ELECTRICAL_CONDUCTIVITY!LAYER_MATERIAL!LAYER_SHIELD_LAYER!LAYER_THERMAL_CONDUCTIVITY!LAYER_THICKNESS!LAYER_TYPE!LAYER_LOSS_TANGENT!LAYER_FUNCTION_TYPE!
J!//ppfs6.physics.ox.ac.uk/CEG/Central Electronics/Projects/Hastingsp/DUNE/uob-hep-pc072/hardware/Cadence/top/mtca_interface_board_reocc/top_mib_v3/physical/mib_rev3ox_v224_manuf.brd!Thu Oct 17 07:18:04 2024!-1898.47!-1906.48!1911.53!1903.52!0.01!millimeters!TOP_MIB_V3!68.897638 mil!10!UP TO DATE!
S!000000!!!!NO!1.000000!0 mho/cm!AIR!NO!!0 mil!SURFACE!0!SURFACE!
S!000001!TOP!POSITIVE!!YES!1.000000!580000 mho/cm!1OZ_COPPER!NO!!1.377953 mil!CONDUCTOR!0!CONDUCTOR!
S!000002!!!!NO!4.200000!0 mho/cm!FR-4!!!4.724409 mil!DIELECTRIC!0.035!DIELECTRIC!
S!000003!02_GND!POSITIVE!EMBEDDED_PLANE!YES!1.000000!580000 mho/cm!1OZ_COPPER!YES!!1.377953 mil!PLANE!0!PLANE!
S!000004!!!!NO!4.200000!0 mho/cm!FR-4!!!7.874016 mil!DIELECTRIC!0.035!DIELECTRIC!
S!000005!03_SIG1!POSITIVE!!YES!1.000000!580000 mho/cm!1OZ_COPPER!NO!!1.377953 mil!CONDUCTOR!0!CONDUCTOR!
S!000006!!!!NO!4.200000!0 mho/cm!FR-4!!!4.724409 mil!DIELECTRIC!0.035!DIELECTRIC!
S!000007!04_GND!POSITIVE!EMBEDDED_PLANE!YES!1.000000!580000 mho/cm!1OZ_COPPER!YES!!1.377953 mil!PLANE!0!PLANE!
S!000008!!!!NO!4.200000!0 mho/cm!FR-4!!!7.874016 mil!DIELECTRIC!0.035!DIELECTRIC!
S!000009!05_PWR1!POSITIVE!EMBEDDED_PLANE!YES!1.000000!580000 mho/cm!1OZ_COPPER!YES!!1.377953 mil!PLANE!0!PLANE!
S!000010!!!!NO!4.200000!0 mho/cm!FR-4!!!4.724409 mil!DIELECTRIC!0.035!DIELECTRIC!
S!000011!06_GND!POSITIVE!EMBEDDED_PLANE!YES!1.000000!580000 mho/cm!1OZ_COPPER!YES!!1.377953 mil!PLANE!0!PLANE!
S!000012!!!!NO!4.200000!0 mho/cm!FR-4!!!7.874016 mil!DIELECTRIC!0.035!DIELECTRIC!
S!000013!07_SIG2!POSITIVE!!YES!1.000000!580000 mho/cm!1OZ_COPPER!NO!!1.377953 mil!CONDUCTOR!0!CONDUCTOR!
S!000014!!!!NO!4.200000!0 mho/cm!FR-4!!!4.724409 mil!DIELECTRIC!0.035!DIELECTRIC!
S!000015!08_GND!POSITIVE!EMBEDDED_PLANE!YES!1.000000!580000 mho/cm!1OZ_COPPER!YES!!1.377953 mil!PLANE!0!PLANE!
S!000016!!!!NO!4.200000!0 mho/cm!FR-4!!!7.874016 mil!DIELECTRIC!0.035!DIELECTRIC!
S!000017!09_SIG3!POSITIVE!!YES!1.000000!580000 mho/cm!1OZ_COPPER!NO!!1.377953 mil!CONDUCTOR!0!CONDUCTOR!
S!000018!!!!NO!4.200000!0 mho/cm!FR-4!!!4.724409 mil!DIELECTRIC!0.035!DIELECTRIC!
S!000019!BOTTOM!POSITIVE!!YES!1.000000!580000 mho/cm!1OZ_COPPER!NO!!1.377953 mil!CONDUCTOR!0!CONDUCTOR!
S!000020!!!!NO!1.000000!0 mho/cm!AIR!NO!!0 mil!SURFACE!0!SURFACE!
