A!NET_NAME_SORT!NET_NAME!NET_PHYSICAL_TYPE!NET_SPACING_TYPE!ELECTRICAL_CONSTRAINT_SET!NET_DIFFERENTIAL_PAIR!NET_STUB_LENGTH!NET_MAX_VIA_COUNT!NET_MIN_LINE_WIDTH!NET_MAX_PARALLEL!NO_TEST!
J!//ppfs6.physics.ox.ac.uk/CEG/Central Electronics/Projects/Hastingsp/DUNE/uob-hep-pc072/hardware/Cadence/top/mtca_interface_board_reocc/top_mib_v3/physical/mib_rev3ox_v224_manuf.brd!Thu Oct 17 07:18:04 2024!-1898.47!-1906.48!1911.53!1903.52!0.01!millimeters!TOP_MIB_V3!68.897638 mil!10!UP TO DATE!
S!UNNAMED_1_RSMD0603_I250_B!UNNAMED_1_RSMD0603_I250_B!!!!!!!!!!
S!UNNAMED_1_RSMD0603_I249_B!UNNAMED_1_RSMD0603_I249_B!!!!!!!!!!
S!DATA_SELECT_P2V 00000005!DATA_SELECT_P2V5!!!!!!!!!!
S!MXCK_P!MXCK_P!!!!MXCK!!!!!!
S!UNNAMED_1_RSMD0603_I242_A!UNNAMED_1_RSMD0603_I242_A!!!!!!!!!!
S!DIFF_CLK_SELECT!DIFF_CLK_SELECT!!!!!!!!!!
S!DCT_DAT2_P!DCT_DAT2_P!!!!DCT_DAT2!!!!!!
S!DCT_DAT2_N!DCT_DAT2_N!!!!DCT_DAT2!!!!!!
S!MXCK_N!MXCK_N!!!!MXCK!!!!!!
S!DIRECT_US_DATA_2_P!DIRECT_US_DATA_2_P!!!!DIRECT_US_DATA_2!!!!!!
S!DIRECT_US_DATA_2_N!DIRECT_US_DATA_2_N!!!!DIRECT_US_DATA_2!!!!!!
S!SFPTD2_P!SFPTD2_P!!!!SFPTD2!!!!!!
S!SFPTD2_N!SFPTD2_N!!!!SFPTD2!!!!!!
S!MAX9831_P!MAX9831_P!!!!MAX9831!!!!!!
S!MAX9831_N!MAX9831_N!!!!MAX9831!!!!!!
S!UNNAMED_1_ATMGA128_I235_PE 00000002!UNNAMED_1_ATMGA128_I235_PE2!!!!!!!!!!
S!MP3V3_IN!MP3V3_IN!!!!!!!!!!
S!12V_IN!12V_IN!!!!!!!!!!
S!P2V5_MON_LOW!P2V5_MON_LOW!!!!!!!!!!
S!P2V5_MON_HIGH!P2V5_MON_HIGH!!!!!!!!!!
S!UNNAMED_1_LTC2991_I162_V 00000002!UNNAMED_1_LTC2991_I162_V2!!!!!!!!!!
S!UNNAMED_1_LTC2991_I162_V 00000001!UNNAMED_1_LTC2991_I162_V1!!!!!!!!!!
S!UNNAMED_1_INV1CHOD_171P_Y!UNNAMED_1_INV1CHOD_171P_Y!!!!!!!!!!
S!UNNAMED_1_INV1CHOD_171P_A!UNNAMED_1_INV1CHOD_171P_A!!!!!!!!!!
S!RESET*!RESET*!!!!!!!!!!
S!UDATA_IN_P<2>!UDATA_IN_P<2>!!!!DPUDATA_IN2!!!!!!
S!UDATA_IN_N<2>!UDATA_IN_N<2>!!!!DPUDATA_IN2!!!!!!
S!DFF_CLK_P<2>!DFF_CLK_P<2>!!!!DPDFF_CLK2!!!!!!
S!DFF_CLK_N<2>!DFF_CLK_N<2>!!!!DPDFF_CLK2!!!!!!
S!VCC3V3_PRE_RSHUNT!VCC3V3_PRE_RSHUNT!!!!!!!!!!
S!LDO_1V8_PG!LDO_1V8_PG!!!!!!!!!!
S!SENSE_I2C_SDA!SENSE_I2C_SDA!!!!!!!!!!
S!SENSE_I2C_SCL!SENSE_I2C_SCL!!!!!!!!!!
S!DCDC_2V5_PG!DCDC_2V5_PG!!!!!!!!!!
S!VCC2V5_PRE_RSHUNT!VCC2V5_PRE_RSHUNT!!!!!!!!!!
S!UNNAMED_4_PTH08T210W_I137_VADJ!UNNAMED_4_PTH08T210W_I137_VADJ!!!!!!!!!!
S!UNNAMED_4_PTH08T210W_I137_TURBO!UNNAMED_4_PTH08T210W_I137_TURBO!!!!!!!!!!
S!UNNAMED_4_PTH08T210W_I137_SENSP!UNNAMED_4_PTH08T210W_I137_SENSP!!!!!!!!!!
S!UNNAMED_4_LEDGREEN06030_I176_A!UNNAMED_4_LEDGREEN06030_I176_A!!!!!!!!!!
S!UNNAMED_1_LTC2991_I162_ADR 00000002!UNNAMED_1_LTC2991_I162_ADR2!!!!!!!!!!
S!UNNAMED_1_LTC2991_I162_ADR 00000001!UNNAMED_1_LTC2991_I162_ADR1!!!!!!!!!!
S!UNNAMED_1_LTC2991_I162_ADR 00000000!UNNAMED_1_LTC2991_I162_ADR0!!!!!!!!!!
S!DC_DC_ENABLE!DC_DC_ENABLE!!!!!!!!!!
S!1V8_POST_RSHUNT!1V8_POST_RSHUNT!!!!!!!!!!
S!UNNAMED_2_CAPCERSMDCL2_I418_B!UNNAMED_2_CAPCERSMDCL2_I418_B!!!!!!!!!!
S!UNNAMED_1_R_I154_ 00000001!UNNAMED_1_R_I154_1!!!!!!!!!!
S!UNNAMED_1_RSMD0603_I144_B!UNNAMED_1_RSMD0603_I144_B!!!!!!!!!!
S!UNNAMED_1_PTH08T210W_I137_VADJ!UNNAMED_1_PTH08T210W_I137_VADJ!!!!!!!!!!
S!UNNAMED_1_PTH08T210W_I137_TURBO!UNNAMED_1_PTH08T210W_I137_TURBO!!!!!!!!!!
S!UNNAMED_1_OPTOCOUPLERACEC_I13_ 00000001!UNNAMED_1_OPTOCOUPLERACEC_I13_1!!!!!!!!!!
S!UNNAMED_1_OPTOCOUPLERACEC_I139_!UNNAMED_1_OPTOCOUPLERACEC_I139_!!!!!!!!!!
S!UART_TX_FROM_FPGA_3V 00000003!UART_TX_FROM_FPGA_3V3!!!!!!!!!!
S!UART_RX_TO_FPGA_3V 00000003!UART_RX_TO_FPGA_3V3!!!!!!!!!!
S!P3V3_OUT 00000001!P3V3_OUT1!!!!!!!!!!
S!P3V3_OUT 00000000!P3V3_OUT0!!!!!!!!!!
S!P1V8_OUT!P1V8_OUT!!!!!!!!!!
S!P1V5_OUT!P1V5_OUT!!!!!!!!!!
S!DATA_FROM_UPSTREAM_N<1>!DATA_FROM_UPSTREAM_N<1>!!!!!!!!!!
S!DATA_FROM_UPSTREAM_P<0>!DATA_FROM_UPSTREAM_P<0>!!!!DPDATA_FROM_UPSTREAM0!!!!!!
S!DATA_FROM_UPSTREAM_P<1>!DATA_FROM_UPSTREAM_P<1>!!!!!!!!!!
S!DATA_FROM_UPSTREAM_N<0>!DATA_FROM_UPSTREAM_N<0>!!!!DPDATA_FROM_UPSTREAM0!!!!!!
S!AUX_GBE_TX_P!AUX_GBE_TX_P!!!!DP_AUX_GBE_TX!!!!!!
S!AUX_GBE_TX_N!AUX_GBE_TX_N!!!!DP_AUX_GBE_TX!!!!!!
S!AUX_GBE_RX_P!AUX_GBE_RX_P!!!!DP_AUX_GBE_RX!!!!!!
S!AUX_GBE_RX_N!AUX_GBE_RX_N!!!!DP_AUX_GBE_RX!!!!!!
S!UNNAMED_3_ADCLK948_I244_VREF 00000000!UNNAMED_3_ADCLK948_I244_VREF0!!!!!!!!!!
S!UNNAMED_3_ADCLK948_I244_Q_ 00000003!UNNAMED_3_ADCLK948_I244_Q_3!!!!!!!!!!
S!UNNAMED_3_ADCLK948_I244_Q_ 00000002!UNNAMED_3_ADCLK948_I244_Q_2!!!!!!!!!!
S!UNNAMED_3_ADCLK948_I244_Q_ 00000001!UNNAMED_3_ADCLK948_I244_Q_1!!!!!!!!!!
S!UNNAMED_3_ADCLK948_I244_Q!UNNAMED_3_ADCLK948_I244_Q!!!!!!!!!!
S!UNNAMED_3_ADCLK948_I244_INSEL!UNNAMED_3_ADCLK948_I244_INSEL!!!!!!!!!!
S!UNNAMED_3_ADCLK948_I244_CLK1_ 00000001!UNNAMED_3_ADCLK948_I244_CLK1_1!!!!!!!!!!
S!UNNAMED_3_ADCLK948_I244_CLK 00000001!UNNAMED_3_ADCLK948_I244_CLK1!!!!!!!!!!
S!UNNAMED_3_ADCLK948_I178_VREF 00000000!UNNAMED_3_ADCLK948_I178_VREF0!!!!!!!!!!
S!UNNAMED_3_ADCLK948_I178_Q_ 00000003!UNNAMED_3_ADCLK948_I178_Q_3!!!!!!!!!!
S!UNNAMED_3_ADCLK948_I178_Q_ 00000002!UNNAMED_3_ADCLK948_I178_Q_2!!!!!!!!!!
S!UNNAMED_3_ADCLK948_I178_Q_ 00000001!UNNAMED_3_ADCLK948_I178_Q_1!!!!!!!!!!
S!UNNAMED_3_ADCLK948_I178_Q!UNNAMED_3_ADCLK948_I178_Q!!!!!!!!!!
S!UNNAMED_3_ADCLK948_I178_INSEL!UNNAMED_3_ADCLK948_I178_INSEL!!!!!!!!!!
S!UNNAMED_3_ADCLK948_I178_CLK1_ 00000001!UNNAMED_3_ADCLK948_I178_CLK1_1!!!!!!!!!!
S!UNNAMED_3_ADCLK948_I178_CLK 00000001!UNNAMED_3_ADCLK948_I178_CLK1!!!!!!!!!!
S!DC_REF_CLK_P<9>!DC_REF_CLK_P<9>!!!!DP_DC_REF_CLK9!!!!!!
S!DC_REF_CLK_P<8>!DC_REF_CLK_P<8>!!!!DP_DC_REF_CLK8!!!!!!
S!DC_REF_CLK_P<7>!DC_REF_CLK_P<7>!!!!DP_DC_REF_CLK7!!!!!!
S!DC_REF_CLK_P<6>!DC_REF_CLK_P<6>!!!!DP_DC_REF_CLK6!!!!!!
S!DC_REF_CLK_P<5>!DC_REF_CLK_P<5>!!!!DP_DC_REF_CLK5!!!!!!
S!DC_REF_CLK_P<4>!DC_REF_CLK_P<4>!!!!DP_DC_REF_CLK4!!!!!!
S!DC_REF_CLK_P<3>!DC_REF_CLK_P<3>!!!!DP_DC_REF_CLK3!!!!!!
S!DC_REF_CLK_P<2>!DC_REF_CLK_P<2>!!!!DP_DC_REF_CLK2!!!!!!
S!DC_REF_CLK_P<1>!DC_REF_CLK_P<1>!!!!DP_DC_REF_CLK1!!!!!!
S!DC_REF_CLK_P<11>!DC_REF_CLK_P<11>!!!!DP_DC_REF_CLK11!!!!!!
S!DC_REF_CLK_P<10>!DC_REF_CLK_P<10>!!!!DP_DC_REF_CLK10!!!!!!
S!DC_REF_CLK_P<0>!DC_REF_CLK_P<0>!!!!DP_DC_REF_CLK0!!!!!!
S!DC_REF_CLK_N<9>!DC_REF_CLK_N<9>!!!!DP_DC_REF_CLK9!!!!!!
S!DC_REF_CLK_N<8>!DC_REF_CLK_N<8>!!!!DP_DC_REF_CLK8!!!!!!
S!DC_REF_CLK_N<7>!DC_REF_CLK_N<7>!!!!DP_DC_REF_CLK7!!!!!!
S!DC_REF_CLK_N<6>!DC_REF_CLK_N<6>!!!!DP_DC_REF_CLK6!!!!!!
S!DC_REF_CLK_N<5>!DC_REF_CLK_N<5>!!!!DP_DC_REF_CLK5!!!!!!
S!DC_REF_CLK_N<4>!DC_REF_CLK_N<4>!!!!DP_DC_REF_CLK4!!!!!!
S!DC_REF_CLK_N<3>!DC_REF_CLK_N<3>!!!!DP_DC_REF_CLK3!!!!!!
S!DC_REF_CLK_N<2>!DC_REF_CLK_N<2>!!!!DP_DC_REF_CLK2!!!!!!
S!DC_REF_CLK_N<1>!DC_REF_CLK_N<1>!!!!DP_DC_REF_CLK1!!!!!!
S!DC_REF_CLK_N<11>!DC_REF_CLK_N<11>!!!!DP_DC_REF_CLK11!!!!!!
S!DC_REF_CLK_N<10>!DC_REF_CLK_N<10>!!!!DP_DC_REF_CLK10!!!!!!
S!DC_REF_CLK_N<0>!DC_REF_CLK_N<0>!!!!DP_DC_REF_CLK0!!!!!!
S!VDD_CLK_BUFFER!VDD_CLK_BUFFER!!!!!!!!!!
S!VDDO_CLK!VDDO_CLK!!!!!!!!!!
S!UNNAMED_2_CAPCERSMDCL2_I367_B!UNNAMED_2_CAPCERSMDCL2_I367_B!!!!!!!!!!
S!UNNAMED_2_CAPCERSMDCL2_I366_B!UNNAMED_2_CAPCERSMDCL2_I366_B!!!!!!!!!!
S!UNNAMED_1_SY58608U_I571_VREF!UNNAMED_1_SY58608U_I571_VREF!!!!!!!!!!
S!UNNAMED_1_SY58608U_I564_VREF!UNNAMED_1_SY58608U_I564_VREF!!!!!!!!!!
S!UNNAMED_1_SY58608U_I557_VREF!UNNAMED_1_SY58608U_I557_VREF!!!!!!!!!!
S!UNNAMED_1_R_I575_ 00000002!UNNAMED_1_R_I575_2!!!!!!!!!!
S!UNNAMED_1_R_I574_ 00000002!UNNAMED_1_R_I574_2!!!!!!!!!!
S!UNNAMED_1_R_I568_ 00000002!UNNAMED_1_R_I568_2!!!!!!!!!!
S!UNNAMED_1_R_I567_ 00000002!UNNAMED_1_R_I567_2!!!!!!!!!!
S!UNNAMED_1_R_I559_ 00000002!UNNAMED_1_R_I559_2!!!!!!!!!!
S!UNNAMED_1_R_I558_ 00000002!UNNAMED_1_R_I558_2!!!!!!!!!!
S!UPSTREAM_DATA_P<0>!UPSTREAM_DATA_P<0>!!!!DP_UPSTREAM_DATA0!!!!!!
S!UPSTREAM_DATA_N_<2>!UPSTREAM_DATA_N_<2>!!!!DP_UPSTREAM_DATA2!!!!!!
S!UPSTREAM_DATA_N_<1>!UPSTREAM_DATA_N_<1>!!!!DP_UPSTREAM_DATA1!!!!!!
S!UPSTREAM_DATA_N_<0>!UPSTREAM_DATA_N_<0>!!!!DP_UPSTREAM_DATA0!!!!!!
S!SFP_DATA_OUT_P<2>!SFP_DATA_OUT_P<2>!!!!!!!!!!
S!SFP_DATA_OUT_P<1>!SFP_DATA_OUT_P<1>!!!!!!!!!!
S!SFP_DATA_OUT_P<0>!SFP_DATA_OUT_P<0>!!!!DPSFP_DATA_OUT0!!!!!!
S!SFP_DATA_OUT_N<2>!SFP_DATA_OUT_N<2>!!!!!!!!!!
S!SFP_DATA_OUT_N<1>!SFP_DATA_OUT_N<1>!!!!!!!!!!
S!UPSTREAM_DATA_P<2>!UPSTREAM_DATA_P<2>!!!!DP_UPSTREAM_DATA2!!!!!!
S!UPSTREAM_DATA_P<1>!UPSTREAM_DATA_P<1>!!!!DP_UPSTREAM_DATA1!!!!!!
S!SFP_DATA_OUT_N<0>!SFP_DATA_OUT_N<0>!!!!DPSFP_DATA_OUT0!!!!!!
S!SFP2_CLKGEN_P!SFP2_CLKGEN_P!!!!SFP2_CLKGEN!!!!!!
S!SFP2_CLKGEN_N!SFP2_CLKGEN_N!!!!SFP2_CLKGEN!!!!!!
S!SFP1_CLKGEN_P!SFP1_CLKGEN_P!!!!SFP1_CLKGEN!!!!!!
S!SFP1_CLKGEN_N!SFP1_CLKGEN_N!!!!SFP1_CLKGEN!!!!!!
S!SFP0_CLKGEN_P!SFP0_CLKGEN_P!!!!SFP0_CLKGEN!!!!!!
S!SFP0_CLKGEN_N!SFP0_CLKGEN_N!!!!SFP0_CLKGEN!!!!!!
S!DFF_REF_CLK_P<2>!DFF_REF_CLK_P<2>!!!!DP_DFF_REF_CLK2!!!!!!
S!DFF_REF_CLK_P<1>!DFF_REF_CLK_P<1>!!!!DP_DFF_REF_CLK1!!!!!!
S!DFF_REF_CLK_P<0>!DFF_REF_CLK_P<0>!!!!DP_DFF_REF_CLK0!!!!!!
S!DFF_REF_CLK_N<2>!DFF_REF_CLK_N<2>!!!!DP_DFF_REF_CLK2!!!!!!
S!DFF_REF_CLK_N<1>!DFF_REF_CLK_N<1>!!!!DP_DFF_REF_CLK1!!!!!!
S!DFF_REF_CLK_N<0>!DFF_REF_CLK_N<0>!!!!DP_DFF_REF_CLK0!!!!!!
S!CLK_TST_P!CLK_TST_P!!!!CLK_TST!!!!!!
S!CLK_TST_N!CLK_TST_N!!!!CLK_TST!!!!!!
S!CLKIN2_P!CLKIN2_P!!!!CLKIN2!!!!!!
S!CLKIN2_N!CLKIN2_N!!!!CLKIN2!!!!!!
S!CLK_SCL!CLK_SCL!!!!!!!!!!
S!CLK_SEL 00000000!CLK_SEL0!!!!!!!!!!
S!CLK_SEL 00000001!CLK_SEL1!!!!!!!!!!
S!CLK_INTR!CLK_INTR!!!!!!!!!!
S!CLK_LOL!CLK_LOL!!!!!!!!!!
S!CLK_P<1>!CLK_P<1>!!!!DP_CLK1!!!!!!
S!CLK_P<0>!CLK_P<0>!!!!DP_CLK0!!!!!!
S!CLK_N<1>!CLK_N<1>!!!!DP_CLK1!!!!!!
S!CLK_SDA!CLK_SDA!!!!!!!!!!
S!CLK_N<0>!CLK_N<0>!!!!DP_CLK0!!!!!!
S!AVDD!AVDD!!!!!!!!!!
S!P2V 00000005!P2V5!!!!!!!!!!
S!VCCT_3V3_ 00000002!VCCT_3V3_2!!!!!!!!!!
S!VCCT_3V3_ 00000001!VCCT_3V3_1!!!!!!!!!!
S!VCCT_3V 00000003!VCCT_3V3!!!!!!!!!!
S!VCCR_3V3_ 00000002!VCCR_3V3_2!!!!!!!!!!
S!VCCR_3V3_ 00000001!VCCR_3V3_1!!!!!!!!!!
S!VCCR_3V 00000003!VCCR_3V3!!!!!!!!!!
S!TMS_ 00000001!TMS_1!!!!!!!!!!
S!CLK_RST!CLK_RST!!!!!!!!!!
S!TDO_ 00000001!TDO_1!!!!!!!!!!
S!TDI_ 00000001!TDI_1!!!!!!!!!!
S!TCK_ 00000001!TCK_1!!!!!!!!!!
S!SFP_TD_P<0>!SFP_TD_P<0>!!!!DP_SFP_TD0!!!!!!
S!SFP_TD_N<2>!SFP_TD_N<2>!!!!DP_SFP_TD2!!!!!!
S!SFP_TD_N<1>!SFP_TD_N<1>!!!!DP_SFP_TD1!!!!!!
S!SFP_TD_N<0>!SFP_TD_N<0>!!!!DP_SFP_TD0!!!!!!
S!SFP_SDA<2>!SFP_SDA<2>!!!!!!!!!!
S!SFP_SDA<1>!SFP_SDA<1>!!!!!!!!!!
S!SFP_SDA<0>!SFP_SDA<0>!!!!!!!!!!
S!SFP_SCL<2>!SFP_SCL<2>!!!!!!!!!!
S!SFP_RATE_SELECT<2>!SFP_RATE_SELECT<2>!!!!!!!!!!
S!SFP_RATE_SELECT<1>!SFP_RATE_SELECT<1>!!!!!!!!!!
S!SFP_RATE_SELECT<0>!SFP_RATE_SELECT<0>!!!!!!!!!!
S!SFP_TX_DISABLE<2>!SFP_TX_DISABLE<2>!!!!!!!!!!
S!SFP_TX_DISABLE<1>!SFP_TX_DISABLE<1>!!!!!!!!!!
S!SFP_TX_DISABLE<0>!SFP_TX_DISABLE<0>!!!!!!!!!!
S!SFP_TX_FAULT<2>!SFP_TX_FAULT<2>!!!!!!!!!!
S!SFP_TX_FAULT<1>!SFP_TX_FAULT<1>!!!!!!!!!!
S!SFP_TX_FAULT<0>!SFP_TX_FAULT<0>!!!!!!!!!!
S!SFP_LOS<2>!SFP_LOS<2>!!!!!!!!!!
S!SFP_SCL<1>!SFP_SCL<1>!!!!!!!!!!
S!SFP_LOS<1>!SFP_LOS<1>!!!!!!!!!!
S!SFP_LOS<0>!SFP_LOS<0>!!!!!!!!!!
S!SFP_RD_P<2>!SFP_RD_P<2>!!!!DP_SFP_RD2!!!!!!
S!SFP_RD_P<1>!SFP_RD_P<1>!!!!DP_SFP_RD1!!!!!!
S!SFP_RD_P<0>!SFP_RD_P<0>!!!!DP_SFP_RD0!!!!!!
S!SFP_RD_N<2>!SFP_RD_N<2>!!!!DP_SFP_RD2!!!!!!
S!SFP_RD_N<1>!SFP_RD_N<1>!!!!DP_SFP_RD1!!!!!!
S!SFP_RD_N<0>!SFP_RD_N<0>!!!!DP_SFP_RD0!!!!!!
S!SFP_TD_P<2>!SFP_TD_P<2>!!!!DP_SFP_TD2!!!!!!
S!SFP_TD_P<1>!SFP_TD_P<1>!!!!DP_SFP_TD1!!!!!!
S!SFP_SCL<0>!SFP_SCL<0>!!!!!!!!!!
S!RTM_PS!RTM_PS!!!!!!!!!!
S!PRESENCE_12V!PRESENCE_12V!!!!!!!!!!
S!DCDC_3V3_PG!DCDC_3V3_PG!!!!!!!!!!
S!DCDC_ENABLE!DCDC_ENABLE!!!!!!!!!!
S!NOVER_TEMP!NOVER_TEMP!!!!!!!!!!
S!N 00002371!N02371!!!!!!!!!!
S!N 00000904!N00904!!!!!!!!!!
S!N 00000902!N00902!!!!!!!!!!
S!N 00000775!N00775!!!!!!!!!!
S!N 00000771!N00771!!!!!!!!!!
S!N 00000505!N00505!!!!!!!!!!
S!N 00000497!N00497!!!!!!!!!!
S!N 00000481!N00481!!!!!!!!!!
S!N 00000473!N00473!!!!!!!!!!
S!N 00000471!N00471!!!!!!!!!!
S!N 00000469!N00469!!!!!!!!!!
S!N 00000455!N00455!!!!!!!!!!
S!N 00003941!N003941!!!!!!!!!!
S!N00183_ 00000002!N00183_2!!!!!!!!!!
S!N00183_ 00000001!N00183_1!!!!!!!!!!
S!N 00000183!N00183!!!!!!!!!!
S!UNNAMED_1_LEDRED06030_121P_A!UNNAMED_1_LEDRED06030_121P_A!!!!!!!!!!
S!REF_CLK_N<4>!REF_CLK_N<4>!!!!DP_REF_CLK4!!!!!!
S!REF_CLK_N<3>!REF_CLK_N<3>!!!!DP_REF_CLK3!!!!!!
S!PWR_ON!PWR_ON!!!!!!!!!!
S!AMC_N_ENABLE!AMC_N_ENABLE!!!!!!!!!!
S!TCK_ 00000002!TCK_2!!!!!!!!!!
S!TMS_ 00000002!TMS_2!!!!!!!!!!
S!TDO_ 00000002!TDO_2!!!!!!!!!!
S!TDI_ 00000002!TDI_2!!!!!!!!!!
S!GBE_TX_N!GBE_TX_N!!!!DP_GBE_TX!!!!!!
S!GBE_TX_P!GBE_TX_P!!!!DP_GBE_TX!!!!!!
S!GBE_RX_N!GBE_RX_N!!!!DP_GBE_RX!!!!!!
S!REF_CLK_N<2>!REF_CLK_N<2>!!!!DP_REF_CLK2!!!!!!
S!GBE_RX_P!GBE_RX_P!!!!DP_GBE_RX!!!!!!
S!IMPB_SCL!IMPB_SCL!!!!!!!!!!
S!IMPB_SDA!IMPB_SDA!!!!!!!!!!
S!DATA_OUT_P<11>!DATA_OUT_P<11>!!!!DP_DATA_OUT11!!!!!!
S!DATA_OUT_P<10>!DATA_OUT_P<10>!!!!DP_DATA_OUT10!!!!!!
S!DATA_OUT_P<9>!DATA_OUT_P<9>!!!!DP_DATA_OUT9!!!!!!
S!DATA_OUT_P<8>!DATA_OUT_P<8>!!!!DP_DATA_OUT8!!!!!!
S!DATA_OUT_P<7>!DATA_OUT_P<7>!!!!DP_DATA_OUT7!!!!!!
S!DATA_OUT_P<6>!DATA_OUT_P<6>!!!!DP_DATA_OUT6!!!!!!
S!DATA_OUT_P<5>!DATA_OUT_P<5>!!!!DP_DATA_OUT5!!!!!!
S!REF_CLK_N<1>!REF_CLK_N<1>!!!!DP_REF_CLK1!!!!!!
S!DATA_OUT_P<4>!DATA_OUT_P<4>!!!!DP_DATA_OUT4!!!!!!
S!DATA_OUT_P<3>!DATA_OUT_P<3>!!!!DP_DATA_OUT3!!!!!!
S!DATA_OUT_P<2>!DATA_OUT_P<2>!!!!DP_DATA_OUT2!!!!!!
S!DATA_OUT_P<1>!DATA_OUT_P<1>!!!!DP_DATA_OUT1!!!!!!
S!DATA_OUT_P<0>!DATA_OUT_P<0>!!!!DP_DATA_OUT0!!!!!!
S!DATA_OUT_N<11>!DATA_OUT_N<11>!!!!DP_DATA_OUT11!!!!!!
S!DATA_OUT_N<10>!DATA_OUT_N<10>!!!!DP_DATA_OUT10!!!!!!
S!DATA_OUT_N<9>!DATA_OUT_N<9>!!!!DP_DATA_OUT9!!!!!!
S!DATA_OUT_N<8>!DATA_OUT_N<8>!!!!DP_DATA_OUT8!!!!!!
S!DATA_OUT_N<7>!DATA_OUT_N<7>!!!!DP_DATA_OUT7!!!!!!
S!REF_CLK_N<0>!REF_CLK_N<0>!!!!DP_REF_CLK0!!!!!!
S!DATA_OUT_N<6>!DATA_OUT_N<6>!!!!DP_DATA_OUT6!!!!!!
S!DATA_OUT_N<5>!DATA_OUT_N<5>!!!!DP_DATA_OUT5!!!!!!
S!DATA_OUT_N<4>!DATA_OUT_N<4>!!!!DP_DATA_OUT4!!!!!!
S!DATA_OUT_N<3>!DATA_OUT_N<3>!!!!DP_DATA_OUT3!!!!!!
S!DATA_OUT_N<2>!DATA_OUT_N<2>!!!!DP_DATA_OUT2!!!!!!
S!DATA_OUT_N<1>!DATA_OUT_N<1>!!!!DP_DATA_OUT1!!!!!!
S!DATA_OUT_N<0>!DATA_OUT_N<0>!!!!DP_DATA_OUT0!!!!!!
S!DATA_IN_P<11>!DATA_IN_P<11>!!!!DP_DATA_IN11!!!!!!
S!DATA_IN_P<10>!DATA_IN_P<10>!!!!DP_DATA_IN10!!!!!!
S!DATA_IN_P<9>!DATA_IN_P<9>!!!!DP_DATA_IN9!!!!!!
S!AMC_GA<2>!AMC_GA<2>!!!!!!!!!!
S!DATA_IN_P<8>!DATA_IN_P<8>!!!!DP_DATA_IN8!!!!!!
S!DATA_IN_P<7>!DATA_IN_P<7>!!!!DP_DATA_IN7!!!!!!
S!DATA_IN_P<6>!DATA_IN_P<6>!!!!DP_DATA_IN6!!!!!!
S!DATA_IN_P<5>!DATA_IN_P<5>!!!!DP_DATA_IN5!!!!!!
S!DATA_IN_P<4>!DATA_IN_P<4>!!!!DP_DATA_IN4!!!!!!
S!DATA_IN_P<3>!DATA_IN_P<3>!!!!DP_DATA_IN3!!!!!!
S!DATA_IN_P<2>!DATA_IN_P<2>!!!!DP_DATA_IN2!!!!!!
S!DATA_IN_P<1>!DATA_IN_P<1>!!!!DP_DATA_IN1!!!!!!
S!DATA_IN_P<0>!DATA_IN_P<0>!!!!DP_DATA_IN0!!!!!!
S!DATA_IN_N<11>!DATA_IN_N<11>!!!!DP_DATA_IN11!!!!!!
S!AMC_GA<1>!AMC_GA<1>!!!!!!!!!!
S!DATA_IN_N<10>!DATA_IN_N<10>!!!!DP_DATA_IN10!!!!!!
S!DATA_IN_N<9>!DATA_IN_N<9>!!!!DP_DATA_IN9!!!!!!
S!DATA_IN_N<8>!DATA_IN_N<8>!!!!DP_DATA_IN8!!!!!!
S!DATA_IN_N<7>!DATA_IN_N<7>!!!!DP_DATA_IN7!!!!!!
S!DATA_IN_N<6>!DATA_IN_N<6>!!!!DP_DATA_IN6!!!!!!
S!DATA_IN_N<5>!DATA_IN_N<5>!!!!DP_DATA_IN5!!!!!!
S!DATA_IN_N<4>!DATA_IN_N<4>!!!!DP_DATA_IN4!!!!!!
S!DATA_IN_N<3>!DATA_IN_N<3>!!!!DP_DATA_IN3!!!!!!
S!DATA_IN_N<2>!DATA_IN_N<2>!!!!DP_DATA_IN2!!!!!!
S!DATA_IN_N<1>!DATA_IN_N<1>!!!!DP_DATA_IN1!!!!!!
S!AMC_GA<0>!AMC_GA<0>!!!!!!!!!!
S!DATA_IN_N<0>!DATA_IN_N<0>!!!!DP_DATA_IN0!!!!!!
S!REF_CLK_P<11>!REF_CLK_P<11>!!!!DP_REF_CLK11!!!!!!
S!REF_CLK_P<10>!REF_CLK_P<10>!!!!DP_REF_CLK10!!!!!!
S!REF_CLK_P<9>!REF_CLK_P<9>!!!!DP_REF_CLK9!!!!!!
S!REF_CLK_P<8>!REF_CLK_P<8>!!!!DP_REF_CLK8!!!!!!
S!REF_CLK_P<7>!REF_CLK_P<7>!!!!DP_REF_CLK7!!!!!!
S!REF_CLK_P<6>!REF_CLK_P<6>!!!!DP_REF_CLK6!!!!!!
S!REF_CLK_P<5>!REF_CLK_P<5>!!!!DP_REF_CLK5!!!!!!
S!REF_CLK_P<4>!REF_CLK_P<4>!!!!DP_REF_CLK4!!!!!!
S!REF_CLK_P<3>!REF_CLK_P<3>!!!!DP_REF_CLK3!!!!!!
S!AMC_N_PS<1>!AMC_N_PS<1>!!!!!!!!!!
S!REF_CLK_P<2>!REF_CLK_P<2>!!!!DP_REF_CLK2!!!!!!
S!REF_CLK_P<1>!REF_CLK_P<1>!!!!DP_REF_CLK1!!!!!!
S!REF_CLK_P<0>!REF_CLK_P<0>!!!!DP_REF_CLK0!!!!!!
S!REF_CLK_N<11>!REF_CLK_N<11>!!!!DP_REF_CLK11!!!!!!
S!REF_CLK_N<10>!REF_CLK_N<10>!!!!DP_REF_CLK10!!!!!!
S!REF_CLK_N<9>!REF_CLK_N<9>!!!!DP_REF_CLK9!!!!!!
S!REF_CLK_N<8>!REF_CLK_N<8>!!!!DP_REF_CLK8!!!!!!
S!REF_CLK_N<7>!REF_CLK_N<7>!!!!DP_REF_CLK7!!!!!!
S!REF_CLK_N<6>!REF_CLK_N<6>!!!!DP_REF_CLK6!!!!!!
S!REF_CLK_N<5>!REF_CLK_N<5>!!!!DP_REF_CLK5!!!!!!
S!AMC_N_PS<0>!AMC_N_PS<0>!!!!!!!!!!
S!VP12_EN!VP12_EN!!!!!!!!!!
S!VP 00000012!VP12!!!!!!!!!!
S!CLKIN3_N!CLKIN3_N!!!!CLKIN3!!!!!!
S!CLKIN3_P!CLKIN3_P!!!!CLKIN3!!!!!!
S!XB!XB!!!!DP_XTAL!!!!!!
S!XA!XA!!!!DP_XTAL!!!!!!
S!AUXIO_N 00000003!AUXIO_N3!!!!AUXIO_3!!!!!!
S!AUXIO_N 00000004!AUXIO_N4!!!!AUXIO_4!!!!!!
S!AUXIO_N 00000005!AUXIO_N5!!!!AUXIO_5!!!!!!
S!AUXIO_P 00000005!AUXIO_P5!!!!AUXIO_5!!!!!!
S!AUXIO_P 00000002!AUXIO_P2!!!!AUXIO_2!!!!!!
S!AUXIO_P 00000004!AUXIO_P4!!!!AUXIO_4!!!!!!
S!AUXIO_P 00000003!AUXIO_P3!!!!AUXIO_3!!!!!!
S!SCOPE_N!SCOPE_N!!!!SCOPE!!!!!!
S!SCOPE_P!SCOPE_P!!!!SCOPE!!!!!!
S!DATA_FROM_UPSTREAM_N<2>!DATA_FROM_UPSTREAM_N<2>!!!!!!!!!!
S!DATA_FROM_UPSTREAM_P<2>!DATA_FROM_UPSTREAM_P<2>!!!!!!!!!!
S!CLKIN1_P!CLKIN1_P!!!!CLKIN1!!!!!!
S!CLKIN1_N!CLKIN1_N!!!!CLKIN1!!!!!!
S!I2C_SEL!I2C_SEL!!!!!!!!!!
S!CLKIN0_N!CLKIN0_N!!!!CLKIN0!!!!!!
S!CLKIN0_P!CLKIN0_P!!!!CLKIN0!!!!!!
S!AUXIO_N 00000007!AUXIO_N7!!!!AUXIO_7!!!!!!
S!AUXIO_N 00000006!AUXIO_N6!!!!AUXIO_6!!!!!!
S!AUXIO_P 00000006!AUXIO_P6!!!!AUXIO_6!!!!!!
S!RCLK_P 00000000!RCLK_P0!!!!DP2!!!!!!
S!AUXIO_N 00000002!AUXIO_N2!!!!AUXIO_2!!!!!!
S!AUXIO_P 00000001!AUXIO_P1!!!!!!!!!!
S!AUXIO_P 00000007!AUXIO_P7!!!!AUXIO_7!!!!!!
S!RCLK_N 00000000!RCLK_N0!!!!DP1!!!!!!
S!REFCLK_OUT1_N!REFCLK_OUT1_N!!!!REFCLK_OUT1!!!!!!
S!REFCLK_OUT1_P!REFCLK_OUT1_P!!!!REFCLK_OUT1!!!!!!
S!REFCLK_OUT0_N!REFCLK_OUT0_N!!!!REFCLK_OUT0!!!!!!
S!REFCLK_OUT0_P!REFCLK_OUT0_P!!!!REFCLK_OUT0!!!!!!
S!VP1V 00000008!VP1V8!!!!!!!!!!
S!A 00000001!A1!!!!!!!!!!
S!A 00000000!A0!!!!!!!!!!
S!FPGA_PG!FPGA_PG!!!!!!!!!!
S!VREF_JTAG!VREF_JTAG!!!!!!!!!!
S!FBCLK_P!FBCLK_P!!!!FBCLK!!!!!!
S!FBCLK_N!FBCLK_N!!!!FBCLK!!!!!!
S!VCC3V 00000003!VCC3V3!!!!!!!!!!
S!RCLK_P 00000001!RCLK_P1!!!!DP2!!!!!!
S!RCLK_N 00000001!RCLK_N1!!!!DP1!!!!!!
S!A 00000002!A2!!!!!!!!!!
S!MP3V 00000003!MP3V3!!!!!!!!!!
S!RED_LED!RED_LED!!!!!!!!!!
S!BLUE_LED!BLUE_LED!!!!!!!!!!
S!GREEN_LED!GREEN_LED!!!!!!!!!!
S!VDDA_CLK!VDDA_CLK!!!!!!!!!!
S!HANDLE_SW_CLOSE_N!HANDLE_SW_CLOSE_N!!!!!!!!!!
S!VDD_CLK!VDD_CLK!!!!!!!!!!
S!FPGA_TDI!FPGA_TDI!!!!!!!!!!
S!FPGA_TMS!FPGA_TMS!!!!!!!!!!
S!FPGA_TCK!FPGA_TCK!!!!!!!!!!
S!FPGA_TDO!FPGA_TDO!!!!!!!!!!
S!TDI!TDI!!!!!!!!!!
S!TDO!TDO!!!!!!!!!!
S!TCK!TCK!!!!!!!!!!
S!TMS!TMS!!!!!!!!!!
S!SEGMENT 00000003!SEGMENT3!!!!!!!!!!
S!SEGMENT 00000002!SEGMENT2!!!!!!!!!!
S!GND!GND!PWR_GND!PWR!!!!!!!!
S!SEGMENT 00000001!SEGMENT1!!!!!!!!!!
