A!NET_NAME_SORT!NET_NAME!NET_PHYSICAL_TYPE!NET_SPACING_TYPE!ELECTRICAL_CONSTRAINT_SET!NET_DIFFERENTIAL_PAIR!NET_STUB_LENGTH!NET_MAX_VIA_COUNT!NET_MIN_LINE_WIDTH!NET_MAX_PARALLEL!NET_IMPEDANCE_AVERAGE!NO_TEST!NET_IMPEDANCE_MINIMUM!NET_IMPEDANCE_MAXIMUM!
J!C:/Users/phdgc/Downloads/uob-hep-pc072/hardware/Cadence/top/mtca_interface_board_reocc/top/physical/mib_rev2_v206.brd!Mon May 15 08:37:10 2023!-1898.4723!-1906.4829!1911.5277!1903.5171!0.0001!millimeters!TOP!68.897638 mil!10!UP TO DATE!
S!UNNAMED_1_MAX9381ESA_I618_Q_ 00000001!UNNAMED_1_MAX9381ESA_I618_Q_1!!!!!!!!!32.62 ohms!!24.65 ohms!65.29 ohms!
S!UNNAMED_1_MAX9381ESA_I618_Q!UNNAMED_1_MAX9381ESA_I618_Q!!!!!!!!!31.36 ohms!!24.65 ohms!65.29 ohms!
S!UNNAMED_1_MAX9381ESA_I578_Q_ 00000001!UNNAMED_1_MAX9381ESA_I578_Q_1!!!!!!!!!34.18 ohms!!24.75 ohms!65.29 ohms!
S!UNNAMED_1_MAX9381ESA_I578_Q!UNNAMED_1_MAX9381ESA_I578_Q!!!!!!!!!33.88 ohms!!24.75 ohms!65.29 ohms!
S!UNNAMED_1_MAX9381ESA_I649_Q_ 00000001!UNNAMED_1_MAX9381ESA_I649_Q_1!!!!!!!!!33.01 ohms!!24.75 ohms!65.29 ohms!
S!UNNAMED_1_MAX9381ESA_I649_Q!UNNAMED_1_MAX9381ESA_I649_Q!!!!!!!!!32.90 ohms!!24.75 ohms!65.29 ohms!
S!P2V5_MON_LOW!P2V5_MON_LOW!!!!!!!!!54.31 ohms!!31.91 ohms!88.18 ohms!
S!P2V5_MON_HIGH!P2V5_MON_HIGH!!!!!!!!!59.39 ohms!!31.91 ohms!88.18 ohms!
S!UNNAMED_1_LTC2991_I162_V 00000002!UNNAMED_1_LTC2991_I162_V2!!!!!!!!!39.24 ohms!!27.90 ohms!88.18 ohms!
S!UNNAMED_1_LTC2991_I162_V 00000001!UNNAMED_1_LTC2991_I162_V1!!!!!!!!!38.80 ohms!!27.90 ohms!88.18 ohms!
S!UNNAMED_1_INV1CHOD_171P_Y!UNNAMED_1_INV1CHOD_171P_Y!!!!!!!!!56.76 ohms!!46.92 ohms!88.18 ohms!
S!UNNAMED_1_INV1CHOD_171P_A!UNNAMED_1_INV1CHOD_171P_A!!!!!!!!!61.97 ohms!!46.75 ohms!88.18 ohms!
S!RESET*!RESET*!!!!!!!!!60.41 ohms!!35.55 ohms!88.18 ohms!
S!UDATA_IN_P<2>!UDATA_IN_P<2>!!!!DPUDATA_IN2!!!!!33.61 ohms!!24.75 ohms!54.27 ohms!
S!UDATA_IN_P<1>!UDATA_IN_P<1>!!!!DPUDATA_IN1!!!!!34.00 ohms!!24.75 ohms!54.27 ohms!
S!UDATA_IN_P<0>!UDATA_IN_P<0>!!!!DPUDATA_IN0!!!!!56.26 ohms!!24.75 ohms!79.19 ohms!
S!UDATA_IN_N<2>!UDATA_IN_N<2>!!!!DPUDATA_IN2!!!!!34.56 ohms!!25.82 ohms!54.27 ohms!
S!UDATA_IN_N<1>!UDATA_IN_N<1>!!!!DPUDATA_IN1!!!!!34.21 ohms!!24.75 ohms!54.27 ohms!
S!UDATA_IN_N<0>!UDATA_IN_N<0>!!!!DPUDATA_IN0!!!!!56.28 ohms!!24.05 ohms!86.32 ohms!
S!DFF_CLK_P<2>!DFF_CLK_P<2>!!!!DPDFF_CLK2!!!!!34.36 ohms!!24.75 ohms!54.27 ohms!
S!DFF_CLK_P<1>!DFF_CLK_P<1>!!!!DPDFF_CLK1!!!!!32.14 ohms!!22.29 ohms!54.27 ohms!
S!DFF_CLK_N<2>!DFF_CLK_N<2>!!!!DPDFF_CLK2!!!!!33.47 ohms!!24.75 ohms!54.27 ohms!
S!DFF_CLK_N<1>!DFF_CLK_N<1>!!!!DPDFF_CLK1!!!!!33.95 ohms!!24.75 ohms!54.27 ohms!
S!VCC3V3_PRE_RSHUNT!VCC3V3_PRE_RSHUNT!!!!!!!!!14.04 ohms!!8.68 ohms!82.12 ohms!
S!LDO_1V8_PG!LDO_1V8_PG!!!!!!!!!45.76 ohms!!25.82 ohms!57.68 ohms!
S!SENSE_I2C_SDA!SENSE_I2C_SDA!!!!!!!!!53.85 ohms!!31.91 ohms!88.18 ohms!
S!SENSE_I2C_SCL!SENSE_I2C_SCL!!!!!!!!!54.44 ohms!!31.91 ohms!88.18 ohms!
S!DCDC_2V5_PG!DCDC_2V5_PG!!!!!!!!!58.44 ohms!!35.55 ohms!88.18 ohms!
S!VCC2V5_PRE_RSHUNT!VCC2V5_PRE_RSHUNT!!!!!!!!!14.40 ohms!!8.68 ohms!82.12 ohms!
S!UNNAMED_4_PTH08T210W_I137_VADJ!UNNAMED_4_PTH08T210W_I137_VADJ!!!!!!!!!67.22 ohms!!50.43 ohms!82.12 ohms!
S!UNNAMED_4_PTH08T210W_I137_TURBO!UNNAMED_4_PTH08T210W_I137_TURBO!!!!!!!!!58.25 ohms!!40.65 ohms!82.12 ohms!
S!UNNAMED_4_PTH08T210W_I137_SENSP!UNNAMED_4_PTH08T210W_I137_SENSP!!!!!!!!!62.00 ohms!!44.10 ohms!82.12 ohms!
S!UNNAMED_4_LEDGREEN06030_I176_A!UNNAMED_4_LEDGREEN06030_I176_A!!!!!!!!!23.68 ohms!!18.06 ohms!41.44 ohms!
S!UNNAMED_1_LTC2991_I162_ADR 00000002!UNNAMED_1_LTC2991_I162_ADR2!!!!!!!!!36.64 ohms!!18.87 ohms!52.43 ohms!
S!UNNAMED_1_LTC2991_I162_ADR 00000001!UNNAMED_1_LTC2991_I162_ADR1!!!!!!!!!38.13 ohms!!18.18 ohms!52.43 ohms!
S!UNNAMED_1_LTC2991_I162_ADR 00000000!UNNAMED_1_LTC2991_I162_ADR0!!!!!!!!!38.06 ohms!!18.31 ohms!52.43 ohms!
S!DC_DC_ENABLE!DC_DC_ENABLE!!!!!!!!!39.32 ohms!!10.59 ohms!53.02 ohms!
S!1V8_POST_RSHUNT!1V8_POST_RSHUNT!!!!!!!!!29.82 ohms!!6.04 ohms!88.18 ohms!
S!UNNAMED_2_CAPCERSMDCL2_I418_B!UNNAMED_2_CAPCERSMDCL2_I418_B!!!!!!!!!11.92 ohms!!11.92 ohms!11.92 ohms!
S!UNNAMED_1_R_I154_ 00000001!UNNAMED_1_R_I154_1!!!!!!!!!34.15 ohms!!27.53 ohms!41.44 ohms!
S!UNNAMED_1_RSMD0603_I144_B!UNNAMED_1_RSMD0603_I144_B!!!!!!!!!56.19 ohms!!40.65 ohms!82.12 ohms!
S!UNNAMED_1_PTH08T210W_I137_VADJ!UNNAMED_1_PTH08T210W_I137_VADJ!!!!!!!!!51.70 ohms!!40.65 ohms!82.12 ohms!
S!UNNAMED_1_PTH08T210W_I137_TURBO!UNNAMED_1_PTH08T210W_I137_TURBO!!!!!!!!!82.12 ohms!!82.12 ohms!82.12 ohms!
S!UNNAMED_1_OPTOCOUPLERACEC_I13_ 00000001!UNNAMED_1_OPTOCOUPLERACEC_I13_1!!!!!!!!!34.49 ohms!!20.72 ohms!41.44 ohms!
S!UNNAMED_1_OPTOCOUPLERACEC_I139_!UNNAMED_1_OPTOCOUPLERACEC_I139_!!!!!!!!!32.94 ohms!!20.72 ohms!41.44 ohms!
S!UART_TX_FROM_FPGA_3V 00000003!UART_TX_FROM_FPGA_3V3!!!!!!!!!65.53 ohms!!20.72 ohms!74.94 ohms!
S!UART_RX_TO_FPGA_3V 00000003!UART_RX_TO_FPGA_3V3!!!!!!!!!65.23 ohms!!20.72 ohms!74.94 ohms!
S!P3V3_OUT 00000001!P3V3_OUT1!!!!!!!!!28.77 ohms!!26.49 ohms!65.29 ohms!
S!P3V3_OUT 00000000!P3V3_OUT0!!!!!!!!!56.32 ohms!!20.49 ohms!65.29 ohms!
S!P1V8_OUT!P1V8_OUT!!!!!!!!!35.26 ohms!!18.15 ohms!46.21 ohms!
S!P1V5_OUT!P1V5_OUT!!!!!!!!!53.25 ohms!!28.45 ohms!74.94 ohms!
S!DATA_FROM_UPSTREAM_N<1>!DATA_FROM_UPSTREAM_N<1>!!!!DPDATA_FROM_UPSTREAM1!!!!!50.27 ohms!!23.40 ohms!54.27 ohms!
S!DATA_FROM_UPSTREAM_P<0>!DATA_FROM_UPSTREAM_P<0>!!!!DPDATA_FROM_UPSTREAM0!!!!!33.07 ohms!!22.53 ohms!54.27 ohms!
S!DATA_FROM_UPSTREAM_P<1>!DATA_FROM_UPSTREAM_P<1>!!!!DPDATA_FROM_UPSTREAM1!!!!!51.11 ohms!!23.40 ohms!54.27 ohms!
S!DATA_FROM_UPSTREAM_N<0>!DATA_FROM_UPSTREAM_N<0>!!!!DPDATA_FROM_UPSTREAM0!!!!!35.66 ohms!!21.70 ohms!54.27 ohms!
S!AUX_GBE_TX_P!AUX_GBE_TX_P!!!!DP_AUX_GBE_TX!!!!!44.13 ohms!!17.47 ohms!54.27 ohms!
S!AUX_GBE_TX_N!AUX_GBE_TX_N!!!!DP_AUX_GBE_TX!!!!!45.43 ohms!!17.33 ohms!54.27 ohms!
S!AUX_GBE_RX_P!AUX_GBE_RX_P!!!!DP_AUX_GBE_RX!!!!!41.96 ohms!!17.33 ohms!54.27 ohms!
S!AUX_GBE_RX_N!AUX_GBE_RX_N!!!!DP_AUX_GBE_RX!!!!!41.97 ohms!!17.33 ohms!54.27 ohms!
S!UNNAMED_3_ADCLK948_I244_VREF 00000000!UNNAMED_3_ADCLK948_I244_VREF0!!!!!!!!!38.65 ohms!!21.81 ohms!65.29 ohms!
S!UNNAMED_3_ADCLK948_I244_Q_ 00000003!UNNAMED_3_ADCLK948_I244_Q_3!!!!!!!!!56.90 ohms!!41.44 ohms!65.29 ohms!
S!UNNAMED_3_ADCLK948_I244_Q_ 00000002!UNNAMED_3_ADCLK948_I244_Q_2!!!!!!!!!56.42 ohms!!41.44 ohms!65.29 ohms!
S!UNNAMED_3_ADCLK948_I244_Q_ 00000001!UNNAMED_3_ADCLK948_I244_Q_1!!!!!!!!!41.99 ohms!!25.82 ohms!65.29 ohms!
S!UNNAMED_3_ADCLK948_I244_Q!UNNAMED_3_ADCLK948_I244_Q!!!!!!!!!56.42 ohms!!41.44 ohms!65.29 ohms!
S!UNNAMED_3_ADCLK948_I244_INSEL!UNNAMED_3_ADCLK948_I244_INSEL!!!!!!!!!34.16 ohms!!24.31 ohms!52.43 ohms!
S!UNNAMED_3_ADCLK948_I244_CLK1_ 00000001!UNNAMED_3_ADCLK948_I244_CLK1_1!!!!!!!!!60.55 ohms!!47.73 ohms!65.74 ohms!
S!UNNAMED_3_ADCLK948_I244_CLK 00000001!UNNAMED_3_ADCLK948_I244_CLK1!!!!!!!!!37.62 ohms!!23.94 ohms!65.29 ohms!
S!UNNAMED_3_ADCLK948_I178_VREF 00000000!UNNAMED_3_ADCLK948_I178_VREF0!!!!!!!!!43.11 ohms!!25.18 ohms!65.29 ohms!
S!UNNAMED_3_ADCLK948_I178_Q_ 00000003!UNNAMED_3_ADCLK948_I178_Q_3!!!!!!!!!55.76 ohms!!41.44 ohms!65.29 ohms!
S!UNNAMED_3_ADCLK948_I178_Q_ 00000002!UNNAMED_3_ADCLK948_I178_Q_2!!!!!!!!!41.03 ohms!!25.82 ohms!65.29 ohms!
S!UNNAMED_3_ADCLK948_I178_Q_ 00000001!UNNAMED_3_ADCLK948_I178_Q_1!!!!!!!!!55.76 ohms!!41.44 ohms!65.29 ohms!
S!UNNAMED_3_ADCLK948_I178_Q!UNNAMED_3_ADCLK948_I178_Q!!!!!!!!!38.86 ohms!!23.94 ohms!65.29 ohms!
S!UNNAMED_3_ADCLK948_I178_INSEL!UNNAMED_3_ADCLK948_I178_INSEL!!!!!!!!!35.98 ohms!!25.39 ohms!65.29 ohms!
S!UNNAMED_3_ADCLK948_I178_CLK1_ 00000001!UNNAMED_3_ADCLK948_I178_CLK1_1!!!!!!!!!38.43 ohms!!23.94 ohms!65.29 ohms!
S!UNNAMED_3_ADCLK948_I178_CLK 00000001!UNNAMED_3_ADCLK948_I178_CLK1!!!!!!!!!56.54 ohms!!41.44 ohms!65.29 ohms!
S!DC_REF_CLK_P<9>!DC_REF_CLK_P<9>!!!!DP_DC_REF_CLK9!!!!!48.77 ohms!!24.47 ohms!110.41 ohms!
S!DC_REF_CLK_P<8>!DC_REF_CLK_P<8>!!!!DP_DC_REF_CLK8!!!!!48.00 ohms!!23.35 ohms!79.19 ohms!
S!DC_REF_CLK_P<7>!DC_REF_CLK_P<7>!!!!DP_DC_REF_CLK7!!!!!70.00 ohms!!37.68 ohms!110.41 ohms!
S!DC_REF_CLK_P<6>!DC_REF_CLK_P<6>!!!!DP_DC_REF_CLK6!!!!!51.81 ohms!!23.35 ohms!110.41 ohms!
S!DC_REF_CLK_P<5>!DC_REF_CLK_P<5>!!!!DP_DC_REF_CLK5!!!!!51.84 ohms!!32.03 ohms!79.19 ohms!
S!DC_REF_CLK_P<4>!DC_REF_CLK_P<4>!!!!DP_DC_REF_CLK4!!!!!50.95 ohms!!23.61 ohms!79.19 ohms!
S!DC_REF_CLK_P<3>!DC_REF_CLK_P<3>!!!!DP_DC_REF_CLK3!!!!!54.93 ohms!!25.82 ohms!110.41 ohms!
S!DC_REF_CLK_P<2>!DC_REF_CLK_P<2>!!!!DP_DC_REF_CLK2!!!!!47.84 ohms!!23.35 ohms!90.64 ohms!
S!DC_REF_CLK_P<1>!DC_REF_CLK_P<1>!!!!DP_DC_REF_CLK1!!!!!53.57 ohms!!25.82 ohms!80.04 ohms!
S!DC_REF_CLK_P<11>!DC_REF_CLK_P<11>!!!!DP_DC_REF_CLK11!!!!!57.46 ohms!!41.44 ohms!83.31 ohms!
S!DC_REF_CLK_P<10>!DC_REF_CLK_P<10>!!!!DP_DC_REF_CLK10!!!!!48.43 ohms!!23.40 ohms!79.19 ohms!
S!DC_REF_CLK_P<0>!DC_REF_CLK_P<0>!!!!DP_DC_REF_CLK0!!!!!50.27 ohms!!23.40 ohms!97.68 ohms!
S!DC_REF_CLK_N<9>!DC_REF_CLK_N<9>!!!!DP_DC_REF_CLK9!!!!!49.13 ohms!!24.47 ohms!110.41 ohms!
S!DC_REF_CLK_N<8>!DC_REF_CLK_N<8>!!!!DP_DC_REF_CLK8!!!!!49.27 ohms!!23.40 ohms!79.19 ohms!
S!DC_REF_CLK_N<7>!DC_REF_CLK_N<7>!!!!DP_DC_REF_CLK7!!!!!61.15 ohms!!23.97 ohms!110.41 ohms!
S!DC_REF_CLK_N<6>!DC_REF_CLK_N<6>!!!!DP_DC_REF_CLK6!!!!!52.75 ohms!!23.35 ohms!110.41 ohms!
S!DC_REF_CLK_N<5>!DC_REF_CLK_N<5>!!!!DP_DC_REF_CLK5!!!!!51.17 ohms!!25.82 ohms!79.19 ohms!
S!DC_REF_CLK_N<4>!DC_REF_CLK_N<4>!!!!DP_DC_REF_CLK4!!!!!50.93 ohms!!23.35 ohms!79.19 ohms!
S!DC_REF_CLK_N<3>!DC_REF_CLK_N<3>!!!!DP_DC_REF_CLK3!!!!!50.85 ohms!!25.23 ohms!110.41 ohms!
S!DC_REF_CLK_N<2>!DC_REF_CLK_N<2>!!!!DP_DC_REF_CLK2!!!!!50.65 ohms!!24.37 ohms!79.19 ohms!
S!DC_REF_CLK_N<1>!DC_REF_CLK_N<1>!!!!DP_DC_REF_CLK1!!!!!54.07 ohms!!25.82 ohms!80.04 ohms!
S!DC_REF_CLK_N<11>!DC_REF_CLK_N<11>!!!!DP_DC_REF_CLK11!!!!!52.38 ohms!!25.82 ohms!79.19 ohms!
S!DC_REF_CLK_N<10>!DC_REF_CLK_N<10>!!!!DP_DC_REF_CLK10!!!!!49.53 ohms!!23.35 ohms!79.19 ohms!
S!DC_REF_CLK_N<0>!DC_REF_CLK_N<0>!!!!DP_DC_REF_CLK0!!!!!50.11 ohms!!23.40 ohms!97.68 ohms!
S!VDD_CLK_BUFFER!VDD_CLK_BUFFER!!!!!!!!!4.88 ohms!!1.28 ohms!82.12 ohms!
S!VDDO_CLK!VDDO_CLK!!!!!!!!!6.40 ohms!!1.24 ohms!91.06 ohms!
S!UNNAMED_2_CAPCERSMDCL2_I367_B!UNNAMED_2_CAPCERSMDCL2_I367_B!!!!!!!!!33.59 ohms!!25.82 ohms!65.29 ohms!
S!UNNAMED_2_CAPCERSMDCL2_I366_B!UNNAMED_2_CAPCERSMDCL2_I366_B!!!!!!!!!33.59 ohms!!25.82 ohms!65.29 ohms!
S!UNNAMED_1_SY58608U_I571_VREF!UNNAMED_1_SY58608U_I571_VREF!!!!!!!!!61.51 ohms!!44.66 ohms!109.93 ohms!
S!UNNAMED_1_SY58608U_I564_VREF!UNNAMED_1_SY58608U_I564_VREF!!!!!!!!!57.65 ohms!!43.62 ohms!82.12 ohms!
S!UNNAMED_1_SY58608U_I557_VREF!UNNAMED_1_SY58608U_I557_VREF!!!!!!!!!61.51 ohms!!44.66 ohms!82.12 ohms!
S!UNNAMED_1_R_I575_ 00000002!UNNAMED_1_R_I575_2!!!!!!!!!43.97 ohms!!25.87 ohms!54.27 ohms!
S!UNNAMED_1_R_I574_ 00000002!UNNAMED_1_R_I574_2!!!!!!!!!43.97 ohms!!25.87 ohms!54.27 ohms!
S!UNNAMED_1_R_I568_ 00000002!UNNAMED_1_R_I568_2!!!!!!!!!43.97 ohms!!25.87 ohms!54.27 ohms!
S!UNNAMED_1_R_I567_ 00000002!UNNAMED_1_R_I567_2!!!!!!!!!43.97 ohms!!25.87 ohms!54.27 ohms!
S!UNNAMED_1_R_I559_ 00000002!UNNAMED_1_R_I559_2!!!!!!!!!43.97 ohms!!25.87 ohms!54.27 ohms!
S!UNNAMED_1_R_I558_ 00000002!UNNAMED_1_R_I558_2!!!!!!!!!43.97 ohms!!25.87 ohms!54.27 ohms!
S!UPSTREAM_DATA_P<0>!UPSTREAM_DATA_P<0>!!!!DP_UPSTREAM_DATA0!!!!!49.96 ohms!!25.93 ohms!79.19 ohms!
S!UPSTREAM_DATA_N_<2>!UPSTREAM_DATA_N_<2>!!!!DP_UPSTREAM_DATA2!!!!!49.83 ohms!!25.82 ohms!54.27 ohms!
S!UPSTREAM_DATA_N_<1>!UPSTREAM_DATA_N_<1>!!!!DP_UPSTREAM_DATA1!!!!!50.10 ohms!!25.82 ohms!54.27 ohms!
S!UPSTREAM_DATA_N_<0>!UPSTREAM_DATA_N_<0>!!!!DP_UPSTREAM_DATA0!!!!!49.36 ohms!!25.79 ohms!79.19 ohms!
S!SFP_DATA_OUT_P<2>!SFP_DATA_OUT_P<2>!!!!DPSFP_DATA_OUT2!!!!!50.89 ohms!!22.29 ohms!54.27 ohms!
S!SFP_DATA_OUT_P<1>!SFP_DATA_OUT_P<1>!!!!DPSFP_DATA_OUT1!!!!!48.07 ohms!!23.40 ohms!54.27 ohms!
S!SFP_DATA_OUT_P<0>!SFP_DATA_OUT_P<0>!!!!DPSFP_DATA_OUT0!!!!!48.07 ohms!!23.40 ohms!54.27 ohms!
S!SFP_DATA_OUT_N<2>!SFP_DATA_OUT_N<2>!!!!DPSFP_DATA_OUT2!!!!!49.31 ohms!!22.10 ohms!54.27 ohms!
S!SFP_DATA_OUT_N<1>!SFP_DATA_OUT_N<1>!!!!DPSFP_DATA_OUT1!!!!!48.62 ohms!!23.40 ohms!54.27 ohms!
S!UPSTREAM_DATA_P<2>!UPSTREAM_DATA_P<2>!!!!DP_UPSTREAM_DATA2!!!!!50.09 ohms!!25.82 ohms!54.27 ohms!
S!UPSTREAM_DATA_P<1>!UPSTREAM_DATA_P<1>!!!!DP_UPSTREAM_DATA1!!!!!50.26 ohms!!25.82 ohms!54.27 ohms!
S!SFP_DATA_OUT_N<0>!SFP_DATA_OUT_N<0>!!!!DPSFP_DATA_OUT0!!!!!47.60 ohms!!23.40 ohms!55.66 ohms!
S!SFP2_CLKGEN_P!SFP2_CLKGEN_P!!!!SFP2_CLKGEN!!!!!76.95 ohms!!39.36 ohms!79.19 ohms!
S!SFP2_CLKGEN_N!SFP2_CLKGEN_N!!!!SFP2_CLKGEN!!!!!76.82 ohms!!39.36 ohms!79.19 ohms!
S!SFP1_CLKGEN_P!SFP1_CLKGEN_P!!!!SFP1_CLKGEN!!!!!52.33 ohms!!26.93 ohms!54.27 ohms!
S!SFP1_CLKGEN_N!SFP1_CLKGEN_N!!!!SFP1_CLKGEN!!!!!52.88 ohms!!29.15 ohms!54.27 ohms!
S!SFP0_CLKGEN_P!SFP0_CLKGEN_P!!!!SFP0_CLKGEN!!!!!52.33 ohms!!21.70 ohms!54.27 ohms!
S!SFP0_CLKGEN_N!SFP0_CLKGEN_N!!!!SFP0_CLKGEN!!!!!54.15 ohms!!46.21 ohms!54.27 ohms!
S!DFF_REF_CLK_P<2>!DFF_REF_CLK_P<2>!!!!DP_DFF_REF_CLK2!!!!!47.38 ohms!!25.82 ohms!54.27 ohms!
S!DFF_REF_CLK_P<1>!DFF_REF_CLK_P<1>!!!!DP_DFF_REF_CLK1!!!!!48.24 ohms!!25.82 ohms!65.74 ohms!
S!DFF_REF_CLK_P<0>!DFF_REF_CLK_P<0>!!!!DP_DFF_REF_CLK0!!!!!74.07 ohms!!40.36 ohms!79.19 ohms!
S!DFF_REF_CLK_N<2>!DFF_REF_CLK_N<2>!!!!DP_DFF_REF_CLK2!!!!!46.69 ohms!!25.82 ohms!54.27 ohms!
S!DFF_REF_CLK_N<1>!DFF_REF_CLK_N<1>!!!!DP_DFF_REF_CLK1!!!!!48.47 ohms!!25.82 ohms!65.74 ohms!
S!DFF_REF_CLK_N<0>!DFF_REF_CLK_N<0>!!!!DP_DFF_REF_CLK0!!!!!73.95 ohms!!40.36 ohms!79.19 ohms!
S!DFF_CLK_P<0>!DFF_CLK_P<0>!!!!DPDFF_CLK0!!!!!52.59 ohms!!24.75 ohms!110.41 ohms!
S!DFF_CLK_N<0>!DFF_CLK_N<0>!!!!DPDFF_CLK0!!!!!53.48 ohms!!24.75 ohms!110.41 ohms!
S!CLK_TST_P!CLK_TST_P!!!!CLK_TST!!!!!36.76 ohms!!23.14 ohms!54.27 ohms!
S!CLK_TST_N!CLK_TST_N!!!!CLK_TST!!!!!38.36 ohms!!25.82 ohms!54.27 ohms!
S!CLKIN2_P!CLKIN2_P!!!!CLKIN2!!!!!60.52 ohms!!35.77 ohms!79.19 ohms!
S!CLKIN2_N!CLKIN2_N!!!!CLKIN2!!!!!64.18 ohms!!43.30 ohms!86.20 ohms!
S!CLK_SCL!CLK_SCL!!!!!!!!!43.91 ohms!!24.75 ohms!57.68 ohms!
S!CLK_SEL 00000000!CLK_SEL0!!!!!!!!!35.48 ohms!!31.91 ohms!46.21 ohms!
S!CLK_SEL 00000001!CLK_SEL1!!!!!!!!!35.59 ohms!!27.90 ohms!46.21 ohms!
S!CLK_INTR!CLK_INTR!!!!!!!!!35.43 ohms!!31.91 ohms!46.21 ohms!
S!CLK_LOL!CLK_LOL!!!!!!!!!37.59 ohms!!27.34 ohms!65.74 ohms!
S!CLK_P<1>!CLK_P<1>!!!!DP_CLK1!!!!!64.49 ohms!!38.02 ohms!75.32 ohms!
S!CLK_P<0>!CLK_P<0>!!!!DP_CLK0!!!!!47.35 ohms!!27.34 ohms!54.27 ohms!
S!CLK_N<1>!CLK_N<1>!!!!DP_CLK1!!!!!63.70 ohms!!35.23 ohms!75.32 ohms!
S!CLK_SDA!CLK_SDA!!!!!!!!!34.90 ohms!!24.75 ohms!54.27 ohms!
S!CLK_N<0>!CLK_N<0>!!!!DP_CLK0!!!!!47.21 ohms!!26.14 ohms!54.27 ohms!
S!AVDD!AVDD!!!!!!!!!5.19 ohms!!2.38 ohms!29.48 ohms!
S!P2V 00000005!P2V5!!!!!!!!!1.11 ohms!!0.32 ohms!109.93 ohms!
S!VCCT_3V3_ 00000002!VCCT_3V3_2!!!!!!!!!3.50 ohms!!1.77 ohms!88.18 ohms!
S!VCCT_3V3_ 00000001!VCCT_3V3_1!!!!!!!!!3.30 ohms!!1.77 ohms!88.18 ohms!
S!VCCT_3V 00000003!VCCT_3V3!!!!!!!!!3.31 ohms!!1.77 ohms!88.18 ohms!
S!VCCR_3V3_ 00000002!VCCR_3V3_2!!!!!!!!!4.68 ohms!!2.21 ohms!88.18 ohms!
S!VCCR_3V3_ 00000001!VCCR_3V3_1!!!!!!!!!4.09 ohms!!2.21 ohms!88.18 ohms!
S!VCCR_3V 00000003!VCCR_3V3!!!!!!!!!4.05 ohms!!2.21 ohms!88.18 ohms!
S!TMS_ 00000001!TMS_1!!!!!!!!!46.66 ohms!!27.34 ohms!88.18 ohms!
S!CLK_RST!CLK_RST!!!!!!!!!32.11 ohms!!22.98 ohms!46.21 ohms!
S!TDO_ 00000001!TDO_1!!!!!!!!!47.02 ohms!!27.34 ohms!88.18 ohms!
S!TDI_ 00000001!TDI_1!!!!!!!!!46.23 ohms!!27.34 ohms!88.18 ohms!
S!TCK_ 00000001!TCK_1!!!!!!!!!46.72 ohms!!35.55 ohms!88.18 ohms!
S!SFP_TD_P<0>!SFP_TD_P<0>!!!!DP_SFP_TD0!!!!!42.07 ohms!!27.53 ohms!54.27 ohms!
S!SFP_TD_N<2>!SFP_TD_N<2>!!!!DP_SFP_TD2!!!!!43.42 ohms!!25.87 ohms!54.27 ohms!
S!SFP_TD_N<1>!SFP_TD_N<1>!!!!DP_SFP_TD1!!!!!42.74 ohms!!25.87 ohms!54.27 ohms!
S!SFP_TD_N<0>!SFP_TD_N<0>!!!!DP_SFP_TD0!!!!!42.40 ohms!!27.53 ohms!54.27 ohms!
S!SFP_SDA<2>!SFP_SDA<2>!!!!!!!!!70.17 ohms!!29.48 ohms!88.18 ohms!
S!SFP_SDA<1>!SFP_SDA<1>!!!!!!!!!66.78 ohms!!27.34 ohms!109.93 ohms!
S!SFP_SDA<0>!SFP_SDA<0>!!!!!!!!!49.85 ohms!!27.34 ohms!88.18 ohms!
S!SFP_SCL<2>!SFP_SCL<2>!!!!!!!!!69.77 ohms!!29.48 ohms!88.18 ohms!
S!SFP_RATE_SELECT<2>!SFP_RATE_SELECT<2>!!!!!!!!!49.38 ohms!!29.48 ohms!88.18 ohms!
S!SFP_RATE_SELECT<1>!SFP_RATE_SELECT<1>!!!!!!!!!49.38 ohms!!29.48 ohms!88.18 ohms!
S!SFP_RATE_SELECT<0>!SFP_RATE_SELECT<0>!!!!!!!!!49.38 ohms!!29.48 ohms!88.18 ohms!
S!SFP_TX_DISABLE<2>!SFP_TX_DISABLE<2>!!!!!!!!!58.55 ohms!!25.93 ohms!88.18 ohms!
S!SFP_TX_DISABLE<1>!SFP_TX_DISABLE<1>!!!!!!!!!68.70 ohms!!29.48 ohms!88.18 ohms!
S!SFP_TX_DISABLE<0>!SFP_TX_DISABLE<0>!!!!!!!!!48.65 ohms!!27.34 ohms!88.18 ohms!
S!SFP_TX_FAULT<2>!SFP_TX_FAULT<2>!!!!!!!!!55.68 ohms!!25.04 ohms!88.18 ohms!
S!SFP_TX_FAULT<1>!SFP_TX_FAULT<1>!!!!!!!!!48.84 ohms!!29.48 ohms!88.18 ohms!
S!SFP_TX_FAULT<0>!SFP_TX_FAULT<0>!!!!!!!!!49.05 ohms!!27.34 ohms!88.18 ohms!
S!SFP_LOS<2>!SFP_LOS<2>!!!!!!!!!56.91 ohms!!29.48 ohms!88.18 ohms!
S!SFP_SCL<1>!SFP_SCL<1>!!!!!!!!!69.96 ohms!!29.48 ohms!109.93 ohms!
S!SFP_LOS<1>!SFP_LOS<1>!!!!!!!!!68.66 ohms!!31.63 ohms!88.18 ohms!
S!SFP_LOS<0>!SFP_LOS<0>!!!!!!!!!56.71 ohms!!27.34 ohms!88.18 ohms!
S!SFP_RD_P<2>!SFP_RD_P<2>!!!!DP_SFP_RD2!!!!!40.65 ohms!!25.87 ohms!54.27 ohms!
S!SFP_RD_P<1>!SFP_RD_P<1>!!!!DP_SFP_RD1!!!!!40.63 ohms!!25.87 ohms!54.27 ohms!
S!SFP_RD_P<0>!SFP_RD_P<0>!!!!DP_SFP_RD0!!!!!40.61 ohms!!25.87 ohms!54.27 ohms!
S!SFP_RD_N<2>!SFP_RD_N<2>!!!!DP_SFP_RD2!!!!!40.67 ohms!!25.87 ohms!54.27 ohms!
S!SFP_RD_N<1>!SFP_RD_N<1>!!!!DP_SFP_RD1!!!!!40.62 ohms!!25.87 ohms!54.27 ohms!
S!SFP_RD_N<0>!SFP_RD_N<0>!!!!DP_SFP_RD0!!!!!40.68 ohms!!25.87 ohms!54.27 ohms!
S!SFP_TD_P<2>!SFP_TD_P<2>!!!!DP_SFP_TD2!!!!!43.54 ohms!!25.87 ohms!54.27 ohms!
S!SFP_TD_P<1>!SFP_TD_P<1>!!!!DP_SFP_TD1!!!!!42.56 ohms!!25.87 ohms!54.27 ohms!
S!SFP_SCL<0>!SFP_SCL<0>!!!!!!!!!68.90 ohms!!29.48 ohms!88.18 ohms!
S!RTM_PS!RTM_PS!!!!!!!!!36.86 ohms!!17.97 ohms!88.18 ohms!
S!PRESENCE_12V!PRESENCE_12V!!!!!!!!!59.06 ohms!!35.55 ohms!88.18 ohms!
S!DCDC_3V3_PG!DCDC_3V3_PG!!!!!!!!!35.02 ohms!!25.82 ohms!46.21 ohms!
S!DCDC_ENABLE!DCDC_ENABLE!!!!!!!!!60.70 ohms!!30.59 ohms!63.52 ohms!
S!NOVER_TEMP!NOVER_TEMP!!!!!!!!!46.43 ohms!!31.91 ohms!57.68 ohms!
S!N 00002371!N02371!!!!!!!!!64.96 ohms!!36.51 ohms!109.93 ohms!
S!N 00000904!N00904!!!!!!!!!35.34 ohms!!25.82 ohms!46.21 ohms!
S!N 00000902!N00902!!!!!!!!!38.70 ohms!!18.70 ohms!41.44 ohms!
S!N 00000775!N00775!!!!!!!!!40.20 ohms!!25.82 ohms!46.21 ohms!
S!N 00000771!N00771!!!!!!!!!49.28 ohms!!25.82 ohms!57.68 ohms!
S!N 00000507!N00507!!!!!!!!!33.33 ohms!!18.06 ohms!41.44 ohms!
S!N 00000505!N00505!!!!!!!!!30.59 ohms!!18.06 ohms!41.44 ohms!
S!N 00000503!N00503!!!!!!!!!34.90 ohms!!18.06 ohms!41.44 ohms!
S!N 00000497!N00497!!!!!!!!!61.43 ohms!!43.75 ohms!88.18 ohms!
S!N 00000481!N00481!!!!!!!!!68.84 ohms!!35.55 ohms!88.18 ohms!
S!N 00000473!N00473!!!!!!!!!64.94 ohms!!35.55 ohms!88.18 ohms!
S!N 00000471!N00471!!!!!!!!!52.17 ohms!!35.55 ohms!88.18 ohms!
S!N 00000469!N00469!!!!!!!!!37.27 ohms!!27.90 ohms!88.18 ohms!
S!N 00000455!N00455!!!!!!!!!49.13 ohms!!29.24 ohms!88.18 ohms!
S!N 00003941!N003941!!!!!!!!!25.92 ohms!!18.87 ohms!41.44 ohms!
S!N00183_ 00000002!N00183_2!!!!!!!!!50.46 ohms!!29.48 ohms!88.18 ohms!
S!N00183_ 00000001!N00183_1!!!!!!!!!49.82 ohms!!29.48 ohms!88.18 ohms!
S!N 00000183!N00183!!!!!!!!!50.53 ohms!!29.48 ohms!88.18 ohms!
S!UNNAMED_1_LEDRED06030_121P_A!UNNAMED_1_LEDRED06030_121P_A!!!!!!!!!23.68 ohms!!18.06 ohms!41.44 ohms!
S!REF_CLK_N<4>!REF_CLK_N<4>!!!!DP_REF_CLK4!!!!!51.26 ohms!!25.10 ohms!65.74 ohms!
S!REF_CLK_N<3>!REF_CLK_N<3>!!!!DP_REF_CLK3!!!!!69.67 ohms!!35.47 ohms!86.20 ohms!
S!PWR_ON!PWR_ON!!!!!!!!!75.53 ohms!!42.50 ohms!88.18 ohms!
S!AMC_N_ENABLE!AMC_N_ENABLE!!!!!!!!!37.54 ohms!!29.48 ohms!109.93 ohms!
S!TCK_ 00000002!TCK_2!!!!!!!!!71.93 ohms!!35.55 ohms!88.18 ohms!
S!TMS_ 00000002!TMS_2!!!!!!!!!70.42 ohms!!35.55 ohms!88.18 ohms!
S!TDO_ 00000002!TDO_2!!!!!!!!!56.85 ohms!!35.55 ohms!88.18 ohms!
S!TDI_ 00000002!TDI_2!!!!!!!!!62.11 ohms!!35.55 ohms!88.18 ohms!
S!GBE_TX_N!GBE_TX_N!!!!DP_GBE_TX!!!!!49.18 ohms!!26.00 ohms!75.32 ohms!
S!GBE_TX_P!GBE_TX_P!!!!DP_GBE_TX!!!!!49.17 ohms!!25.95 ohms!75.32 ohms!
S!GBE_RX_N!GBE_RX_N!!!!DP_GBE_RX!!!!!48.54 ohms!!27.34 ohms!54.27 ohms!
S!REF_CLK_N<2>!REF_CLK_N<2>!!!!DP_REF_CLK2!!!!!44.65 ohms!!23.40 ohms!54.27 ohms!
S!GBE_RX_P!GBE_RX_P!!!!DP_GBE_RX!!!!!48.59 ohms!!29.48 ohms!54.27 ohms!
S!IMPB_SCL!IMPB_SCL!!!!!!!!!49.46 ohms!!27.90 ohms!88.18 ohms!
S!IMPB_SDA!IMPB_SDA!!!!!!!!!38.69 ohms!!29.48 ohms!88.18 ohms!
S!DATA_OUT_P<11>!DATA_OUT_P<11>!!!!DP_DATA_OUT11!!!!!49.43 ohms!!32.74 ohms!54.27 ohms!
S!DATA_OUT_P<10>!DATA_OUT_P<10>!!!!DP_DATA_OUT10!!!!!49.82 ohms!!32.04 ohms!54.27 ohms!
S!DATA_OUT_P<9>!DATA_OUT_P<9>!!!!DP_DATA_OUT9!!!!!65.47 ohms!!38.02 ohms!75.32 ohms!
S!DATA_OUT_P<8>!DATA_OUT_P<8>!!!!DP_DATA_OUT8!!!!!49.02 ohms!!27.34 ohms!54.27 ohms!
S!DATA_OUT_P<7>!DATA_OUT_P<7>!!!!DP_DATA_OUT7!!!!!48.03 ohms!!25.93 ohms!54.27 ohms!
S!DATA_OUT_P<6>!DATA_OUT_P<6>!!!!DP_DATA_OUT6!!!!!67.02 ohms!!36.77 ohms!75.32 ohms!
S!DATA_OUT_P<5>!DATA_OUT_P<5>!!!!DP_DATA_OUT5!!!!!48.82 ohms!!27.34 ohms!54.27 ohms!
S!REF_CLK_N<1>!REF_CLK_N<1>!!!!DP_REF_CLK1!!!!!68.98 ohms!!41.44 ohms!79.19 ohms!
S!DATA_OUT_P<4>!DATA_OUT_P<4>!!!!DP_DATA_OUT4!!!!!65.57 ohms!!27.34 ohms!75.32 ohms!
S!DATA_OUT_P<3>!DATA_OUT_P<3>!!!!DP_DATA_OUT3!!!!!48.74 ohms!!27.34 ohms!54.27 ohms!
S!DATA_OUT_P<2>!DATA_OUT_P<2>!!!!DP_DATA_OUT2!!!!!68.85 ohms!!38.02 ohms!75.32 ohms!
S!DATA_OUT_P<1>!DATA_OUT_P<1>!!!!DP_DATA_OUT1!!!!!68.49 ohms!!39.36 ohms!75.32 ohms!
S!DATA_OUT_P<0>!DATA_OUT_P<0>!!!!DP_DATA_OUT0!!!!!69.52 ohms!!38.02 ohms!75.32 ohms!
S!DATA_OUT_N<11>!DATA_OUT_N<11>!!!!DP_DATA_OUT11!!!!!49.37 ohms!!27.34 ohms!54.27 ohms!
S!DATA_OUT_N<10>!DATA_OUT_N<10>!!!!DP_DATA_OUT10!!!!!49.32 ohms!!27.05 ohms!54.27 ohms!
S!DATA_OUT_N<9>!DATA_OUT_N<9>!!!!DP_DATA_OUT9!!!!!65.05 ohms!!41.44 ohms!75.32 ohms!
S!DATA_OUT_N<8>!DATA_OUT_N<8>!!!!DP_DATA_OUT8!!!!!49.20 ohms!!30.51 ohms!54.27 ohms!
S!DATA_OUT_N<7>!DATA_OUT_N<7>!!!!DP_DATA_OUT7!!!!!48.18 ohms!!26.25 ohms!54.27 ohms!
S!REF_CLK_N<0>!REF_CLK_N<0>!!!!DP_REF_CLK0!!!!!47.47 ohms!!23.40 ohms!54.27 ohms!
S!DATA_OUT_N<6>!DATA_OUT_N<6>!!!!DP_DATA_OUT6!!!!!67.27 ohms!!35.23 ohms!75.32 ohms!
S!DATA_OUT_N<5>!DATA_OUT_N<5>!!!!DP_DATA_OUT5!!!!!48.47 ohms!!25.97 ohms!54.27 ohms!
S!DATA_OUT_N<4>!DATA_OUT_N<4>!!!!DP_DATA_OUT4!!!!!64.75 ohms!!25.90 ohms!75.32 ohms!
S!DATA_OUT_N<3>!DATA_OUT_N<3>!!!!DP_DATA_OUT3!!!!!48.85 ohms!!27.34 ohms!54.27 ohms!
S!DATA_OUT_N<2>!DATA_OUT_N<2>!!!!DP_DATA_OUT2!!!!!68.31 ohms!!38.02 ohms!75.32 ohms!
S!DATA_OUT_N<1>!DATA_OUT_N<1>!!!!DP_DATA_OUT1!!!!!68.14 ohms!!38.02 ohms!75.32 ohms!
S!DATA_OUT_N<0>!DATA_OUT_N<0>!!!!DP_DATA_OUT0!!!!!70.00 ohms!!41.44 ohms!75.32 ohms!
S!DATA_IN_P<11>!DATA_IN_P<11>!!!!DP_DATA_IN11!!!!!48.52 ohms!!30.44 ohms!54.27 ohms!
S!DATA_IN_P<10>!DATA_IN_P<10>!!!!DP_DATA_IN10!!!!!48.60 ohms!!26.54 ohms!54.27 ohms!
S!DATA_IN_P<9>!DATA_IN_P<9>!!!!DP_DATA_IN9!!!!!49.26 ohms!!30.84 ohms!54.27 ohms!
S!AMC_GA<2>!AMC_GA<2>!!!!!!!!!43.16 ohms!!27.90 ohms!88.18 ohms!
S!DATA_IN_P<8>!DATA_IN_P<8>!!!!DP_DATA_IN8!!!!!48.57 ohms!!27.34 ohms!54.27 ohms!
S!DATA_IN_P<7>!DATA_IN_P<7>!!!!DP_DATA_IN7!!!!!48.52 ohms!!27.34 ohms!54.27 ohms!
S!DATA_IN_P<6>!DATA_IN_P<6>!!!!DP_DATA_IN6!!!!!48.73 ohms!!32.74 ohms!54.27 ohms!
S!DATA_IN_P<5>!DATA_IN_P<5>!!!!DP_DATA_IN5!!!!!61.87 ohms!!27.34 ohms!75.32 ohms!
S!DATA_IN_P<4>!DATA_IN_P<4>!!!!DP_DATA_IN4!!!!!64.58 ohms!!27.34 ohms!75.32 ohms!
S!DATA_IN_P<3>!DATA_IN_P<3>!!!!DP_DATA_IN3!!!!!63.25 ohms!!27.23 ohms!75.32 ohms!
S!DATA_IN_P<2>!DATA_IN_P<2>!!!!DP_DATA_IN2!!!!!66.17 ohms!!27.34 ohms!75.32 ohms!
S!DATA_IN_P<1>!DATA_IN_P<1>!!!!DP_DATA_IN1!!!!!66.64 ohms!!25.93 ohms!75.32 ohms!
S!DATA_IN_P<0>!DATA_IN_P<0>!!!!DP_DATA_IN0!!!!!67.84 ohms!!32.74 ohms!75.32 ohms!
S!DATA_IN_N<11>!DATA_IN_N<11>!!!!DP_DATA_IN11!!!!!48.49 ohms!!26.31 ohms!54.27 ohms!
S!AMC_GA<1>!AMC_GA<1>!!!!!!!!!63.11 ohms!!29.48 ohms!88.18 ohms!
S!DATA_IN_N<10>!DATA_IN_N<10>!!!!DP_DATA_IN10!!!!!48.54 ohms!!32.74 ohms!54.27 ohms!
S!DATA_IN_N<9>!DATA_IN_N<9>!!!!DP_DATA_IN9!!!!!49.03 ohms!!32.74 ohms!54.27 ohms!
S!DATA_IN_N<8>!DATA_IN_N<8>!!!!DP_DATA_IN8!!!!!48.51 ohms!!27.34 ohms!54.27 ohms!
S!DATA_IN_N<7>!DATA_IN_N<7>!!!!DP_DATA_IN7!!!!!48.34 ohms!!27.34 ohms!54.27 ohms!
S!DATA_IN_N<6>!DATA_IN_N<6>!!!!DP_DATA_IN6!!!!!48.35 ohms!!29.10 ohms!54.27 ohms!
S!DATA_IN_N<5>!DATA_IN_N<5>!!!!DP_DATA_IN5!!!!!61.36 ohms!!27.34 ohms!75.32 ohms!
S!DATA_IN_N<4>!DATA_IN_N<4>!!!!DP_DATA_IN4!!!!!63.95 ohms!!32.57 ohms!75.32 ohms!
S!DATA_IN_N<3>!DATA_IN_N<3>!!!!DP_DATA_IN3!!!!!63.68 ohms!!30.92 ohms!75.32 ohms!
S!DATA_IN_N<2>!DATA_IN_N<2>!!!!DP_DATA_IN2!!!!!65.58 ohms!!31.43 ohms!75.32 ohms!
S!DATA_IN_N<1>!DATA_IN_N<1>!!!!DP_DATA_IN1!!!!!66.60 ohms!!26.25 ohms!75.32 ohms!
S!AMC_GA<0>!AMC_GA<0>!!!!!!!!!51.81 ohms!!29.48 ohms!88.18 ohms!
S!DATA_IN_N<0>!DATA_IN_N<0>!!!!DP_DATA_IN0!!!!!67.28 ohms!!32.74 ohms!75.32 ohms!
S!REF_CLK_P<11>!REF_CLK_P<11>!!!!DP_REF_CLK11!!!!!74.68 ohms!!41.44 ohms!88.55 ohms!
S!REF_CLK_P<10>!REF_CLK_P<10>!!!!DP_REF_CLK10!!!!!48.61 ohms!!23.40 ohms!54.27 ohms!
S!REF_CLK_P<9>!REF_CLK_P<9>!!!!DP_REF_CLK9!!!!!72.40 ohms!!41.44 ohms!86.32 ohms!
S!REF_CLK_P<8>!REF_CLK_P<8>!!!!DP_REF_CLK8!!!!!46.74 ohms!!22.29 ohms!54.27 ohms!
S!REF_CLK_P<7>!REF_CLK_P<7>!!!!DP_REF_CLK7!!!!!71.00 ohms!!35.89 ohms!86.32 ohms!
S!REF_CLK_P<6>!REF_CLK_P<6>!!!!DP_REF_CLK6!!!!!45.28 ohms!!21.15 ohms!54.27 ohms!
S!REF_CLK_P<5>!REF_CLK_P<5>!!!!DP_REF_CLK5!!!!!65.08 ohms!!35.71 ohms!79.19 ohms!
S!REF_CLK_P<4>!REF_CLK_P<4>!!!!DP_REF_CLK4!!!!!50.95 ohms!!24.71 ohms!65.74 ohms!
S!REF_CLK_P<3>!REF_CLK_P<3>!!!!DP_REF_CLK3!!!!!68.16 ohms!!41.44 ohms!86.20 ohms!
S!AMC_N_PS<1>!AMC_N_PS<1>!!!!!!!!!60.32 ohms!!29.48 ohms!88.18 ohms!
S!REF_CLK_P<2>!REF_CLK_P<2>!!!!DP_REF_CLK2!!!!!44.70 ohms!!23.40 ohms!54.27 ohms!
S!REF_CLK_P<1>!REF_CLK_P<1>!!!!DP_REF_CLK1!!!!!69.29 ohms!!41.44 ohms!79.19 ohms!
S!REF_CLK_P<0>!REF_CLK_P<0>!!!!DP_REF_CLK0!!!!!47.47 ohms!!23.40 ohms!54.27 ohms!
S!REF_CLK_N<11>!REF_CLK_N<11>!!!!DP_REF_CLK11!!!!!74.44 ohms!!41.44 ohms!79.19 ohms!
S!REF_CLK_N<10>!REF_CLK_N<10>!!!!DP_REF_CLK10!!!!!49.05 ohms!!23.40 ohms!54.27 ohms!
S!REF_CLK_N<9>!REF_CLK_N<9>!!!!DP_REF_CLK9!!!!!71.97 ohms!!41.44 ohms!79.19 ohms!
S!REF_CLK_N<8>!REF_CLK_N<8>!!!!DP_REF_CLK8!!!!!48.95 ohms!!25.25 ohms!54.27 ohms!
S!REF_CLK_N<7>!REF_CLK_N<7>!!!!DP_REF_CLK7!!!!!68.89 ohms!!40.92 ohms!87.56 ohms!
S!REF_CLK_N<6>!REF_CLK_N<6>!!!!DP_REF_CLK6!!!!!47.87 ohms!!23.40 ohms!54.27 ohms!
S!REF_CLK_N<5>!REF_CLK_N<5>!!!!DP_REF_CLK5!!!!!67.56 ohms!!37.92 ohms!79.19 ohms!
S!AMC_N_PS<0>!AMC_N_PS<0>!!!!!!!!!61.14 ohms!!29.48 ohms!88.18 ohms!
S!VP12_EN!VP12_EN!!!!!!!!!29.62 ohms!!18.44 ohms!41.44 ohms!
S!VP 00000012!VP12!!!!!!!!!0.59 ohms!!0.23 ohms!88.18 ohms!
S!CLKIN3_N!CLKIN3_N!!!!CLKIN3!!!!!35.47 ohms!!23.40 ohms!54.27 ohms!
S!CLKIN3_P!CLKIN3_P!!!!CLKIN3!!!!!34.85 ohms!!23.35 ohms!54.27 ohms!
S!XB!XB!!!!DP_XTAL!!!!!26.01 ohms!!12.29 ohms!54.27 ohms!
S!XA!XA!!!!DP_XTAL!!!!!25.06 ohms!!12.29 ohms!54.27 ohms!
S!AUXIO_N 00000003!AUXIO_N3!!!!AUXIO_3!!!!!70.83 ohms!!35.28 ohms!75.32 ohms!
S!AUXIO_N 00000004!AUXIO_N4!!!!AUXIO_4!!!!!51.90 ohms!!27.34 ohms!54.27 ohms!
S!AUXIO_N 00000005!AUXIO_N5!!!!AUXIO_5!!!!!54.80 ohms!!25.93 ohms!75.32 ohms!
S!AUXIO_P 00000005!AUXIO_P5!!!!AUXIO_5!!!!!52.48 ohms!!26.00 ohms!75.32 ohms!
S!AUXIO_P 00000002!AUXIO_P2!!!!AUXIO_2!!!!!52.07 ohms!!27.34 ohms!54.27 ohms!
S!AUXIO_P 00000004!AUXIO_P4!!!!AUXIO_4!!!!!52.06 ohms!!27.23 ohms!56.31 ohms!
S!AUXIO_P 00000003!AUXIO_P3!!!!AUXIO_3!!!!!69.34 ohms!!38.02 ohms!75.32 ohms!
S!SCOPE_N!SCOPE_N!!!!SCOPE!!!!!63.03 ohms!!35.51 ohms!86.27 ohms!
S!SCOPE_P!SCOPE_P!!!!SCOPE!!!!!63.76 ohms!!40.27 ohms!86.27 ohms!
S!DATA_FROM_UPSTREAM_N<2>!DATA_FROM_UPSTREAM_N<2>!!!!DPDATA_FROM_UPSTREAM2!!!!!46.15 ohms!!23.40 ohms!54.27 ohms!
S!DATA_FROM_UPSTREAM_P<2>!DATA_FROM_UPSTREAM_P<2>!!!!DPDATA_FROM_UPSTREAM2!!!!!42.21 ohms!!23.82 ohms!54.27 ohms!
S!CLKIN1_P!CLKIN1_P!!!!CLKIN1!!!!!41.79 ohms!!28.99 ohms!54.27 ohms!
S!CLKIN1_N!CLKIN1_N!!!!CLKIN1!!!!!42.33 ohms!!28.99 ohms!54.27 ohms!
S!I2C_SEL!I2C_SEL!!!!!!!!!50.76 ohms!!27.53 ohms!65.74 ohms!
S!CLKIN0_N!CLKIN0_N!!!!CLKIN0!!!!!40.62 ohms!!28.64 ohms!54.27 ohms!
S!CLKIN0_P!CLKIN0_P!!!!CLKIN0!!!!!36.43 ohms!!24.50 ohms!54.27 ohms!
S!AUXIO_N 00000007!AUXIO_N7!!!!AUXIO_7!!!!!49.58 ohms!!27.34 ohms!54.27 ohms!
S!AUXIO_N 00000000!AUXIO_N0!!!!AUXIO_0!!!!!52.55 ohms!!27.34 ohms!54.27 ohms!
S!AUXIO_N 00000006!AUXIO_N6!!!!AUXIO_6!!!!!48.11 ohms!!27.08 ohms!54.27 ohms!
S!AUXIO_P 00000000!AUXIO_P0!!!!AUXIO_0!!!!!53.87 ohms!!41.44 ohms!54.27 ohms!
S!AUXIO_P 00000006!AUXIO_P6!!!!AUXIO_6!!!!!48.18 ohms!!27.34 ohms!54.27 ohms!
S!AUXIO_N 00000001!AUXIO_N1!!!!AUXIO_1!!!!!52.81 ohms!!27.34 ohms!54.27 ohms!
S!RCLK_P 00000000!RCLK_P0!!!!DP2!!!!!45.69 ohms!!34.90 ohms!54.27 ohms!
S!AUXIO_N 00000002!AUXIO_N2!!!!AUXIO_2!!!!!67.68 ohms!!27.34 ohms!79.19 ohms!
S!AUXIO_P 00000001!AUXIO_P1!!!!AUXIO_1!!!!!54.42 ohms!!41.44 ohms!65.74 ohms!
S!AUXIO_P 00000007!AUXIO_P7!!!!AUXIO_7!!!!!49.25 ohms!!27.34 ohms!54.27 ohms!
S!RCLK_N 00000000!RCLK_N0!!!!DP1!!!!!36.46 ohms!!23.40 ohms!54.27 ohms!
S!REFCLK_OUT1_N!REFCLK_OUT1_N!!!!REFCLK_OUT1!!!!!50.40 ohms!!23.40 ohms!54.27 ohms!
S!REFCLK_OUT1_P!REFCLK_OUT1_P!!!!REFCLK_OUT1!!!!!50.33 ohms!!23.40 ohms!54.27 ohms!
S!REFCLK_OUT0_N!REFCLK_OUT0_N!!!!REFCLK_OUT0!!!!!50.39 ohms!!23.40 ohms!54.27 ohms!
S!REFCLK_OUT0_P!REFCLK_OUT0_P!!!!REFCLK_OUT0!!!!!50.44 ohms!!23.40 ohms!54.27 ohms!
S!VP1V 00000008!VP1V8!!!!!!!!!21.36 ohms!!3.89 ohms!88.18 ohms!
S!A 00000001!A1!!!!!!!!!31.31 ohms!!21.57 ohms!46.21 ohms!
S!A 00000000!A0!!!!!!!!!29.57 ohms!!18.61 ohms!46.21 ohms!
S!FPGA_PG!FPGA_PG!!!!!!!!!34.33 ohms!!27.53 ohms!46.21 ohms!
S!VREF_JTAG!VREF_JTAG!!!!!!!!!44.90 ohms!!23.47 ohms!51.88 ohms!
S!FBCLK_P!FBCLK_P!!!!FBCLK!!!!!44.29 ohms!!24.75 ohms!54.27 ohms!
S!FBCLK_N!FBCLK_N!!!!FBCLK!!!!!46.65 ohms!!23.40 ohms!54.27 ohms!
S!VCC3V 00000003!VCC3V3!!!!!!!!!0.79 ohms!!0.22 ohms!88.18 ohms!
S!RCLK_P 00000001!RCLK_P1!!!!DP2!!!!!36.41 ohms!!23.35 ohms!54.27 ohms!
S!RCLK_N 00000001!RCLK_N1!!!!DP1!!!!!36.55 ohms!!23.40 ohms!54.27 ohms!
S!A 00000002!A2!!!!!!!!!34.14 ohms!!24.75 ohms!46.21 ohms!
S!MP3V 00000003!MP3V3!!!!!!!!!10.94 ohms!!1.05 ohms!88.18 ohms!
S!RED_LED!RED_LED!!!!!!!!!52.36 ohms!!18.06 ohms!57.68 ohms!
S!BLUE_LED!BLUE_LED!!!!!!!!!52.51 ohms!!18.06 ohms!57.68 ohms!
S!GREEN_LED!GREEN_LED!!!!!!!!!52.12 ohms!!18.06 ohms!57.68 ohms!
S!VDDA_CLK!VDDA_CLK!!!!!!!!!53.54 ohms!!35.51 ohms!65.08 ohms!
S!HANDLE_SW_CLOSE_N!HANDLE_SW_CLOSE_N!!!!!!!!!57.58 ohms!!20.22 ohms!88.18 ohms!
S!VDD_CLK!VDD_CLK!!!!!!!!!3.89 ohms!!0.94 ohms!88.18 ohms!
S!FPGA_TDI!FPGA_TDI!!!!!!!!!44.87 ohms!!25.82 ohms!46.21 ohms!
S!FPGA_TMS!FPGA_TMS!!!!!!!!!45.25 ohms!!25.82 ohms!46.21 ohms!
S!FPGA_TCK!FPGA_TCK!!!!!!!!!44.20 ohms!!22.98 ohms!46.21 ohms!
S!FPGA_TDO!FPGA_TDO!!!!!!!!!44.95 ohms!!25.82 ohms!46.21 ohms!
S!TDI!TDI!!!!!!!!!31.07 ohms!!17.30 ohms!46.21 ohms!
S!TDO!TDO!!!!!!!!!41.83 ohms!!27.53 ohms!46.21 ohms!
S!TCK!TCK!!!!!!!!!30.53 ohms!!17.30 ohms!46.21 ohms!
S!TMS!TMS!!!!!!!!!27.17 ohms!!17.30 ohms!46.21 ohms!
S!SEGMENT 00000003!SEGMENT3!!!!!!!!!inf ohms!!4.32 ohms!inf ohms!
S!SEGMENT 00000002!SEGMENT2!!!!!!!!!35.65 ohms!!17.33 ohms!65.08 ohms!
S!GND!GND!PWR_GND!PWR!!!!!!!inf ohms!!0.24 ohms!inf ohms!
S!SEGMENT 00000001!SEGMENT1!!!!!!!!!37.61 ohms!!17.33 ohms!65.08 ohms!
