NAME!usage!drillToolSize!holeCounterType!holeCounterDiameter!holeCounterDepth!holeCounterTolerance!holeCounterAngle!drillNonStandard
RT_100X15!Smd!!nil!0.0!0.0!0.0 0.0!0!nil!
RT_15X100!Smd!!nil!0.0!0.0!0.0 0.0!0!nil!
R243_237!Smd!!nil!0.0!0.0!0.0 0.0!0!nil!
R175_110!Smd!!nil!0.0!0.0!0.0 0.0!0!nil!
R510_125!Smd!!nil!0.0!0.0!0.0 0.0!0!nil!
R730_230!Smd!!nil!0.0!0.0!0.0 0.0!0!nil!
REC1100X400UM!Surface_pin!!nil!0.0!0.0!0.0 0.0!0!nil!
S_RCT_2-30_X_0-95!Smd!!nil!0.0!0.0!0.0 0.0!0!nil!
RTM_14X12!Smd!!nil!0.0!0.0!0.0 0.0!0!nil!
R140_30!Smd!!nil!0.0!0.0!0.0 0.0!0!nil!
SMD_0R3X0R5!Surface_pin!!nil!0.0!0.0!0.0 0.0!0!nil!
SMD_0R9X1R6!Surface_pin!!nil!0.0!0.0!0.0 0.0!0!nil!
REC13001600UM!Smd!!nil!0.0!0.0!0.0 0.0!0!nil!
R120_50P0!Surface_pin!!nil!0.0!0.0!0.0 0.0!0!nil!
R160_50P0_B!Surface_pin!!nil!0.0!0.0!0.0 0.0!0!nil!
R120_50P0_B!Surface_pin!!nil!0.0!0.0!0.0 0.0!0!nil!
R160_50P0!Surface_pin!!nil!0.0!0.0!0.0 0.0!0!nil!
R90_50P0!Surface_pin!!nil!0.0!0.0!0.0 0.0!0!nil!
R170_50P0!Surface_pin!!nil!0.0!0.0!0.0 0.0!0!nil!
R130_50P0_B!Surface_pin!!nil!0.0!0.0!0.0 0.0!0!nil!
R170_50P0_B!Surface_pin!!nil!0.0!0.0!0.0 0.0!0!nil!
R200_50P0!Surface_pin!!nil!0.0!0.0!0.0 0.0!0!nil!
R130_50P0!Surface_pin!!nil!0.0!0.0!0.0 0.0!0!nil!
R310_50P0_B!Surface_pin!!nil!0.0!0.0!0.0 0.0!0!nil!
R310_50P0!Surface_pin!!nil!0.0!0.0!0.0 0.0!0!nil!
R120_80!Smd!!nil!0.0!0.0!0.0 0.0!0!nil!
R55_40!Smd!!nil!0.0!0.0!0.0 0.0!0!nil!
C210H140!Through!!nil!0.0!0.0!0.0 0.0!0!nil!
R130_80!Smd!!nil!0.0!0.0!0.0 0.0!0!nil!
R300_210!Smd!!nil!0.0!0.0!0.0 0.0!0!nil!
P100!Through!!nil!0.0!0.0!0.0 0.0!0!nil!
S100!Smd!!nil!0.0!0.0!0.0 0.0!0!nil!
R165_155!Smd!!nil!0.0!0.0!0.0 0.0!0!nil!
R105_100!Smd!!nil!0.0!0.0!0.0 0.0!0!nil!
R220_105!Smd!!nil!0.0!0.0!0.0 0.0!0!nil!
R80_30!Smd!!nil!0.0!0.0!0.0 0.0!0!nil!
S285!Smd!!nil!0.0!0.0!0.0 0.0!0!nil!
R61_15!Surface_pin!!nil!0.0!0.0!0.0 0.0!0!nil!
R85_25!Smd!!nil!0.0!0.0!0.0 0.0!0!nil!
S160!Smd!!nil!0.0!0.0!0.0 0.0!0!nil!
RTM_10X09!Smd!!nil!0.0!0.0!0.0 0.0!0!nil!
SQM_06!Smd!!nil!0.0!0.0!0.0 0.0!0!nil!
PAD60CIR35D!Through_pin!!nil!0.0!0.0!0.0 0.0!0!nil!
S_RCT_2-80_X_0-75!Smd!!nil!0.0!0.0!0.0 0.0!0!nil!
C100HN155!Through_pin!!nil!0.0!0.0!0.0 0.0!0!nil!
R200_50!Surface_pin!!nil!0.0!0.0!0.0 0.0!0!nil!
CIR110MM100D_NPH!Mechanical_hole!!nil!0.0!0.0!0.0 0.0!0!nil!
REC100X275MM!Smd!!nil!0.0!0.0!0.0 0.0!0!nil!
MECH60HOLE!Mechanical_hole!!nil!0.0!0.0!0.0 0.0!0!nil!
SMM100X75!Smd!!nil!0.0!0.0!0.0 0.0!0!nil!
SMD40_28!Smd!!nil!0.0!0.0!0.0 0.0!0!nil!
SMT_173R23SQ!Surface_pin!!nil!0.0!0.0!0.0 0.0!0!nil!
R11_24!Smd!!nil!0.0!0.0!0.0 0.0!0!nil!
SMD70_25!Smd!!nil!0.0!0.0!0.0 0.0!0!nil!
REC1500X2000UM!Smd!!nil!0.0!0.0!0.0 0.0!0!nil!
S_RCT_0-95_X_0-90!Surface_pin!!nil!0.0!0.0!0.0 0.0!0!nil!
TRND1-65D1-00PNP!Through_pin!!nil!0.0!0.0!0.0 0.0!0!nil!
PAD67CIR40D!Through_pin!!nil!0.0!0.0!0.0 0.0!0!nil!
C100HN145!Through_pin!!nil!0.0!0.0!0.0 0.0!0!nil!
R150_30!Surface_pin!!nil!0.0!0.0!0.0 0.0!0!nil!
REC_0-95MMSQ!Smd!!nil!0.0!0.0!0.0 0.0!0!nil!
MT_HOLE126!Through_pin!!nil!0.0!0.0!0.0 0.0!0!nil!
HOLE3-3P!Through!!nil!0.0!0.0!0.0 0.0!0!nil!
M270!Through!!nil!0.0!0.0!0.0 0.0!0!nil!
C50HN60!Through!!nil!0.0!0.0!0.0 0.0!0!nil!
R100_60!Smd!!nil!0.0!0.0!0.0 0.0!0!nil!
C50HN80!Through!!nil!0.0!0.0!0.0 0.0!0!nil!
S155H85!Through!!nil!0.0!0.0!0.0 0.0!0!nil!
S175H105!Through!!nil!0.0!0.0!0.0 0.0!0!nil!
C165H95!Through_pin!!nil!0.0!0.0!0.0 0.0!0!nil!
REC055X060MM!Smd!!nil!0.0!0.0!0.0 0.0!0!nil!
SMD25_27!Smd!!nil!0.0!0.0!0.0 0.0!0!nil!
S_RCT_1-45_X_1-15!Surface_pin!!nil!0.0!0.0!0.0 0.0!0!nil!
REC105X108MM!Smd!!nil!0.0!0.0!0.0 0.0!0!nil!
VIA_10!Through!!nil!0.0!0.0!0.0 0.0!0!nil!
V20H10!Through_pin!!nil!0.0!0.0!0.0 0.0!0!nil!
V24H12!Through_pin!!nil!0.0!0.0!0.0 0.0!0!nil!
