A!CLASS!REFDES!START_LAYER_NAME!END_LAYER_NAME!SYM_MIRROR!EMBEDDED_STATUS!
J!//ppfs6.physics.ox.ac.uk/CEG/Central Electronics/Projects/Hastingsp/DUNE/uob-hep-pc072/hardware/Cadence/top/mtca_interface_board_reocc/top_mib_v3/physical/mib_rev3ox_v224_manuf.brd!Thu Oct 17 07:18:05 2024!-1898.47!-1906.48!1911.53!1903.52!0.01!millimeters!TOP_MIB_V3!68.897638 mil!10!UP TO DATE!
S!PIN!DS2!BOTTOM!BOTTOM!YES!!
S!PIN!DS2!BOTTOM!BOTTOM!YES!!
S!PIN!DS2!BOTTOM!BOTTOM!YES!!
S!PIN!DS1!BOTTOM!BOTTOM!YES!!
S!PIN!DS1!BOTTOM!BOTTOM!YES!!
S!PIN!DS1!BOTTOM!BOTTOM!YES!!
S!PIN!J4!TOP!TOP!NO!!
S!PIN!J4!TOP!TOP!NO!!
S!PIN!J4!TOP!TOP!NO!!
S!PIN!J4!TOP!TOP!NO!!
S!PIN!J4!TOP!TOP!NO!!
S!PIN!J4!TOP!TOP!NO!!
S!PIN!J4!TOP!TOP!NO!!
S!PIN!J4!TOP!TOP!NO!!
S!PIN!J4!TOP!TOP!NO!!
S!PIN!J4!TOP!TOP!NO!!
S!PIN!J4!TOP!TOP!NO!!
S!PIN!J4!TOP!TOP!NO!!
S!PIN!J4!TOP!TOP!NO!!
S!PIN!J4!TOP!TOP!NO!!
S!PIN!J4!TOP!TOP!NO!!
S!PIN!J4!TOP!TOP!NO!!
S!PIN!J4!TOP!TOP!NO!!
S!PIN!J4!TOP!TOP!NO!!
S!PIN!J4!TOP!TOP!NO!!
S!PIN!J4!TOP!TOP!NO!!
S!PIN!J4!TOP!TOP!NO!!
S!PIN!J4!TOP!TOP!NO!!
S!PIN!J4!TOP!TOP!NO!!
S!PIN!J4!TOP!TOP!NO!!
S!PIN!J4!TOP!TOP!NO!!
S!PIN!J4!TOP!TOP!NO!!
S!PIN!J4!TOP!TOP!NO!!
S!PIN!J4!TOP!TOP!NO!!
S!PIN!J4!TOP!TOP!NO!!
S!PIN!J4!TOP!TOP!NO!!
S!PIN!D12!BOTTOM!BOTTOM!YES!!
S!PIN!D12!BOTTOM!BOTTOM!YES!!
S!PIN!J13!TOP!TOP!NO!!
S!PIN!J13!TOP!TOP!NO!!
S!PIN!J13!TOP!TOP!NO!!
S!PIN!J13!TOP!TOP!NO!!
S!PIN!J13!TOP!TOP!NO!!
S!PIN!J13!TOP!TOP!NO!!
S!PIN!J13!TOP!TOP!NO!!
S!PIN!J13!TOP!TOP!NO!!
S!PIN!J13!TOP!TOP!NO!!
S!PIN!J13!TOP!TOP!NO!!
S!PIN!SK1!TOP!BOTTOM!NO!!
S!PIN!SK1!TOP!BOTTOM!NO!!
S!PIN!SK1!TOP!BOTTOM!NO!!
S!PIN!PL1!TOP!BOTTOM!NO!!
S!PIN!PL1!TOP!BOTTOM!NO!!
S!PIN!IC8!TOP!TOP!NO!!
S!PIN!IC8!TOP!TOP!NO!!
S!PIN!IC8!TOP!TOP!NO!!
S!PIN!IC8!TOP!TOP!NO!!
S!PIN!IC8!TOP!TOP!NO!!
S!PIN!IC8!TOP!TOP!NO!!
S!PIN!IC8!TOP!TOP!NO!!
S!PIN!IC8!TOP!TOP!NO!!
S!PIN!IC8!TOP!TOP!NO!!
S!PIN!IC8!TOP!TOP!NO!!
S!PIN!IC8!TOP!TOP!NO!!
S!PIN!IC8!TOP!TOP!NO!!
S!PIN!IC8!TOP!TOP!NO!!
S!PIN!IC8!TOP!TOP!NO!!
S!PIN!IC8!TOP!TOP!NO!!
S!PIN!IC8!TOP!TOP!NO!!
S!PIN!IC8!TOP!TOP!NO!!
S!PIN!IC7!TOP!TOP!NO!!
S!PIN!IC7!TOP!TOP!NO!!
S!PIN!IC7!TOP!TOP!NO!!
S!PIN!IC7!TOP!TOP!NO!!
S!PIN!IC7!TOP!TOP!NO!!
S!PIN!IC7!TOP!TOP!NO!!
S!PIN!U4!TOP!TOP!NO!!
S!PIN!U4!TOP!TOP!NO!!
S!PIN!U4!TOP!TOP!NO!!
S!PIN!U4!TOP!TOP!NO!!
S!PIN!U4!TOP!TOP!NO!!
S!PIN!U4!TOP!TOP!NO!!
S!PIN!U4!TOP!TOP!NO!!
S!PIN!U4!TOP!TOP!NO!!
S!PIN!U4!TOP!TOP!NO!!
S!PIN!U4!TOP!TOP!NO!!
S!PIN!U4!TOP!TOP!NO!!
S!PIN!U4!TOP!TOP!NO!!
S!PIN!U4!TOP!TOP!NO!!
S!PIN!U4!TOP!TOP!NO!!
S!PIN!U4!TOP!TOP!NO!!
S!PIN!U4!TOP!TOP!NO!!
S!PIN!U4!TOP!TOP!NO!!
S!PIN!U4!TOP!TOP!NO!!
S!PIN!U4!TOP!TOP!NO!!
S!PIN!U4!TOP!TOP!NO!!
S!PIN!U4!TOP!TOP!NO!!
S!PIN!U4!TOP!TOP!NO!!
S!PIN!U4!TOP!TOP!NO!!
S!PIN!U4!TOP!TOP!NO!!
S!PIN!U4!TOP!TOP!NO!!
S!PIN!U4!TOP!TOP!NO!!
S!PIN!U4!TOP!TOP!NO!!
S!PIN!U4!TOP!TOP!NO!!
S!PIN!U4!TOP!TOP!NO!!
S!PIN!U4!TOP!TOP!NO!!
S!PIN!U4!TOP!TOP!NO!!
S!PIN!U4!TOP!TOP!NO!!
S!PIN!U4!TOP!TOP!NO!!
S!PIN!U4!TOP!TOP!NO!!
S!PIN!U4!TOP!TOP!NO!!
S!PIN!U4!TOP!TOP!NO!!
S!PIN!U4!TOP!TOP!NO!!
S!PIN!U4!TOP!TOP!NO!!
S!PIN!U4!TOP!TOP!NO!!
S!PIN!U4!TOP!TOP!NO!!
S!PIN!U4!TOP!TOP!NO!!
S!PIN!U4!TOP!TOP!NO!!
S!PIN!U4!TOP!TOP!NO!!
S!PIN!U4!TOP!TOP!NO!!
S!PIN!U4!TOP!TOP!NO!!
S!PIN!U4!TOP!TOP!NO!!
S!PIN!U4!TOP!TOP!NO!!
S!PIN!U4!TOP!TOP!NO!!
S!PIN!U4!TOP!TOP!NO!!
S!PIN!U4!TOP!TOP!NO!!
S!PIN!U4!TOP!TOP!NO!!
S!PIN!U4!TOP!TOP!NO!!
S!PIN!U4!TOP!TOP!NO!!
S!PIN!U4!TOP!TOP!NO!!
S!PIN!U4!TOP!TOP!NO!!
S!PIN!U4!TOP!TOP!NO!!
S!PIN!U4!TOP!TOP!NO!!
S!PIN!U4!TOP!TOP!NO!!
S!PIN!U4!TOP!TOP!NO!!
S!PIN!U4!TOP!TOP!NO!!
S!PIN!U4!TOP!TOP!NO!!
S!PIN!U4!TOP!TOP!NO!!
S!PIN!U4!TOP!TOP!NO!!
S!PIN!U4!TOP!TOP!NO!!
S!PIN!C74!BOTTOM!BOTTOM!YES!!
S!PIN!C74!BOTTOM!BOTTOM!YES!!
S!PIN!C44!BOTTOM!BOTTOM!YES!!
S!PIN!C44!BOTTOM!BOTTOM!YES!!
S!PIN!C73!BOTTOM!BOTTOM!YES!!
S!PIN!C73!BOTTOM!BOTTOM!YES!!
S!PIN!C70!BOTTOM!BOTTOM!YES!!
S!PIN!C70!BOTTOM!BOTTOM!YES!!
S!PIN!C67!BOTTOM!BOTTOM!YES!!
S!PIN!C67!BOTTOM!BOTTOM!YES!!
S!PIN!C63!BOTTOM!BOTTOM!YES!!
S!PIN!C63!BOTTOM!BOTTOM!YES!!
S!PIN!C61!BOTTOM!BOTTOM!YES!!
S!PIN!C61!BOTTOM!BOTTOM!YES!!
S!PIN!C17!BOTTOM!BOTTOM!YES!!
S!PIN!C17!BOTTOM!BOTTOM!YES!!
S!PIN!R90!BOTTOM!BOTTOM!YES!!
S!PIN!R90!BOTTOM!BOTTOM!YES!!
S!PIN!R90!BOTTOM!BOTTOM!YES!!
S!PIN!R90!BOTTOM!BOTTOM!YES!!
S!PIN!R62!BOTTOM!BOTTOM!YES!!
S!PIN!R62!BOTTOM!BOTTOM!YES!!
S!PIN!R62!BOTTOM!BOTTOM!YES!!
S!PIN!R62!BOTTOM!BOTTOM!YES!!
S!PIN!C58!TOP!TOP!NO!!
S!PIN!C58!TOP!TOP!NO!!
S!PIN!C52!TOP!TOP!NO!!
S!PIN!C52!TOP!TOP!NO!!
S!PIN!C51!TOP!TOP!NO!!
S!PIN!C51!TOP!TOP!NO!!
S!PIN!C25!TOP!TOP!NO!!
S!PIN!C25!TOP!TOP!NO!!
S!PIN!R80!BOTTOM!BOTTOM!YES!!
S!PIN!R80!BOTTOM!BOTTOM!YES!!
S!PIN!L4!BOTTOM!BOTTOM!YES!!
S!PIN!L4!BOTTOM!BOTTOM!YES!!
S!PIN!R87!TOP!TOP!NO!!
S!PIN!R87!TOP!TOP!NO!!
S!PIN!L9!TOP!TOP!NO!!
S!PIN!L9!TOP!TOP!NO!!
S!PIN!IC6!TOP!TOP!NO!!
S!PIN!IC6!TOP!TOP!NO!!
S!PIN!IC6!TOP!TOP!NO!!
S!PIN!IC6!TOP!TOP!NO!!
S!PIN!IC6!TOP!TOP!NO!!
S!PIN!IC6!TOP!TOP!NO!!
S!PIN!IC6!TOP!TOP!NO!!
S!PIN!IC6!TOP!TOP!NO!!
S!PIN!IC6!TOP!TOP!NO!!
S!PIN!IC6!TOP!TOP!NO!!
S!PIN!IC6!TOP!TOP!NO!!
S!PIN!IC6!TOP!TOP!NO!!
S!PIN!IC6!TOP!TOP!NO!!
S!PIN!IC6!TOP!TOP!NO!!
S!PIN!IC6!TOP!TOP!NO!!
S!PIN!IC6!TOP!TOP!NO!!
S!PIN!U16!TOP!TOP!NO!!
S!PIN!U16!TOP!TOP!NO!!
S!PIN!U16!TOP!TOP!NO!!
S!PIN!U16!TOP!TOP!NO!!
S!PIN!U16!TOP!TOP!NO!!
S!PIN!U16!TOP!TOP!NO!!
S!PIN!U16!TOP!TOP!NO!!
S!PIN!C76!BOTTOM!BOTTOM!YES!!
S!PIN!C76!BOTTOM!BOTTOM!YES!!
S!PIN!C75!BOTTOM!BOTTOM!YES!!
S!PIN!C75!BOTTOM!BOTTOM!YES!!
S!PIN!C65!TOP!TOP!NO!!
S!PIN!C65!TOP!TOP!NO!!
S!PIN!C68!TOP!TOP!NO!!
S!PIN!C68!TOP!TOP!NO!!
S!PIN!C72!TOP!TOP!NO!!
S!PIN!C72!TOP!TOP!NO!!
S!PIN!C59!TOP!TOP!NO!!
S!PIN!C59!TOP!TOP!NO!!
S!PIN!C71!TOP!TOP!NO!!
S!PIN!C71!TOP!TOP!NO!!
S!PIN!C81!TOP!TOP!NO!!
S!PIN!C81!TOP!TOP!NO!!
S!PIN!C82!TOP!TOP!NO!!
S!PIN!C82!TOP!TOP!NO!!
S!PIN!C50!TOP!TOP!NO!!
S!PIN!C50!TOP!TOP!NO!!
S!PIN!C55!TOP!TOP!NO!!
S!PIN!C55!TOP!TOP!NO!!
S!PIN!C60!TOP!TOP!NO!!
S!PIN!C60!TOP!TOP!NO!!
S!PIN!C54!TOP!TOP!NO!!
S!PIN!C54!TOP!TOP!NO!!
S!PIN!C56!TOP!TOP!NO!!
S!PIN!C56!TOP!TOP!NO!!
S!PIN!C48!BOTTOM!BOTTOM!YES!!
S!PIN!C48!BOTTOM!BOTTOM!YES!!
S!PIN!C47!TOP!TOP!NO!!
S!PIN!C47!TOP!TOP!NO!!
S!PIN!C42!TOP!TOP!NO!!
S!PIN!C42!TOP!TOP!NO!!
S!PIN!C92!BOTTOM!BOTTOM!YES!!
S!PIN!C92!BOTTOM!BOTTOM!YES!!
S!PIN!J7!BOTTOM!BOTTOM!NO!!
S!PIN!J7!BOTTOM!BOTTOM!NO!!
S!PIN!J7!BOTTOM!BOTTOM!NO!!
S!PIN!J7!BOTTOM!BOTTOM!NO!!
S!PIN!J7!BOTTOM!BOTTOM!NO!!
S!PIN!J7!BOTTOM!BOTTOM!NO!!
S!PIN!J7!TOP!TOP!NO!!
S!PIN!J7!TOP!TOP!NO!!
S!PIN!J7!TOP!TOP!NO!!
S!PIN!J7!TOP!TOP!NO!!
S!PIN!J7!TOP!TOP!NO!!
S!PIN!J7!BOTTOM!BOTTOM!NO!!
S!PIN!J7!BOTTOM!BOTTOM!NO!!
S!PIN!J7!BOTTOM!BOTTOM!NO!!
S!PIN!J7!BOTTOM!BOTTOM!NO!!
S!PIN!J7!BOTTOM!BOTTOM!NO!!
S!PIN!J7!BOTTOM!BOTTOM!NO!!
S!PIN!J7!BOTTOM!BOTTOM!NO!!
S!PIN!J7!BOTTOM!BOTTOM!NO!!
S!PIN!J7!BOTTOM!BOTTOM!NO!!
S!PIN!J7!TOP!TOP!NO!!
S!PIN!J7!TOP!TOP!NO!!
S!PIN!J7!TOP!TOP!NO!!
S!PIN!J7!TOP!TOP!NO!!
S!PIN!J7!TOP!TOP!NO!!
S!PIN!J7!TOP!TOP!NO!!
S!PIN!J7!TOP!TOP!NO!!
S!PIN!J7!TOP!TOP!NO!!
S!PIN!J7!BOTTOM!BOTTOM!NO!!
S!PIN!J7!BOTTOM!BOTTOM!NO!!
S!PIN!J7!BOTTOM!BOTTOM!NO!!
S!PIN!J7!BOTTOM!BOTTOM!NO!!
S!PIN!J7!BOTTOM!BOTTOM!NO!!
S!PIN!J7!BOTTOM!BOTTOM!NO!!
S!PIN!J7!BOTTOM!BOTTOM!NO!!
S!PIN!J7!BOTTOM!BOTTOM!NO!!
S!PIN!J7!TOP!TOP!NO!!
S!PIN!J7!TOP!TOP!NO!!
S!PIN!J7!TOP!TOP!NO!!
S!PIN!J7!TOP!TOP!NO!!
S!PIN!J7!TOP!TOP!NO!!
S!PIN!J7!TOP!TOP!NO!!
S!PIN!J7!TOP!TOP!NO!!
S!PIN!J7!TOP!TOP!NO!!
S!PIN!J7!BOTTOM!BOTTOM!NO!!
S!PIN!J7!BOTTOM!BOTTOM!NO!!
S!PIN!J7!BOTTOM!BOTTOM!NO!!
S!PIN!J7!BOTTOM!BOTTOM!NO!!
S!PIN!J7!BOTTOM!BOTTOM!NO!!
S!PIN!J7!BOTTOM!BOTTOM!NO!!
S!PIN!J7!BOTTOM!BOTTOM!NO!!
S!PIN!J7!BOTTOM!BOTTOM!NO!!
S!PIN!J7!BOTTOM!BOTTOM!NO!!
S!PIN!J7!TOP!TOP!NO!!
S!PIN!J7!TOP!TOP!NO!!
S!PIN!J7!TOP!TOP!NO!!
S!PIN!J7!TOP!TOP!NO!!
S!PIN!J7!TOP!TOP!NO!!
S!PIN!J7!TOP!TOP!NO!!
S!PIN!J7!TOP!TOP!NO!!
S!PIN!J7!TOP!TOP!NO!!
S!PIN!J7!BOTTOM!BOTTOM!NO!!
S!PIN!J7!BOTTOM!BOTTOM!NO!!
S!PIN!J7!BOTTOM!BOTTOM!NO!!
S!PIN!J7!BOTTOM!BOTTOM!NO!!
S!PIN!J7!BOTTOM!BOTTOM!NO!!
S!PIN!J7!BOTTOM!BOTTOM!NO!!
S!PIN!J7!BOTTOM!BOTTOM!NO!!
S!PIN!J7!BOTTOM!BOTTOM!NO!!
S!PIN!J7!BOTTOM!BOTTOM!NO!!
S!PIN!J7!TOP!TOP!NO!!
S!PIN!J7!TOP!TOP!NO!!
S!PIN!J7!TOP!TOP!NO!!
S!PIN!J7!TOP!TOP!NO!!
S!PIN!J7!TOP!TOP!NO!!
S!PIN!J7!TOP!TOP!NO!!
S!PIN!J7!TOP!TOP!NO!!
S!PIN!J7!TOP!TOP!NO!!
S!PIN!J7!BOTTOM!BOTTOM!NO!!
S!PIN!J7!BOTTOM!BOTTOM!NO!!
S!PIN!J7!BOTTOM!BOTTOM!NO!!
S!PIN!J7!BOTTOM!BOTTOM!NO!!
S!PIN!J7!BOTTOM!BOTTOM!NO!!
S!PIN!J7!BOTTOM!BOTTOM!NO!!
S!PIN!J7!BOTTOM!BOTTOM!NO!!
S!PIN!J7!BOTTOM!BOTTOM!NO!!
S!PIN!J7!BOTTOM!BOTTOM!NO!!
S!PIN!J7!TOP!TOP!NO!!
S!PIN!J7!TOP!TOP!NO!!
S!PIN!J7!TOP!TOP!NO!!
S!PIN!J7!TOP!TOP!NO!!
S!PIN!J7!TOP!TOP!NO!!
S!PIN!J7!TOP!TOP!NO!!
S!PIN!J7!TOP!TOP!NO!!
S!PIN!J7!BOTTOM!BOTTOM!NO!!
S!PIN!J7!BOTTOM!BOTTOM!NO!!
S!PIN!J7!BOTTOM!BOTTOM!NO!!
S!PIN!J7!BOTTOM!BOTTOM!NO!!
S!PIN!J7!BOTTOM!BOTTOM!NO!!
S!PIN!J7!BOTTOM!BOTTOM!NO!!
S!PIN!J7!TOP!TOP!NO!!
S!PIN!J7!TOP!TOP!NO!!
S!PIN!J7!TOP!TOP!NO!!
S!PIN!J7!TOP!TOP!NO!!
S!PIN!J7!BOTTOM!BOTTOM!NO!!
S!PIN!J7!BOTTOM!BOTTOM!NO!!
S!PIN!J7!BOTTOM!BOTTOM!NO!!
S!PIN!J7!BOTTOM!BOTTOM!NO!!
S!PIN!J7!BOTTOM!BOTTOM!NO!!
S!PIN!J7!BOTTOM!BOTTOM!NO!!
S!PIN!J7!TOP!TOP!NO!!
S!PIN!J7!TOP!TOP!NO!!
S!PIN!J7!TOP!TOP!NO!!
S!PIN!J7!TOP!TOP!NO!!
S!PIN!J7!TOP!TOP!NO!!
S!PIN!J7!BOTTOM!BOTTOM!NO!!
S!PIN!J7!BOTTOM!BOTTOM!NO!!
S!PIN!J7!BOTTOM!BOTTOM!NO!!
S!PIN!J7!TOP!TOP!NO!!
S!PIN!J7!TOP!TOP!NO!!
S!PIN!J7!TOP!TOP!NO!!
S!PIN!J7!TOP!TOP!NO!!
S!PIN!J7!BOTTOM!BOTTOM!NO!!
S!PIN!J7!BOTTOM!BOTTOM!NO!!
S!PIN!J7!BOTTOM!BOTTOM!NO!!
S!PIN!J7!BOTTOM!BOTTOM!NO!!
S!PIN!J7!BOTTOM!BOTTOM!NO!!
S!PIN!J7!BOTTOM!BOTTOM!NO!!
S!PIN!J7!BOTTOM!BOTTOM!NO!!
S!PIN!J7!BOTTOM!BOTTOM!NO!!
S!PIN!J7!BOTTOM!BOTTOM!NO!!
S!PIN!J7!TOP!TOP!NO!!
S!PIN!J7!TOP!TOP!NO!!
S!PIN!J7!TOP!TOP!NO!!
S!PIN!J7!TOP!TOP!NO!!
S!PIN!J7!TOP!TOP!NO!!
S!PIN!J7!TOP!TOP!NO!!
S!PIN!J7!TOP!TOP!NO!!
S!PIN!J7!TOP!TOP!NO!!
S!PIN!J7!BOTTOM!BOTTOM!NO!!
S!PIN!J7!BOTTOM!BOTTOM!NO!!
S!PIN!J7!BOTTOM!BOTTOM!NO!!
S!PIN!J7!BOTTOM!BOTTOM!NO!!
S!PIN!J7!BOTTOM!BOTTOM!NO!!
S!PIN!J7!TOP!TOP!NO!!
S!PIN!J7!TOP!TOP!NO!!
S!PIN!J7!TOP!TOP!NO!!
S!PIN!J7!TOP!TOP!NO!!
S!PIN!J7!TOP!TOP!NO!!
S!PIN!J7!TOP!TOP!NO!!
S!PIN!J7!BOTTOM!BOTTOM!NO!!
S!PIN!J7!BOTTOM!BOTTOM!NO!!
S!PIN!J7!BOTTOM!BOTTOM!NO!!
S!PIN!J7!BOTTOM!BOTTOM!NO!!
S!PIN!J7!BOTTOM!BOTTOM!NO!!
S!PIN!J7!BOTTOM!BOTTOM!NO!!
S!PIN!J7!BOTTOM!BOTTOM!NO!!
S!PIN!J7!BOTTOM!BOTTOM!NO!!
S!PIN!J7!TOP!TOP!NO!!
S!PIN!J7!TOP!TOP!NO!!
S!PIN!J7!TOP!TOP!NO!!
S!PIN!J7!TOP!TOP!NO!!
S!PIN!J7!TOP!TOP!NO!!
S!PIN!J7!TOP!TOP!NO!!
S!PIN!J7!TOP!TOP!NO!!
S!PIN!J7!TOP!TOP!NO!!
S!PIN!J7!BOTTOM!BOTTOM!NO!!
S!PIN!J7!BOTTOM!BOTTOM!NO!!
S!PIN!J7!BOTTOM!BOTTOM!NO!!
S!PIN!J7!BOTTOM!BOTTOM!NO!!
S!PIN!J7!BOTTOM!BOTTOM!NO!!
S!PIN!J7!TOP!TOP!NO!!
S!PIN!J7!TOP!TOP!NO!!
S!PIN!J7!TOP!TOP!NO!!
S!PIN!J7!TOP!TOP!NO!!
S!PIN!J7!TOP!TOP!NO!!
S!PIN!J7!BOTTOM!BOTTOM!NO!!
S!PIN!J7!BOTTOM!BOTTOM!NO!!
S!PIN!J7!BOTTOM!BOTTOM!NO!!
S!PIN!J7!BOTTOM!BOTTOM!NO!!
S!PIN!J7!BOTTOM!BOTTOM!NO!!
S!PIN!J7!BOTTOM!BOTTOM!NO!!
S!PIN!J7!BOTTOM!BOTTOM!NO!!
S!PIN!J7!BOTTOM!BOTTOM!NO!!
S!PIN!J7!BOTTOM!BOTTOM!NO!!
S!PIN!J7!TOP!TOP!NO!!
S!PIN!J7!TOP!TOP!NO!!
S!PIN!J7!TOP!TOP!NO!!
S!PIN!J7!TOP!TOP!NO!!
S!PIN!J7!TOP!TOP!NO!!
S!PIN!J7!TOP!TOP!NO!!
S!PIN!J7!TOP!TOP!NO!!
S!PIN!J7!TOP!TOP!NO!!
S!PIN!J7!BOTTOM!BOTTOM!NO!!
S!PIN!J7!BOTTOM!BOTTOM!NO!!
S!PIN!J7!BOTTOM!BOTTOM!NO!!
S!PIN!J7!BOTTOM!BOTTOM!NO!!
S!PIN!J7!BOTTOM!BOTTOM!NO!!
S!PIN!J7!TOP!TOP!NO!!
S!PIN!J7!TOP!TOP!NO!!
S!PIN!J7!TOP!TOP!NO!!
S!PIN!J7!TOP!TOP!NO!!
S!PIN!J7!TOP!TOP!NO!!
S!PIN!J7!TOP!TOP!NO!!
S!PIN!J7!BOTTOM!BOTTOM!NO!!
S!PIN!J7!BOTTOM!BOTTOM!NO!!
S!PIN!J7!BOTTOM!BOTTOM!NO!!
S!PIN!J7!BOTTOM!BOTTOM!NO!!
S!PIN!J7!BOTTOM!BOTTOM!NO!!
S!PIN!J7!BOTTOM!BOTTOM!NO!!
S!PIN!J7!BOTTOM!BOTTOM!NO!!
S!PIN!J7!BOTTOM!BOTTOM!NO!!
S!PIN!J7!BOTTOM!BOTTOM!NO!!
S!PIN!J7!TOP!TOP!NO!!
S!PIN!J7!TOP!TOP!NO!!
S!PIN!J7!TOP!TOP!NO!!
S!PIN!J7!TOP!TOP!NO!!
S!PIN!J7!TOP!TOP!NO!!
S!PIN!J7!TOP!TOP!NO!!
S!PIN!J7!TOP!TOP!NO!!
S!PIN!J7!TOP!TOP!NO!!
S!PIN!J7!BOTTOM!BOTTOM!NO!!
S!PIN!J7!BOTTOM!BOTTOM!NO!!
S!PIN!J7!BOTTOM!BOTTOM!NO!!
S!PIN!J7!BOTTOM!BOTTOM!NO!!
S!PIN!J7!TOP!TOP!NO!!
S!PIN!J7!TOP!TOP!NO!!
S!PIN!J7!TOP!TOP!NO!!
S!PIN!J7!TOP!TOP!NO!!
S!PIN!J7!TOP!TOP!NO!!
S!PIN!J7!BOTTOM!BOTTOM!NO!!
S!PIN!J7!BOTTOM!BOTTOM!NO!!
S!PIN!J7!BOTTOM!BOTTOM!NO!!
S!PIN!J7!BOTTOM!BOTTOM!NO!!
S!PIN!J7!BOTTOM!BOTTOM!NO!!
S!PIN!J7!BOTTOM!BOTTOM!NO!!
S!PIN!J7!BOTTOM!BOTTOM!NO!!
S!PIN!J7!BOTTOM!BOTTOM!NO!!
S!PIN!J7!BOTTOM!BOTTOM!NO!!
S!PIN!J7!TOP!TOP!NO!!
S!PIN!J7!TOP!TOP!NO!!
S!PIN!J7!TOP!TOP!NO!!
S!PIN!J7!TOP!TOP!NO!!
S!PIN!J7!TOP!TOP!NO!!
S!PIN!J7!TOP!TOP!NO!!
S!PIN!J7!TOP!TOP!NO!!
S!PIN!J7!BOTTOM!BOTTOM!NO!!
S!PIN!J7!BOTTOM!BOTTOM!NO!!
S!PIN!J7!BOTTOM!BOTTOM!NO!!
S!PIN!J7!BOTTOM!BOTTOM!NO!!
S!PIN!J7!BOTTOM!BOTTOM!NO!!
S!PIN!J7!TOP!TOP!NO!!
S!PIN!J7!TOP!TOP!NO!!
S!PIN!J7!TOP!TOP!NO!!
S!PIN!J7!TOP!TOP!NO!!
S!PIN!J7!TOP!TOP!NO!!
S!PIN!J7!TOP!TOP!NO!!
S!PIN!J7!TOP!TOP!NO!!
S!PIN!J7!BOTTOM!BOTTOM!NO!!
S!PIN!J7!BOTTOM!BOTTOM!NO!!
S!PIN!J7!BOTTOM!BOTTOM!NO!!
S!PIN!J7!BOTTOM!BOTTOM!NO!!
S!PIN!J7!BOTTOM!BOTTOM!NO!!
S!PIN!J7!BOTTOM!BOTTOM!NO!!
S!PIN!J7!TOP!TOP!NO!!
S!PIN!J7!TOP!TOP!NO!!
S!PIN!J7!TOP!TOP!NO!!
S!PIN!J7!TOP!TOP!NO!!
S!PIN!J7!BOTTOM!BOTTOM!NO!!
S!PIN!J7!BOTTOM!BOTTOM!NO!!
S!PIN!J7!TOP!TOP!NO!!
S!PIN!J7!TOP!TOP!NO!!
S!PIN!J7!TOP!TOP!NO!!
S!PIN!J7!TOP!TOP!NO!!
S!PIN!IC5!TOP!TOP!NO!!
S!PIN!IC5!TOP!TOP!NO!!
S!PIN!IC5!TOP!TOP!NO!!
S!PIN!IC5!TOP!TOP!NO!!
S!PIN!T2!TOP!TOP!NO!!
S!PIN!T2!TOP!TOP!NO!!
S!PIN!T2!TOP!TOP!NO!!
S!PIN!T1!TOP!TOP!NO!!
S!PIN!T1!TOP!TOP!NO!!
S!PIN!T1!TOP!TOP!NO!!
S!PIN!PWR1!TOP!BOTTOM!NO!!
S!PIN!PWR1!TOP!BOTTOM!NO!!
S!PIN!PWR1!TOP!BOTTOM!NO!!
S!PIN!PWR1!TOP!BOTTOM!NO!!
S!PIN!PWR1!TOP!BOTTOM!NO!!
S!PIN!PWR1!TOP!BOTTOM!NO!!
S!PIN!PWR1!TOP!BOTTOM!NO!!
S!PIN!PWR1!TOP!BOTTOM!NO!!
S!PIN!PWR1!TOP!BOTTOM!NO!!
S!PIN!PWR1!TOP!BOTTOM!NO!!
S!PIN!PWR1!TOP!BOTTOM!NO!!
S!PIN!PWR1!TOP!BOTTOM!NO!!
S!PIN!PWR1!TOP!BOTTOM!NO!!
S!PIN!PWR1!TOP!BOTTOM!NO!!
S!PIN!POWER1!TOP!BOTTOM!NO!!
S!PIN!POWER1!TOP!BOTTOM!NO!!
S!PIN!POWER1!TOP!BOTTOM!NO!!
S!PIN!POWER1!TOP!BOTTOM!NO!!
S!PIN!POWER1!TOP!BOTTOM!NO!!
S!PIN!POWER1!TOP!BOTTOM!NO!!
S!PIN!POWER1!TOP!BOTTOM!NO!!
S!PIN!POWER1!TOP!BOTTOM!NO!!
S!PIN!POWER1!TOP!BOTTOM!NO!!
S!PIN!POWER1!TOP!BOTTOM!NO!!
S!PIN!POWER1!TOP!BOTTOM!NO!!
S!PIN!POWER1!TOP!BOTTOM!NO!!
S!PIN!POWER1!TOP!BOTTOM!NO!!
S!PIN!POWER1!TOP!BOTTOM!NO!!
S!PIN!J16!TOP!TOP!NO!!
S!PIN!J16!TOP!TOP!NO!!
S!PIN!J16!TOP!TOP!NO!!
S!PIN!J16!TOP!TOP!NO!!
S!PIN!J16!TOP!TOP!NO!!
S!PIN!J16!TOP!TOP!NO!!
S!PIN!TP3!TOP!BOTTOM!NO!!
S!PIN!TP2!TOP!BOTTOM!NO!!
S!PIN!TP1!TOP!BOTTOM!NO!!
S!PIN!L2!TOP!TOP!NO!!
S!PIN!L2!TOP!TOP!NO!!
S!PIN!L12!TOP!TOP!NO!!
S!PIN!L12!TOP!TOP!NO!!
S!PIN!L10!TOP!TOP!NO!!
S!PIN!L10!TOP!TOP!NO!!
S!PIN!L3!BOTTOM!BOTTOM!YES!!
S!PIN!L3!BOTTOM!BOTTOM!YES!!
S!PIN!L1!TOP!TOP!NO!!
S!PIN!L1!TOP!TOP!NO!!
S!PIN!QZ1!TOP!TOP!NO!!
S!PIN!QZ1!TOP!TOP!NO!!
S!PIN!QZ1!TOP!TOP!NO!!
S!PIN!QZ1!TOP!TOP!NO!!
S!PIN!QZ1!TOP!TOP!NO!!
S!PIN!QZ1!TOP!TOP!NO!!
S!PIN!J19!TOP!TOP!NO!!
S!PIN!J19!TOP!TOP!NO!!
S!PIN!J19!TOP!TOP!NO!!
S!PIN!J18!TOP!TOP!NO!!
S!PIN!J18!TOP!TOP!NO!!
S!PIN!J18!TOP!TOP!NO!!
S!PIN!J17!TOP!TOP!NO!!
S!PIN!J17!TOP!TOP!NO!!
S!PIN!J17!TOP!TOP!NO!!
S!PIN!TE1!TOP!TOP!NO!!
S!PIN!TE1!TOP!TOP!NO!!
S!PIN!TE1!TOP!TOP!NO!!
S!PIN!J15!BOTTOM!BOTTOM!YES!!
S!PIN!J15!BOTTOM!BOTTOM!YES!!
S!PIN!J15!BOTTOM!BOTTOM!YES!!
S!PIN!J14!BOTTOM!BOTTOM!YES!!
S!PIN!J14!BOTTOM!BOTTOM!YES!!
S!PIN!J14!BOTTOM!BOTTOM!YES!!
S!PIN!IC4!TOP!TOP!NO!!
S!PIN!IC4!TOP!TOP!NO!!
S!PIN!IC4!TOP!TOP!NO!!
S!PIN!IC4!TOP!TOP!NO!!
S!PIN!IC4!TOP!TOP!NO!!
S!PIN!IC4!TOP!TOP!NO!!
S!PIN!IC4!TOP!TOP!NO!!
S!PIN!IC4!TOP!TOP!NO!!
S!PIN!IC4!TOP!TOP!NO!!
S!PIN!IC4!TOP!TOP!NO!!
S!PIN!IC4!TOP!TOP!NO!!
S!PIN!IC4!TOP!TOP!NO!!
S!PIN!IC4!TOP!TOP!NO!!
S!PIN!IC4!TOP!TOP!NO!!
S!PIN!IC4!TOP!TOP!NO!!
S!PIN!IC4!TOP!TOP!NO!!
S!PIN!IC4!TOP!TOP!NO!!
S!PIN!IC4!TOP!TOP!NO!!
S!PIN!IC4!TOP!TOP!NO!!
S!PIN!IC4!TOP!TOP!NO!!
S!PIN!IC4!TOP!TOP!NO!!
S!PIN!IC4!TOP!TOP!NO!!
S!PIN!IC4!TOP!TOP!NO!!
S!PIN!IC4!TOP!TOP!NO!!
S!PIN!IC4!TOP!TOP!NO!!
S!PIN!IC4!TOP!TOP!NO!!
S!PIN!IC4!TOP!TOP!NO!!
S!PIN!IC4!TOP!TOP!NO!!
S!PIN!IC4!TOP!TOP!NO!!
S!PIN!IC4!TOP!TOP!NO!!
S!PIN!IC4!TOP!TOP!NO!!
S!PIN!IC4!TOP!TOP!NO!!
S!PIN!IC4!TOP!TOP!NO!!
S!PIN!IC3!TOP!TOP!NO!!
S!PIN!IC3!TOP!TOP!NO!!
S!PIN!IC3!TOP!TOP!NO!!
S!PIN!IC3!TOP!TOP!NO!!
S!PIN!IC3!TOP!TOP!NO!!
S!PIN!IC3!TOP!TOP!NO!!
S!PIN!IC3!TOP!TOP!NO!!
S!PIN!IC3!TOP!TOP!NO!!
S!PIN!IC3!TOP!TOP!NO!!
S!PIN!IC3!TOP!TOP!NO!!
S!PIN!IC3!TOP!TOP!NO!!
S!PIN!IC3!TOP!TOP!NO!!
S!PIN!IC3!TOP!TOP!NO!!
S!PIN!IC3!TOP!TOP!NO!!
S!PIN!IC3!TOP!TOP!NO!!
S!PIN!IC3!TOP!TOP!NO!!
S!PIN!IC3!TOP!TOP!NO!!
S!PIN!IC3!TOP!TOP!NO!!
S!PIN!IC3!TOP!TOP!NO!!
S!PIN!IC3!TOP!TOP!NO!!
S!PIN!IC3!TOP!TOP!NO!!
S!PIN!IC3!TOP!TOP!NO!!
S!PIN!IC3!TOP!TOP!NO!!
S!PIN!IC3!TOP!TOP!NO!!
S!PIN!IC3!TOP!TOP!NO!!
S!PIN!IC3!TOP!TOP!NO!!
S!PIN!IC3!TOP!TOP!NO!!
S!PIN!IC3!TOP!TOP!NO!!
S!PIN!IC3!TOP!TOP!NO!!
S!PIN!IC3!TOP!TOP!NO!!
S!PIN!IC3!TOP!TOP!NO!!
S!PIN!IC3!TOP!TOP!NO!!
S!PIN!IC3!TOP!TOP!NO!!
S!PIN!U25!TOP!TOP!NO!!
S!PIN!U25!TOP!TOP!NO!!
S!PIN!U25!TOP!TOP!NO!!
S!PIN!U25!TOP!TOP!NO!!
S!PIN!U25!TOP!TOP!NO!!
S!PIN!U25!TOP!TOP!NO!!
S!PIN!U25!TOP!TOP!NO!!
S!PIN!U25!TOP!TOP!NO!!
S!PIN!IC2!TOP!TOP!NO!!
S!PIN!IC2!TOP!TOP!NO!!
S!PIN!IC2!TOP!TOP!NO!!
S!PIN!IC2!TOP!TOP!NO!!
S!PIN!IC2!TOP!TOP!NO!!
S!PIN!IC2!TOP!TOP!NO!!
S!PIN!IC2!TOP!TOP!NO!!
S!PIN!IC2!TOP!TOP!NO!!
S!PIN!IC2!TOP!TOP!NO!!
S!PIN!IC2!TOP!TOP!NO!!
S!PIN!IC2!TOP!TOP!NO!!
S!PIN!IC2!TOP!TOP!NO!!
S!PIN!IC2!TOP!TOP!NO!!
S!PIN!IC2!TOP!TOP!NO!!
S!PIN!IC2!TOP!TOP!NO!!
S!PIN!IC2!TOP!TOP!NO!!
S!PIN!IC2!TOP!TOP!NO!!
S!PIN!IC1!TOP!TOP!NO!!
S!PIN!IC1!TOP!TOP!NO!!
S!PIN!IC1!TOP!TOP!NO!!
S!PIN!IC1!TOP!TOP!NO!!
S!PIN!IC1!TOP!TOP!NO!!
S!PIN!IC1!TOP!TOP!NO!!
S!PIN!IC1!TOP!TOP!NO!!
S!PIN!IC1!TOP!TOP!NO!!
S!PIN!IC1!TOP!TOP!NO!!
S!PIN!IC1!TOP!TOP!NO!!
S!PIN!IC1!TOP!TOP!NO!!
S!PIN!IC1!TOP!TOP!NO!!
S!PIN!IC1!TOP!TOP!NO!!
S!PIN!IC1!TOP!TOP!NO!!
S!PIN!IC1!TOP!TOP!NO!!
S!PIN!IC1!TOP!TOP!NO!!
S!PIN!IC1!TOP!TOP!NO!!
S!PIN!TIMING1!TOP!TOP!NO!!
S!PIN!TIMING1!TOP!TOP!NO!!
S!PIN!TIMING1!TOP!TOP!NO!!
S!PIN!TIMING1!TOP!TOP!NO!!
S!PIN!TIMING1!TOP!TOP!NO!!
S!PIN!TIMING1!TOP!TOP!NO!!
S!PIN!TIMING1!TOP!TOP!NO!!
S!PIN!TIMING1!TOP!TOP!NO!!
S!PIN!TIMING1!TOP!TOP!NO!!
S!PIN!TIMING1!TOP!TOP!NO!!
S!PIN!TIMING1!TOP!TOP!NO!!
S!PIN!TIMING1!TOP!TOP!NO!!
S!PIN!TIMING1!TOP!TOP!NO!!
S!PIN!TIMING1!TOP!TOP!NO!!
S!PIN!TIMING1!TOP!TOP!NO!!
S!PIN!TIMING1!TOP!TOP!NO!!
S!PIN!TIMING1!TOP!TOP!NO!!
S!PIN!R7!BOTTOM!BOTTOM!YES!!
S!PIN!R7!BOTTOM!BOTTOM!YES!!
S!PIN!R4!BOTTOM!BOTTOM!YES!!
S!PIN!R4!BOTTOM!BOTTOM!YES!!
S!PIN!R2!TOP!TOP!NO!!
S!PIN!R2!TOP!TOP!NO!!
S!PIN!F2!TOP!TOP!NO!!
S!PIN!F2!TOP!TOP!NO!!
S!PIN!F1!TOP!TOP!NO!!
S!PIN!F1!TOP!TOP!NO!!
S!PIN!C129!TOP!TOP!NO!!
S!PIN!C129!TOP!TOP!NO!!
S!PIN!C127!TOP!TOP!NO!!
S!PIN!C127!TOP!TOP!NO!!
S!PIN!R89!BOTTOM!BOTTOM!YES!!
S!PIN!R89!BOTTOM!BOTTOM!YES!!
S!PIN!MMC!BOTTOM!BOTTOM!YES!!
S!PIN!MMC!BOTTOM!BOTTOM!YES!!
S!PIN!C41!TOP!TOP!NO!!
S!PIN!C41!TOP!TOP!NO!!
S!PIN!C23!TOP!TOP!NO!!
S!PIN!C23!TOP!TOP!NO!!
S!PIN!C171!TOP!TOP!NO!!
S!PIN!C171!TOP!TOP!NO!!
S!PIN!C162!BOTTOM!BOTTOM!YES!!
S!PIN!C162!BOTTOM!BOTTOM!YES!!
S!PIN!C126!BOTTOM!BOTTOM!YES!!
S!PIN!C126!BOTTOM!BOTTOM!YES!!
S!PIN!C128!BOTTOM!BOTTOM!YES!!
S!PIN!C128!BOTTOM!BOTTOM!YES!!
S!PIN!R66!TOP!TOP!NO!!
S!PIN!R66!TOP!TOP!NO!!
S!PIN!R69!BOTTOM!BOTTOM!YES!!
S!PIN!R69!BOTTOM!BOTTOM!YES!!
S!PIN!R65!BOTTOM!BOTTOM!YES!!
S!PIN!R65!BOTTOM!BOTTOM!YES!!
S!PIN!R79!BOTTOM!BOTTOM!YES!!
S!PIN!R79!BOTTOM!BOTTOM!YES!!
S!PIN!R70!BOTTOM!BOTTOM!YES!!
S!PIN!R70!BOTTOM!BOTTOM!YES!!
S!PIN!R64!TOP!TOP!NO!!
S!PIN!R64!TOP!TOP!NO!!
S!PIN!R84!BOTTOM!BOTTOM!YES!!
S!PIN!R84!BOTTOM!BOTTOM!YES!!
S!PIN!R82!TOP!TOP!NO!!
S!PIN!R82!TOP!TOP!NO!!
S!PIN!R60!BOTTOM!BOTTOM!YES!!
S!PIN!R60!BOTTOM!BOTTOM!YES!!
S!PIN!C172!TOP!TOP!NO!!
S!PIN!C172!TOP!TOP!NO!!
S!PIN!C163!TOP!TOP!NO!!
S!PIN!C163!TOP!TOP!NO!!
S!PIN!C85!TOP!TOP!NO!!
S!PIN!C85!TOP!TOP!NO!!
S!PIN!C84!TOP!TOP!NO!!
S!PIN!C84!TOP!TOP!NO!!
S!PIN!C83!TOP!TOP!NO!!
S!PIN!C83!TOP!TOP!NO!!
S!PIN!C80!TOP!TOP!NO!!
S!PIN!C80!TOP!TOP!NO!!
S!PIN!C79!TOP!TOP!NO!!
S!PIN!C79!TOP!TOP!NO!!
S!PIN!C78!TOP!TOP!NO!!
S!PIN!C78!TOP!TOP!NO!!
S!PIN!C77!TOP!TOP!NO!!
S!PIN!C77!TOP!TOP!NO!!
S!PIN!R88!BOTTOM!BOTTOM!YES!!
S!PIN!R88!BOTTOM!BOTTOM!YES!!
S!PIN!C102!TOP!TOP!NO!!
S!PIN!C102!TOP!TOP!NO!!
S!PIN!C99!TOP!TOP!NO!!
S!PIN!C99!TOP!TOP!NO!!
S!PIN!R43!TOP!TOP!NO!!
S!PIN!R43!TOP!TOP!NO!!
S!PIN!R37!TOP!TOP!NO!!
S!PIN!R37!TOP!TOP!NO!!
S!PIN!C24!TOP!TOP!NO!!
S!PIN!C24!TOP!TOP!NO!!
S!PIN!C29!TOP!TOP!NO!!
S!PIN!C29!TOP!TOP!NO!!
S!PIN!R49!TOP!TOP!NO!!
S!PIN!R49!TOP!TOP!NO!!
S!PIN!R46!TOP!TOP!NO!!
S!PIN!R46!TOP!TOP!NO!!
S!PIN!R38!TOP!TOP!NO!!
S!PIN!R38!TOP!TOP!NO!!
S!PIN!C15!TOP!TOP!NO!!
S!PIN!C15!TOP!TOP!NO!!
S!PIN!C27!TOP!TOP!NO!!
S!PIN!C27!TOP!TOP!NO!!
S!PIN!R100!TOP!TOP!NO!!
S!PIN!R100!TOP!TOP!NO!!
S!PIN!C32!BOTTOM!BOTTOM!YES!!
S!PIN!C32!BOTTOM!BOTTOM!YES!!
S!PIN!C18!TOP!TOP!NO!!
S!PIN!C18!TOP!TOP!NO!!
S!PIN!C12!TOP!TOP!NO!!
S!PIN!C12!TOP!TOP!NO!!
S!PIN!C5!TOP!TOP!NO!!
S!PIN!C5!TOP!TOP!NO!!
S!PIN!C21!TOP!TOP!NO!!
S!PIN!C21!TOP!TOP!NO!!
S!PIN!C6!TOP!TOP!NO!!
S!PIN!C6!TOP!TOP!NO!!
S!PIN!C49!BOTTOM!BOTTOM!YES!!
S!PIN!C49!BOTTOM!BOTTOM!YES!!
S!PIN!C7!TOP!TOP!NO!!
S!PIN!C7!TOP!TOP!NO!!
S!PIN!C22!TOP!TOP!NO!!
S!PIN!C22!TOP!TOP!NO!!
S!PIN!C14!TOP!TOP!NO!!
S!PIN!C14!TOP!TOP!NO!!
S!PIN!C97!BOTTOM!BOTTOM!YES!!
S!PIN!C97!BOTTOM!BOTTOM!YES!!
S!PIN!C167!TOP!TOP!NO!!
S!PIN!C167!TOP!TOP!NO!!
S!PIN!C169!TOP!TOP!NO!!
S!PIN!C169!TOP!TOP!NO!!
S!PIN!C168!TOP!TOP!NO!!
S!PIN!C168!TOP!TOP!NO!!
S!PIN!C170!TOP!TOP!NO!!
S!PIN!C170!TOP!TOP!NO!!
S!PIN!C158!BOTTOM!BOTTOM!YES!!
S!PIN!C158!BOTTOM!BOTTOM!YES!!
S!PIN!C157!BOTTOM!BOTTOM!YES!!
S!PIN!C157!BOTTOM!BOTTOM!YES!!
S!PIN!C130!BOTTOM!BOTTOM!YES!!
S!PIN!C130!BOTTOM!BOTTOM!YES!!
S!PIN!C137!BOTTOM!BOTTOM!YES!!
S!PIN!C137!BOTTOM!BOTTOM!YES!!
S!PIN!C173!BOTTOM!BOTTOM!YES!!
S!PIN!C173!BOTTOM!BOTTOM!YES!!
S!PIN!C132!BOTTOM!BOTTOM!YES!!
S!PIN!C132!BOTTOM!BOTTOM!YES!!
S!PIN!C131!TOP!TOP!NO!!
S!PIN!C131!TOP!TOP!NO!!
S!PIN!C133!TOP!TOP!NO!!
S!PIN!C133!TOP!TOP!NO!!
S!PIN!R166!TOP!TOP!NO!!
S!PIN!R166!TOP!TOP!NO!!
S!PIN!R164!TOP!TOP!NO!!
S!PIN!R164!TOP!TOP!NO!!
S!PIN!R162!TOP!TOP!NO!!
S!PIN!R162!TOP!TOP!NO!!
S!PIN!R160!TOP!TOP!NO!!
S!PIN!R160!TOP!TOP!NO!!
S!PIN!R190!TOP!TOP!NO!!
S!PIN!R190!TOP!TOP!NO!!
S!PIN!R188!TOP!TOP!NO!!
S!PIN!R188!TOP!TOP!NO!!
S!PIN!R186!BOTTOM!BOTTOM!YES!!
S!PIN!R186!BOTTOM!BOTTOM!YES!!
S!PIN!R184!BOTTOM!BOTTOM!YES!!
S!PIN!R184!BOTTOM!BOTTOM!YES!!
S!PIN!R182!TOP!TOP!NO!!
S!PIN!R182!TOP!TOP!NO!!
S!PIN!R180!TOP!TOP!NO!!
S!PIN!R180!TOP!TOP!NO!!
S!PIN!R178!BOTTOM!BOTTOM!YES!!
S!PIN!R178!BOTTOM!BOTTOM!YES!!
S!PIN!R176!BOTTOM!BOTTOM!YES!!
S!PIN!R176!BOTTOM!BOTTOM!YES!!
S!PIN!R174!TOP!TOP!NO!!
S!PIN!R174!TOP!TOP!NO!!
S!PIN!R172!TOP!TOP!NO!!
S!PIN!R172!TOP!TOP!NO!!
S!PIN!R170!BOTTOM!BOTTOM!YES!!
S!PIN!R170!BOTTOM!BOTTOM!YES!!
S!PIN!R168!BOTTOM!BOTTOM!YES!!
S!PIN!R168!BOTTOM!BOTTOM!YES!!
S!PIN!R158!TOP!TOP!NO!!
S!PIN!R158!TOP!TOP!NO!!
S!PIN!R156!TOP!TOP!NO!!
S!PIN!R156!TOP!TOP!NO!!
S!PIN!R24!TOP!TOP!NO!!
S!PIN!R24!TOP!TOP!NO!!
S!PIN!R189!TOP!TOP!NO!!
S!PIN!R189!TOP!TOP!NO!!
S!PIN!R187!TOP!TOP!NO!!
S!PIN!R187!TOP!TOP!NO!!
S!PIN!R185!BOTTOM!BOTTOM!YES!!
S!PIN!R185!BOTTOM!BOTTOM!YES!!
S!PIN!R183!BOTTOM!BOTTOM!YES!!
S!PIN!R183!BOTTOM!BOTTOM!YES!!
S!PIN!R181!TOP!TOP!NO!!
S!PIN!R181!TOP!TOP!NO!!
S!PIN!R179!TOP!TOP!NO!!
S!PIN!R179!TOP!TOP!NO!!
S!PIN!R177!BOTTOM!BOTTOM!YES!!
S!PIN!R177!BOTTOM!BOTTOM!YES!!
S!PIN!R175!BOTTOM!BOTTOM!YES!!
S!PIN!R175!BOTTOM!BOTTOM!YES!!
S!PIN!R173!TOP!TOP!NO!!
S!PIN!R173!TOP!TOP!NO!!
S!PIN!R171!TOP!TOP!NO!!
S!PIN!R171!TOP!TOP!NO!!
S!PIN!R169!BOTTOM!BOTTOM!YES!!
S!PIN!R169!BOTTOM!BOTTOM!YES!!
S!PIN!R167!BOTTOM!BOTTOM!YES!!
S!PIN!R167!BOTTOM!BOTTOM!YES!!
S!PIN!R165!TOP!TOP!NO!!
S!PIN!R165!TOP!TOP!NO!!
S!PIN!R163!TOP!TOP!NO!!
S!PIN!R163!TOP!TOP!NO!!
S!PIN!R161!TOP!TOP!NO!!
S!PIN!R161!TOP!TOP!NO!!
S!PIN!R159!TOP!TOP!NO!!
S!PIN!R159!TOP!TOP!NO!!
S!PIN!R11!TOP!TOP!NO!!
S!PIN!R11!TOP!TOP!NO!!
S!PIN!R157!TOP!TOP!NO!!
S!PIN!R157!TOP!TOP!NO!!
S!PIN!R155!TOP!TOP!NO!!
S!PIN!R155!TOP!TOP!NO!!
S!PIN!C13!TOP!TOP!NO!!
S!PIN!C13!TOP!TOP!NO!!
S!PIN!C122!BOTTOM!BOTTOM!YES!!
S!PIN!C122!BOTTOM!BOTTOM!YES!!
S!PIN!C174!BOTTOM!BOTTOM!YES!!
S!PIN!C174!BOTTOM!BOTTOM!YES!!
S!PIN!C138!BOTTOM!BOTTOM!YES!!
S!PIN!C138!BOTTOM!BOTTOM!YES!!
S!PIN!C142!BOTTOM!BOTTOM!YES!!
S!PIN!C142!BOTTOM!BOTTOM!YES!!
S!PIN!C146!BOTTOM!BOTTOM!YES!!
S!PIN!C146!BOTTOM!BOTTOM!YES!!
S!PIN!C149!BOTTOM!BOTTOM!YES!!
S!PIN!C149!BOTTOM!BOTTOM!YES!!
S!PIN!C150!BOTTOM!BOTTOM!YES!!
S!PIN!C150!BOTTOM!BOTTOM!YES!!
S!PIN!C151!BOTTOM!BOTTOM!YES!!
S!PIN!C151!BOTTOM!BOTTOM!YES!!
S!PIN!C152!BOTTOM!BOTTOM!YES!!
S!PIN!C152!BOTTOM!BOTTOM!YES!!
S!PIN!C153!BOTTOM!BOTTOM!YES!!
S!PIN!C153!BOTTOM!BOTTOM!YES!!
S!PIN!C154!BOTTOM!BOTTOM!YES!!
S!PIN!C154!BOTTOM!BOTTOM!YES!!
S!PIN!C159!BOTTOM!BOTTOM!YES!!
S!PIN!C159!BOTTOM!BOTTOM!YES!!
S!PIN!C125!TOP!TOP!NO!!
S!PIN!C125!TOP!TOP!NO!!
S!PIN!C118!TOP!TOP!NO!!
S!PIN!C118!TOP!TOP!NO!!
S!PIN!C134!BOTTOM!BOTTOM!YES!!
S!PIN!C134!BOTTOM!BOTTOM!YES!!
S!PIN!C160!BOTTOM!BOTTOM!YES!!
S!PIN!C160!BOTTOM!BOTTOM!YES!!
S!PIN!R40!TOP!TOP!NO!!
S!PIN!R40!TOP!TOP!NO!!
S!PIN!R42!TOP!TOP!NO!!
S!PIN!R42!TOP!TOP!NO!!
S!PIN!J12!TOP!BOTTOM!NO!!
S!PIN!J12!TOP!BOTTOM!NO!!
S!PIN!J12!TOP!BOTTOM!NO!!
S!PIN!J11!TOP!BOTTOM!NO!!
S!PIN!J11!TOP!BOTTOM!NO!!
S!PIN!J11!TOP!TOP!NO!!
S!PIN!J11!TOP!TOP!NO!!
S!PIN!J11!TOP!TOP!NO!!
S!PIN!J11!TOP!TOP!NO!!
S!PIN!J11!TOP!TOP!NO!!
S!PIN!J11!TOP!TOP!NO!!
S!PIN!J11!TOP!TOP!NO!!
S!PIN!J11!TOP!TOP!NO!!
S!PIN!J11!TOP!TOP!NO!!
S!PIN!J11!TOP!TOP!NO!!
S!PIN!J11!TOP!TOP!NO!!
S!PIN!J11!TOP!TOP!NO!!
S!PIN!J11!TOP!TOP!NO!!
S!PIN!J11!TOP!TOP!NO!!
S!PIN!J11!TOP!TOP!NO!!
S!PIN!J11!TOP!TOP!NO!!
S!PIN!J11!TOP!TOP!NO!!
S!PIN!J11!TOP!TOP!NO!!
S!PIN!J11!TOP!TOP!NO!!
S!PIN!J11!TOP!TOP!NO!!
S!PIN!J6!TOP!BOTTOM!NO!!
S!PIN!J6!TOP!BOTTOM!NO!!
S!PIN!J6!TOP!TOP!NO!!
S!PIN!J6!TOP!TOP!NO!!
S!PIN!J6!TOP!TOP!NO!!
S!PIN!J6!TOP!TOP!NO!!
S!PIN!J6!TOP!TOP!NO!!
S!PIN!J6!TOP!TOP!NO!!
S!PIN!J6!TOP!TOP!NO!!
S!PIN!J6!TOP!TOP!NO!!
S!PIN!J6!TOP!TOP!NO!!
S!PIN!J6!TOP!TOP!NO!!
S!PIN!J6!TOP!TOP!NO!!
S!PIN!J6!TOP!TOP!NO!!
S!PIN!J6!TOP!TOP!NO!!
S!PIN!J6!TOP!TOP!NO!!
S!PIN!J6!TOP!TOP!NO!!
S!PIN!J6!TOP!TOP!NO!!
S!PIN!J6!TOP!TOP!NO!!
S!PIN!J6!TOP!TOP!NO!!
S!PIN!J6!TOP!TOP!NO!!
S!PIN!J6!TOP!TOP!NO!!
S!PIN!J3!TOP!BOTTOM!NO!!
S!PIN!J3!TOP!BOTTOM!NO!!
S!PIN!J3!TOP!TOP!NO!!
S!PIN!J3!TOP!TOP!NO!!
S!PIN!J3!TOP!TOP!NO!!
S!PIN!J3!TOP!TOP!NO!!
S!PIN!J3!TOP!TOP!NO!!
S!PIN!J3!TOP!TOP!NO!!
S!PIN!J3!TOP!TOP!NO!!
S!PIN!J3!TOP!TOP!NO!!
S!PIN!J3!TOP!TOP!NO!!
S!PIN!J3!TOP!TOP!NO!!
S!PIN!J3!TOP!TOP!NO!!
S!PIN!J3!TOP!TOP!NO!!
S!PIN!J3!TOP!TOP!NO!!
S!PIN!J3!TOP!TOP!NO!!
S!PIN!J3!TOP!TOP!NO!!
S!PIN!J3!TOP!TOP!NO!!
S!PIN!J3!TOP!TOP!NO!!
S!PIN!J3!TOP!TOP!NO!!
S!PIN!J3!TOP!TOP!NO!!
S!PIN!J3!TOP!TOP!NO!!
S!PIN!J10!TOP!BOTTOM!NO!!
S!PIN!J10!TOP!BOTTOM!NO!!
S!PIN!J10!TOP!TOP!NO!!
S!PIN!J10!TOP!TOP!NO!!
S!PIN!J10!TOP!TOP!NO!!
S!PIN!J10!TOP!TOP!NO!!
S!PIN!J10!TOP!TOP!NO!!
S!PIN!J10!TOP!TOP!NO!!
S!PIN!J10!TOP!TOP!NO!!
S!PIN!J10!TOP!TOP!NO!!
S!PIN!J10!TOP!TOP!NO!!
S!PIN!J10!TOP!TOP!NO!!
S!PIN!J10!TOP!TOP!NO!!
S!PIN!J10!TOP!TOP!NO!!
S!PIN!J10!TOP!TOP!NO!!
S!PIN!J10!TOP!TOP!NO!!
S!PIN!U15!BOTTOM!BOTTOM!YES!!
S!PIN!U15!BOTTOM!BOTTOM!YES!!
S!PIN!U15!BOTTOM!BOTTOM!YES!!
S!PIN!U15!BOTTOM!BOTTOM!YES!!
S!PIN!U15!BOTTOM!BOTTOM!YES!!
S!PIN!U6!TOP!TOP!NO!!
S!PIN!U6!TOP!TOP!NO!!
S!PIN!U6!TOP!TOP!NO!!
S!PIN!U6!TOP!TOP!NO!!
S!PIN!U6!TOP!TOP!NO!!
S!PIN!U6!TOP!TOP!NO!!
S!PIN!U6!TOP!TOP!NO!!
S!PIN!U6!TOP!TOP!NO!!
S!PIN!U6!TOP!TOP!NO!!
S!PIN!U6!TOP!TOP!NO!!
S!PIN!U6!TOP!TOP!NO!!
S!PIN!U6!TOP!TOP!NO!!
S!PIN!U6!TOP!TOP!NO!!
S!PIN!U6!TOP!TOP!NO!!
S!PIN!U6!TOP!TOP!NO!!
S!PIN!U6!TOP!TOP!NO!!
S!PIN!U6!TOP!TOP!NO!!
S!PIN!U6!TOP!TOP!NO!!
S!PIN!U6!TOP!TOP!NO!!
S!PIN!U6!TOP!TOP!NO!!
S!PIN!U6!TOP!TOP!NO!!
S!PIN!U6!TOP!TOP!NO!!
S!PIN!U6!TOP!TOP!NO!!
S!PIN!U6!TOP!TOP!NO!!
S!PIN!U6!TOP!TOP!NO!!
S!PIN!U6!TOP!TOP!NO!!
S!PIN!U6!TOP!TOP!NO!!
S!PIN!U6!TOP!TOP!NO!!
S!PIN!U6!TOP!TOP!NO!!
S!PIN!U6!TOP!TOP!NO!!
S!PIN!U6!TOP!TOP!NO!!
S!PIN!U6!TOP!TOP!NO!!
S!PIN!U6!TOP!TOP!NO!!
S!PIN!U6!TOP!TOP!NO!!
S!PIN!U6!TOP!TOP!NO!!
S!PIN!U6!TOP!TOP!NO!!
S!PIN!U6!TOP!TOP!NO!!
S!PIN!U6!TOP!TOP!NO!!
S!PIN!U6!TOP!TOP!NO!!
S!PIN!U6!TOP!TOP!NO!!
S!PIN!U6!TOP!TOP!NO!!
S!PIN!U6!TOP!TOP!NO!!
S!PIN!U6!TOP!TOP!NO!!
S!PIN!U6!TOP!TOP!NO!!
S!PIN!U6!TOP!TOP!NO!!
S!PIN!U6!TOP!TOP!NO!!
S!PIN!U6!TOP!TOP!NO!!
S!PIN!U6!TOP!TOP!NO!!
S!PIN!U6!TOP!TOP!NO!!
S!PIN!U6!TOP!TOP!NO!!
S!PIN!U6!TOP!TOP!NO!!
S!PIN!U6!TOP!TOP!NO!!
S!PIN!U6!TOP!TOP!NO!!
S!PIN!U6!TOP!TOP!NO!!
S!PIN!U6!TOP!TOP!NO!!
S!PIN!U6!TOP!TOP!NO!!
S!PIN!U6!TOP!TOP!NO!!
S!PIN!U6!TOP!TOP!NO!!
S!PIN!U6!TOP!TOP!NO!!
S!PIN!U6!TOP!TOP!NO!!
S!PIN!U6!TOP!TOP!NO!!
S!PIN!U6!TOP!TOP!NO!!
S!PIN!U6!TOP!TOP!NO!!
S!PIN!U6!TOP!TOP!NO!!
S!PIN!U6!TOP!TOP!NO!!
S!PIN!U2!TOP!TOP!NO!!
S!PIN!U2!TOP!TOP!NO!!
S!PIN!U2!TOP!TOP!NO!!
S!PIN!U2!TOP!TOP!NO!!
S!PIN!U2!TOP!TOP!NO!!
S!PIN!U2!TOP!TOP!NO!!
S!PIN!U2!TOP!TOP!NO!!
S!PIN!U2!TOP!TOP!NO!!
S!PIN!U18!TOP!TOP!NO!!
S!PIN!U18!TOP!TOP!NO!!
S!PIN!U18!TOP!TOP!NO!!
S!PIN!U18!TOP!TOP!NO!!
S!PIN!U18!TOP!TOP!NO!!
S!PIN!U18!TOP!TOP!NO!!
S!PIN!U18!TOP!TOP!NO!!
S!PIN!U18!TOP!TOP!NO!!
S!PIN!C16!BOTTOM!BOTTOM!YES!!
S!PIN!C16!BOTTOM!BOTTOM!YES!!
S!PIN!C95!BOTTOM!BOTTOM!YES!!
S!PIN!C95!BOTTOM!BOTTOM!YES!!
S!PIN!D10!TOP!TOP!NO!!
S!PIN!D10!TOP!TOP!NO!!
S!PIN!D9!TOP!TOP!NO!!
S!PIN!D9!TOP!TOP!NO!!
S!PIN!D8!TOP!TOP!NO!!
S!PIN!D8!TOP!TOP!NO!!
S!PIN!D11!TOP!TOP!NO!!
S!PIN!D11!TOP!TOP!NO!!
S!PIN!D5!TOP!TOP!NO!!
S!PIN!D5!TOP!TOP!NO!!
S!PIN!D6!TOP!TOP!NO!!
S!PIN!D6!TOP!TOP!NO!!
S!PIN!D4!TOP!TOP!NO!!
S!PIN!D4!TOP!TOP!NO!!
S!PIN!D1!TOP!TOP!NO!!
S!PIN!D1!TOP!TOP!NO!!
S!PIN!TP11!TOP!BOTTOM!NO!!
S!PIN!TP9!TOP!BOTTOM!NO!!
S!PIN!TP14!TOP!BOTTOM!NO!!
S!PIN!TP13!TOP!BOTTOM!NO!!
S!PIN!TP7!TOP!BOTTOM!NO!!
S!PIN!TP4!TOP!BOTTOM!NO!!
S!PIN!TP5!TOP!BOTTOM!NO!!
S!PIN!J2!TOP!BOTTOM!NO!!
S!PIN!J2!TOP!BOTTOM!NO!!
S!PIN!J2!TOP!BOTTOM!NO!!
S!PIN!J2!TOP!BOTTOM!NO!!
S!PIN!J2!TOP!TOP!NO!!
S!PIN!J2!TOP!TOP!NO!!
S!PIN!J2!TOP!TOP!NO!!
S!PIN!J2!TOP!TOP!NO!!
S!PIN!J2!TOP!TOP!NO!!
S!PIN!J2!TOP!TOP!NO!!
S!PIN!J2!TOP!TOP!NO!!
S!PIN!J2!TOP!TOP!NO!!
S!PIN!J2!TOP!TOP!NO!!
S!PIN!J2!TOP!TOP!NO!!
S!PIN!J2!TOP!TOP!NO!!
S!PIN!J2!TOP!TOP!NO!!
S!PIN!J2!TOP!TOP!NO!!
S!PIN!J2!TOP!TOP!NO!!
S!PIN!J2!TOP!TOP!NO!!
S!PIN!J2!TOP!TOP!NO!!
S!PIN!J2!TOP!TOP!NO!!
S!PIN!J2!TOP!TOP!NO!!
S!PIN!J2!TOP!TOP!NO!!
S!PIN!J2!TOP!TOP!NO!!
S!PIN!J2!TOP!TOP!NO!!
S!PIN!J2!TOP!TOP!NO!!
S!PIN!J2!TOP!TOP!NO!!
S!PIN!J2!TOP!TOP!NO!!
S!PIN!J2!TOP!TOP!NO!!
S!PIN!J2!TOP!TOP!NO!!
S!PIN!J2!TOP!TOP!NO!!
S!PIN!J2!TOP!TOP!NO!!
S!PIN!J2!TOP!TOP!NO!!
S!PIN!J2!TOP!TOP!NO!!
S!PIN!J2!TOP!TOP!NO!!
S!PIN!J2!TOP!TOP!NO!!
S!PIN!J2!TOP!TOP!NO!!
S!PIN!J2!TOP!TOP!NO!!
S!PIN!J2!TOP!TOP!NO!!
S!PIN!J2!TOP!TOP!NO!!
S!PIN!J2!TOP!TOP!NO!!
S!PIN!J2!TOP!TOP!NO!!
S!PIN!J2!TOP!TOP!NO!!
S!PIN!J2!TOP!TOP!NO!!
S!PIN!J2!TOP!TOP!NO!!
S!PIN!J2!TOP!TOP!NO!!
S!PIN!J2!TOP!TOP!NO!!
S!PIN!J2!TOP!TOP!NO!!
S!PIN!J2!TOP!TOP!NO!!
S!PIN!J2!TOP!TOP!NO!!
S!PIN!J2!TOP!TOP!NO!!
S!PIN!J2!TOP!TOP!NO!!
S!PIN!J2!TOP!TOP!NO!!
S!PIN!J2!TOP!TOP!NO!!
S!PIN!J2!TOP!TOP!NO!!
S!PIN!J2!TOP!TOP!NO!!
S!PIN!J2!TOP!TOP!NO!!
S!PIN!J2!TOP!TOP!NO!!
S!PIN!J2!TOP!TOP!NO!!
S!PIN!J2!TOP!TOP!NO!!
S!PIN!J2!TOP!TOP!NO!!
S!PIN!J2!TOP!TOP!NO!!
S!PIN!J2!TOP!TOP!NO!!
S!PIN!J2!TOP!TOP!NO!!
S!PIN!J5!TOP!BOTTOM!NO!!
S!PIN!J5!TOP!BOTTOM!NO!!
S!PIN!J5!TOP!BOTTOM!NO!!
S!PIN!J5!TOP!BOTTOM!NO!!
S!PIN!J5!TOP!TOP!NO!!
S!PIN!J5!TOP!TOP!NO!!
S!PIN!J5!TOP!TOP!NO!!
S!PIN!J5!TOP!TOP!NO!!
S!PIN!J5!TOP!TOP!NO!!
S!PIN!J5!TOP!TOP!NO!!
S!PIN!J5!TOP!TOP!NO!!
S!PIN!J5!TOP!TOP!NO!!
S!PIN!J5!TOP!TOP!NO!!
S!PIN!J5!TOP!TOP!NO!!
S!PIN!J5!TOP!TOP!NO!!
S!PIN!J5!TOP!TOP!NO!!
S!PIN!J5!TOP!TOP!NO!!
S!PIN!J5!TOP!TOP!NO!!
S!PIN!J5!TOP!TOP!NO!!
S!PIN!J5!TOP!TOP!NO!!
S!PIN!J5!TOP!TOP!NO!!
S!PIN!J5!TOP!TOP!NO!!
S!PIN!J5!TOP!TOP!NO!!
S!PIN!J5!TOP!TOP!NO!!
S!PIN!J5!TOP!TOP!NO!!
S!PIN!J5!TOP!TOP!NO!!
S!PIN!J5!TOP!TOP!NO!!
S!PIN!J5!TOP!TOP!NO!!
S!PIN!J5!TOP!TOP!NO!!
S!PIN!J5!TOP!TOP!NO!!
S!PIN!J5!TOP!TOP!NO!!
S!PIN!J5!TOP!TOP!NO!!
S!PIN!J5!TOP!TOP!NO!!
S!PIN!J5!TOP!TOP!NO!!
S!PIN!J5!TOP!TOP!NO!!
S!PIN!J5!TOP!TOP!NO!!
S!PIN!J5!TOP!TOP!NO!!
S!PIN!J5!TOP!TOP!NO!!
S!PIN!J5!TOP!TOP!NO!!
S!PIN!J5!TOP!TOP!NO!!
S!PIN!J5!TOP!TOP!NO!!
S!PIN!J5!TOP!TOP!NO!!
S!PIN!J5!TOP!TOP!NO!!
S!PIN!J5!TOP!TOP!NO!!
S!PIN!J5!TOP!TOP!NO!!
S!PIN!J5!TOP!TOP!NO!!
S!PIN!J5!TOP!TOP!NO!!
S!PIN!J5!TOP!TOP!NO!!
S!PIN!J5!TOP!TOP!NO!!
S!PIN!J5!TOP!TOP!NO!!
S!PIN!J5!TOP!TOP!NO!!
S!PIN!J5!TOP!TOP!NO!!
S!PIN!J5!TOP!TOP!NO!!
S!PIN!J5!TOP!TOP!NO!!
S!PIN!J5!TOP!TOP!NO!!
S!PIN!J5!TOP!TOP!NO!!
S!PIN!J5!TOP!TOP!NO!!
S!PIN!J5!TOP!TOP!NO!!
S!PIN!J5!TOP!TOP!NO!!
S!PIN!J5!TOP!TOP!NO!!
S!PIN!J5!TOP!TOP!NO!!
S!PIN!J5!TOP!TOP!NO!!
S!PIN!J5!TOP!TOP!NO!!
S!PIN!J5!TOP!TOP!NO!!
S!PIN!J9!TOP!TOP!NO!!
S!PIN!J9!TOP!TOP!NO!!
S!PIN!J9!TOP!TOP!NO!!
S!PIN!J9!TOP!TOP!NO!!
S!PIN!J9!TOP!TOP!NO!!
S!PIN!J9!TOP!TOP!NO!!
S!PIN!J9!TOP!TOP!NO!!
S!PIN!J9!TOP!TOP!NO!!
S!PIN!J9!TOP!TOP!NO!!
S!PIN!J9!TOP!TOP!NO!!
S!PIN!J9!TOP!TOP!NO!!
S!PIN!J9!TOP!TOP!NO!!
S!PIN!J9!TOP!TOP!NO!!
S!PIN!J9!TOP!TOP!NO!!
S!PIN!J9!TOP!TOP!NO!!
S!PIN!J9!TOP!TOP!NO!!
S!PIN!J9!TOP!TOP!NO!!
S!PIN!J9!TOP!TOP!NO!!
S!PIN!J9!TOP!TOP!NO!!
S!PIN!J9!TOP!TOP!NO!!
S!PIN!J9!TOP!TOP!NO!!
S!PIN!J9!TOP!TOP!NO!!
S!PIN!J9!TOP!TOP!NO!!
S!PIN!J9!TOP!TOP!NO!!
S!PIN!J9!TOP!TOP!NO!!
S!PIN!J9!TOP!TOP!NO!!
S!PIN!J9!TOP!TOP!NO!!
S!PIN!J9!TOP!TOP!NO!!
S!PIN!J9!TOP!TOP!NO!!
S!PIN!J9!TOP!TOP!NO!!
S!PIN!J9!TOP!TOP!NO!!
S!PIN!J9!TOP!TOP!NO!!
S!PIN!J9!TOP!TOP!NO!!
S!PIN!J9!TOP!TOP!NO!!
S!PIN!J9!TOP!TOP!NO!!
S!PIN!J9!TOP!TOP!NO!!
S!PIN!J9!TOP!TOP!NO!!
S!PIN!J9!TOP!TOP!NO!!
S!PIN!J9!TOP!TOP!NO!!
S!PIN!J9!TOP!TOP!NO!!
S!PIN!J9!TOP!BOTTOM!NO!!
S!PIN!J9!TOP!BOTTOM!NO!!
S!PIN!J9!TOP!BOTTOM!NO!!
S!PIN!J9!TOP!BOTTOM!NO!!
S!PIN!J9!TOP!TOP!NO!!
S!PIN!J9!TOP!TOP!NO!!
S!PIN!J9!TOP!TOP!NO!!
S!PIN!J9!TOP!TOP!NO!!
S!PIN!J9!TOP!TOP!NO!!
S!PIN!J9!TOP!TOP!NO!!
S!PIN!J9!TOP!TOP!NO!!
S!PIN!J9!TOP!TOP!NO!!
S!PIN!J9!TOP!TOP!NO!!
S!PIN!J9!TOP!TOP!NO!!
S!PIN!J9!TOP!TOP!NO!!
S!PIN!J9!TOP!TOP!NO!!
S!PIN!J9!TOP!TOP!NO!!
S!PIN!J9!TOP!TOP!NO!!
S!PIN!J9!TOP!TOP!NO!!
S!PIN!J9!TOP!TOP!NO!!
S!PIN!J9!TOP!TOP!NO!!
S!PIN!J9!TOP!TOP!NO!!
S!PIN!J9!TOP!TOP!NO!!
S!PIN!J9!TOP!TOP!NO!!
S!PIN!J9!TOP!TOP!NO!!
S!PIN!J9!TOP!TOP!NO!!
S!PIN!J9!TOP!TOP!NO!!
S!PIN!J9!TOP!TOP!NO!!
S!PIN!J9!TOP!TOP!NO!!
S!PIN!J9!TOP!TOP!NO!!
S!PIN!J9!TOP!TOP!NO!!
S!PIN!J9!TOP!TOP!NO!!
S!PIN!J9!TOP!TOP!NO!!
S!PIN!J9!TOP!TOP!NO!!
S!PIN!J9!TOP!TOP!NO!!
S!PIN!J9!TOP!TOP!NO!!
S!PIN!J9!TOP!TOP!NO!!
S!PIN!J9!TOP!TOP!NO!!
S!PIN!J9!TOP!TOP!NO!!
S!PIN!J9!TOP!TOP!NO!!
S!PIN!J9!TOP!TOP!NO!!
S!PIN!J9!TOP!TOP!NO!!
S!PIN!J9!TOP!TOP!NO!!
S!PIN!J9!TOP!TOP!NO!!
S!PIN!J9!TOP!TOP!NO!!
S!PIN!J9!TOP!TOP!NO!!
S!PIN!J9!TOP!TOP!NO!!
S!PIN!J9!TOP!TOP!NO!!
S!PIN!J9!TOP!TOP!NO!!
S!PIN!J9!TOP!TOP!NO!!
S!PIN!J9!TOP!TOP!NO!!
S!PIN!J9!TOP!TOP!NO!!
S!PIN!J9!TOP!TOP!NO!!
S!PIN!J9!TOP!TOP!NO!!
S!PIN!J9!TOP!TOP!NO!!
S!PIN!J9!TOP!TOP!NO!!
S!PIN!J9!TOP!TOP!NO!!
S!PIN!J9!TOP!TOP!NO!!
S!PIN!J9!TOP!TOP!NO!!
S!PIN!J9!TOP!TOP!NO!!
S!PIN!J9!TOP!TOP!NO!!
S!PIN!J9!TOP!TOP!NO!!
S!PIN!J9!TOP!TOP!NO!!
S!PIN!J9!TOP!TOP!NO!!
S!PIN!J8!TOP!TOP!NO!!
S!PIN!J8!TOP!TOP!NO!!
S!PIN!J8!TOP!TOP!NO!!
S!PIN!J8!TOP!TOP!NO!!
S!PIN!J8!TOP!TOP!NO!!
S!PIN!J8!TOP!TOP!NO!!
S!PIN!J8!TOP!TOP!NO!!
S!PIN!J8!TOP!TOP!NO!!
S!PIN!J8!TOP!TOP!NO!!
S!PIN!J8!TOP!TOP!NO!!
S!PIN!J8!TOP!TOP!NO!!
S!PIN!J8!TOP!TOP!NO!!
S!PIN!J8!TOP!TOP!NO!!
S!PIN!J8!TOP!TOP!NO!!
S!PIN!J8!TOP!TOP!NO!!
S!PIN!J8!TOP!TOP!NO!!
S!PIN!J8!TOP!TOP!NO!!
S!PIN!J8!TOP!TOP!NO!!
S!PIN!J8!TOP!TOP!NO!!
S!PIN!J8!TOP!TOP!NO!!
S!PIN!J8!TOP!TOP!NO!!
S!PIN!J8!TOP!TOP!NO!!
S!PIN!J8!TOP!TOP!NO!!
S!PIN!J8!TOP!TOP!NO!!
S!PIN!J8!TOP!TOP!NO!!
S!PIN!J8!TOP!TOP!NO!!
S!PIN!J8!TOP!TOP!NO!!
S!PIN!J8!TOP!TOP!NO!!
S!PIN!J8!TOP!TOP!NO!!
S!PIN!J8!TOP!TOP!NO!!
S!PIN!J8!TOP!TOP!NO!!
S!PIN!J8!TOP!TOP!NO!!
S!PIN!J8!TOP!TOP!NO!!
S!PIN!J8!TOP!TOP!NO!!
S!PIN!J8!TOP!TOP!NO!!
S!PIN!J8!TOP!TOP!NO!!
S!PIN!J8!TOP!TOP!NO!!
S!PIN!J8!TOP!TOP!NO!!
S!PIN!J8!TOP!TOP!NO!!
S!PIN!J8!TOP!TOP!NO!!
S!PIN!J8!TOP!BOTTOM!NO!!
S!PIN!J8!TOP!BOTTOM!NO!!
S!PIN!J8!TOP!BOTTOM!NO!!
S!PIN!J8!TOP!BOTTOM!NO!!
S!PIN!J8!TOP!TOP!NO!!
S!PIN!J8!TOP!TOP!NO!!
S!PIN!J8!TOP!TOP!NO!!
S!PIN!J8!TOP!TOP!NO!!
S!PIN!J8!TOP!TOP!NO!!
S!PIN!J8!TOP!TOP!NO!!
S!PIN!J8!TOP!TOP!NO!!
S!PIN!J8!TOP!TOP!NO!!
S!PIN!J8!TOP!TOP!NO!!
S!PIN!J8!TOP!TOP!NO!!
S!PIN!J8!TOP!TOP!NO!!
S!PIN!J8!TOP!TOP!NO!!
S!PIN!J8!TOP!TOP!NO!!
S!PIN!J8!TOP!TOP!NO!!
S!PIN!J8!TOP!TOP!NO!!
S!PIN!J8!TOP!TOP!NO!!
S!PIN!J8!TOP!TOP!NO!!
S!PIN!J8!TOP!TOP!NO!!
S!PIN!J8!TOP!TOP!NO!!
S!PIN!J8!TOP!TOP!NO!!
S!PIN!J8!TOP!TOP!NO!!
S!PIN!J8!TOP!TOP!NO!!
S!PIN!J8!TOP!TOP!NO!!
S!PIN!J8!TOP!TOP!NO!!
S!PIN!J8!TOP!TOP!NO!!
S!PIN!J8!TOP!TOP!NO!!
S!PIN!J8!TOP!TOP!NO!!
S!PIN!J8!TOP!TOP!NO!!
S!PIN!J8!TOP!TOP!NO!!
S!PIN!J8!TOP!TOP!NO!!
S!PIN!J8!TOP!TOP!NO!!
S!PIN!J8!TOP!TOP!NO!!
S!PIN!J8!TOP!TOP!NO!!
S!PIN!J8!TOP!TOP!NO!!
S!PIN!J8!TOP!TOP!NO!!
S!PIN!J8!TOP!TOP!NO!!
S!PIN!J8!TOP!TOP!NO!!
S!PIN!J8!TOP!TOP!NO!!
S!PIN!J8!TOP!TOP!NO!!
S!PIN!J8!TOP!TOP!NO!!
S!PIN!J8!TOP!TOP!NO!!
S!PIN!J8!TOP!TOP!NO!!
S!PIN!J8!TOP!TOP!NO!!
S!PIN!J8!TOP!TOP!NO!!
S!PIN!J8!TOP!TOP!NO!!
S!PIN!J8!TOP!TOP!NO!!
S!PIN!J8!TOP!TOP!NO!!
S!PIN!J8!TOP!TOP!NO!!
S!PIN!J8!TOP!TOP!NO!!
S!PIN!J8!TOP!TOP!NO!!
S!PIN!J8!TOP!TOP!NO!!
S!PIN!J8!TOP!TOP!NO!!
S!PIN!J8!TOP!TOP!NO!!
S!PIN!J8!TOP!TOP!NO!!
S!PIN!J8!TOP!TOP!NO!!
S!PIN!J8!TOP!TOP!NO!!
S!PIN!J8!TOP!TOP!NO!!
S!PIN!J8!TOP!TOP!NO!!
S!PIN!J8!TOP!TOP!NO!!
S!PIN!J8!TOP!TOP!NO!!
S!PIN!J1!TOP!TOP!NO!!
S!PIN!J1!TOP!TOP!NO!!
S!PIN!J1!TOP!TOP!NO!!
S!PIN!J1!TOP!TOP!NO!!
S!PIN!J1!TOP!TOP!NO!!
S!PIN!J1!TOP!TOP!NO!!
S!PIN!J1!TOP!TOP!NO!!
S!PIN!J1!TOP!TOP!NO!!
S!PIN!J1!TOP!TOP!NO!!
S!PIN!J1!TOP!TOP!NO!!
S!PIN!J1!TOP!TOP!NO!!
S!PIN!J1!TOP!TOP!NO!!
S!PIN!J1!TOP!TOP!NO!!
S!PIN!J1!TOP!TOP!NO!!
S!PIN!J1!TOP!TOP!NO!!
S!PIN!J1!TOP!TOP!NO!!
S!PIN!J1!TOP!TOP!NO!!
S!PIN!J1!TOP!TOP!NO!!
S!PIN!J1!TOP!TOP!NO!!
S!PIN!J1!TOP!TOP!NO!!
S!PIN!J1!TOP!TOP!NO!!
S!PIN!J1!TOP!TOP!NO!!
S!PIN!J1!TOP!TOP!NO!!
S!PIN!J1!TOP!TOP!NO!!
S!PIN!J1!TOP!TOP!NO!!
S!PIN!J1!TOP!TOP!NO!!
S!PIN!J1!TOP!TOP!NO!!
S!PIN!J1!TOP!TOP!NO!!
S!PIN!J1!TOP!TOP!NO!!
S!PIN!J1!TOP!TOP!NO!!
S!PIN!J1!TOP!TOP!NO!!
S!PIN!J1!TOP!TOP!NO!!
S!PIN!J1!TOP!TOP!NO!!
S!PIN!J1!TOP!TOP!NO!!
S!PIN!J1!TOP!TOP!NO!!
S!PIN!J1!TOP!TOP!NO!!
S!PIN!J1!TOP!TOP!NO!!
S!PIN!J1!TOP!TOP!NO!!
S!PIN!J1!TOP!TOP!NO!!
S!PIN!J1!TOP!TOP!NO!!
S!PIN!J1!TOP!BOTTOM!NO!!
S!PIN!J1!TOP!BOTTOM!NO!!
S!PIN!J1!TOP!BOTTOM!NO!!
S!PIN!J1!TOP!BOTTOM!NO!!
S!PIN!J1!TOP!TOP!NO!!
S!PIN!J1!TOP!TOP!NO!!
S!PIN!J1!TOP!TOP!NO!!
S!PIN!J1!TOP!TOP!NO!!
S!PIN!J1!TOP!TOP!NO!!
S!PIN!J1!TOP!TOP!NO!!
S!PIN!J1!TOP!TOP!NO!!
S!PIN!J1!TOP!TOP!NO!!
S!PIN!J1!TOP!TOP!NO!!
S!PIN!J1!TOP!TOP!NO!!
S!PIN!J1!TOP!TOP!NO!!
S!PIN!J1!TOP!TOP!NO!!
S!PIN!J1!TOP!TOP!NO!!
S!PIN!J1!TOP!TOP!NO!!
S!PIN!J1!TOP!TOP!NO!!
S!PIN!J1!TOP!TOP!NO!!
S!PIN!J1!TOP!TOP!NO!!
S!PIN!J1!TOP!TOP!NO!!
S!PIN!J1!TOP!TOP!NO!!
S!PIN!J1!TOP!TOP!NO!!
S!PIN!J1!TOP!TOP!NO!!
S!PIN!J1!TOP!TOP!NO!!
S!PIN!J1!TOP!TOP!NO!!
S!PIN!J1!TOP!TOP!NO!!
S!PIN!J1!TOP!TOP!NO!!
S!PIN!J1!TOP!TOP!NO!!
S!PIN!J1!TOP!TOP!NO!!
S!PIN!J1!TOP!TOP!NO!!
S!PIN!J1!TOP!TOP!NO!!
S!PIN!J1!TOP!TOP!NO!!
S!PIN!J1!TOP!TOP!NO!!
S!PIN!J1!TOP!TOP!NO!!
S!PIN!J1!TOP!TOP!NO!!
S!PIN!J1!TOP!TOP!NO!!
S!PIN!J1!TOP!TOP!NO!!
S!PIN!J1!TOP!TOP!NO!!
S!PIN!J1!TOP!TOP!NO!!
S!PIN!J1!TOP!TOP!NO!!
S!PIN!J1!TOP!TOP!NO!!
S!PIN!J1!TOP!TOP!NO!!
S!PIN!J1!TOP!TOP!NO!!
S!PIN!J1!TOP!TOP!NO!!
S!PIN!J1!TOP!TOP!NO!!
S!PIN!J1!TOP!TOP!NO!!
S!PIN!J1!TOP!TOP!NO!!
S!PIN!J1!TOP!TOP!NO!!
S!PIN!J1!TOP!TOP!NO!!
S!PIN!J1!TOP!TOP!NO!!
S!PIN!J1!TOP!TOP!NO!!
S!PIN!J1!TOP!TOP!NO!!
S!PIN!J1!TOP!TOP!NO!!
S!PIN!J1!TOP!TOP!NO!!
S!PIN!J1!TOP!TOP!NO!!
S!PIN!J1!TOP!TOP!NO!!
S!PIN!J1!TOP!TOP!NO!!
S!PIN!J1!TOP!TOP!NO!!
S!PIN!J1!TOP!TOP!NO!!
S!PIN!J1!TOP!TOP!NO!!
S!PIN!J1!TOP!TOP!NO!!
S!PIN!J1!TOP!TOP!NO!!
S!PIN!R137!BOTTOM!BOTTOM!YES!!
S!PIN!R137!BOTTOM!BOTTOM!YES!!
S!PIN!R3!TOP!TOP!NO!!
S!PIN!R3!TOP!TOP!NO!!
S!PIN!R63!TOP!TOP!NO!!
S!PIN!R63!TOP!TOP!NO!!
S!PIN!R138!BOTTOM!BOTTOM!YES!!
S!PIN!R138!BOTTOM!BOTTOM!YES!!
S!PIN!R135!TOP!TOP!NO!!
S!PIN!R135!TOP!TOP!NO!!
S!PIN!MH10!TOP!BOTTOM!YES!!
S!PIN!MH9!TOP!BOTTOM!YES!!
S!PIN!MH8!TOP!BOTTOM!YES!!
S!PIN!MH7!TOP!BOTTOM!YES!!
S!PIN!MH4!TOP!BOTTOM!NO!!
S!PIN!MH3!TOP!BOTTOM!NO!!
S!PIN!MH2!TOP!BOTTOM!NO!!
S!PIN!MH1!TOP!BOTTOM!NO!!
S!PIN!MH6!TOP!BOTTOM!YES!!
S!PIN!MH5!TOP!BOTTOM!YES!!
S!PIN!SW1!TOP!TOP!NO!!
S!PIN!SW1!TOP!BOTTOM!NO!!
S!PIN!SW1!TOP!TOP!NO!!
S!PIN!SW1!TOP!TOP!NO!!
S!PIN!SW1!TOP!TOP!NO!!
S!PIN!SW1!TOP!BOTTOM!NO!!
S!PIN!U14!TOP!BOTTOM!NO!!
S!PIN!U14!TOP!BOTTOM!NO!!
S!PIN!U14!TOP!BOTTOM!NO!!
S!PIN!U14!TOP!BOTTOM!NO!!
S!PIN!U14!TOP!BOTTOM!NO!!
S!PIN!U14!TOP!BOTTOM!NO!!
S!PIN!U14!TOP!BOTTOM!NO!!
S!PIN!U14!TOP!BOTTOM!NO!!
S!PIN!U14!TOP!BOTTOM!NO!!
S!PIN!U14!TOP!BOTTOM!NO!!
S!PIN!U14!TOP!BOTTOM!NO!!
S!PIN!U14!TOP!BOTTOM!NO!!
S!PIN!U14!TOP!BOTTOM!NO!!
S!PIN!U14!TOP!BOTTOM!NO!!
S!PIN!U14!TOP!BOTTOM!NO!!
S!PIN!U14!TOP!BOTTOM!NO!!
S!PIN!U14!TOP!BOTTOM!NO!!
S!PIN!U14!TOP!BOTTOM!NO!!
S!PIN!U14!TOP!BOTTOM!NO!!
S!PIN!U14!TOP!BOTTOM!NO!!
S!PIN!U11!TOP!BOTTOM!NO!!
S!PIN!U11!TOP!BOTTOM!NO!!
S!PIN!U11!TOP!BOTTOM!NO!!
S!PIN!U11!TOP!BOTTOM!NO!!
S!PIN!U11!TOP!BOTTOM!NO!!
S!PIN!U11!TOP!BOTTOM!NO!!
S!PIN!U11!TOP!BOTTOM!NO!!
S!PIN!U11!TOP!BOTTOM!NO!!
S!PIN!U11!TOP!BOTTOM!NO!!
S!PIN!U11!TOP!BOTTOM!NO!!
S!PIN!U11!TOP!BOTTOM!NO!!
S!PIN!U11!TOP!BOTTOM!NO!!
S!PIN!U11!TOP!BOTTOM!NO!!
S!PIN!U11!TOP!BOTTOM!NO!!
S!PIN!U11!TOP!BOTTOM!NO!!
S!PIN!U11!TOP!BOTTOM!NO!!
S!PIN!U11!TOP!BOTTOM!NO!!
S!PIN!U11!TOP!BOTTOM!NO!!
S!PIN!U11!TOP!BOTTOM!NO!!
S!PIN!U11!TOP!BOTTOM!NO!!
S!PIN!U5!TOP!BOTTOM!NO!!
S!PIN!U5!TOP!BOTTOM!NO!!
S!PIN!U5!TOP!BOTTOM!NO!!
S!PIN!U5!TOP!BOTTOM!NO!!
S!PIN!U5!TOP!BOTTOM!NO!!
S!PIN!U5!TOP!BOTTOM!NO!!
S!PIN!U5!TOP!BOTTOM!NO!!
S!PIN!U5!TOP!BOTTOM!NO!!
S!PIN!U5!TOP!BOTTOM!NO!!
S!PIN!U5!TOP!BOTTOM!NO!!
S!PIN!U5!TOP!BOTTOM!NO!!
S!PIN!U5!TOP!BOTTOM!NO!!
S!PIN!U5!TOP!BOTTOM!NO!!
S!PIN!U5!TOP!BOTTOM!NO!!
S!PIN!U5!TOP!BOTTOM!NO!!
S!PIN!U5!TOP!BOTTOM!NO!!
S!PIN!U5!TOP!BOTTOM!NO!!
S!PIN!U5!TOP!BOTTOM!NO!!
S!PIN!U5!TOP!BOTTOM!NO!!
S!PIN!U5!TOP!BOTTOM!NO!!
S!PIN!R81!BOTTOM!BOTTOM!YES!!
S!PIN!R81!BOTTOM!BOTTOM!YES!!
S!PIN!R10!TOP!TOP!NO!!
S!PIN!R10!TOP!TOP!NO!!
S!PIN!R8!TOP!TOP!NO!!
S!PIN!R8!TOP!TOP!NO!!
S!PIN!R154!TOP!TOP!NO!!
S!PIN!R154!TOP!TOP!NO!!
S!PIN!R147!TOP!TOP!NO!!
S!PIN!R147!TOP!TOP!NO!!
S!PIN!R91!TOP!TOP!NO!!
S!PIN!R91!TOP!TOP!NO!!
S!PIN!R26!TOP!TOP!NO!!
S!PIN!R26!TOP!TOP!NO!!
S!PIN!R192!TOP!TOP!NO!!
S!PIN!R192!TOP!TOP!NO!!
S!PIN!R191!TOP!TOP!NO!!
S!PIN!R191!TOP!TOP!NO!!
S!PIN!R71!BOTTOM!BOTTOM!YES!!
S!PIN!R71!BOTTOM!BOTTOM!YES!!
S!PIN!R17!TOP!TOP!NO!!
S!PIN!R17!TOP!TOP!NO!!
S!PIN!R86!TOP!TOP!NO!!
S!PIN!R86!TOP!TOP!NO!!
S!PIN!R85!TOP!TOP!NO!!
S!PIN!R85!TOP!TOP!NO!!
S!PIN!R121!BOTTOM!BOTTOM!YES!!
S!PIN!R121!BOTTOM!BOTTOM!YES!!
S!PIN!R122!BOTTOM!BOTTOM!YES!!
S!PIN!R122!BOTTOM!BOTTOM!YES!!
S!PIN!R127!BOTTOM!BOTTOM!YES!!
S!PIN!R127!BOTTOM!BOTTOM!YES!!
S!PIN!R124!BOTTOM!BOTTOM!YES!!
S!PIN!R124!BOTTOM!BOTTOM!YES!!
S!PIN!R125!BOTTOM!BOTTOM!YES!!
S!PIN!R125!BOTTOM!BOTTOM!YES!!
S!PIN!R75!TOP!TOP!NO!!
S!PIN!R75!TOP!TOP!NO!!
S!PIN!R73!TOP!TOP!NO!!
S!PIN!R73!TOP!TOP!NO!!
S!PIN!R74!TOP!TOP!NO!!
S!PIN!R74!TOP!TOP!NO!!
S!PIN!R1!TOP!TOP!NO!!
S!PIN!R1!TOP!TOP!NO!!
S!PIN!R130!BOTTOM!BOTTOM!YES!!
S!PIN!R130!BOTTOM!BOTTOM!YES!!
S!PIN!R92!BOTTOM!BOTTOM!YES!!
S!PIN!R92!BOTTOM!BOTTOM!YES!!
S!PIN!R128!BOTTOM!BOTTOM!YES!!
S!PIN!R128!BOTTOM!BOTTOM!YES!!
S!PIN!R29!TOP!TOP!NO!!
S!PIN!R29!TOP!TOP!NO!!
S!PIN!R19!TOP!TOP!NO!!
S!PIN!R19!TOP!TOP!NO!!
S!PIN!R28!TOP!TOP!NO!!
S!PIN!R28!TOP!TOP!NO!!
S!PIN!R36!TOP!TOP!NO!!
S!PIN!R36!TOP!TOP!NO!!
S!PIN!R35!TOP!TOP!NO!!
S!PIN!R35!TOP!TOP!NO!!
S!PIN!R67!TOP!TOP!NO!!
S!PIN!R67!TOP!TOP!NO!!
S!PIN!R72!TOP!TOP!NO!!
S!PIN!R72!TOP!TOP!NO!!
S!PIN!R68!TOP!TOP!NO!!
S!PIN!R68!TOP!TOP!NO!!
S!PIN!R21!TOP!TOP!NO!!
S!PIN!R21!TOP!TOP!NO!!
S!PIN!R22!TOP!TOP!NO!!
S!PIN!R22!TOP!TOP!NO!!
S!PIN!R23!TOP!TOP!NO!!
S!PIN!R23!TOP!TOP!NO!!
S!PIN!R20!TOP!TOP!NO!!
S!PIN!R20!TOP!TOP!NO!!
S!PIN!R129!BOTTOM!BOTTOM!YES!!
S!PIN!R129!BOTTOM!BOTTOM!YES!!
S!PIN!R123!TOP!TOP!NO!!
S!PIN!R123!TOP!TOP!NO!!
S!PIN!R25!TOP!TOP!NO!!
S!PIN!R25!TOP!TOP!NO!!
S!PIN!R32!BOTTOM!BOTTOM!YES!!
S!PIN!R32!BOTTOM!BOTTOM!YES!!
S!PIN!R30!TOP!TOP!NO!!
S!PIN!R30!TOP!TOP!NO!!
S!PIN!R34!TOP!TOP!NO!!
S!PIN!R34!TOP!TOP!NO!!
S!PIN!R52!BOTTOM!BOTTOM!YES!!
S!PIN!R52!BOTTOM!BOTTOM!YES!!
S!PIN!R94!BOTTOM!BOTTOM!YES!!
S!PIN!R94!BOTTOM!BOTTOM!YES!!
S!PIN!R54!BOTTOM!BOTTOM!YES!!
S!PIN!R54!BOTTOM!BOTTOM!YES!!
S!PIN!R93!BOTTOM!BOTTOM!YES!!
S!PIN!R93!BOTTOM!BOTTOM!YES!!
S!PIN!R56!BOTTOM!BOTTOM!YES!!
S!PIN!R56!BOTTOM!BOTTOM!YES!!
S!PIN!R103!BOTTOM!BOTTOM!YES!!
S!PIN!R103!BOTTOM!BOTTOM!YES!!
S!PIN!R41!BOTTOM!BOTTOM!YES!!
S!PIN!R41!BOTTOM!BOTTOM!YES!!
S!PIN!R104!BOTTOM!BOTTOM!YES!!
S!PIN!R104!BOTTOM!BOTTOM!YES!!
S!PIN!R45!BOTTOM!BOTTOM!YES!!
S!PIN!R45!BOTTOM!BOTTOM!YES!!
S!PIN!R39!BOTTOM!BOTTOM!YES!!
S!PIN!R39!BOTTOM!BOTTOM!YES!!
S!PIN!R31!TOP!TOP!NO!!
S!PIN!R31!TOP!TOP!NO!!
S!PIN!R16!TOP!TOP!NO!!
S!PIN!R16!TOP!TOP!NO!!
S!PIN!R33!TOP!TOP!NO!!
S!PIN!R33!TOP!TOP!NO!!
S!PIN!R109!BOTTOM!BOTTOM!YES!!
S!PIN!R109!BOTTOM!BOTTOM!YES!!
S!PIN!R116!BOTTOM!BOTTOM!YES!!
S!PIN!R116!BOTTOM!BOTTOM!YES!!
S!PIN!R113!BOTTOM!BOTTOM!YES!!
S!PIN!R113!BOTTOM!BOTTOM!YES!!
S!PIN!R114!BOTTOM!BOTTOM!YES!!
S!PIN!R114!BOTTOM!BOTTOM!YES!!
S!PIN!R111!BOTTOM!BOTTOM!YES!!
S!PIN!R111!BOTTOM!BOTTOM!YES!!
S!PIN!R59!TOP!TOP!NO!!
S!PIN!R59!TOP!TOP!NO!!
S!PIN!R58!BOTTOM!BOTTOM!YES!!
S!PIN!R58!BOTTOM!BOTTOM!YES!!
S!PIN!R105!BOTTOM!BOTTOM!YES!!
S!PIN!R105!BOTTOM!BOTTOM!YES!!
S!PIN!R108!BOTTOM!BOTTOM!YES!!
S!PIN!R108!BOTTOM!BOTTOM!YES!!
S!PIN!R107!BOTTOM!BOTTOM!YES!!
S!PIN!R107!BOTTOM!BOTTOM!YES!!
S!PIN!R110!BOTTOM!BOTTOM!YES!!
S!PIN!R110!BOTTOM!BOTTOM!YES!!
S!PIN!R55!BOTTOM!BOTTOM!YES!!
S!PIN!R55!BOTTOM!BOTTOM!YES!!
S!PIN!R44!BOTTOM!BOTTOM!YES!!
S!PIN!R44!BOTTOM!BOTTOM!YES!!
S!PIN!R112!BOTTOM!BOTTOM!YES!!
S!PIN!R112!BOTTOM!BOTTOM!YES!!
S!PIN!R106!TOP!TOP!NO!!
S!PIN!R106!TOP!TOP!NO!!
S!PIN!R50!TOP!TOP!NO!!
S!PIN!R50!TOP!TOP!NO!!
S!PIN!R47!BOTTOM!BOTTOM!YES!!
S!PIN!R47!BOTTOM!BOTTOM!YES!!
S!PIN!R48!TOP!TOP!NO!!
S!PIN!R48!TOP!TOP!NO!!
S!PIN!R96!BOTTOM!BOTTOM!YES!!
S!PIN!R96!BOTTOM!BOTTOM!YES!!
S!PIN!R78!TOP!TOP!NO!!
S!PIN!R78!TOP!TOP!NO!!
S!PIN!R76!TOP!TOP!NO!!
S!PIN!R76!TOP!TOP!NO!!
S!PIN!R77!TOP!TOP!NO!!
S!PIN!R77!TOP!TOP!NO!!
S!PIN!R53!TOP!TOP!NO!!
S!PIN!R53!TOP!TOP!NO!!
S!PIN!R51!TOP!TOP!NO!!
S!PIN!R51!TOP!TOP!NO!!
S!PIN!R13!TOP!TOP!NO!!
S!PIN!R13!TOP!TOP!NO!!
S!PIN!R97!TOP!TOP!NO!!
S!PIN!R97!TOP!TOP!NO!!
S!PIN!R61!BOTTOM!BOTTOM!YES!!
S!PIN!R61!BOTTOM!BOTTOM!YES!!
S!PIN!R57!BOTTOM!BOTTOM!YES!!
S!PIN!R57!BOTTOM!BOTTOM!YES!!
S!PIN!R27!TOP!TOP!NO!!
S!PIN!R27!TOP!TOP!NO!!
S!PIN!R132!BOTTOM!BOTTOM!YES!!
S!PIN!R132!BOTTOM!BOTTOM!YES!!
S!PIN!R126!BOTTOM!BOTTOM!YES!!
S!PIN!R126!BOTTOM!BOTTOM!YES!!
S!PIN!R95!BOTTOM!BOTTOM!YES!!
S!PIN!R95!BOTTOM!BOTTOM!YES!!
S!PIN!R102!BOTTOM!BOTTOM!YES!!
S!PIN!R102!BOTTOM!BOTTOM!YES!!
S!PIN!R117!BOTTOM!BOTTOM!YES!!
S!PIN!R117!BOTTOM!BOTTOM!YES!!
S!PIN!R119!TOP!TOP!NO!!
S!PIN!R119!TOP!TOP!NO!!
S!PIN!R115!BOTTOM!BOTTOM!YES!!
S!PIN!R115!BOTTOM!BOTTOM!YES!!
S!PIN!R120!TOP!TOP!NO!!
S!PIN!R120!TOP!TOP!NO!!
S!PIN!R131!BOTTOM!BOTTOM!YES!!
S!PIN!R131!BOTTOM!BOTTOM!YES!!
S!PIN!R136!TOP!TOP!NO!!
S!PIN!R136!TOP!TOP!NO!!
S!PIN!R134!TOP!TOP!NO!!
S!PIN!R134!TOP!TOP!NO!!
S!PIN!R133!BOTTOM!BOTTOM!YES!!
S!PIN!R133!BOTTOM!BOTTOM!YES!!
S!PIN!R98!BOTTOM!BOTTOM!YES!!
S!PIN!R98!BOTTOM!BOTTOM!YES!!
S!PIN!R99!BOTTOM!BOTTOM!YES!!
S!PIN!R99!BOTTOM!BOTTOM!YES!!
S!PIN!C62!TOP!TOP!NO!!
S!PIN!C62!TOP!TOP!NO!!
S!PIN!C69!BOTTOM!BOTTOM!YES!!
S!PIN!C69!BOTTOM!BOTTOM!YES!!
S!PIN!C94!BOTTOM!BOTTOM!YES!!
S!PIN!C94!BOTTOM!BOTTOM!YES!!
S!PIN!C115!BOTTOM!BOTTOM!YES!!
S!PIN!C115!BOTTOM!BOTTOM!YES!!
S!PIN!C156!BOTTOM!BOTTOM!YES!!
S!PIN!C156!BOTTOM!BOTTOM!YES!!
S!PIN!C111!BOTTOM!BOTTOM!YES!!
S!PIN!C111!BOTTOM!BOTTOM!YES!!
S!PIN!C57!TOP!TOP!NO!!
S!PIN!C57!TOP!TOP!NO!!
S!PIN!C64!TOP!TOP!NO!!
S!PIN!C64!TOP!TOP!NO!!
S!PIN!C4!BOTTOM!BOTTOM!YES!!
S!PIN!C4!BOTTOM!BOTTOM!YES!!
S!PIN!C3!BOTTOM!BOTTOM!YES!!
S!PIN!C3!BOTTOM!BOTTOM!YES!!
S!PIN!C104!BOTTOM!BOTTOM!YES!!
S!PIN!C104!BOTTOM!BOTTOM!YES!!
S!PIN!C166!BOTTOM!BOTTOM!YES!!
S!PIN!C166!BOTTOM!BOTTOM!YES!!
S!PIN!C186!BOTTOM!BOTTOM!YES!!
S!PIN!C186!BOTTOM!BOTTOM!YES!!
S!PIN!C185!BOTTOM!BOTTOM!YES!!
S!PIN!C185!BOTTOM!BOTTOM!YES!!
S!PIN!C184!TOP!TOP!NO!!
S!PIN!C184!TOP!TOP!NO!!
S!PIN!C183!TOP!TOP!NO!!
S!PIN!C183!TOP!TOP!NO!!
S!PIN!C182!BOTTOM!BOTTOM!YES!!
S!PIN!C182!BOTTOM!BOTTOM!YES!!
S!PIN!C181!BOTTOM!BOTTOM!YES!!
S!PIN!C181!BOTTOM!BOTTOM!YES!!
S!PIN!C180!TOP!TOP!NO!!
S!PIN!C180!TOP!TOP!NO!!
S!PIN!C179!TOP!TOP!NO!!
S!PIN!C179!TOP!TOP!NO!!
S!PIN!C178!BOTTOM!BOTTOM!YES!!
S!PIN!C178!BOTTOM!BOTTOM!YES!!
S!PIN!C177!BOTTOM!BOTTOM!YES!!
S!PIN!C177!BOTTOM!BOTTOM!YES!!
S!PIN!C176!TOP!TOP!NO!!
S!PIN!C176!TOP!TOP!NO!!
S!PIN!C175!TOP!TOP!NO!!
S!PIN!C175!TOP!TOP!NO!!
S!PIN!C37!TOP!TOP!NO!!
S!PIN!C37!TOP!TOP!NO!!
S!PIN!C198!BOTTOM!BOTTOM!YES!!
S!PIN!C198!BOTTOM!BOTTOM!YES!!
S!PIN!C197!TOP!TOP!NO!!
S!PIN!C197!TOP!TOP!NO!!
S!PIN!C196!TOP!TOP!NO!!
S!PIN!C196!TOP!TOP!NO!!
S!PIN!C195!BOTTOM!BOTTOM!YES!!
S!PIN!C195!BOTTOM!BOTTOM!YES!!
S!PIN!C194!BOTTOM!BOTTOM!YES!!
S!PIN!C194!BOTTOM!BOTTOM!YES!!
S!PIN!C193!TOP!TOP!NO!!
S!PIN!C193!TOP!TOP!NO!!
S!PIN!C192!TOP!TOP!NO!!
S!PIN!C192!TOP!TOP!NO!!
S!PIN!C191!BOTTOM!BOTTOM!YES!!
S!PIN!C191!BOTTOM!BOTTOM!YES!!
S!PIN!C190!BOTTOM!BOTTOM!YES!!
S!PIN!C190!BOTTOM!BOTTOM!YES!!
S!PIN!C189!BOTTOM!BOTTOM!YES!!
S!PIN!C189!BOTTOM!BOTTOM!YES!!
S!PIN!C188!BOTTOM!BOTTOM!YES!!
S!PIN!C188!BOTTOM!BOTTOM!YES!!
S!PIN!C187!TOP!TOP!NO!!
S!PIN!C187!TOP!TOP!NO!!
S!PIN!C91!TOP!TOP!NO!!
S!PIN!C91!TOP!TOP!NO!!
S!PIN!C199!BOTTOM!BOTTOM!YES!!
S!PIN!C199!BOTTOM!BOTTOM!YES!!
S!PIN!C139!TOP!TOP!NO!!
S!PIN!C139!TOP!TOP!NO!!
S!PIN!C107!BOTTOM!BOTTOM!YES!!
S!PIN!C107!BOTTOM!BOTTOM!YES!!
S!PIN!C140!BOTTOM!BOTTOM!YES!!
S!PIN!C140!BOTTOM!BOTTOM!YES!!
S!PIN!C53!BOTTOM!BOTTOM!YES!!
S!PIN!C53!BOTTOM!BOTTOM!YES!!
S!PIN!C103!TOP!TOP!NO!!
S!PIN!C103!TOP!TOP!NO!!
S!PIN!C46!BOTTOM!BOTTOM!YES!!
S!PIN!C46!BOTTOM!BOTTOM!YES!!
S!PIN!C135!BOTTOM!BOTTOM!YES!!
S!PIN!C135!BOTTOM!BOTTOM!YES!!
S!PIN!C8!BOTTOM!BOTTOM!YES!!
S!PIN!C8!BOTTOM!BOTTOM!YES!!
S!PIN!C33!TOP!TOP!NO!!
S!PIN!C33!TOP!TOP!NO!!
S!PIN!C34!TOP!TOP!NO!!
S!PIN!C34!TOP!TOP!NO!!
S!PIN!C45!TOP!TOP!NO!!
S!PIN!C45!TOP!TOP!NO!!
S!PIN!C43!TOP!TOP!NO!!
S!PIN!C43!TOP!TOP!NO!!
S!PIN!C2!TOP!TOP!NO!!
S!PIN!C2!TOP!TOP!NO!!
S!PIN!C39!TOP!TOP!NO!!
S!PIN!C39!TOP!TOP!NO!!
S!PIN!C1!TOP!TOP!NO!!
S!PIN!C1!TOP!TOP!NO!!
S!PIN!C40!TOP!TOP!NO!!
S!PIN!C40!TOP!TOP!NO!!
S!PIN!C66!TOP!TOP!NO!!
S!PIN!C66!TOP!TOP!NO!!
S!PIN!C165!TOP!TOP!NO!!
S!PIN!C165!TOP!TOP!NO!!
S!PIN!C147!BOTTOM!BOTTOM!YES!!
S!PIN!C147!BOTTOM!BOTTOM!YES!!
S!PIN!C9!BOTTOM!BOTTOM!YES!!
S!PIN!C9!BOTTOM!BOTTOM!YES!!
S!PIN!C11!TOP!TOP!NO!!
S!PIN!C11!TOP!TOP!NO!!
S!PIN!C10!TOP!TOP!NO!!
S!PIN!C10!TOP!TOP!NO!!
S!PIN!C19!BOTTOM!BOTTOM!YES!!
S!PIN!C19!BOTTOM!BOTTOM!YES!!
S!PIN!C20!BOTTOM!BOTTOM!YES!!
S!PIN!C20!BOTTOM!BOTTOM!YES!!
S!PIN!C38!BOTTOM!BOTTOM!YES!!
S!PIN!C38!BOTTOM!BOTTOM!YES!!
S!PIN!C30!TOP!TOP!NO!!
S!PIN!C30!TOP!TOP!NO!!
S!PIN!C26!TOP!TOP!NO!!
S!PIN!C26!TOP!TOP!NO!!
S!PIN!C145!BOTTOM!BOTTOM!YES!!
S!PIN!C145!BOTTOM!BOTTOM!YES!!
S!PIN!C36!TOP!TOP!NO!!
S!PIN!C36!TOP!TOP!NO!!
S!PIN!C35!TOP!TOP!NO!!
S!PIN!C35!TOP!TOP!NO!!
S!PIN!C148!TOP!TOP!NO!!
S!PIN!C148!TOP!TOP!NO!!
S!PIN!C28!TOP!TOP!NO!!
S!PIN!C28!TOP!TOP!NO!!
S!PIN!C31!TOP!TOP!NO!!
S!PIN!C31!TOP!TOP!NO!!
S!PIN!C136!TOP!TOP!NO!!
S!PIN!C136!TOP!TOP!NO!!
S!PIN!C110!BOTTOM!BOTTOM!YES!!
S!PIN!C110!BOTTOM!BOTTOM!YES!!
S!PIN!C86!BOTTOM!BOTTOM!YES!!
S!PIN!C86!BOTTOM!BOTTOM!YES!!
S!PIN!C144!BOTTOM!BOTTOM!YES!!
S!PIN!C144!BOTTOM!BOTTOM!YES!!
S!PIN!C89!BOTTOM!BOTTOM!YES!!
S!PIN!C89!BOTTOM!BOTTOM!YES!!
S!PIN!C93!TOP!TOP!NO!!
S!PIN!C93!TOP!TOP!NO!!
S!PIN!C90!BOTTOM!BOTTOM!YES!!
S!PIN!C90!BOTTOM!BOTTOM!YES!!
S!PIN!L8!TOP!TOP!NO!!
S!PIN!L8!TOP!TOP!NO!!
S!PIN!L13!TOP!TOP!NO!!
S!PIN!L13!TOP!TOP!NO!!
S!PIN!L7!TOP!TOP!NO!!
S!PIN!L7!TOP!TOP!NO!!
S!PIN!L11!TOP!TOP!NO!!
S!PIN!L11!TOP!TOP!NO!!
S!PIN!L5!TOP!TOP!NO!!
S!PIN!L5!TOP!TOP!NO!!
S!PIN!L6!TOP!TOP!NO!!
S!PIN!L6!TOP!TOP!NO!!
S!PIN!C161!BOTTOM!BOTTOM!YES!!
S!PIN!C161!BOTTOM!BOTTOM!YES!!
S!PIN!C141!TOP!TOP!NO!!
S!PIN!C141!TOP!TOP!NO!!
S!PIN!C121!TOP!TOP!NO!!
S!PIN!C121!TOP!TOP!NO!!
S!PIN!C112!TOP!TOP!NO!!
S!PIN!C112!TOP!TOP!NO!!
S!PIN!C96!BOTTOM!BOTTOM!YES!!
S!PIN!C96!BOTTOM!BOTTOM!YES!!
S!PIN!C109!BOTTOM!BOTTOM!YES!!
S!PIN!C109!BOTTOM!BOTTOM!YES!!
S!PIN!C143!BOTTOM!BOTTOM!YES!!
S!PIN!C143!BOTTOM!BOTTOM!YES!!
S!PIN!C155!TOP!TOP!NO!!
S!PIN!C155!TOP!TOP!NO!!
S!PIN!C117!BOTTOM!BOTTOM!YES!!
S!PIN!C117!BOTTOM!BOTTOM!YES!!
S!PIN!C87!TOP!TOP!NO!!
S!PIN!C87!TOP!TOP!NO!!
S!PIN!C88!BOTTOM!BOTTOM!YES!!
S!PIN!C88!BOTTOM!BOTTOM!YES!!
S!PIN!C108!TOP!TOP!NO!!
S!PIN!C108!TOP!TOP!NO!!
S!VIA CLASS!!TOP!BOTTOM!!!
S!VIA CLASS!!TOP!BOTTOM!!!
S!VIA CLASS!!TOP!BOTTOM!!!
S!VIA CLASS!!TOP!BOTTOM!!!
S!VIA CLASS!!TOP!BOTTOM!!!
S!VIA CLASS!!TOP!BOTTOM!!!
S!VIA CLASS!!TOP!BOTTOM!!!
S!VIA CLASS!!TOP!BOTTOM!!!
S!VIA CLASS!!TOP!BOTTOM!!!
S!VIA CLASS!!TOP!BOTTOM!!!
S!VIA CLASS!!TOP!BOTTOM!!!
S!VIA CLASS!!TOP!BOTTOM!!!
S!VIA CLASS!!TOP!BOTTOM!!!
S!VIA CLASS!!TOP!BOTTOM!!!
S!VIA CLASS!!TOP!BOTTOM!!!
S!VIA CLASS!!TOP!BOTTOM!!!
S!VIA CLASS!!TOP!BOTTOM!!!
S!VIA CLASS!!TOP!BOTTOM!!!
S!VIA CLASS!!TOP!BOTTOM!!!
S!VIA CLASS!!TOP!BOTTOM!!!
S!VIA CLASS!!TOP!BOTTOM!!!
S!VIA CLASS!!TOP!BOTTOM!!!
S!VIA CLASS!!TOP!BOTTOM!!!
S!VIA CLASS!!TOP!BOTTOM!!!
S!VIA CLASS!!TOP!BOTTOM!!!
S!VIA CLASS!!TOP!BOTTOM!!!
S!VIA CLASS!!TOP!BOTTOM!!!
S!VIA CLASS!!TOP!BOTTOM!!!
S!VIA CLASS!!TOP!BOTTOM!!!
S!VIA CLASS!!TOP!BOTTOM!!!
S!VIA CLASS!!TOP!BOTTOM!!!
S!VIA CLASS!!TOP!BOTTOM!!!
S!VIA CLASS!!TOP!BOTTOM!!!
S!VIA CLASS!!TOP!BOTTOM!!!
S!VIA CLASS!!TOP!BOTTOM!!!
S!VIA CLASS!!TOP!BOTTOM!!!
S!VIA CLASS!!TOP!BOTTOM!!!
S!VIA CLASS!!TOP!BOTTOM!!!
S!VIA CLASS!!TOP!BOTTOM!!!
S!VIA CLASS!!TOP!BOTTOM!!!
S!VIA CLASS!!TOP!BOTTOM!!!
S!VIA CLASS!!TOP!BOTTOM!!!
S!VIA CLASS!!TOP!BOTTOM!!!
S!VIA CLASS!!TOP!BOTTOM!!!
S!VIA CLASS!!TOP!BOTTOM!!!
S!VIA CLASS!!TOP!BOTTOM!!!
S!VIA CLASS!!TOP!BOTTOM!!!
S!VIA CLASS!!TOP!BOTTOM!!!
S!VIA CLASS!!TOP!BOTTOM!!!
S!VIA CLASS!!TOP!BOTTOM!!!
S!VIA CLASS!!TOP!BOTTOM!!!
S!VIA CLASS!!TOP!BOTTOM!!!
S!VIA CLASS!!TOP!BOTTOM!!!
S!VIA CLASS!!TOP!BOTTOM!!!
S!VIA CLASS!!TOP!BOTTOM!!!
S!VIA CLASS!!TOP!BOTTOM!!!
S!VIA CLASS!!TOP!BOTTOM!!!
S!VIA CLASS!!TOP!BOTTOM!!!
S!VIA CLASS!!TOP!BOTTOM!!!
S!VIA CLASS!!TOP!BOTTOM!!!
S!VIA CLASS!!TOP!BOTTOM!!!
S!VIA CLASS!!TOP!BOTTOM!!!
S!VIA CLASS!!TOP!BOTTOM!!!
S!VIA CLASS!!TOP!BOTTOM!!!
S!VIA CLASS!!TOP!BOTTOM!!!
S!VIA CLASS!!TOP!BOTTOM!!!
S!VIA CLASS!!TOP!BOTTOM!!!
S!VIA CLASS!!TOP!BOTTOM!!!
S!VIA CLASS!!TOP!BOTTOM!!!
S!VIA CLASS!!TOP!BOTTOM!!!
S!VIA CLASS!!TOP!BOTTOM!!!
S!VIA CLASS!!TOP!BOTTOM!!!
S!VIA CLASS!!TOP!BOTTOM!!!
S!VIA CLASS!!TOP!BOTTOM!!!
S!VIA CLASS!!TOP!BOTTOM!!!
S!VIA CLASS!!TOP!BOTTOM!!!
S!VIA CLASS!!TOP!BOTTOM!!!
S!VIA CLASS!!TOP!BOTTOM!!!
S!VIA CLASS!!TOP!BOTTOM!!!
S!VIA CLASS!!TOP!BOTTOM!!!
S!VIA CLASS!!TOP!BOTTOM!!!
S!VIA CLASS!!TOP!BOTTOM!!!
S!VIA CLASS!!TOP!BOTTOM!!!
S!VIA CLASS!!TOP!BOTTOM!!!
S!VIA CLASS!!TOP!BOTTOM!!!
S!VIA CLASS!!TOP!BOTTOM!!!
S!VIA CLASS!!TOP!BOTTOM!!!
S!VIA CLASS!!TOP!BOTTOM!!!
S!VIA CLASS!!TOP!BOTTOM!!!
S!VIA CLASS!!TOP!BOTTOM!!!
S!VIA CLASS!!TOP!BOTTOM!!!
S!VIA CLASS!!TOP!BOTTOM!!!
S!VIA CLASS!!TOP!BOTTOM!!!
S!VIA CLASS!!TOP!BOTTOM!!!
S!VIA CLASS!!TOP!BOTTOM!!!
S!VIA CLASS!!TOP!BOTTOM!!!
S!VIA CLASS!!TOP!BOTTOM!!!
S!VIA CLASS!!TOP!BOTTOM!!!
S!VIA CLASS!!TOP!BOTTOM!!!
S!VIA CLASS!!TOP!BOTTOM!!!
S!VIA CLASS!!TOP!BOTTOM!!!
S!VIA CLASS!!TOP!BOTTOM!!!
S!VIA CLASS!!TOP!BOTTOM!!!
S!VIA CLASS!!TOP!BOTTOM!!!
S!VIA CLASS!!TOP!BOTTOM!!!
S!VIA CLASS!!TOP!BOTTOM!!!
S!VIA CLASS!!TOP!BOTTOM!!!
S!VIA CLASS!!TOP!BOTTOM!!!
S!VIA CLASS!!TOP!BOTTOM!!!
S!VIA CLASS!!TOP!BOTTOM!!!
S!VIA CLASS!!TOP!BOTTOM!!!
S!VIA CLASS!!TOP!BOTTOM!!!
S!VIA CLASS!!TOP!BOTTOM!!!
S!VIA CLASS!!TOP!BOTTOM!!!
S!VIA CLASS!!TOP!BOTTOM!!!
S!VIA CLASS!!TOP!BOTTOM!!!
S!VIA CLASS!!TOP!BOTTOM!!!
S!VIA CLASS!!TOP!BOTTOM!!!
S!VIA CLASS!!TOP!BOTTOM!!!
S!VIA CLASS!!TOP!BOTTOM!!!
S!VIA CLASS!!TOP!BOTTOM!!!
S!VIA CLASS!!TOP!BOTTOM!!!
S!VIA CLASS!!TOP!BOTTOM!!!
S!VIA CLASS!!TOP!BOTTOM!!!
S!VIA CLASS!!TOP!BOTTOM!!!
S!VIA CLASS!!TOP!BOTTOM!!!
S!VIA CLASS!!TOP!BOTTOM!!!
S!VIA CLASS!!TOP!BOTTOM!!!
S!VIA CLASS!!TOP!BOTTOM!!!
S!VIA CLASS!!TOP!BOTTOM!!!
S!VIA CLASS!!TOP!BOTTOM!!!
S!VIA CLASS!!TOP!BOTTOM!!!
S!VIA CLASS!!TOP!BOTTOM!!!
S!VIA CLASS!!TOP!BOTTOM!!!
S!VIA CLASS!!TOP!BOTTOM!!!
S!VIA CLASS!!TOP!BOTTOM!!!
S!VIA CLASS!!TOP!BOTTOM!!!
S!VIA CLASS!!TOP!BOTTOM!!!
S!VIA CLASS!!TOP!BOTTOM!!!
S!VIA CLASS!!TOP!BOTTOM!!!
S!VIA CLASS!!TOP!BOTTOM!!!
S!VIA CLASS!!TOP!BOTTOM!!!
S!VIA CLASS!!TOP!BOTTOM!!!
S!VIA CLASS!!TOP!BOTTOM!!!
S!VIA CLASS!!TOP!BOTTOM!!!
S!VIA CLASS!!TOP!BOTTOM!!!
S!VIA CLASS!!TOP!BOTTOM!!!
S!VIA CLASS!!TOP!BOTTOM!!!
S!VIA CLASS!!TOP!BOTTOM!!!
S!VIA CLASS!!TOP!BOTTOM!!!
S!VIA CLASS!!TOP!BOTTOM!!!
S!VIA CLASS!!TOP!BOTTOM!!!
S!VIA CLASS!!TOP!BOTTOM!!!
S!VIA CLASS!!TOP!BOTTOM!!!
S!VIA CLASS!!TOP!BOTTOM!!!
S!VIA CLASS!!TOP!BOTTOM!!!
S!VIA CLASS!!TOP!BOTTOM!!!
S!VIA CLASS!!TOP!BOTTOM!!!
S!VIA CLASS!!TOP!BOTTOM!!!
S!VIA CLASS!!TOP!BOTTOM!!!
S!VIA CLASS!!TOP!BOTTOM!!!
S!VIA CLASS!!TOP!BOTTOM!!!
S!VIA CLASS!!TOP!BOTTOM!!!
S!VIA CLASS!!TOP!BOTTOM!!!
S!VIA CLASS!!TOP!BOTTOM!!!
S!VIA CLASS!!TOP!BOTTOM!!!
S!VIA CLASS!!TOP!BOTTOM!!!
S!VIA CLASS!!TOP!BOTTOM!!!
S!VIA CLASS!!TOP!BOTTOM!!!
S!VIA CLASS!!TOP!BOTTOM!!!
S!VIA CLASS!!TOP!BOTTOM!!!
S!VIA CLASS!!TOP!BOTTOM!!!
S!VIA CLASS!!TOP!BOTTOM!!!
S!VIA CLASS!!TOP!BOTTOM!!!
S!VIA CLASS!!TOP!BOTTOM!!!
S!VIA CLASS!!TOP!BOTTOM!!!
S!VIA CLASS!!TOP!BOTTOM!!!
S!VIA CLASS!!TOP!BOTTOM!!!
S!VIA CLASS!!TOP!BOTTOM!!!
S!VIA CLASS!!TOP!BOTTOM!!!
S!VIA CLASS!!TOP!BOTTOM!!!
S!VIA CLASS!!TOP!BOTTOM!!!
S!VIA CLASS!!TOP!BOTTOM!!!
S!VIA CLASS!!TOP!BOTTOM!!!
S!VIA CLASS!!TOP!BOTTOM!!!
S!VIA CLASS!!TOP!BOTTOM!!!
S!VIA CLASS!!TOP!BOTTOM!!!
S!VIA CLASS!!TOP!BOTTOM!!!
S!VIA CLASS!!TOP!BOTTOM!!!
S!VIA CLASS!!TOP!BOTTOM!!!
S!VIA CLASS!!TOP!BOTTOM!!!
S!VIA CLASS!!TOP!BOTTOM!!!
S!VIA CLASS!!TOP!BOTTOM!!!
S!VIA CLASS!!TOP!BOTTOM!!!
S!VIA CLASS!!TOP!BOTTOM!!!
S!VIA CLASS!!TOP!BOTTOM!!!
S!VIA CLASS!!TOP!BOTTOM!!!
S!VIA CLASS!!TOP!BOTTOM!!!
S!VIA CLASS!!TOP!BOTTOM!!!
S!VIA CLASS!!TOP!BOTTOM!!!
S!VIA CLASS!!TOP!BOTTOM!!!
S!VIA CLASS!!TOP!BOTTOM!!!
S!VIA CLASS!!TOP!BOTTOM!!!
S!VIA CLASS!!TOP!BOTTOM!!!
S!VIA CLASS!!TOP!BOTTOM!!!
S!VIA CLASS!!TOP!BOTTOM!!!
S!VIA CLASS!!TOP!BOTTOM!!!
S!VIA CLASS!!TOP!BOTTOM!!!
S!VIA CLASS!!TOP!BOTTOM!!!
S!VIA CLASS!!TOP!BOTTOM!!!
S!VIA CLASS!!TOP!BOTTOM!!!
S!VIA CLASS!!TOP!BOTTOM!!!
S!VIA CLASS!!TOP!BOTTOM!!!
S!VIA CLASS!!TOP!BOTTOM!!!
S!VIA CLASS!!TOP!BOTTOM!!!
S!VIA CLASS!!TOP!BOTTOM!!!
S!VIA CLASS!!TOP!BOTTOM!!!
S!VIA CLASS!!TOP!BOTTOM!!!
S!VIA CLASS!!TOP!BOTTOM!!!
S!VIA CLASS!!TOP!BOTTOM!!!
S!VIA CLASS!!TOP!BOTTOM!!!
S!VIA CLASS!!TOP!BOTTOM!!!
S!VIA CLASS!!TOP!BOTTOM!!!
S!VIA CLASS!!TOP!BOTTOM!!!
S!VIA CLASS!!TOP!BOTTOM!!!
S!VIA CLASS!!TOP!BOTTOM!!!
S!VIA CLASS!!TOP!BOTTOM!!!
S!VIA CLASS!!TOP!BOTTOM!!!
S!VIA CLASS!!TOP!BOTTOM!!!
S!VIA CLASS!!TOP!BOTTOM!!!
S!VIA CLASS!!TOP!BOTTOM!!!
S!VIA CLASS!!TOP!BOTTOM!!!
S!VIA CLASS!!TOP!BOTTOM!!!
S!VIA CLASS!!TOP!BOTTOM!!!
S!VIA CLASS!!TOP!BOTTOM!!!
S!VIA CLASS!!TOP!BOTTOM!!!
S!VIA CLASS!!TOP!BOTTOM!!!
S!VIA CLASS!!TOP!BOTTOM!!!
S!VIA CLASS!!TOP!BOTTOM!!!
S!VIA CLASS!!TOP!BOTTOM!!!
S!VIA CLASS!!TOP!BOTTOM!!!
S!VIA CLASS!!TOP!BOTTOM!!!
S!VIA CLASS!!TOP!BOTTOM!!!
S!VIA CLASS!!TOP!BOTTOM!!!
S!VIA CLASS!!TOP!BOTTOM!!!
S!VIA CLASS!!TOP!BOTTOM!!!
S!VIA CLASS!!TOP!BOTTOM!!!
S!VIA CLASS!!TOP!BOTTOM!!!
S!VIA CLASS!!TOP!BOTTOM!!!
S!VIA CLASS!!TOP!BOTTOM!!!
S!VIA CLASS!!TOP!BOTTOM!!!
S!VIA CLASS!!TOP!BOTTOM!!!
S!VIA CLASS!!TOP!BOTTOM!!!
S!VIA CLASS!!TOP!BOTTOM!!!
S!VIA CLASS!!TOP!BOTTOM!!!
S!VIA CLASS!!TOP!BOTTOM!!!
S!VIA CLASS!!TOP!BOTTOM!!!
S!VIA CLASS!!TOP!BOTTOM!!!
S!VIA CLASS!!TOP!BOTTOM!!!
S!VIA CLASS!!TOP!BOTTOM!!!
S!VIA CLASS!!TOP!BOTTOM!!!
S!VIA CLASS!!TOP!BOTTOM!!!
S!VIA CLASS!!TOP!BOTTOM!!!
S!VIA CLASS!!TOP!BOTTOM!!!
S!VIA CLASS!!TOP!BOTTOM!!!
S!VIA CLASS!!TOP!BOTTOM!!!
S!VIA CLASS!!TOP!BOTTOM!!!
S!VIA CLASS!!TOP!BOTTOM!!!
S!VIA CLASS!!TOP!BOTTOM!!!
S!VIA CLASS!!TOP!BOTTOM!!!
S!VIA CLASS!!TOP!BOTTOM!!!
S!VIA CLASS!!TOP!BOTTOM!!!
S!VIA CLASS!!TOP!BOTTOM!!!
S!VIA CLASS!!TOP!BOTTOM!!!
S!VIA CLASS!!TOP!BOTTOM!!!
S!VIA CLASS!!TOP!BOTTOM!!!
S!VIA CLASS!!TOP!BOTTOM!!!
S!VIA CLASS!!TOP!BOTTOM!!!
S!VIA CLASS!!TOP!BOTTOM!!!
S!VIA CLASS!!TOP!BOTTOM!!!
S!VIA CLASS!!TOP!BOTTOM!!!
S!VIA CLASS!!TOP!BOTTOM!!!
S!VIA CLASS!!TOP!BOTTOM!!!
S!VIA CLASS!!TOP!BOTTOM!!!
S!VIA CLASS!!TOP!BOTTOM!!!
S!VIA CLASS!!TOP!BOTTOM!!!
S!VIA CLASS!!TOP!BOTTOM!!!
S!VIA CLASS!!TOP!BOTTOM!!!
S!VIA CLASS!!TOP!BOTTOM!!!
S!VIA CLASS!!TOP!BOTTOM!!!
S!VIA CLASS!!TOP!BOTTOM!!!
S!VIA CLASS!!TOP!BOTTOM!!!
S!VIA CLASS!!TOP!BOTTOM!!!
S!VIA CLASS!!TOP!BOTTOM!!!
S!VIA CLASS!!TOP!BOTTOM!!!
S!VIA CLASS!!TOP!BOTTOM!!!
S!VIA CLASS!!TOP!BOTTOM!!!
S!VIA CLASS!!TOP!BOTTOM!!!
S!VIA CLASS!!TOP!BOTTOM!!!
S!VIA CLASS!!TOP!BOTTOM!!!
S!VIA CLASS!!TOP!BOTTOM!!!
S!VIA CLASS!!TOP!BOTTOM!!!
S!VIA CLASS!!TOP!BOTTOM!!!
S!VIA CLASS!!TOP!BOTTOM!!!
S!VIA CLASS!!TOP!BOTTOM!!!
S!VIA CLASS!!TOP!BOTTOM!!!
S!VIA CLASS!!TOP!BOTTOM!!!
S!VIA CLASS!!TOP!BOTTOM!!!
S!VIA CLASS!!TOP!BOTTOM!!!
S!VIA CLASS!!TOP!BOTTOM!!!
S!VIA CLASS!!TOP!BOTTOM!!!
S!VIA CLASS!!TOP!BOTTOM!!!
S!VIA CLASS!!TOP!BOTTOM!!!
S!VIA CLASS!!TOP!BOTTOM!!!
S!VIA CLASS!!TOP!BOTTOM!!!
S!VIA CLASS!!TOP!BOTTOM!!!
S!VIA CLASS!!TOP!BOTTOM!!!
S!VIA CLASS!!TOP!BOTTOM!!!
S!VIA CLASS!!TOP!BOTTOM!!!
S!VIA CLASS!!TOP!BOTTOM!!!
S!VIA CLASS!!TOP!BOTTOM!!!
S!VIA CLASS!!TOP!BOTTOM!!!
S!VIA CLASS!!TOP!BOTTOM!!!
S!VIA CLASS!!TOP!BOTTOM!!!
S!VIA CLASS!!TOP!BOTTOM!!!
S!VIA CLASS!!TOP!BOTTOM!!!
S!VIA CLASS!!TOP!BOTTOM!!!
S!VIA CLASS!!TOP!BOTTOM!!!
S!VIA CLASS!!TOP!BOTTOM!!!
S!VIA CLASS!!TOP!BOTTOM!!!
S!VIA CLASS!!TOP!BOTTOM!!!
S!VIA CLASS!!TOP!BOTTOM!!!
S!VIA CLASS!!TOP!BOTTOM!!!
S!VIA CLASS!!TOP!BOTTOM!!!
S!VIA CLASS!!TOP!BOTTOM!!!
S!VIA CLASS!!TOP!BOTTOM!!!
S!VIA CLASS!!TOP!BOTTOM!!!
S!VIA CLASS!!TOP!BOTTOM!!!
S!VIA CLASS!!TOP!BOTTOM!!!
S!VIA CLASS!!TOP!BOTTOM!!!
S!VIA CLASS!!TOP!BOTTOM!!!
S!VIA CLASS!!TOP!BOTTOM!!!
S!VIA CLASS!!TOP!BOTTOM!!!
S!VIA CLASS!!TOP!BOTTOM!!!
S!VIA CLASS!!TOP!BOTTOM!!!
S!VIA CLASS!!TOP!BOTTOM!!!
S!VIA CLASS!!TOP!BOTTOM!!!
S!VIA CLASS!!TOP!BOTTOM!!!
S!VIA CLASS!!TOP!BOTTOM!!!
S!VIA CLASS!!TOP!BOTTOM!!!
S!VIA CLASS!!TOP!BOTTOM!!!
S!VIA CLASS!!TOP!BOTTOM!!!
S!VIA CLASS!!TOP!BOTTOM!!!
S!VIA CLASS!!TOP!BOTTOM!!!
S!VIA CLASS!!TOP!BOTTOM!!!
S!VIA CLASS!!TOP!BOTTOM!!!
S!VIA CLASS!!TOP!BOTTOM!!!
S!VIA CLASS!!TOP!BOTTOM!!!
S!VIA CLASS!!TOP!BOTTOM!!!
S!VIA CLASS!!TOP!BOTTOM!!!
S!VIA CLASS!!TOP!BOTTOM!!!
S!VIA CLASS!!TOP!BOTTOM!!!
S!VIA CLASS!!TOP!BOTTOM!!!
S!VIA CLASS!!TOP!BOTTOM!!!
S!VIA CLASS!!TOP!BOTTOM!!!
S!VIA CLASS!!TOP!BOTTOM!!!
S!VIA CLASS!!TOP!BOTTOM!!!
S!VIA CLASS!!TOP!BOTTOM!!!
S!VIA CLASS!!TOP!BOTTOM!!!
S!VIA CLASS!!TOP!BOTTOM!!!
S!VIA CLASS!!TOP!BOTTOM!!!
S!VIA CLASS!!TOP!BOTTOM!!!
S!VIA CLASS!!TOP!BOTTOM!!!
S!VIA CLASS!!TOP!BOTTOM!!!
S!VIA CLASS!!TOP!BOTTOM!!!
S!VIA CLASS!!TOP!BOTTOM!!!
S!VIA CLASS!!TOP!BOTTOM!!!
S!VIA CLASS!!TOP!BOTTOM!!!
S!VIA CLASS!!TOP!BOTTOM!!!
S!VIA CLASS!!TOP!BOTTOM!!!
S!VIA CLASS!!TOP!BOTTOM!!!
S!VIA CLASS!!TOP!BOTTOM!!!
S!VIA CLASS!!TOP!BOTTOM!!!
S!VIA CLASS!!TOP!BOTTOM!!!
S!VIA CLASS!!TOP!BOTTOM!!!
S!VIA CLASS!!TOP!BOTTOM!!!
S!VIA CLASS!!TOP!BOTTOM!!!
S!VIA CLASS!!TOP!BOTTOM!!!
S!VIA CLASS!!TOP!BOTTOM!!!
S!VIA CLASS!!TOP!BOTTOM!!!
S!VIA CLASS!!TOP!BOTTOM!!!
S!VIA CLASS!!TOP!BOTTOM!!!
S!VIA CLASS!!TOP!BOTTOM!!!
S!VIA CLASS!!TOP!BOTTOM!!!
S!VIA CLASS!!TOP!BOTTOM!!!
S!VIA CLASS!!TOP!BOTTOM!!!
S!VIA CLASS!!TOP!BOTTOM!!!
S!VIA CLASS!!TOP!BOTTOM!!!
S!VIA CLASS!!TOP!BOTTOM!!!
S!VIA CLASS!!TOP!BOTTOM!!!
S!VIA CLASS!!TOP!BOTTOM!!!
S!VIA CLASS!!TOP!BOTTOM!!!
S!VIA CLASS!!TOP!BOTTOM!!!
S!VIA CLASS!!TOP!BOTTOM!!!
S!VIA CLASS!!TOP!BOTTOM!!!
S!VIA CLASS!!TOP!BOTTOM!!!
S!VIA CLASS!!TOP!BOTTOM!!!
S!VIA CLASS!!TOP!BOTTOM!!!
S!VIA CLASS!!TOP!BOTTOM!!!
S!VIA CLASS!!TOP!BOTTOM!!!
S!VIA CLASS!!TOP!BOTTOM!!!
S!VIA CLASS!!TOP!BOTTOM!!!
S!VIA CLASS!!TOP!BOTTOM!!!
S!VIA CLASS!!TOP!BOTTOM!!!
S!VIA CLASS!!TOP!BOTTOM!!!
S!VIA CLASS!!TOP!BOTTOM!!!
S!VIA CLASS!!TOP!BOTTOM!!!
S!VIA CLASS!!TOP!BOTTOM!!!
S!VIA CLASS!!TOP!BOTTOM!!!
S!VIA CLASS!!TOP!BOTTOM!!!
S!VIA CLASS!!TOP!BOTTOM!!!
S!VIA CLASS!!TOP!BOTTOM!!!
S!VIA CLASS!!TOP!BOTTOM!!!
S!VIA CLASS!!TOP!BOTTOM!!!
S!VIA CLASS!!TOP!BOTTOM!!!
S!VIA CLASS!!TOP!BOTTOM!!!
S!VIA CLASS!!TOP!BOTTOM!!!
S!VIA CLASS!!TOP!BOTTOM!!!
S!VIA CLASS!!TOP!BOTTOM!!!
S!VIA CLASS!!TOP!BOTTOM!!!
S!VIA CLASS!!TOP!BOTTOM!!!
S!VIA CLASS!!TOP!BOTTOM!!!
S!VIA CLASS!!TOP!BOTTOM!!!
S!VIA CLASS!!TOP!BOTTOM!!!
S!VIA CLASS!!TOP!BOTTOM!!!
S!VIA CLASS!!TOP!BOTTOM!!!
S!VIA CLASS!!TOP!BOTTOM!!!
S!VIA CLASS!!TOP!BOTTOM!!!
S!VIA CLASS!!TOP!BOTTOM!!!
S!VIA CLASS!!TOP!BOTTOM!!!
S!VIA CLASS!!TOP!BOTTOM!!!
S!VIA CLASS!!TOP!BOTTOM!!!
S!VIA CLASS!!TOP!BOTTOM!!!
S!VIA CLASS!!TOP!BOTTOM!!!
S!VIA CLASS!!TOP!BOTTOM!!!
S!VIA CLASS!!TOP!BOTTOM!!!
S!VIA CLASS!!TOP!BOTTOM!!!
S!VIA CLASS!!TOP!BOTTOM!!!
S!VIA CLASS!!TOP!BOTTOM!!!
S!VIA CLASS!!TOP!BOTTOM!!!
S!VIA CLASS!!TOP!BOTTOM!!!
S!VIA CLASS!!TOP!BOTTOM!!!
S!VIA CLASS!!TOP!BOTTOM!!!
S!VIA CLASS!!TOP!BOTTOM!!!
S!VIA CLASS!!TOP!BOTTOM!!!
S!VIA CLASS!!TOP!BOTTOM!!!
S!VIA CLASS!!TOP!BOTTOM!!!
S!VIA CLASS!!TOP!BOTTOM!!!
S!VIA CLASS!!TOP!BOTTOM!!!
S!VIA CLASS!!TOP!BOTTOM!!!
S!VIA CLASS!!TOP!BOTTOM!!!
S!VIA CLASS!!TOP!BOTTOM!!!
S!VIA CLASS!!TOP!BOTTOM!!!
S!VIA CLASS!!TOP!BOTTOM!!!
S!VIA CLASS!!TOP!BOTTOM!!!
S!VIA CLASS!!TOP!BOTTOM!!!
S!VIA CLASS!!TOP!BOTTOM!!!
S!VIA CLASS!!TOP!BOTTOM!!!
S!VIA CLASS!!TOP!BOTTOM!!!
S!VIA CLASS!!TOP!BOTTOM!!!
S!VIA CLASS!!TOP!BOTTOM!!!
S!VIA CLASS!!TOP!BOTTOM!!!
S!VIA CLASS!!TOP!BOTTOM!!!
S!VIA CLASS!!TOP!BOTTOM!!!
S!VIA CLASS!!TOP!BOTTOM!!!
S!VIA CLASS!!TOP!BOTTOM!!!
S!VIA CLASS!!TOP!BOTTOM!!!
S!VIA CLASS!!TOP!BOTTOM!!!
S!VIA CLASS!!TOP!BOTTOM!!!
S!VIA CLASS!!TOP!BOTTOM!!!
S!VIA CLASS!!TOP!BOTTOM!!!
S!VIA CLASS!!TOP!BOTTOM!!!
S!VIA CLASS!!TOP!BOTTOM!!!
S!VIA CLASS!!TOP!BOTTOM!!!
S!VIA CLASS!!TOP!BOTTOM!!!
S!VIA CLASS!!TOP!BOTTOM!!!
S!VIA CLASS!!TOP!BOTTOM!!!
S!VIA CLASS!!TOP!BOTTOM!!!
S!VIA CLASS!!TOP!BOTTOM!!!
S!VIA CLASS!!TOP!BOTTOM!!!
S!VIA CLASS!!TOP!BOTTOM!!!
S!VIA CLASS!!TOP!BOTTOM!!!
S!VIA CLASS!!TOP!BOTTOM!!!
S!VIA CLASS!!TOP!BOTTOM!!!
S!VIA CLASS!!TOP!BOTTOM!!!
S!VIA CLASS!!TOP!BOTTOM!!!
S!VIA CLASS!!TOP!BOTTOM!!!
S!VIA CLASS!!TOP!BOTTOM!!!
S!VIA CLASS!!TOP!BOTTOM!!!
S!VIA CLASS!!TOP!BOTTOM!!!
S!VIA CLASS!!TOP!BOTTOM!!!
S!VIA CLASS!!TOP!BOTTOM!!!
S!VIA CLASS!!TOP!BOTTOM!!!
S!VIA CLASS!!TOP!BOTTOM!!!
S!VIA CLASS!!TOP!BOTTOM!!!
S!VIA CLASS!!TOP!BOTTOM!!!
S!VIA CLASS!!TOP!BOTTOM!!!
S!VIA CLASS!!TOP!BOTTOM!!!
S!VIA CLASS!!TOP!BOTTOM!!!
S!VIA CLASS!!TOP!BOTTOM!!!
S!VIA CLASS!!TOP!BOTTOM!!!
S!VIA CLASS!!TOP!BOTTOM!!!
S!VIA CLASS!!TOP!BOTTOM!!!
S!VIA CLASS!!TOP!BOTTOM!!!
S!VIA CLASS!!TOP!BOTTOM!!!
S!VIA CLASS!!TOP!BOTTOM!!!
S!VIA CLASS!!TOP!BOTTOM!!!
S!VIA CLASS!!TOP!BOTTOM!!!
S!VIA CLASS!!TOP!BOTTOM!!!
S!VIA CLASS!!TOP!BOTTOM!!!
S!VIA CLASS!!TOP!BOTTOM!!!
S!VIA CLASS!!TOP!BOTTOM!!!
S!VIA CLASS!!TOP!BOTTOM!!!
S!VIA CLASS!!TOP!BOTTOM!!!
S!VIA CLASS!!TOP!BOTTOM!!!
S!VIA CLASS!!TOP!BOTTOM!!!
S!VIA CLASS!!TOP!BOTTOM!!!
S!VIA CLASS!!TOP!BOTTOM!!!
S!VIA CLASS!!TOP!BOTTOM!!!
S!VIA CLASS!!TOP!BOTTOM!!!
S!VIA CLASS!!TOP!BOTTOM!!!
S!VIA CLASS!!TOP!BOTTOM!!!
S!VIA CLASS!!TOP!BOTTOM!!!
S!VIA CLASS!!TOP!BOTTOM!!!
S!VIA CLASS!!TOP!BOTTOM!!!
S!VIA CLASS!!TOP!BOTTOM!!!
S!VIA CLASS!!TOP!BOTTOM!!!
S!VIA CLASS!!TOP!BOTTOM!!!
S!VIA CLASS!!TOP!BOTTOM!!!
S!VIA CLASS!!TOP!BOTTOM!!!
S!VIA CLASS!!TOP!BOTTOM!!!
S!VIA CLASS!!TOP!BOTTOM!!!
S!VIA CLASS!!TOP!BOTTOM!!!
S!VIA CLASS!!TOP!BOTTOM!!!
S!VIA CLASS!!TOP!BOTTOM!!!
S!VIA CLASS!!TOP!BOTTOM!!!
S!VIA CLASS!!TOP!BOTTOM!!!
S!VIA CLASS!!TOP!BOTTOM!!!
S!VIA CLASS!!TOP!BOTTOM!!!
S!VIA CLASS!!TOP!BOTTOM!!!
S!VIA CLASS!!TOP!BOTTOM!!!
S!VIA CLASS!!TOP!BOTTOM!!!
S!VIA CLASS!!TOP!BOTTOM!!!
S!VIA CLASS!!TOP!BOTTOM!!!
S!VIA CLASS!!TOP!BOTTOM!!!
S!VIA CLASS!!TOP!BOTTOM!!!
S!VIA CLASS!!TOP!BOTTOM!!!
S!VIA CLASS!!TOP!BOTTOM!!!
S!VIA CLASS!!TOP!BOTTOM!!!
S!VIA CLASS!!TOP!BOTTOM!!!
S!VIA CLASS!!TOP!BOTTOM!!!
S!VIA CLASS!!TOP!BOTTOM!!!
S!VIA CLASS!!TOP!BOTTOM!!!
S!VIA CLASS!!TOP!BOTTOM!!!
S!VIA CLASS!!TOP!BOTTOM!!!
S!VIA CLASS!!TOP!BOTTOM!!!
S!VIA CLASS!!TOP!BOTTOM!!!
S!VIA CLASS!!TOP!BOTTOM!!!
S!VIA CLASS!!TOP!BOTTOM!!!
S!VIA CLASS!!TOP!BOTTOM!!!
S!VIA CLASS!!TOP!BOTTOM!!!
S!VIA CLASS!!TOP!BOTTOM!!!
S!VIA CLASS!!TOP!BOTTOM!!!
S!VIA CLASS!!TOP!BOTTOM!!!
S!VIA CLASS!!TOP!BOTTOM!!!
S!VIA CLASS!!TOP!BOTTOM!!!
S!VIA CLASS!!TOP!BOTTOM!!!
S!VIA CLASS!!TOP!BOTTOM!!!
S!VIA CLASS!!TOP!BOTTOM!!!
S!VIA CLASS!!TOP!BOTTOM!!!
S!VIA CLASS!!TOP!BOTTOM!!!
S!VIA CLASS!!TOP!BOTTOM!!!
S!VIA CLASS!!TOP!BOTTOM!!!
S!VIA CLASS!!TOP!BOTTOM!!!
S!VIA CLASS!!TOP!BOTTOM!!!
S!VIA CLASS!!TOP!BOTTOM!!!
S!VIA CLASS!!TOP!BOTTOM!!!
S!VIA CLASS!!TOP!BOTTOM!!!
S!VIA CLASS!!TOP!BOTTOM!!!
S!VIA CLASS!!TOP!BOTTOM!!!
S!VIA CLASS!!TOP!BOTTOM!!!
S!VIA CLASS!!TOP!BOTTOM!!!
S!VIA CLASS!!TOP!BOTTOM!!!
S!VIA CLASS!!TOP!BOTTOM!!!
S!VIA CLASS!!TOP!BOTTOM!!!
S!VIA CLASS!!TOP!BOTTOM!!!
S!VIA CLASS!!TOP!BOTTOM!!!
S!VIA CLASS!!TOP!BOTTOM!!!
S!VIA CLASS!!TOP!BOTTOM!!!
S!VIA CLASS!!TOP!BOTTOM!!!
S!VIA CLASS!!TOP!BOTTOM!!!
S!VIA CLASS!!TOP!BOTTOM!!!
S!VIA CLASS!!TOP!BOTTOM!!!
S!VIA CLASS!!TOP!BOTTOM!!!
S!VIA CLASS!!TOP!BOTTOM!!!
S!VIA CLASS!!TOP!BOTTOM!!!
S!VIA CLASS!!TOP!BOTTOM!!!
S!VIA CLASS!!TOP!BOTTOM!!!
S!VIA CLASS!!TOP!BOTTOM!!!
S!VIA CLASS!!TOP!BOTTOM!!!
S!VIA CLASS!!TOP!BOTTOM!!!
S!VIA CLASS!!TOP!BOTTOM!!!
S!VIA CLASS!!TOP!BOTTOM!!!
S!VIA CLASS!!TOP!BOTTOM!!!
S!VIA CLASS!!TOP!BOTTOM!!!
S!VIA CLASS!!TOP!BOTTOM!!!
S!VIA CLASS!!TOP!BOTTOM!!!
S!VIA CLASS!!TOP!BOTTOM!!!
S!VIA CLASS!!TOP!BOTTOM!!!
S!VIA CLASS!!TOP!BOTTOM!!!
S!VIA CLASS!!TOP!BOTTOM!!!
S!VIA CLASS!!TOP!BOTTOM!!!
S!VIA CLASS!!TOP!BOTTOM!!!
S!VIA CLASS!!TOP!BOTTOM!!!
S!VIA CLASS!!TOP!BOTTOM!!!
S!VIA CLASS!!TOP!BOTTOM!!!
S!VIA CLASS!!TOP!BOTTOM!!!
S!VIA CLASS!!TOP!BOTTOM!!!
S!VIA CLASS!!TOP!BOTTOM!!!
S!VIA CLASS!!TOP!BOTTOM!!!
S!VIA CLASS!!TOP!BOTTOM!!!
S!VIA CLASS!!TOP!BOTTOM!!!
S!VIA CLASS!!TOP!BOTTOM!!!
S!VIA CLASS!!TOP!BOTTOM!!!
S!VIA CLASS!!TOP!BOTTOM!!!
S!VIA CLASS!!TOP!BOTTOM!!!
S!VIA CLASS!!TOP!BOTTOM!!!
S!VIA CLASS!!TOP!BOTTOM!!!
S!VIA CLASS!!TOP!BOTTOM!!!
S!VIA CLASS!!TOP!BOTTOM!!!
S!VIA CLASS!!TOP!BOTTOM!!!
S!VIA CLASS!!TOP!BOTTOM!!!
S!VIA CLASS!!TOP!BOTTOM!!!
S!VIA CLASS!!TOP!BOTTOM!!!
S!VIA CLASS!!TOP!BOTTOM!!!
S!VIA CLASS!!TOP!BOTTOM!!!
S!VIA CLASS!!TOP!BOTTOM!!!
S!VIA CLASS!!TOP!BOTTOM!!!
S!VIA CLASS!!TOP!BOTTOM!!!
S!VIA CLASS!!TOP!BOTTOM!!!
S!VIA CLASS!!TOP!BOTTOM!!!
S!VIA CLASS!!TOP!BOTTOM!!!
S!VIA CLASS!!TOP!BOTTOM!!!
S!VIA CLASS!!TOP!BOTTOM!!!
S!VIA CLASS!!TOP!BOTTOM!!!
S!VIA CLASS!!TOP!BOTTOM!!!
S!VIA CLASS!!TOP!BOTTOM!!!
S!VIA CLASS!!TOP!BOTTOM!!!
S!VIA CLASS!!TOP!BOTTOM!!!
S!VIA CLASS!!TOP!BOTTOM!!!
S!VIA CLASS!!TOP!BOTTOM!!!
S!VIA CLASS!!TOP!BOTTOM!!!
S!VIA CLASS!!TOP!BOTTOM!!!
S!VIA CLASS!!TOP!BOTTOM!!!
S!VIA CLASS!!TOP!BOTTOM!!!
S!VIA CLASS!!TOP!BOTTOM!!!
S!VIA CLASS!!TOP!BOTTOM!!!
S!VIA CLASS!!TOP!BOTTOM!!!
S!VIA CLASS!!TOP!BOTTOM!!!
S!VIA CLASS!!TOP!BOTTOM!!!
S!VIA CLASS!!TOP!BOTTOM!!!
S!VIA CLASS!!TOP!BOTTOM!!!
S!VIA CLASS!!TOP!BOTTOM!!!
S!VIA CLASS!!TOP!BOTTOM!!!
S!VIA CLASS!!TOP!BOTTOM!!!
S!VIA CLASS!!TOP!BOTTOM!!!
S!VIA CLASS!!TOP!BOTTOM!!!
S!VIA CLASS!!TOP!BOTTOM!!!
S!VIA CLASS!!TOP!BOTTOM!!!
S!VIA CLASS!!TOP!BOTTOM!!!
S!VIA CLASS!!TOP!BOTTOM!!!
S!VIA CLASS!!TOP!BOTTOM!!!
S!VIA CLASS!!TOP!BOTTOM!!!
S!VIA CLASS!!TOP!BOTTOM!!!
S!VIA CLASS!!TOP!BOTTOM!!!
S!VIA CLASS!!TOP!BOTTOM!!!
S!VIA CLASS!!TOP!BOTTOM!!!
S!VIA CLASS!!TOP!BOTTOM!!!
S!VIA CLASS!!TOP!BOTTOM!!!
S!VIA CLASS!!TOP!BOTTOM!!!
S!VIA CLASS!!TOP!BOTTOM!!!
S!VIA CLASS!!TOP!BOTTOM!!!
S!VIA CLASS!!TOP!BOTTOM!!!
S!VIA CLASS!!TOP!BOTTOM!!!
S!VIA CLASS!!TOP!BOTTOM!!!
S!VIA CLASS!!TOP!BOTTOM!!!
S!VIA CLASS!!TOP!BOTTOM!!!
S!VIA CLASS!!TOP!BOTTOM!!!
S!VIA CLASS!!TOP!BOTTOM!!!
S!VIA CLASS!!TOP!BOTTOM!!!
S!VIA CLASS!!TOP!BOTTOM!!!
S!VIA CLASS!!TOP!BOTTOM!!!
S!VIA CLASS!!TOP!BOTTOM!!!
S!VIA CLASS!!TOP!BOTTOM!!!
S!VIA CLASS!!TOP!BOTTOM!!!
S!VIA CLASS!!TOP!BOTTOM!!!
S!VIA CLASS!!TOP!BOTTOM!!!
S!VIA CLASS!!TOP!BOTTOM!!!
S!VIA CLASS!!TOP!BOTTOM!!!
S!VIA CLASS!!TOP!BOTTOM!!!
S!VIA CLASS!!TOP!BOTTOM!!!
S!VIA CLASS!!TOP!BOTTOM!!!
S!VIA CLASS!!TOP!BOTTOM!!!
S!VIA CLASS!!TOP!BOTTOM!!!
S!VIA CLASS!!TOP!BOTTOM!!!
S!VIA CLASS!!TOP!BOTTOM!!!
S!VIA CLASS!!TOP!BOTTOM!!!
S!VIA CLASS!!TOP!BOTTOM!!!
S!VIA CLASS!!TOP!BOTTOM!!!
S!VIA CLASS!!TOP!BOTTOM!!!
S!VIA CLASS!!TOP!BOTTOM!!!
S!VIA CLASS!!TOP!BOTTOM!!!
S!VIA CLASS!!TOP!BOTTOM!!!
S!VIA CLASS!!TOP!BOTTOM!!!
S!VIA CLASS!!TOP!BOTTOM!!!
S!VIA CLASS!!TOP!BOTTOM!!!
S!VIA CLASS!!TOP!BOTTOM!!!
S!VIA CLASS!!TOP!BOTTOM!!!
S!VIA CLASS!!TOP!BOTTOM!!!
S!VIA CLASS!!TOP!BOTTOM!!!
S!VIA CLASS!!TOP!BOTTOM!!!
S!VIA CLASS!!TOP!BOTTOM!!!
S!VIA CLASS!!TOP!BOTTOM!!!
S!VIA CLASS!!TOP!BOTTOM!!!
S!VIA CLASS!!TOP!BOTTOM!!!
S!VIA CLASS!!TOP!BOTTOM!!!
S!VIA CLASS!!TOP!BOTTOM!!!
S!VIA CLASS!!TOP!BOTTOM!!!
S!VIA CLASS!!TOP!BOTTOM!!!
S!VIA CLASS!!TOP!BOTTOM!!!
S!VIA CLASS!!TOP!BOTTOM!!!
S!VIA CLASS!!TOP!BOTTOM!!!
S!VIA CLASS!!TOP!BOTTOM!!!
S!VIA CLASS!!TOP!BOTTOM!!!
S!VIA CLASS!!TOP!BOTTOM!!!
S!VIA CLASS!!TOP!BOTTOM!!!
S!VIA CLASS!!TOP!BOTTOM!!!
S!VIA CLASS!!TOP!BOTTOM!!!
S!VIA CLASS!!TOP!BOTTOM!!!
S!VIA CLASS!!TOP!BOTTOM!!!
S!VIA CLASS!!TOP!BOTTOM!!!
S!VIA CLASS!!TOP!BOTTOM!!!
S!VIA CLASS!!TOP!BOTTOM!!!
S!VIA CLASS!!TOP!BOTTOM!!!
S!VIA CLASS!!TOP!BOTTOM!!!
S!VIA CLASS!!TOP!BOTTOM!!!
S!VIA CLASS!!TOP!BOTTOM!!!
S!VIA CLASS!!TOP!BOTTOM!!!
S!VIA CLASS!!TOP!BOTTOM!!!
S!VIA CLASS!!TOP!BOTTOM!!!
S!VIA CLASS!!TOP!BOTTOM!!!
S!VIA CLASS!!TOP!BOTTOM!!!
S!VIA CLASS!!TOP!BOTTOM!!!
S!VIA CLASS!!TOP!BOTTOM!!!
S!VIA CLASS!!TOP!BOTTOM!!!
S!VIA CLASS!!TOP!BOTTOM!!!
S!VIA CLASS!!TOP!BOTTOM!!!
S!VIA CLASS!!TOP!BOTTOM!!!
S!VIA CLASS!!TOP!BOTTOM!!!
S!VIA CLASS!!TOP!BOTTOM!!!
S!VIA CLASS!!TOP!BOTTOM!!!
S!VIA CLASS!!TOP!BOTTOM!!!
S!VIA CLASS!!TOP!BOTTOM!!!
S!VIA CLASS!!TOP!BOTTOM!!!
S!VIA CLASS!!TOP!BOTTOM!!!
S!VIA CLASS!!TOP!BOTTOM!!!
S!VIA CLASS!!TOP!BOTTOM!!!
S!VIA CLASS!!TOP!BOTTOM!!!
S!VIA CLASS!!TOP!BOTTOM!!!
S!VIA CLASS!!TOP!BOTTOM!!!
S!VIA CLASS!!TOP!BOTTOM!!!
S!VIA CLASS!!TOP!BOTTOM!!!
S!VIA CLASS!!TOP!BOTTOM!!!
S!VIA CLASS!!TOP!BOTTOM!!!
S!VIA CLASS!!TOP!BOTTOM!!!
S!VIA CLASS!!TOP!BOTTOM!!!
S!VIA CLASS!!TOP!BOTTOM!!!
S!VIA CLASS!!TOP!BOTTOM!!!
S!VIA CLASS!!TOP!BOTTOM!!!
S!VIA CLASS!!TOP!BOTTOM!!!
S!VIA CLASS!!TOP!BOTTOM!!!
S!VIA CLASS!!TOP!BOTTOM!!!
S!VIA CLASS!!TOP!BOTTOM!!!
S!VIA CLASS!!TOP!BOTTOM!!!
S!VIA CLASS!!TOP!BOTTOM!!!
S!VIA CLASS!!TOP!BOTTOM!!!
S!VIA CLASS!!TOP!BOTTOM!!!
S!VIA CLASS!!TOP!BOTTOM!!!
S!VIA CLASS!!TOP!BOTTOM!!!
S!VIA CLASS!!TOP!BOTTOM!!!
S!VIA CLASS!!TOP!BOTTOM!!!
S!VIA CLASS!!TOP!BOTTOM!!!
S!VIA CLASS!!TOP!BOTTOM!!!
S!VIA CLASS!!TOP!BOTTOM!!!
S!VIA CLASS!!TOP!BOTTOM!!!
S!VIA CLASS!!TOP!BOTTOM!!!
S!VIA CLASS!!TOP!BOTTOM!!!
S!VIA CLASS!!TOP!BOTTOM!!!
S!VIA CLASS!!TOP!BOTTOM!!!
S!VIA CLASS!!TOP!BOTTOM!!!
S!VIA CLASS!!TOP!BOTTOM!!!
S!VIA CLASS!!TOP!BOTTOM!!!
S!VIA CLASS!!TOP!BOTTOM!!!
S!VIA CLASS!!TOP!BOTTOM!!!
S!VIA CLASS!!TOP!BOTTOM!!!
S!VIA CLASS!!TOP!BOTTOM!!!
S!VIA CLASS!!TOP!BOTTOM!!!
S!VIA CLASS!!TOP!BOTTOM!!!
S!VIA CLASS!!TOP!BOTTOM!!!
S!VIA CLASS!!TOP!BOTTOM!!!
S!VIA CLASS!!TOP!BOTTOM!!!
S!VIA CLASS!!TOP!BOTTOM!!!
S!VIA CLASS!!TOP!BOTTOM!!!
S!VIA CLASS!!TOP!BOTTOM!!!
S!VIA CLASS!!TOP!BOTTOM!!!
S!VIA CLASS!!TOP!BOTTOM!!!
S!VIA CLASS!!TOP!BOTTOM!!!
S!VIA CLASS!!TOP!BOTTOM!!!
S!VIA CLASS!!TOP!BOTTOM!!!
S!VIA CLASS!!TOP!BOTTOM!!!
S!VIA CLASS!!TOP!BOTTOM!!!
S!VIA CLASS!!TOP!BOTTOM!!!
S!VIA CLASS!!TOP!BOTTOM!!!
S!VIA CLASS!!TOP!BOTTOM!!!
S!VIA CLASS!!TOP!BOTTOM!!!
S!VIA CLASS!!TOP!BOTTOM!!!
S!VIA CLASS!!TOP!BOTTOM!!!
S!VIA CLASS!!TOP!BOTTOM!!!
S!VIA CLASS!!TOP!BOTTOM!!!
S!VIA CLASS!!TOP!BOTTOM!!!
S!VIA CLASS!!TOP!BOTTOM!!!
S!VIA CLASS!!TOP!BOTTOM!!!
S!VIA CLASS!!TOP!BOTTOM!!!
S!VIA CLASS!!TOP!BOTTOM!!!
S!VIA CLASS!!TOP!BOTTOM!!!
S!VIA CLASS!!TOP!BOTTOM!!!
S!VIA CLASS!!TOP!BOTTOM!!!
S!VIA CLASS!!TOP!BOTTOM!!!
S!VIA CLASS!!TOP!BOTTOM!!!
S!VIA CLASS!!TOP!BOTTOM!!!
S!VIA CLASS!!TOP!BOTTOM!!!
S!VIA CLASS!!TOP!BOTTOM!!!
S!VIA CLASS!!TOP!BOTTOM!!!
S!VIA CLASS!!TOP!BOTTOM!!!
S!VIA CLASS!!TOP!BOTTOM!!!
S!VIA CLASS!!TOP!BOTTOM!!!
S!VIA CLASS!!TOP!BOTTOM!!!
S!VIA CLASS!!TOP!BOTTOM!!!
S!VIA CLASS!!TOP!BOTTOM!!!
S!VIA CLASS!!TOP!BOTTOM!!!
S!VIA CLASS!!TOP!BOTTOM!!!
S!VIA CLASS!!TOP!BOTTOM!!!
S!VIA CLASS!!TOP!BOTTOM!!!
S!VIA CLASS!!TOP!BOTTOM!!!
S!VIA CLASS!!TOP!BOTTOM!!!
S!VIA CLASS!!TOP!BOTTOM!!!
S!VIA CLASS!!TOP!BOTTOM!!!
S!VIA CLASS!!TOP!BOTTOM!!!
S!VIA CLASS!!TOP!BOTTOM!!!
S!VIA CLASS!!TOP!BOTTOM!!!
S!VIA CLASS!!TOP!BOTTOM!!!
S!VIA CLASS!!TOP!BOTTOM!!!
S!VIA CLASS!!TOP!BOTTOM!!!
S!VIA CLASS!!TOP!BOTTOM!!!
S!VIA CLASS!!TOP!BOTTOM!!!
S!VIA CLASS!!TOP!BOTTOM!!!
S!VIA CLASS!!TOP!BOTTOM!!!
S!VIA CLASS!!TOP!BOTTOM!!!
S!VIA CLASS!!TOP!BOTTOM!!!
S!VIA CLASS!!TOP!BOTTOM!!!
S!VIA CLASS!!TOP!BOTTOM!!!
S!VIA CLASS!!TOP!BOTTOM!!!
S!VIA CLASS!!TOP!BOTTOM!!!
S!VIA CLASS!!TOP!BOTTOM!!!
S!VIA CLASS!!TOP!BOTTOM!!!
S!VIA CLASS!!TOP!BOTTOM!!!
S!VIA CLASS!!TOP!BOTTOM!!!
S!VIA CLASS!!TOP!BOTTOM!!!
S!VIA CLASS!!TOP!BOTTOM!!!
S!VIA CLASS!!TOP!BOTTOM!!!
S!VIA CLASS!!TOP!BOTTOM!!!
S!VIA CLASS!!TOP!BOTTOM!!!
S!VIA CLASS!!TOP!BOTTOM!!!
S!VIA CLASS!!TOP!BOTTOM!!!
S!VIA CLASS!!TOP!BOTTOM!!!
S!VIA CLASS!!TOP!BOTTOM!!!
S!VIA CLASS!!TOP!BOTTOM!!!
S!VIA CLASS!!TOP!BOTTOM!!!
S!VIA CLASS!!TOP!BOTTOM!!!
S!VIA CLASS!!TOP!BOTTOM!!!
S!VIA CLASS!!TOP!BOTTOM!!!
S!VIA CLASS!!TOP!BOTTOM!!!
S!VIA CLASS!!TOP!BOTTOM!!!
S!VIA CLASS!!TOP!BOTTOM!!!
S!VIA CLASS!!TOP!BOTTOM!!!
S!VIA CLASS!!TOP!BOTTOM!!!
S!VIA CLASS!!TOP!BOTTOM!!!
S!VIA CLASS!!TOP!BOTTOM!!!
S!VIA CLASS!!TOP!BOTTOM!!!
S!VIA CLASS!!TOP!BOTTOM!!!
S!VIA CLASS!!TOP!BOTTOM!!!
S!VIA CLASS!!TOP!BOTTOM!!!
S!VIA CLASS!!TOP!BOTTOM!!!
S!VIA CLASS!!TOP!BOTTOM!!!
S!VIA CLASS!!TOP!BOTTOM!!!
S!VIA CLASS!!TOP!BOTTOM!!!
S!VIA CLASS!!TOP!BOTTOM!!!
S!VIA CLASS!!TOP!BOTTOM!!!
S!VIA CLASS!!TOP!BOTTOM!!!
S!VIA CLASS!!TOP!BOTTOM!!!
S!VIA CLASS!!TOP!BOTTOM!!!
S!VIA CLASS!!TOP!BOTTOM!!!
S!VIA CLASS!!TOP!BOTTOM!!!
S!VIA CLASS!!TOP!BOTTOM!!!
S!VIA CLASS!!TOP!BOTTOM!!!
S!VIA CLASS!!TOP!BOTTOM!!!
S!VIA CLASS!!TOP!BOTTOM!!!
S!VIA CLASS!!TOP!BOTTOM!!!
S!VIA CLASS!!TOP!BOTTOM!!!
S!VIA CLASS!!TOP!BOTTOM!!!
S!VIA CLASS!!TOP!BOTTOM!!!
S!VIA CLASS!!TOP!BOTTOM!!!
S!VIA CLASS!!TOP!BOTTOM!!!
S!VIA CLASS!!TOP!BOTTOM!!!
S!VIA CLASS!!TOP!BOTTOM!!!
S!VIA CLASS!!TOP!BOTTOM!!!
S!VIA CLASS!!TOP!BOTTOM!!!
S!VIA CLASS!!TOP!BOTTOM!!!
S!VIA CLASS!!TOP!BOTTOM!!!
S!VIA CLASS!!TOP!BOTTOM!!!
S!VIA CLASS!!TOP!BOTTOM!!!
S!VIA CLASS!!TOP!BOTTOM!!!
S!VIA CLASS!!TOP!BOTTOM!!!
S!VIA CLASS!!TOP!BOTTOM!!!
S!VIA CLASS!!TOP!BOTTOM!!!
S!VIA CLASS!!TOP!BOTTOM!!!
S!VIA CLASS!!TOP!BOTTOM!!!
S!VIA CLASS!!TOP!BOTTOM!!!
S!VIA CLASS!!TOP!BOTTOM!!!
S!VIA CLASS!!TOP!BOTTOM!!!
S!VIA CLASS!!TOP!BOTTOM!!!
S!VIA CLASS!!TOP!BOTTOM!!!
S!VIA CLASS!!TOP!BOTTOM!!!
S!VIA CLASS!!TOP!BOTTOM!!!
S!VIA CLASS!!TOP!BOTTOM!!!
S!VIA CLASS!!TOP!BOTTOM!!!
S!VIA CLASS!!TOP!BOTTOM!!!
S!VIA CLASS!!TOP!BOTTOM!!!
S!VIA CLASS!!TOP!BOTTOM!!!
S!VIA CLASS!!TOP!BOTTOM!!!
S!VIA CLASS!!TOP!BOTTOM!!!
S!VIA CLASS!!TOP!BOTTOM!!!
S!VIA CLASS!!TOP!BOTTOM!!!
S!VIA CLASS!!TOP!BOTTOM!!!
S!VIA CLASS!!TOP!BOTTOM!!!
S!VIA CLASS!!TOP!BOTTOM!!!
S!VIA CLASS!!TOP!BOTTOM!!!
S!VIA CLASS!!TOP!BOTTOM!!!
S!VIA CLASS!!TOP!BOTTOM!!!
S!VIA CLASS!!TOP!BOTTOM!!!
S!VIA CLASS!!TOP!BOTTOM!!!
S!VIA CLASS!!TOP!BOTTOM!!!
S!VIA CLASS!!TOP!BOTTOM!!!
S!VIA CLASS!!TOP!BOTTOM!!!
S!VIA CLASS!!TOP!BOTTOM!!!
S!VIA CLASS!!TOP!BOTTOM!!!
S!VIA CLASS!!TOP!BOTTOM!!!
S!VIA CLASS!!TOP!BOTTOM!!!
S!VIA CLASS!!TOP!BOTTOM!!!
S!VIA CLASS!!TOP!BOTTOM!!!
S!VIA CLASS!!TOP!BOTTOM!!!
S!VIA CLASS!!TOP!BOTTOM!!!
S!VIA CLASS!!TOP!BOTTOM!!!
S!VIA CLASS!!TOP!BOTTOM!!!
S!VIA CLASS!!TOP!BOTTOM!!!
S!VIA CLASS!!TOP!BOTTOM!!!
S!VIA CLASS!!TOP!BOTTOM!!!
S!VIA CLASS!!TOP!BOTTOM!!!
S!VIA CLASS!!TOP!BOTTOM!!!
S!VIA CLASS!!TOP!BOTTOM!!!
S!VIA CLASS!!TOP!BOTTOM!!!
S!VIA CLASS!!TOP!BOTTOM!!!
S!VIA CLASS!!TOP!BOTTOM!!!
S!VIA CLASS!!TOP!BOTTOM!!!
S!VIA CLASS!!TOP!BOTTOM!!!
S!VIA CLASS!!TOP!BOTTOM!!!
S!VIA CLASS!!TOP!BOTTOM!!!
S!VIA CLASS!!TOP!BOTTOM!!!
S!VIA CLASS!!TOP!BOTTOM!!!
S!VIA CLASS!!TOP!BOTTOM!!!
S!VIA CLASS!!TOP!BOTTOM!!!
S!VIA CLASS!!TOP!BOTTOM!!!
S!VIA CLASS!!TOP!BOTTOM!!!
S!VIA CLASS!!TOP!BOTTOM!!!
S!VIA CLASS!!TOP!BOTTOM!!!
S!VIA CLASS!!TOP!BOTTOM!!!
S!VIA CLASS!!TOP!BOTTOM!!!
S!VIA CLASS!!TOP!BOTTOM!!!
S!VIA CLASS!!TOP!BOTTOM!!!
S!VIA CLASS!!TOP!BOTTOM!!!
S!VIA CLASS!!TOP!BOTTOM!!!
S!VIA CLASS!!TOP!BOTTOM!!!
S!VIA CLASS!!TOP!BOTTOM!!!
S!VIA CLASS!!TOP!BOTTOM!!!
S!VIA CLASS!!TOP!BOTTOM!!!
S!VIA CLASS!!TOP!BOTTOM!!!
S!VIA CLASS!!TOP!BOTTOM!!!
S!VIA CLASS!!TOP!BOTTOM!!!
S!VIA CLASS!!TOP!BOTTOM!!!
S!VIA CLASS!!TOP!BOTTOM!!!
S!VIA CLASS!!TOP!BOTTOM!!!
S!VIA CLASS!!TOP!BOTTOM!!!
S!VIA CLASS!!TOP!BOTTOM!!!
S!VIA CLASS!!TOP!BOTTOM!!!
S!VIA CLASS!!TOP!BOTTOM!!!
S!VIA CLASS!!TOP!BOTTOM!!!
S!VIA CLASS!!TOP!BOTTOM!!!
S!VIA CLASS!!TOP!BOTTOM!!!
S!VIA CLASS!!TOP!BOTTOM!!!
S!VIA CLASS!!TOP!BOTTOM!!!
S!VIA CLASS!!TOP!BOTTOM!!!
S!VIA CLASS!!TOP!BOTTOM!!!
S!VIA CLASS!!TOP!BOTTOM!!!
S!VIA CLASS!!TOP!BOTTOM!!!
S!VIA CLASS!!TOP!BOTTOM!!!
S!VIA CLASS!!TOP!BOTTOM!!!
S!VIA CLASS!!TOP!BOTTOM!!!
S!VIA CLASS!!TOP!BOTTOM!!!
S!VIA CLASS!!TOP!BOTTOM!!!
S!VIA CLASS!!TOP!BOTTOM!!!
S!VIA CLASS!!TOP!BOTTOM!!!
S!VIA CLASS!!TOP!BOTTOM!!!
S!VIA CLASS!!TOP!BOTTOM!!!
S!VIA CLASS!!TOP!BOTTOM!!!
S!VIA CLASS!!TOP!BOTTOM!!!
S!VIA CLASS!!TOP!BOTTOM!!!
S!VIA CLASS!!TOP!BOTTOM!!!
S!VIA CLASS!!TOP!BOTTOM!!!
S!VIA CLASS!!TOP!BOTTOM!!!
S!VIA CLASS!!TOP!BOTTOM!!!
S!VIA CLASS!!TOP!BOTTOM!!!
S!VIA CLASS!!TOP!BOTTOM!!!
S!VIA CLASS!!TOP!BOTTOM!!!
S!VIA CLASS!!TOP!BOTTOM!!!
S!VIA CLASS!!TOP!BOTTOM!!!
S!VIA CLASS!!TOP!BOTTOM!!!
S!VIA CLASS!!TOP!BOTTOM!!!
S!VIA CLASS!!TOP!BOTTOM!!!
S!VIA CLASS!!TOP!BOTTOM!!!
S!VIA CLASS!!TOP!BOTTOM!!!
S!VIA CLASS!!TOP!BOTTOM!!!
S!VIA CLASS!!TOP!BOTTOM!!!
S!VIA CLASS!!TOP!BOTTOM!!!
S!VIA CLASS!!TOP!BOTTOM!!!
S!VIA CLASS!!TOP!BOTTOM!!!
S!VIA CLASS!!TOP!BOTTOM!!!
S!VIA CLASS!!TOP!BOTTOM!!!
S!VIA CLASS!!TOP!BOTTOM!!!
S!VIA CLASS!!TOP!BOTTOM!!!
S!VIA CLASS!!TOP!BOTTOM!!!
S!VIA CLASS!!TOP!BOTTOM!!!
S!VIA CLASS!!TOP!BOTTOM!!!
S!VIA CLASS!!TOP!BOTTOM!!!
S!VIA CLASS!!TOP!BOTTOM!!!
S!VIA CLASS!!TOP!BOTTOM!!!
S!VIA CLASS!!TOP!BOTTOM!!!
S!VIA CLASS!!TOP!BOTTOM!!!
S!VIA CLASS!!TOP!BOTTOM!!!
S!VIA CLASS!!TOP!BOTTOM!!!
S!VIA CLASS!!TOP!BOTTOM!!!
S!VIA CLASS!!TOP!BOTTOM!!!
S!VIA CLASS!!TOP!BOTTOM!!!
S!VIA CLASS!!TOP!BOTTOM!!!
S!VIA CLASS!!TOP!BOTTOM!!!
S!VIA CLASS!!TOP!BOTTOM!!!
S!VIA CLASS!!TOP!BOTTOM!!!
S!VIA CLASS!!TOP!BOTTOM!!!
S!VIA CLASS!!TOP!BOTTOM!!!
S!VIA CLASS!!TOP!BOTTOM!!!
S!VIA CLASS!!TOP!BOTTOM!!!
S!VIA CLASS!!TOP!BOTTOM!!!
S!VIA CLASS!!TOP!BOTTOM!!!
S!VIA CLASS!!TOP!BOTTOM!!!
S!VIA CLASS!!TOP!BOTTOM!!!
S!VIA CLASS!!TOP!BOTTOM!!!
S!VIA CLASS!!TOP!BOTTOM!!!
S!VIA CLASS!!TOP!BOTTOM!!!
S!VIA CLASS!!TOP!BOTTOM!!!
S!VIA CLASS!!TOP!BOTTOM!!!
S!VIA CLASS!!TOP!BOTTOM!!!
S!VIA CLASS!!TOP!BOTTOM!!!
S!VIA CLASS!!TOP!BOTTOM!!!
S!VIA CLASS!!TOP!BOTTOM!!!
S!VIA CLASS!!TOP!BOTTOM!!!
S!VIA CLASS!!TOP!BOTTOM!!!
S!VIA CLASS!!TOP!BOTTOM!!!
S!VIA CLASS!!TOP!BOTTOM!!!
S!VIA CLASS!!TOP!BOTTOM!!!
S!VIA CLASS!!TOP!BOTTOM!!!
S!VIA CLASS!!TOP!BOTTOM!!!
S!VIA CLASS!!TOP!BOTTOM!!!
S!VIA CLASS!!TOP!BOTTOM!!!
S!VIA CLASS!!TOP!BOTTOM!!!
S!VIA CLASS!!TOP!BOTTOM!!!
S!VIA CLASS!!TOP!BOTTOM!!!
S!VIA CLASS!!TOP!BOTTOM!!!
S!VIA CLASS!!TOP!BOTTOM!!!
S!VIA CLASS!!TOP!BOTTOM!!!
S!VIA CLASS!!TOP!BOTTOM!!!
S!VIA CLASS!!TOP!BOTTOM!!!
S!VIA CLASS!!TOP!BOTTOM!!!
S!VIA CLASS!!TOP!BOTTOM!!!
S!VIA CLASS!!TOP!BOTTOM!!!
S!VIA CLASS!!TOP!BOTTOM!!!
S!VIA CLASS!!TOP!BOTTOM!!!
S!VIA CLASS!!TOP!BOTTOM!!!
S!VIA CLASS!!TOP!BOTTOM!!!
S!VIA CLASS!!TOP!BOTTOM!!!
S!VIA CLASS!!TOP!BOTTOM!!!
S!VIA CLASS!!TOP!BOTTOM!!!
S!VIA CLASS!!TOP!BOTTOM!!!
S!VIA CLASS!!TOP!BOTTOM!!!
S!VIA CLASS!!TOP!BOTTOM!!!
S!VIA CLASS!!TOP!BOTTOM!!!
S!VIA CLASS!!TOP!BOTTOM!!!
S!VIA CLASS!!TOP!BOTTOM!!!
S!VIA CLASS!!TOP!BOTTOM!!!
S!VIA CLASS!!TOP!BOTTOM!!!
S!VIA CLASS!!TOP!BOTTOM!!!
S!VIA CLASS!!TOP!BOTTOM!!!
S!VIA CLASS!!TOP!BOTTOM!!!
S!VIA CLASS!!TOP!BOTTOM!!!
S!VIA CLASS!!TOP!BOTTOM!!!
S!VIA CLASS!!TOP!BOTTOM!!!
S!VIA CLASS!!TOP!BOTTOM!!!
S!VIA CLASS!!TOP!BOTTOM!!!
S!VIA CLASS!!TOP!BOTTOM!!!
S!VIA CLASS!!TOP!BOTTOM!!!
S!VIA CLASS!!TOP!BOTTOM!!!
S!VIA CLASS!!TOP!BOTTOM!!!
S!VIA CLASS!!TOP!BOTTOM!!!
S!VIA CLASS!!TOP!BOTTOM!!!
S!VIA CLASS!!TOP!BOTTOM!!!
S!VIA CLASS!!TOP!BOTTOM!!!
S!VIA CLASS!!TOP!BOTTOM!!!
S!VIA CLASS!!TOP!BOTTOM!!!
S!VIA CLASS!!TOP!BOTTOM!!!
S!VIA CLASS!!TOP!BOTTOM!!!
S!VIA CLASS!!TOP!BOTTOM!!!
S!VIA CLASS!!TOP!BOTTOM!!!
S!VIA CLASS!!TOP!BOTTOM!!!
S!VIA CLASS!!TOP!BOTTOM!!!
S!VIA CLASS!!TOP!BOTTOM!!!
S!VIA CLASS!!TOP!BOTTOM!!!
S!VIA CLASS!!TOP!BOTTOM!!!
S!VIA CLASS!!TOP!BOTTOM!!!
S!VIA CLASS!!TOP!BOTTOM!!!
S!VIA CLASS!!TOP!BOTTOM!!!
S!VIA CLASS!!TOP!BOTTOM!!!
S!VIA CLASS!!TOP!BOTTOM!!!
S!VIA CLASS!!TOP!BOTTOM!!!
S!VIA CLASS!!TOP!BOTTOM!!!
S!VIA CLASS!!TOP!BOTTOM!!!
S!VIA CLASS!!TOP!BOTTOM!!!
S!VIA CLASS!!TOP!BOTTOM!!!
S!VIA CLASS!!TOP!BOTTOM!!!
S!VIA CLASS!!TOP!BOTTOM!!!
S!VIA CLASS!!TOP!BOTTOM!!!
S!VIA CLASS!!TOP!BOTTOM!!!
S!VIA CLASS!!TOP!BOTTOM!!!
S!VIA CLASS!!TOP!BOTTOM!!!
S!VIA CLASS!!TOP!BOTTOM!!!
S!VIA CLASS!!TOP!BOTTOM!!!
S!VIA CLASS!!TOP!BOTTOM!!!
S!VIA CLASS!!TOP!BOTTOM!!!
S!VIA CLASS!!TOP!BOTTOM!!!
S!VIA CLASS!!TOP!BOTTOM!!!
S!VIA CLASS!!TOP!BOTTOM!!!
S!VIA CLASS!!TOP!BOTTOM!!!
S!VIA CLASS!!TOP!BOTTOM!!!
S!VIA CLASS!!TOP!BOTTOM!!!
S!VIA CLASS!!TOP!BOTTOM!!!
S!VIA CLASS!!TOP!BOTTOM!!!
S!VIA CLASS!!TOP!BOTTOM!!!
S!VIA CLASS!!TOP!BOTTOM!!!
S!VIA CLASS!!TOP!BOTTOM!!!
S!VIA CLASS!!TOP!BOTTOM!!!
S!VIA CLASS!!TOP!BOTTOM!!!
S!VIA CLASS!!TOP!BOTTOM!!!
S!VIA CLASS!!TOP!BOTTOM!!!
S!VIA CLASS!!TOP!BOTTOM!!!
S!VIA CLASS!!TOP!BOTTOM!!!
S!VIA CLASS!!TOP!BOTTOM!!!
S!VIA CLASS!!TOP!BOTTOM!!!
S!VIA CLASS!!TOP!BOTTOM!!!
S!VIA CLASS!!TOP!BOTTOM!!!
S!VIA CLASS!!TOP!BOTTOM!!!
S!VIA CLASS!!TOP!BOTTOM!!!
S!VIA CLASS!!TOP!BOTTOM!!!
S!VIA CLASS!!TOP!BOTTOM!!!
S!VIA CLASS!!TOP!BOTTOM!!!
S!VIA CLASS!!TOP!BOTTOM!!!
S!VIA CLASS!!TOP!BOTTOM!!!
S!VIA CLASS!!TOP!BOTTOM!!!
S!VIA CLASS!!TOP!BOTTOM!!!
S!VIA CLASS!!TOP!BOTTOM!!!
S!VIA CLASS!!TOP!BOTTOM!!!
S!VIA CLASS!!TOP!BOTTOM!!!
S!VIA CLASS!!TOP!BOTTOM!!!
S!VIA CLASS!!TOP!BOTTOM!!!
S!VIA CLASS!!TOP!BOTTOM!!!
S!VIA CLASS!!TOP!BOTTOM!!!
S!VIA CLASS!!TOP!BOTTOM!!!
S!VIA CLASS!!TOP!BOTTOM!!!
S!VIA CLASS!!TOP!BOTTOM!!!
S!VIA CLASS!!TOP!BOTTOM!!!
S!VIA CLASS!!TOP!BOTTOM!!!
S!VIA CLASS!!TOP!BOTTOM!!!
S!VIA CLASS!!TOP!BOTTOM!!!
S!VIA CLASS!!TOP!BOTTOM!!!
S!VIA CLASS!!TOP!BOTTOM!!!
S!VIA CLASS!!TOP!BOTTOM!!!
S!VIA CLASS!!TOP!BOTTOM!!!
S!VIA CLASS!!TOP!BOTTOM!!!
S!VIA CLASS!!TOP!BOTTOM!!!
S!VIA CLASS!!TOP!BOTTOM!!!
S!VIA CLASS!!TOP!BOTTOM!!!
S!VIA CLASS!!TOP!BOTTOM!!!
S!VIA CLASS!!TOP!BOTTOM!!!
S!VIA CLASS!!TOP!BOTTOM!!!
S!VIA CLASS!!TOP!BOTTOM!!!
S!VIA CLASS!!TOP!BOTTOM!!!
S!VIA CLASS!!TOP!BOTTOM!!!
S!VIA CLASS!!TOP!BOTTOM!!!
S!VIA CLASS!!TOP!BOTTOM!!!
S!VIA CLASS!!TOP!BOTTOM!!!
S!VIA CLASS!!TOP!BOTTOM!!!
S!VIA CLASS!!TOP!BOTTOM!!!
S!VIA CLASS!!TOP!BOTTOM!!!
S!VIA CLASS!!TOP!BOTTOM!!!
S!VIA CLASS!!TOP!BOTTOM!!!
S!VIA CLASS!!TOP!BOTTOM!!!
S!VIA CLASS!!TOP!BOTTOM!!!
S!VIA CLASS!!TOP!BOTTOM!!!
S!VIA CLASS!!TOP!BOTTOM!!!
S!VIA CLASS!!TOP!BOTTOM!!!
S!VIA CLASS!!TOP!BOTTOM!!!
S!VIA CLASS!!TOP!BOTTOM!!!
S!VIA CLASS!!TOP!BOTTOM!!!
S!VIA CLASS!!TOP!BOTTOM!!!
S!VIA CLASS!!TOP!BOTTOM!!!
S!VIA CLASS!!TOP!BOTTOM!!!
S!VIA CLASS!!TOP!BOTTOM!!!
S!VIA CLASS!!TOP!BOTTOM!!!
S!VIA CLASS!!TOP!BOTTOM!!!
