A!REFDES!PART_NUMBER!HARD_LOCATION!ROOM!REUSE_ID!TOL!ALT_SYMBOLS!PARENT_PART_TYPE!PARENT_PPT!PARENT_PPT_PART!PART_NAME!PART_NUMBER!SCH_MODIFIED_PART!VALUE!
J!//ppfs6.physics.ox.ac.uk/CEG/Central Electronics/Projects/Hastingsp/DUNE/uob-hep-pc072/hardware/Cadence/top/mtca_interface_board_reocc/top_mib_v3/physical/mib_rev3ox_v224_manuf.brd!Thu Oct 17 07:18:04 2024!-1898.47!-1906.48!1911.53!1903.52!0.01!millimeters!TOP_MIB_V3!68.897638 mil!10!UP TO DATE!
S!R4!R0603_20R_1%_0.1W_100PPM!!!!1%!!RSMD0603_1/10W!RSMD0603!RSMD0603_1/10W-20,1%!RSMD0603!R0603_20R_1%_0.1W_100PPM!!20!
S!R7!R0603_270R_1%_0.063W_100PPM!!!!1%!!RSMD0603_1/16W!RSMD0603!RSMD0603_1/16W-270,1%!RSMD0603!R0603_270R_1%_0.063W_100PPM!!270!
S!DS1!!!!!!!!!!WURTH_155060BS73200!!!!
S!DS2!!!!!!!!!!WURTH_155060RS73200!!!!
S!IC6!LTC2991CMS#PBF!!POWER!!!!LTC2991_MSOP!LTC2991!LTC2991CMS#PBF!LTC2991!LTC2991CMS#PBF!TRUE!!
S!IC8!854S01AKILF!!!!!!854S01I_QFN!854S01I!854S01AKILF!854S01I!854S01AKILF!TRUE!!
S!D12!!YES!!!!!!!!SS16FP!!!!
S!R81!DNF!!!!!!R!R!R-DNF,R!R!DNF!TRUE!DNF!
S!R103!DNF!YES!!256!!!R!R!R-DNF,R!R!DNF!TRUE!DNF!
S!J13!!!!!!!!!!SHF-105-01-L-D-SM!!!!
S!F2!!YES!!!!!!!!SF-0603FP015F-2!!!!
S!R69!R0603_1R_1%_0.1W_100PPM!!POWER!!1%!!RSMD0603_1/10W!RSMD0603!RSMD0603_1/10W-1,1%!RSMD0603!R0603_1R_1%_0.1W_100PPM!!1!
S!R84!R0603_1R_1%_0.1W_100PPM!!POWER!!1%!!RSMD0603_1/10W!RSMD0603!RSMD0603_1/10W-1,1%!RSMD0603!R0603_1R_1%_0.1W_100PPM!!1!
S!F1!!YES!!!!!!!!SF-0603S300-2!!!!
S!SK1!Onecall 146-2950!!POWER!!!!KKCON3!KKCON3!KKCON3_STR-MOLEX!KKCON3!Onecall 146-2950!!!
S!PL1!Harwin M20-999 02 05!!!!!!HEADER2X1_STR!HEADER2X1!HEADER2X1_STR-HARWIN!HEADER2X1!Harwin M20-999 02 05!!!
S!IC7!SN74AVC1T45DCK!!!!!!74AVC1T45_SC70!74AVC1T45!SN74AVC1T45DCK!74AVC1T45!SN74AVC1T45DCK!!!
S!U4!ATMEGA128A-AU!!!!!!ATMGA128_TQFP!ATMGA128!ATMGA128-ATMEGA128A-AU,ATMGA128!ATMGA128!ATMEGA128A-AU!TRUE!ATMEGA128A-AU!
S!R87!R0805_0R27_1%_0.125W_100PPM!!POWER!!1%!!RSMD0805_125MW!RSMD0805!RSMD0805_125MW-0.27,1%!RSMD0805!R0805_0R27_1%_0.125W_100PPM!!0.27!
S!C17!T520V227M006ATE018!!POWER!!20%!!TANTPOLY_SMD!TANTPOLY!TANTPOLY_SMD-220UF,6.3V!TANTPOLY!T520V227M006ATE018!!220uF!
S!C44!T520V227M006ATE018!!POWER!!20%!!TANTPOLY_SMD!TANTPOLY!TANTPOLY_SMD-220UF,6.3V!TANTPOLY!T520V227M006ATE018!!220uF!
S!C61!T520V227M006ATE018!!POWER!!20%!!TANTPOLY_SMD!TANTPOLY!TANTPOLY_SMD-220UF,6.3V!TANTPOLY!T520V227M006ATE018!!220uF!
S!C63!T520V227M006ATE018!!POWER!!20%!!TANTPOLY_SMD!TANTPOLY!TANTPOLY_SMD-220UF,6.3V!TANTPOLY!T520V227M006ATE018!!220uF!
S!C67!T520V227M006ATE018!!POWER!!20%!!TANTPOLY_SMD!TANTPOLY!TANTPOLY_SMD-220UF,6.3V!TANTPOLY!T520V227M006ATE018!!220uF!
S!C70!T520V227M006ATE018!!POWER!!20%!!TANTPOLY_SMD!TANTPOLY!TANTPOLY_SMD-220UF,6.3V!TANTPOLY!T520V227M006ATE018!!220uF!
S!C73!T520V227M006ATE018!!POWER!!20%!!TANTPOLY_SMD!TANTPOLY!TANTPOLY_SMD-220UF,6.3V!TANTPOLY!T520V227M006ATE018!!220uF!
S!C74!T520V227M006ATE018!!POWER!!20%!!TANTPOLY_SMD!TANTPOLY!TANTPOLY_SMD-220UF,6.3V!TANTPOLY!T520V227M006ATE018!!220uF!
S!R62!LVK12R050FER!!POWER!!!!RES_SR!RES_SR!RES_SR_LVK12-0.05,1%!RES_SR!LVK12R050FER!!0.05!
S!R90!LVK12R050FER!!POWER!!!!RES_SR!RES_SR!RES_SR_LVK12-0.05,1%!RES_SR!LVK12R050FER!!0.05!
S!C25!597D227X0025M2T!!POWER!!20%!!ELCAPTAN_SMD!ELCAPTAN!ELCAPTAN_SMD-220UF,25V!ELCAPTAN!597D227X0025M2T!!220uF!
S!C51!597D227X0025M2T!!POWER!!20%!!ELCAPTAN_SMD!ELCAPTAN!ELCAPTAN_SMD-220UF,25V!ELCAPTAN!597D227X0025M2T!!220uF!
S!C52!597D227X0025M2T!!POWER!!20%!!ELCAPTAN_SMD!ELCAPTAN!ELCAPTAN_SMD-220UF,25V!ELCAPTAN!597D227X0025M2T!!220uF!
S!C58!597D227X0025M2T!!POWER!!20%!!ELCAPTAN_SMD!ELCAPTAN!ELCAPTAN_SMD-220UF,25V!ELCAPTAN!597D227X0025M2T!!220uF!
S!R88!R0402_6K2_1%_0.063W_200PPM!!POWER!!1%!!RSMD0402_1/16W!RSMD0402!RSMD0402_1/16W-6.2K,1%!RSMD0402!R0402_6K2_1%_0.063W_200PPM!!6.2k!
S!C23!CC0603_1UF_16V_10%_X5R!!!!10%!!CAPCERSMDCL2_0603!CAPCERSMDCL2!CAPCERSMDCL2_0603-1UF,16V!CAPCERSMDCL2!CC0603_1UF_16V_10%_X5R!!1uF!
S!C41!CC0603_1UF_16V_10%_X5R!!!!10%!!CAPCERSMDCL2_0603!CAPCERSMDCL2!CAPCERSMDCL2_0603-1UF,16V!CAPCERSMDCL2!CC0603_1UF_16V_10%_X5R!!1uF!
S!L12!MPZ1608S101A!!!!!!FERRITE_SMD!FERRITE!FERRITE_SMD-MPZ1608S101A,TDK!FERRITE!MPZ1608S101A!!100R@100MHz!
S!PWR1!PTH08T210WAD!!POWER!!!!PTH08T210W_ECP!PTH08T210W!PTH08T210WAD!PTH08T210W!PTH08T210WAD!!!
S!POWER1!PTH08T210WAD!!POWER!!!!PTH08T210W_ECP!PTH08T210W!PTH08T210WAD!PTH08T210W!PTH08T210WAD!!!
S!R2!R0603_00_JUMPER!!!!!!RSMD0603_!RSMD0603!RSMD0603_-00,!RSMD0603!R0603_00_JUMPER!!00!
S!MMC!R0603_00_JUMPER!!!!!!RSMD0603_!RSMD0603!RSMD0603_-00,!RSMD0603!R0603_00_JUMPER!!00!
S!R89!R0603_00_JUMPER!!!!!!RSMD0603_!RSMD0603!RSMD0603_-00,!RSMD0603!R0603_00_JUMPER!!00!
S!R64!R0603_00_JUMPER!!POWER!!!!RSMD0603_!RSMD0603!RSMD0603_-00,!RSMD0603!R0603_00_JUMPER!!00!
S!R66!R0603_00_JUMPER!!POWER!!!!RSMD0603_!RSMD0603!RSMD0603_-00,!RSMD0603!R0603_00_JUMPER!!00!
S!R82!R0603_00_JUMPER!!POWER!!!!RSMD0603_!RSMD0603!RSMD0603_-00,!RSMD0603!R0603_00_JUMPER!!00!
S!R70!R0603_1K6_1%_0.1W_100PPM!!POWER!178!1%!!RSMD0603_1/10W!RSMD0603!RSMD0603_1/10W-1.6K,1%!RSMD0603!R0603_1K6_1%_0.1W_100PPM!!1.6k!
S!R60!R0603_1K6_1%_0.1W_100PPM!!POWER!9!1%!!RSMD0603_1/10W!RSMD0603!RSMD0603_1/10W-1.6K,1%!RSMD0603!R0603_1K6_1%_0.1W_100PPM!!1.6k!
S!R79!R0603_XX_1%_0.1W_100PPM!!POWER!2!1%!!RSMD0603_1/10W!RSMD0603!RSMD0603_1/10W-XX,1%!RSMD0603!R0603_XX_1%_0.1W_100PPM!!XX!
S!R65!R0603_XX_1%_0.1W_100PPM!!POWER!147!1%!!RSMD0603_1/10W!RSMD0603!RSMD0603_1/10W-XX,1%!RSMD0603!R0603_XX_1%_0.1W_100PPM!!XX!
S!IC5!TLP183!!POWER!!!!OPTOCOUPLER_AC_EC_1264!OPTOCOUPLER_AC_EC!TOSHIBA!OPTOCOUPLER_AC_EC!TLP183!!!
S!T2!PJE8408!!POWER!!!!TRANS MOSFET_GSD!TRANS MOSFET!TRANS MOSFET_GSD-PJE8408,SOT523!TRANS MOSFET!PJE8408!!!
S!T1!PJE8408!!POWER!!!!TRANS MOSFET_GSD!TRANS MOSFET!TRANS MOSFET_GSD-PJE8408,SOT523!TRANS MOSFET!PJE8408!!!
S!L9!BLM21PG221SN1!!CLK_FO_0_5!!!!FERRITE_SMD!FERRITE!FERRITE_SMD-BLM21PG221SN1,MURATA!FERRITE!BLM21PG221SN1!!!
S!J16!53398-0471!!!!!!CON4P!CON4P!CON4P-53398-0471!CON4P!53398-0471!!!
S!TP1!TP_HOLE_1.0mm!!!!!!TP_HOLE!TP!TP_HOLE-1.0MM!TP!TP_HOLE_1.0mm!!!
S!TP2!TP_HOLE_1.0mm!!!!!!TP_HOLE!TP!TP_HOLE-1.0MM!TP!TP_HOLE_1.0mm!!!
S!TP3!TP_HOLE_1.0mm!!!!!!TP_HOLE!TP!TP_HOLE-1.0MM!TP!TP_HOLE_1.0mm!!!
S!IC3!ADCLK948BCPZ!!CLK_FO_0_5!!!!ADCLK948_LFCSP!ADCLK948!ADCLK948BCPZ!ADCLK948!ADCLK948BCPZ!TRUE!!
S!IC4!ADCLK948BCPZ!!CLK_FO_6_11!!!!ADCLK948_LFCSP!ADCLK948!ADCLK948BCPZ!ADCLK948!ADCLK948BCPZ!TRUE!!
S!R159!R0402_200R_1%_0.063W_200PPM!!CLK_FO_0_5!!1%!!RSMD0402_1/16W!RSMD0402!RSMD0402_1/16W-200,1%!RSMD0402!R0402_200R_1%_0.063W_200PPM!!200!
S!R160!R0402_200R_1%_0.063W_200PPM!!CLK_FO_6_11!!1%!!RSMD0402_1/16W!RSMD0402!RSMD0402_1/16W-200,1%!RSMD0402!R0402_200R_1%_0.063W_200PPM!!200!
S!R161!R0402_200R_1%_0.063W_200PPM!!CLK_FO_0_5!!1%!!RSMD0402_1/16W!RSMD0402!RSMD0402_1/16W-200,1%!RSMD0402!R0402_200R_1%_0.063W_200PPM!!200!
S!R162!R0402_200R_1%_0.063W_200PPM!!CLK_FO_6_11!!1%!!RSMD0402_1/16W!RSMD0402!RSMD0402_1/16W-200,1%!RSMD0402!R0402_200R_1%_0.063W_200PPM!!200!
S!R163!R0402_200R_1%_0.063W_200PPM!!CLK_FO_0_5!!1%!!RSMD0402_1/16W!RSMD0402!RSMD0402_1/16W-200,1%!RSMD0402!R0402_200R_1%_0.063W_200PPM!!200!
S!R164!R0402_200R_1%_0.063W_200PPM!!CLK_FO_6_11!!1%!!RSMD0402_1/16W!RSMD0402!RSMD0402_1/16W-200,1%!RSMD0402!R0402_200R_1%_0.063W_200PPM!!200!
S!R165!R0402_200R_1%_0.063W_200PPM!!CLK_FO_0_5!!1%!!RSMD0402_1/16W!RSMD0402!RSMD0402_1/16W-200,1%!RSMD0402!R0402_200R_1%_0.063W_200PPM!!200!
S!R166!R0402_200R_1%_0.063W_200PPM!!CLK_FO_6_11!!1%!!RSMD0402_1/16W!RSMD0402!RSMD0402_1/16W-200,1%!RSMD0402!R0402_200R_1%_0.063W_200PPM!!200!
S!R167!R0402_200R_1%_0.063W_200PPM!!CLK_FO_0_5!!1%!!RSMD0402_1/16W!RSMD0402!RSMD0402_1/16W-200,1%!RSMD0402!R0402_200R_1%_0.063W_200PPM!!200!
S!R168!R0402_200R_1%_0.063W_200PPM!!CLK_FO_6_11!!1%!!RSMD0402_1/16W!RSMD0402!RSMD0402_1/16W-200,1%!RSMD0402!R0402_200R_1%_0.063W_200PPM!!200!
S!R169!R0402_200R_1%_0.063W_200PPM!!CLK_FO_0_5!!1%!!RSMD0402_1/16W!RSMD0402!RSMD0402_1/16W-200,1%!RSMD0402!R0402_200R_1%_0.063W_200PPM!!200!
S!R170!R0402_200R_1%_0.063W_200PPM!!CLK_FO_6_11!!1%!!RSMD0402_1/16W!RSMD0402!RSMD0402_1/16W-200,1%!RSMD0402!R0402_200R_1%_0.063W_200PPM!!200!
S!R171!R0402_200R_1%_0.063W_200PPM!!CLK_FO_0_5!!1%!!RSMD0402_1/16W!RSMD0402!RSMD0402_1/16W-200,1%!RSMD0402!R0402_200R_1%_0.063W_200PPM!!200!
S!R172!R0402_200R_1%_0.063W_200PPM!!CLK_FO_6_11!!1%!!RSMD0402_1/16W!RSMD0402!RSMD0402_1/16W-200,1%!RSMD0402!R0402_200R_1%_0.063W_200PPM!!200!
S!R173!R0402_200R_1%_0.063W_200PPM!!CLK_FO_0_5!!1%!!RSMD0402_1/16W!RSMD0402!RSMD0402_1/16W-200,1%!RSMD0402!R0402_200R_1%_0.063W_200PPM!!200!
S!R174!R0402_200R_1%_0.063W_200PPM!!CLK_FO_6_11!!1%!!RSMD0402_1/16W!RSMD0402!RSMD0402_1/16W-200,1%!RSMD0402!R0402_200R_1%_0.063W_200PPM!!200!
S!R175!R0402_200R_1%_0.063W_200PPM!!CLK_FO_0_5!!1%!!RSMD0402_1/16W!RSMD0402!RSMD0402_1/16W-200,1%!RSMD0402!R0402_200R_1%_0.063W_200PPM!!200!
S!R176!R0402_200R_1%_0.063W_200PPM!!CLK_FO_6_11!!1%!!RSMD0402_1/16W!RSMD0402!RSMD0402_1/16W-200,1%!RSMD0402!R0402_200R_1%_0.063W_200PPM!!200!
S!R177!R0402_200R_1%_0.063W_200PPM!!CLK_FO_0_5!!1%!!RSMD0402_1/16W!RSMD0402!RSMD0402_1/16W-200,1%!RSMD0402!R0402_200R_1%_0.063W_200PPM!!200!
S!R178!R0402_200R_1%_0.063W_200PPM!!CLK_FO_6_11!!1%!!RSMD0402_1/16W!RSMD0402!RSMD0402_1/16W-200,1%!RSMD0402!R0402_200R_1%_0.063W_200PPM!!200!
S!R179!R0402_200R_1%_0.063W_200PPM!!CLK_FO_0_5!!1%!!RSMD0402_1/16W!RSMD0402!RSMD0402_1/16W-200,1%!RSMD0402!R0402_200R_1%_0.063W_200PPM!!200!
S!R180!R0402_200R_1%_0.063W_200PPM!!CLK_FO_6_11!!1%!!RSMD0402_1/16W!RSMD0402!RSMD0402_1/16W-200,1%!RSMD0402!R0402_200R_1%_0.063W_200PPM!!200!
S!R181!R0402_200R_1%_0.063W_200PPM!!CLK_FO_0_5!!1%!!RSMD0402_1/16W!RSMD0402!RSMD0402_1/16W-200,1%!RSMD0402!R0402_200R_1%_0.063W_200PPM!!200!
S!R182!R0402_200R_1%_0.063W_200PPM!!CLK_FO_6_11!!1%!!RSMD0402_1/16W!RSMD0402!RSMD0402_1/16W-200,1%!RSMD0402!R0402_200R_1%_0.063W_200PPM!!200!
S!R183!R0402_200R_1%_0.063W_200PPM!!CLK_FO_0_5!!1%!!RSMD0402_1/16W!RSMD0402!RSMD0402_1/16W-200,1%!RSMD0402!R0402_200R_1%_0.063W_200PPM!!200!
S!R184!R0402_200R_1%_0.063W_200PPM!!CLK_FO_6_11!!1%!!RSMD0402_1/16W!RSMD0402!RSMD0402_1/16W-200,1%!RSMD0402!R0402_200R_1%_0.063W_200PPM!!200!
S!R185!R0402_200R_1%_0.063W_200PPM!!CLK_FO_0_5!!1%!!RSMD0402_1/16W!RSMD0402!RSMD0402_1/16W-200,1%!RSMD0402!R0402_200R_1%_0.063W_200PPM!!200!
S!R186!R0402_200R_1%_0.063W_200PPM!!CLK_FO_6_11!!1%!!RSMD0402_1/16W!RSMD0402!RSMD0402_1/16W-200,1%!RSMD0402!R0402_200R_1%_0.063W_200PPM!!200!
S!R187!R0402_200R_1%_0.063W_200PPM!!CLK_FO_0_5!!1%!!RSMD0402_1/16W!RSMD0402!RSMD0402_1/16W-200,1%!RSMD0402!R0402_200R_1%_0.063W_200PPM!!200!
S!R188!R0402_200R_1%_0.063W_200PPM!!CLK_FO_6_11!!1%!!RSMD0402_1/16W!RSMD0402!RSMD0402_1/16W-200,1%!RSMD0402!R0402_200R_1%_0.063W_200PPM!!200!
S!R189!R0402_200R_1%_0.063W_200PPM!!CLK_FO_0_5!!1%!!RSMD0402_1/16W!RSMD0402!RSMD0402_1/16W-200,1%!RSMD0402!R0402_200R_1%_0.063W_200PPM!!200!
S!R190!R0402_200R_1%_0.063W_200PPM!!CLK_FO_6_11!!1%!!RSMD0402_1/16W!RSMD0402!RSMD0402_1/16W-200,1%!RSMD0402!R0402_200R_1%_0.063W_200PPM!!200!
S!C139!CC0402_100NF_16V_10%_X7R!!CLK_FO_6_11!223!10%!!CAPCERSMDCL2_0402!CAPCERSMDCL2!CAPCERSMDCL2_0402-100NF,16V_GEN!CAPCERSMDCL2!CC0402_100NF_16V_10%_X7R!TRUE!100nF!
S!C175!CC0402_100NF_16V_10%_X7R!!CLK_FO_6_11!!10%!!CAPCERSMDCL2_0402!CAPCERSMDCL2!CAPCERSMDCL2_0402-100NF,16V_GEN!CAPCERSMDCL2!CC0402_100NF_16V_10%_X7R!TRUE!100nF!
S!C176!CC0402_100NF_16V_10%_X7R!!CLK_FO_6_11!!10%!!CAPCERSMDCL2_0402!CAPCERSMDCL2!CAPCERSMDCL2_0402-100NF,16V_GEN!CAPCERSMDCL2!CC0402_100NF_16V_10%_X7R!TRUE!100nF!
S!C177!CC0402_100NF_16V_10%_X7R!!CLK_FO_6_11!!10%!!CAPCERSMDCL2_0402!CAPCERSMDCL2!CAPCERSMDCL2_0402-100NF,16V_GEN!CAPCERSMDCL2!CC0402_100NF_16V_10%_X7R!TRUE!100nF!
S!C178!CC0402_100NF_16V_10%_X7R!!CLK_FO_6_11!!10%!!CAPCERSMDCL2_0402!CAPCERSMDCL2!CAPCERSMDCL2_0402-100NF,16V_GEN!CAPCERSMDCL2!CC0402_100NF_16V_10%_X7R!TRUE!100nF!
S!C179!CC0402_100NF_16V_10%_X7R!!CLK_FO_6_11!!10%!!CAPCERSMDCL2_0402!CAPCERSMDCL2!CAPCERSMDCL2_0402-100NF,16V_GEN!CAPCERSMDCL2!CC0402_100NF_16V_10%_X7R!TRUE!100nF!
S!C180!CC0402_100NF_16V_10%_X7R!!CLK_FO_6_11!!10%!!CAPCERSMDCL2_0402!CAPCERSMDCL2!CAPCERSMDCL2_0402-100NF,16V_GEN!CAPCERSMDCL2!CC0402_100NF_16V_10%_X7R!TRUE!100nF!
S!C181!CC0402_100NF_16V_10%_X7R!!CLK_FO_6_11!!10%!!CAPCERSMDCL2_0402!CAPCERSMDCL2!CAPCERSMDCL2_0402-100NF,16V_GEN!CAPCERSMDCL2!CC0402_100NF_16V_10%_X7R!TRUE!100nF!
S!C182!CC0402_100NF_16V_10%_X7R!!CLK_FO_6_11!!10%!!CAPCERSMDCL2_0402!CAPCERSMDCL2!CAPCERSMDCL2_0402-100NF,16V_GEN!CAPCERSMDCL2!CC0402_100NF_16V_10%_X7R!TRUE!100nF!
S!C183!CC0402_100NF_16V_10%_X7R!!CLK_FO_6_11!!10%!!CAPCERSMDCL2_0402!CAPCERSMDCL2!CAPCERSMDCL2_0402-100NF,16V_GEN!CAPCERSMDCL2!CC0402_100NF_16V_10%_X7R!TRUE!100nF!
S!C184!CC0402_100NF_16V_10%_X7R!!CLK_FO_6_11!!10%!!CAPCERSMDCL2_0402!CAPCERSMDCL2!CAPCERSMDCL2_0402-100NF,16V_GEN!CAPCERSMDCL2!CC0402_100NF_16V_10%_X7R!TRUE!100nF!
S!C185!CC0402_100NF_16V_10%_X7R!!CLK_FO_6_11!!10%!!CAPCERSMDCL2_0402!CAPCERSMDCL2!CAPCERSMDCL2_0402-100NF,16V_GEN!CAPCERSMDCL2!CC0402_100NF_16V_10%_X7R!TRUE!100nF!
S!C186!CC0402_100NF_16V_10%_X7R!!CLK_FO_6_11!!10%!!CAPCERSMDCL2_0402!CAPCERSMDCL2!CAPCERSMDCL2_0402-100NF,16V_GEN!CAPCERSMDCL2!CC0402_100NF_16V_10%_X7R!TRUE!100nF!
S!C187!CC0402_100NF_16V_10%_X7R!!CLK_FO_0_5!!10%!!CAPCERSMDCL2_0402!CAPCERSMDCL2!CAPCERSMDCL2_0402-100NF,16V_GEN!CAPCERSMDCL2!CC0402_100NF_16V_10%_X7R!TRUE!100nF!
S!C188!CC0402_100NF_16V_10%_X7R!!CLK_FO_0_5!!10%!!CAPCERSMDCL2_0402!CAPCERSMDCL2!CAPCERSMDCL2_0402-100NF,16V_GEN!CAPCERSMDCL2!CC0402_100NF_16V_10%_X7R!TRUE!100nF!
S!C189!CC0402_100NF_16V_10%_X7R!!CLK_FO_0_5!!10%!!CAPCERSMDCL2_0402!CAPCERSMDCL2!CAPCERSMDCL2_0402-100NF,16V_GEN!CAPCERSMDCL2!CC0402_100NF_16V_10%_X7R!TRUE!100nF!
S!C190!CC0402_100NF_16V_10%_X7R!!CLK_FO_0_5!!10%!!CAPCERSMDCL2_0402!CAPCERSMDCL2!CAPCERSMDCL2_0402-100NF,16V_GEN!CAPCERSMDCL2!CC0402_100NF_16V_10%_X7R!TRUE!100nF!
S!C191!CC0402_100NF_16V_10%_X7R!!CLK_FO_0_5!!10%!!CAPCERSMDCL2_0402!CAPCERSMDCL2!CAPCERSMDCL2_0402-100NF,16V_GEN!CAPCERSMDCL2!CC0402_100NF_16V_10%_X7R!TRUE!100nF!
S!C192!CC0402_100NF_16V_10%_X7R!!CLK_FO_0_5!!10%!!CAPCERSMDCL2_0402!CAPCERSMDCL2!CAPCERSMDCL2_0402-100NF,16V_GEN!CAPCERSMDCL2!CC0402_100NF_16V_10%_X7R!TRUE!100nF!
S!C193!CC0402_100NF_16V_10%_X7R!!CLK_FO_0_5!!10%!!CAPCERSMDCL2_0402!CAPCERSMDCL2!CAPCERSMDCL2_0402-100NF,16V_GEN!CAPCERSMDCL2!CC0402_100NF_16V_10%_X7R!TRUE!100nF!
S!C194!CC0402_100NF_16V_10%_X7R!!CLK_FO_0_5!!10%!!CAPCERSMDCL2_0402!CAPCERSMDCL2!CAPCERSMDCL2_0402-100NF,16V_GEN!CAPCERSMDCL2!CC0402_100NF_16V_10%_X7R!TRUE!100nF!
S!C195!CC0402_100NF_16V_10%_X7R!!CLK_FO_0_5!!10%!!CAPCERSMDCL2_0402!CAPCERSMDCL2!CAPCERSMDCL2_0402-100NF,16V_GEN!CAPCERSMDCL2!CC0402_100NF_16V_10%_X7R!TRUE!100nF!
S!C196!CC0402_100NF_16V_10%_X7R!!CLK_FO_0_5!!10%!!CAPCERSMDCL2_0402!CAPCERSMDCL2!CAPCERSMDCL2_0402-100NF,16V_GEN!CAPCERSMDCL2!CC0402_100NF_16V_10%_X7R!TRUE!100nF!
S!C197!CC0402_100NF_16V_10%_X7R!!CLK_FO_0_5!!10%!!CAPCERSMDCL2_0402!CAPCERSMDCL2!CAPCERSMDCL2_0402-100NF,16V_GEN!CAPCERSMDCL2!CC0402_100NF_16V_10%_X7R!TRUE!100nF!
S!C198!CC0402_100NF_16V_10%_X7R!!CLK_FO_0_5!!10%!!CAPCERSMDCL2_0402!CAPCERSMDCL2!CAPCERSMDCL2_0402-100NF,16V_GEN!CAPCERSMDCL2!CC0402_100NF_16V_10%_X7R!TRUE!100nF!
S!C199!CC0402_100NF_16V_10%_X7R!!CLK_FO_0_5!!10%!!CAPCERSMDCL2_0402!CAPCERSMDCL2!CAPCERSMDCL2_0402-100NF,16V_GEN!CAPCERSMDCL2!CC0402_100NF_16V_10%_X7R!TRUE!100nF!
S!C8!CC0402_100NF_16V_10%_X7R!!CLK_FO_6_11!5!10%!!CAPCERSMDCL2_0402!CAPCERSMDCL2!CAPCERSMDCL2_0402-100NF,16V_GEN!CAPCERSMDCL2!CC0402_100NF_16V_10%_X7R!TRUE!100nF!
S!C19!CC0402_100NF_16V_10%_X7R!!CLK_FO_0_5!8!10%!!CAPCERSMDCL2_0402!CAPCERSMDCL2!CAPCERSMDCL2_0402-100NF,16V_GEN!CAPCERSMDCL2!CC0402_100NF_16V_10%_X7R!TRUE!100nF!
S!C37!CC0402_100NF_16V_10%_X7R!!CLK_FO_0_5!!10%!!CAPCERSMDCL2_0402!CAPCERSMDCL2!CAPCERSMDCL2_0402-100NF,16V_GEN!CAPCERSMDCL2!CC0402_100NF_16V_10%_X7R!TRUE!100nF!
S!C135!CC0402_100NF_16V_10%_X7R!!CLK_FO_0_5!!10%!!CAPCERSMDCL2_0402!CAPCERSMDCL2!CAPCERSMDCL2_0402-100NF,16V_GEN!CAPCERSMDCL2!CC0402_100NF_16V_10%_X7R!TRUE!100nF!
S!C136!CC0402_100NF_16V_10%_X7R!!CLK_FO_0_5!145!10%!!CAPCERSMDCL2_0402!CAPCERSMDCL2!CAPCERSMDCL2_0402-100NF,16V_GEN!CAPCERSMDCL2!CC0402_100NF_16V_10%_X7R!TRUE!100nF!
S!C148!CC0402_100NF_16V_10%_X7R!!CLK_FO_6_11!!10%!!CAPCERSMDCL2_0402!CAPCERSMDCL2!CAPCERSMDCL2_0402-100NF,16V_GEN!CAPCERSMDCL2!CC0402_100NF_16V_10%_X7R!TRUE!100nF!
S!C165!CC0402_100NF_16V_10%_X7R!!CLK_FO_6_11!4!10%!!CAPCERSMDCL2_0402!CAPCERSMDCL2!CAPCERSMDCL2_0402-100NF,16V_GEN!CAPCERSMDCL2!CC0402_100NF_16V_10%_X7R!TRUE!100nF!
S!C166!CC0402_100NF_16V_10%_X7R!!CLK_FO_6_11!202!10%!!CAPCERSMDCL2_0402!CAPCERSMDCL2!CAPCERSMDCL2_0402-100NF,16V_GEN!CAPCERSMDCL2!CC0402_100NF_16V_10%_X7R!TRUE!100nF!
S!C84!CC0402_100NF_16V_10%_X7R!!SFP_DFF_AND_FANOUT!!10%!!CAPCERSMDCL2_0402!CAPCERSMDCL2!CAPCERSMDCL2_0402-100NF,16V_GEN!CAPCERSMDCL2!CC0402_100NF_16V_10%_X7R!!100nF!
S!C77!CC0402_100NF_16V_10%_X7R!!SFP_DFF_AND_FANOUT!!10%!!CAPCERSMDCL2_0402!CAPCERSMDCL2!CAPCERSMDCL2_0402-100NF,16V_GEN!CAPCERSMDCL2!CC0402_100NF_16V_10%_X7R!!100nF!
S!C78!CC0402_100NF_16V_10%_X7R!!SFP_DFF_AND_FANOUT!!10%!!CAPCERSMDCL2_0402!CAPCERSMDCL2!CAPCERSMDCL2_0402-100NF,16V_GEN!CAPCERSMDCL2!CC0402_100NF_16V_10%_X7R!!100nF!
S!C79!CC0402_100NF_16V_10%_X7R!!SFP_DFF_AND_FANOUT!!10%!!CAPCERSMDCL2_0402!CAPCERSMDCL2!CAPCERSMDCL2_0402-100NF,16V_GEN!CAPCERSMDCL2!CC0402_100NF_16V_10%_X7R!!100nF!
S!C80!CC0402_100NF_16V_10%_X7R!!SFP_DFF_AND_FANOUT!!10%!!CAPCERSMDCL2_0402!CAPCERSMDCL2!CAPCERSMDCL2_0402-100NF,16V_GEN!CAPCERSMDCL2!CC0402_100NF_16V_10%_X7R!!100nF!
S!C137!CC0402_100NF_16V_10%_X7R!!CLK_GEN_X12!!10%!!CAPCERSMDCL2_0402!CAPCERSMDCL2!CAPCERSMDCL2_0402-100NF,16V_GEN!CAPCERSMDCL2!CC0402_100NF_16V_10%_X7R!!100nF!
S!C12!CC0402_100NF_16V_10%_X7R!!SFP_DFF_AND_FANOUT!!10%!!CAPCERSMDCL2_0402!CAPCERSMDCL2!CAPCERSMDCL2_0402-100NF,16V_GEN!CAPCERSMDCL2!CC0402_100NF_16V_10%_X7R!!100nF!
S!C13!CC0402_100NF_16V_10%_X7R!!SFP_DFF_AND_FANOUT!!10%!!CAPCERSMDCL2_0402!CAPCERSMDCL2!CAPCERSMDCL2_0402-100NF,16V_GEN!CAPCERSMDCL2!CC0402_100NF_16V_10%_X7R!!100nF!
S!C14!CC0402_100NF_16V_10%_X7R!!SFP_DFF_AND_FANOUT!!10%!!CAPCERSMDCL2_0402!CAPCERSMDCL2!CAPCERSMDCL2_0402-100NF,16V_GEN!CAPCERSMDCL2!CC0402_100NF_16V_10%_X7R!!100nF!
S!C15!CC0402_100NF_16V_10%_X7R!!SFP_DFF_AND_FANOUT!!10%!!CAPCERSMDCL2_0402!CAPCERSMDCL2!CAPCERSMDCL2_0402-100NF,16V_GEN!CAPCERSMDCL2!CC0402_100NF_16V_10%_X7R!!100nF!
S!C24!CC0402_100NF_16V_10%_X7R!!SFP_DFF_AND_FANOUT!194!10%!!CAPCERSMDCL2_0402!CAPCERSMDCL2!CAPCERSMDCL2_0402-100NF,16V_GEN!CAPCERSMDCL2!CC0402_100NF_16V_10%_X7R!!100nF!
S!C27!CC0402_100NF_16V_10%_X7R!!SFP_DFF_AND_FANOUT!202!10%!!CAPCERSMDCL2_0402!CAPCERSMDCL2!CAPCERSMDCL2_0402-100NF,16V_GEN!CAPCERSMDCL2!CC0402_100NF_16V_10%_X7R!!100nF!
S!C29!CC0402_100NF_16V_10%_X7R!!SFP_DFF_AND_FANOUT!158!10%!!CAPCERSMDCL2_0402!CAPCERSMDCL2!CAPCERSMDCL2_0402-100NF,16V_GEN!CAPCERSMDCL2!CC0402_100NF_16V_10%_X7R!!100nF!
S!C32!CC0402_100NF_16V_10%_X7R!!SFP_DFF_AND_FANOUT!!10%!!CAPCERSMDCL2_0402!CAPCERSMDCL2!CAPCERSMDCL2_0402-100NF,16V_GEN!CAPCERSMDCL2!CC0402_100NF_16V_10%_X7R!!100nF!
S!C49!CC0402_100NF_16V_10%_X7R!!SFP_DFF_AND_FANOUT!263!10%!!CAPCERSMDCL2_0402!CAPCERSMDCL2!CAPCERSMDCL2_0402-100NF,16V_GEN!CAPCERSMDCL2!CC0402_100NF_16V_10%_X7R!!100nF!
S!C97!CC0402_100NF_16V_10%_X7R!!SFP_DFF_AND_FANOUT!!10%!!CAPCERSMDCL2_0402!CAPCERSMDCL2!CAPCERSMDCL2_0402-100NF,16V_GEN!CAPCERSMDCL2!CC0402_100NF_16V_10%_X7R!!100nF!
S!C99!CC0402_100NF_16V_10%_X7R!!SFP_DFF_AND_FANOUT!264!10%!!CAPCERSMDCL2_0402!CAPCERSMDCL2!CAPCERSMDCL2_0402-100NF,16V_GEN!CAPCERSMDCL2!CC0402_100NF_16V_10%_X7R!!100nF!
S!C102!CC0402_100NF_16V_10%_X7R!!SFP_DFF_AND_FANOUT!261!10%!!CAPCERSMDCL2_0402!CAPCERSMDCL2!CAPCERSMDCL2_0402-100NF,16V_GEN!CAPCERSMDCL2!CC0402_100NF_16V_10%_X7R!!100nF!
S!C122!CC0402_100NF_16V_10%_X7R!!SFP_DFF_AND_FANOUT!!10%!!CAPCERSMDCL2_0402!CAPCERSMDCL2!CAPCERSMDCL2_0402-100NF,16V_GEN!CAPCERSMDCL2!CC0402_100NF_16V_10%_X7R!!100nF!
S!C133!CC0402_100NF_16V_10%_X7R!!CLK_GEN_X12!!10%!!CAPCERSMDCL2_0402!CAPCERSMDCL2!CAPCERSMDCL2_0402-100NF,16V_GEN!CAPCERSMDCL2!CC0402_100NF_16V_10%_X7R!!100nF!
S!C174!CC0402_100NF_16V_10%_X7R!!CLK_GEN_X12!146!10%!!CAPCERSMDCL2_0402!CAPCERSMDCL2!CAPCERSMDCL2_0402-100NF,16V_GEN!CAPCERSMDCL2!CC0402_100NF_16V_10%_X7R!!100nF!
S!C138!CC0402_100NF_16V_10%_X7R!!CLK_GEN_X12!10!10%!!CAPCERSMDCL2_0402!CAPCERSMDCL2!CAPCERSMDCL2_0402-100NF,16V_GEN!CAPCERSMDCL2!CC0402_100NF_16V_10%_X7R!!100nF!
S!C142!CC0402_100NF_16V_10%_X7R!!CLK_GEN_X12!!10%!!CAPCERSMDCL2_0402!CAPCERSMDCL2!CAPCERSMDCL2_0402-100NF,16V_GEN!CAPCERSMDCL2!CC0402_100NF_16V_10%_X7R!!100nF!
S!C146!CC0402_100NF_16V_10%_X7R!!CLK_GEN_X12!12!10%!!CAPCERSMDCL2_0402!CAPCERSMDCL2!CAPCERSMDCL2_0402-100NF,16V_GEN!CAPCERSMDCL2!CC0402_100NF_16V_10%_X7R!!100nF!
S!C149!CC0402_100NF_16V_10%_X7R!!CLK_GEN_X12!!10%!!CAPCERSMDCL2_0402!CAPCERSMDCL2!CAPCERSMDCL2_0402-100NF,16V_GEN!CAPCERSMDCL2!CC0402_100NF_16V_10%_X7R!!100nF!
S!C150!CC0402_100NF_16V_10%_X7R!!CLK_GEN_X12!!10%!!CAPCERSMDCL2_0402!CAPCERSMDCL2!CAPCERSMDCL2_0402-100NF,16V_GEN!CAPCERSMDCL2!CC0402_100NF_16V_10%_X7R!!100nF!
S!C151!CC0402_100NF_16V_10%_X7R!!CLK_GEN_X12!!10%!!CAPCERSMDCL2_0402!CAPCERSMDCL2!CAPCERSMDCL2_0402-100NF,16V_GEN!CAPCERSMDCL2!CC0402_100NF_16V_10%_X7R!!100nF!
S!C152!CC0402_100NF_16V_10%_X7R!!CLK_GEN_X12!150!10%!!CAPCERSMDCL2_0402!CAPCERSMDCL2!CAPCERSMDCL2_0402-100NF,16V_GEN!CAPCERSMDCL2!CC0402_100NF_16V_10%_X7R!!100nF!
S!C153!CC0402_100NF_16V_10%_X7R!!CLK_GEN_X12!!10%!!CAPCERSMDCL2_0402!CAPCERSMDCL2!CAPCERSMDCL2_0402-100NF,16V_GEN!CAPCERSMDCL2!CC0402_100NF_16V_10%_X7R!!100nF!
S!C154!CC0402_100NF_16V_10%_X7R!!CLK_GEN_X12!!10%!!CAPCERSMDCL2_0402!CAPCERSMDCL2!CAPCERSMDCL2_0402-100NF,16V_GEN!CAPCERSMDCL2!CC0402_100NF_16V_10%_X7R!!100nF!
S!C157!CC0402_100NF_16V_10%_X7R!!CLK_GEN_X12!!10%!!CAPCERSMDCL2_0402!CAPCERSMDCL2!CAPCERSMDCL2_0402-100NF,16V_GEN!CAPCERSMDCL2!CC0402_100NF_16V_10%_X7R!!100nF!
S!C158!CC0402_100NF_16V_10%_X7R!!CLK_GEN_X12!214!10%!!CAPCERSMDCL2_0402!CAPCERSMDCL2!CAPCERSMDCL2_0402-100NF,16V_GEN!CAPCERSMDCL2!CC0402_100NF_16V_10%_X7R!!100nF!
S!C159!CC0402_100NF_16V_10%_X7R!!CLK_GEN_X12!!10%!!CAPCERSMDCL2_0402!CAPCERSMDCL2!CAPCERSMDCL2_0402-100NF,16V_GEN!CAPCERSMDCL2!CC0402_100NF_16V_10%_X7R!!100nF!
S!C167!CC0402_100NF_16V_10%_X7R!!CLK_GEN_X12!216!10%!!CAPCERSMDCL2_0402!CAPCERSMDCL2!CAPCERSMDCL2_0402-100NF,16V_GEN!CAPCERSMDCL2!CC0402_100NF_16V_10%_X7R!!100nF!
S!C169!CC0402_100NF_16V_10%_X7R!!CLK_GEN_X12!203!10%!!CAPCERSMDCL2_0402!CAPCERSMDCL2!CAPCERSMDCL2_0402-100NF,16V_GEN!CAPCERSMDCL2!CC0402_100NF_16V_10%_X7R!!100nF!
S!C170!CC0402_100NF_16V_10%_X7R!!CLK_GEN_X12!219!10%!!CAPCERSMDCL2_0402!CAPCERSMDCL2!CAPCERSMDCL2_0402-100NF,16V_GEN!CAPCERSMDCL2!CC0402_100NF_16V_10%_X7R!!100nF!
S!C85!CC0402_1NF_50V_10%_X7R!!SFP_DFF_AND_FANOUT!!10%!!CAPCERSMDCL2_0402!CAPCERSMDCL2!CAPCERSMDCL2_0402-1NF_X7R,50V!CAPCERSMDCL2!CC0402_1NF_50V_10%_X7R!!1nF!
S!C18!CC0402_1NF_50V_10%_X7R!!SFP_DFF_AND_FANOUT!!10%!!CAPCERSMDCL2_0402!CAPCERSMDCL2!CAPCERSMDCL2_0402-1NF_X7R,50V!CAPCERSMDCL2!CC0402_1NF_50V_10%_X7R!!1nF!
S!C21!CC0402_1NF_50V_10%_X7R!!SFP_DFF_AND_FANOUT!!10%!!CAPCERSMDCL2_0402!CAPCERSMDCL2!CAPCERSMDCL2_0402-1NF_X7R,50V!CAPCERSMDCL2!CC0402_1NF_50V_10%_X7R!!1nF!
S!C22!CC0402_1NF_50V_10%_X7R!!SFP_DFF_AND_FANOUT!159!10%!!CAPCERSMDCL2_0402!CAPCERSMDCL2!CAPCERSMDCL2_0402-1NF_X7R,50V!CAPCERSMDCL2!CC0402_1NF_50V_10%_X7R!!1nF!
S!C125!CC0402_1NF_50V_10%_X7R!!SFP_DFF_AND_FANOUT!147!10%!!CAPCERSMDCL2_0402!CAPCERSMDCL2!CAPCERSMDCL2_0402-1NF_X7R,50V!CAPCERSMDCL2!CC0402_1NF_50V_10%_X7R!!1nF!
S!C83!CC0402_1.0UF_16V_10%_X5R!!SFP_DFF_AND_FANOUT!!10%!!CAPCERSMDCL2_0402!CAPCERSMDCL2!CAPCERSMDCL2_0402-1UF,16V!CAPCERSMDCL2!CC0402_1.0UF_16V_10%_X5R!!1uF!
S!C130!CC0402_1.0UF_16V_10%_X5R!!CLK_GEN_X12!!10%!!CAPCERSMDCL2_0402!CAPCERSMDCL2!CAPCERSMDCL2_0402-1UF,16V!CAPCERSMDCL2!CC0402_1.0UF_16V_10%_X5R!!1uF!
S!C5!CC0402_1.0UF_16V_10%_X5R!!SFP_DFF_AND_FANOUT!193!10%!!CAPCERSMDCL2_0402!CAPCERSMDCL2!CAPCERSMDCL2_0402-1UF,16V!CAPCERSMDCL2!CC0402_1.0UF_16V_10%_X5R!!1uF!
S!C6!CC0402_1.0UF_16V_10%_X5R!!SFP_DFF_AND_FANOUT!217!10%!!CAPCERSMDCL2_0402!CAPCERSMDCL2!CAPCERSMDCL2_0402-1UF,16V!CAPCERSMDCL2!CC0402_1.0UF_16V_10%_X5R!!1uF!
S!C7!CC0402_1.0UF_16V_10%_X5R!!SFP_DFF_AND_FANOUT!206!10%!!CAPCERSMDCL2_0402!CAPCERSMDCL2!CAPCERSMDCL2_0402-1UF,16V!CAPCERSMDCL2!CC0402_1.0UF_16V_10%_X5R!!1uF!
S!C118!CC0402_1.0UF_16V_10%_X5R!!SFP_DFF_AND_FANOUT!!10%!!CAPCERSMDCL2_0402!CAPCERSMDCL2!CAPCERSMDCL2_0402-1UF,16V!CAPCERSMDCL2!CC0402_1.0UF_16V_10%_X5R!!1uF!
S!C173!CC0402_1.0UF_16V_10%_X5R!!CLK_GEN_X12!!10%!!CAPCERSMDCL2_0402!CAPCERSMDCL2!CAPCERSMDCL2_0402-1UF,16V!CAPCERSMDCL2!CC0402_1.0UF_16V_10%_X5R!!1uF!
S!C131!CC0402_1.0UF_16V_10%_X5R!!CLK_GEN_X12!196!10%!!CAPCERSMDCL2_0402!CAPCERSMDCL2!CAPCERSMDCL2_0402-1UF,16V!CAPCERSMDCL2!CC0402_1.0UF_16V_10%_X5R!!1uF!
S!C132!CC0402_1.0UF_16V_10%_X5R!!CLK_GEN_X12!!10%!!CAPCERSMDCL2_0402!CAPCERSMDCL2!CAPCERSMDCL2_0402-1UF,16V!CAPCERSMDCL2!CC0402_1.0UF_16V_10%_X5R!!1uF!
S!C134!CC0402_1.0UF_16V_10%_X5R!!CLK_GEN_X12!!10%!!CAPCERSMDCL2_0402!CAPCERSMDCL2!CAPCERSMDCL2_0402-1UF,16V!CAPCERSMDCL2!CC0402_1.0UF_16V_10%_X5R!!1uF!
S!C160!CC0402_1.0UF_16V_10%_X5R!!CLK_GEN_X12!!10%!!CAPCERSMDCL2_0402!CAPCERSMDCL2!CAPCERSMDCL2_0402-1UF,16V!CAPCERSMDCL2!CC0402_1.0UF_16V_10%_X5R!!1uF!
S!C168!CC0402_1.0UF_16V_10%_X5R!!CLK_GEN_X12!204!10%!!CAPCERSMDCL2_0402!CAPCERSMDCL2!CAPCERSMDCL2_0402-1UF,16V!CAPCERSMDCL2!CC0402_1.0UF_16V_10%_X5R!!1uF!
S!C126!CC0603_10UF_6V3_20%_X5R!!CLK_GEN_X12!!20%!!CAPCERSMDCL2_0603!CAPCERSMDCL2!CAPCERSMDCL2_0603-10UF,6.3V!CAPCERSMDCL2!CC0603_10UF_6V3_20%_X5R!!10uF!
S!C128!CC0603_10UF_6V3_20%_X5R!!CLK_GEN_X12!!20%!!CAPCERSMDCL2_0603!CAPCERSMDCL2!CAPCERSMDCL2_0603-10UF,6.3V!CAPCERSMDCL2!CC0603_10UF_6V3_20%_X5R!!10uF!
S!C171!CC0603_10UF_6V3_20%_X5R!!CLK_GEN_X12!!20%!!CAPCERSMDCL2_0603!CAPCERSMDCL2!CAPCERSMDCL2_0603-10UF,6.3V!CAPCERSMDCL2!CC0603_10UF_6V3_20%_X5R!!10uF!
S!C127!CC0603_10UF_6V3_20%_X5R!!CLK_GEN_X12!!20%!!CAPCERSMDCL2_0603!CAPCERSMDCL2!CAPCERSMDCL2_0603-10UF,6.3V!CAPCERSMDCL2!CC0603_10UF_6V3_20%_X5R!!10uF!
S!C172!CC0603_10UF_6V3_20%_X5R!!CLK_GEN_X12!!20%!!CAPCERSMDCL2_0603!CAPCERSMDCL2!CAPCERSMDCL2_0603-10UF,6.3V!CAPCERSMDCL2!CC0603_10UF_6V3_20%_X5R!!10uF!
S!C129!CC0603_10UF_6V3_20%_X5R!!CLK_GEN_X12!!20%!!CAPCERSMDCL2_0603!CAPCERSMDCL2!CAPCERSMDCL2_0603-10UF,6.3V!CAPCERSMDCL2!CC0603_10UF_6V3_20%_X5R!!10uF!
S!C162!CC0603_10UF_6V3_20%_X5R!!CLK_GEN_X12!205!20%!!CAPCERSMDCL2_0603!CAPCERSMDCL2!CAPCERSMDCL2_0603-10UF,6.3V!CAPCERSMDCL2!CC0603_10UF_6V3_20%_X5R!!10uF!
S!C163!CC0603_10UF_6V3_20%_X5R!!CLK_GEN_X12!!20%!!CAPCERSMDCL2_0603!CAPCERSMDCL2!CAPCERSMDCL2_0603-10UF,6.3V!CAPCERSMDCL2!CC0603_10UF_6V3_20%_X5R!!10uF!
S!U2!MAX9381ESA!!!211!!!MAX9381ESA_SMD!MAX9381ESA!MAX9381ESA_SMD-MAX9381ESA!MAX9381ESA!MAX9381ESA!!!
S!J17!U.FL-R-SMT-1(10)!!!!!!PCOAX!PCOAX!PCOAX-U.FL-R-SMT-1(10)!PCOAX!U.FL-R-SMT-1(10)!!!
S!J18!U.FL-R-SMT-1(10)!!!!!!PCOAX!PCOAX!PCOAX-U.FL-R-SMT-1(10)!PCOAX!U.FL-R-SMT-1(10)!!!
S!J19!U.FL-R-SMT-1(10)!!!!!!PCOAX!PCOAX!PCOAX-U.FL-R-SMT-1(10)!PCOAX!U.FL-R-SMT-1(10)!!!
S!TE1!U.FL-R-SMT-1(10)!!!!!!PCOAX!PCOAX!PCOAX-U.FL-R-SMT-1(10)!PCOAX!U.FL-R-SMT-1(10)!!!
S!J14!U.FL-R-SMT-1(10)!!CLK_GEN_X12!!!!PCOAX!PCOAX!PCOAX-U.FL-R-SMT-1(10)!PCOAX!U.FL-R-SMT-1(10)!!!
S!J15!U.FL-R-SMT-1(10)!!CLK_GEN_X12!!!!PCOAX!PCOAX!PCOAX-U.FL-R-SMT-1(10)!PCOAX!U.FL-R-SMT-1(10)!!!
S!R11!R0402_1K_1%_0.063W_100PPM!!CLK_FO_0_5!199!1%!!RSMD0402_1/16W!RSMD0402!RSMD0402_1/16W-1K,1%!RSMD0402!R0402_1K_1%_0.063W_100PPM!!1k!
S!R24!R0402_1K_1%_0.063W_100PPM!!CLK_FO_6_11!160!1%!!RSMD0402_1/16W!RSMD0402!RSMD0402_1/16W-1K,1%!RSMD0402!R0402_1K_1%_0.063W_100PPM!!1k!
S!R155!R0402_1K_1%_0.063W_100PPM!!CLK_FO_0_5!!1%!!RSMD0402_1/16W!RSMD0402!RSMD0402_1/16W-1K,1%!RSMD0402!R0402_1K_1%_0.063W_100PPM!!1k!
S!R156!R0402_1K_1%_0.063W_100PPM!!CLK_FO_6_11!!1%!!RSMD0402_1/16W!RSMD0402!RSMD0402_1/16W-1K,1%!RSMD0402!R0402_1K_1%_0.063W_100PPM!!1k!
S!R37!R0402_1K_1%_0.063W_100PPM!!SFP_DFF_AND_FANOUT!199!1%!!RSMD0402_1/16W!RSMD0402!RSMD0402_1/16W-1K,1%!RSMD0402!R0402_1K_1%_0.063W_100PPM!!1k!
S!R38!R0402_1K_1%_0.063W_100PPM!!SFP_DFF_AND_FANOUT!198!1%!!RSMD0402_1/16W!RSMD0402!RSMD0402_1/16W-1K,1%!RSMD0402!R0402_1K_1%_0.063W_100PPM!!1k!
S!R40!R0402_1K_1%_0.063W_100PPM!!SFP_DFF_AND_FANOUT!27!1%!!RSMD0402_1/16W!RSMD0402!RSMD0402_1/16W-1K,1%!RSMD0402!R0402_1K_1%_0.063W_100PPM!!1k!
S!R42!R0402_1K_1%_0.063W_100PPM!!SFP_DFF_AND_FANOUT!28!1%!!RSMD0402_1/16W!RSMD0402!RSMD0402_1/16W-1K,1%!RSMD0402!R0402_1K_1%_0.063W_100PPM!!1k!
S!R157!R0402_2K2_1%_0.063W_200PPM!!CLK_FO_0_5!!1%!!RSMD0402_1/16W!RSMD0402!RSMD0402_1/16W-2.2K,1%!RSMD0402!R0402_2K2_1%_0.063W_200PPM!!2.2k!
S!R158!R0402_2K2_1%_0.063W_200PPM!!CLK_FO_6_11!!1%!!RSMD0402_1/16W!RSMD0402!RSMD0402_1/16W-2.2K,1%!RSMD0402!R0402_2K2_1%_0.063W_200PPM!!2.2k!
S!R43!R0402_2K2_1%_0.063W_200PPM!!SFP_DFF_AND_FANOUT!269!1%!!RSMD0402_1/16W!RSMD0402!RSMD0402_1/16W-2.2K,1%!RSMD0402!R0402_2K2_1%_0.063W_200PPM!!2.2k!
S!R46!R0402_2K2_1%_0.063W_200PPM!!SFP_DFF_AND_FANOUT!262!1%!!RSMD0402_1/16W!RSMD0402!RSMD0402_1/16W-2.2K,1%!RSMD0402!R0402_2K2_1%_0.063W_200PPM!!2.2k!
S!R49!R0402_2K2_1%_0.063W_200PPM!!SFP_DFF_AND_FANOUT!268!1%!!RSMD0402_1/16W!RSMD0402!RSMD0402_1/16W-2.2K,1%!RSMD0402!R0402_2K2_1%_0.063W_200PPM!!2.2k!
S!R100!R0402_2K2_1%_0.063W_200PPM!!SFP_DFF_AND_FANOUT!!1%!!RSMD0402_1/16W!RSMD0402!RSMD0402_1/16W-2.2K,1%!RSMD0402!R0402_2K2_1%_0.063W_200PPM!!2.2k!
S!QZ1!SIT5021AI-2DE-25E-50.000000!!CLK_GEN_X12!!!!OSC_6P_ENDIS_OUTP_OUTN_145!OSC_6P_ENDIS_OUTP_OUTN!SIT5021AI-2DE-25E-50.000000!OSC_6P_ENDIS_OUTP_OUTN!SIT5021AI-2DE-25E-50.000000!TRUE!50MHz!
S!IC1!SY58608UMG!!SFP_DFF_AND_FANOUT!!!!SY58608U_QFN!SY58608U!SY58608UMG!SY58608U!SY58608UMG!TRUE!!
S!IC2!SY58608UMG!!SFP_DFF_AND_FANOUT!!!!SY58608U_QFN!SY58608U!SY58608UMG!SY58608U!SY58608UMG!TRUE!!
S!TIMING1!SY58608UMG!!SFP_DFF_AND_FANOUT!!!!SY58608U_QFN!SY58608U!SY58608UMG!SY58608U!SY58608UMG!TRUE!!
S!U18!24AA025E48T-I/SN!!EEPROM!5!!!24AA025E48T-I/SN!24AA025E48T-I/SN!24AA025E48T-I/SN-24AA025E48T-I/SN,24AA025E48T-I/SN!24AA025E48T-I/SN!24AA025E48T-I/SN!TRUE!24AA025E48T-I/SN!
S!J10!878321420!!JTAG!39!!!7X2RECPT_SMD_2MM!7X2RECPT_SMD_2MM!7X2RECPT_SMD_2MM-878321420,7X2RECPT_SMD_2MM!7X2RECPT_SMD_2MM!878321420!TRUE!7X2RECPT_SMD_2MM!
S!C62!445-7348-2-ND!!VCC3V3I_V!18!!!CAP_NP!CAP_NP!CAP_NP-445-7348-2-ND,CAP_NP!CAP_NP!445-7348-2-ND!TRUE!0.1UF!
S!C69!445-7348-2-ND!!VCC3V3I_V!18!!!CAP_NP!CAP_NP!CAP_NP-445-7348-2-ND,CAP_NP!CAP_NP!445-7348-2-ND!TRUE!0.1UF!
S!C57!445-7348-2-ND!!VCC1V8!54!!!CAP_NP!CAP_NP!CAP_NP-445-7348-2-ND,CAP_NP!CAP_NP!445-7348-2-ND!TRUE!0.1UF!
S!C64!445-7348-2-ND!!VCC1V8!148!!!CAP_NP!CAP_NP!CAP_NP-445-7348-2-ND,CAP_NP!CAP_NP!445-7348-2-ND!TRUE!0.1UF!
S!C66!445-7348-2-ND!!EEPROM!8!!!CAP_NP!CAP_NP!CAP_NP-445-7348-2-ND,CAP_NP!CAP_NP!445-7348-2-ND!TRUE!0.1UF!
S!C86!445-7348-2-ND!YES!SFP0!182!!!CAP_NP!CAP_NP!CAP_NP-445-7348-2-ND,CAP_NP!CAP_NP!445-7348-2-ND!TRUE!0.1UF!
S!C90!445-7348-2-ND!YES!SFP0!175!!!CAP_NP!CAP_NP!CAP_NP-445-7348-2-ND,CAP_NP!CAP_NP!445-7348-2-ND!TRUE!0.1UF!
S!C94!445-7348-2-ND!YES!SFP0!!!!CAP_NP!CAP_NP!CAP_NP-445-7348-2-ND,CAP_NP!CAP_NP!445-7348-2-ND!TRUE!0.1UF!
S!C103!445-7348-2-ND!!JTAG!23!!!CAP_NP!CAP_NP!CAP_NP-445-7348-2-ND,CAP_NP!CAP_NP!445-7348-2-ND!TRUE!0.1UF!
S!C107!445-7348-2-ND!!SFP0!195!!!CAP_NP!CAP_NP!CAP_NP-445-7348-2-ND,CAP_NP!CAP_NP!445-7348-2-ND!TRUE!0.1UF!
S!C111!445-7348-2-ND!YES!SFP0!!!!CAP_NP!CAP_NP!CAP_NP-445-7348-2-ND,CAP_NP!CAP_NP!445-7348-2-ND!TRUE!0.1UF!
S!C115!445-7348-2-ND!YES!SFP0!!!!CAP_NP!CAP_NP!CAP_NP-445-7348-2-ND,CAP_NP!CAP_NP!445-7348-2-ND!TRUE!0.1UF!
S!C140!445-7348-2-ND!YES!SFP0!225!!!CAP_NP!CAP_NP!CAP_NP-445-7348-2-ND,CAP_NP!CAP_NP!445-7348-2-ND!TRUE!0.1UF!
S!C145!445-7348-2-ND!YES!SFP0!151!!!CAP_NP!CAP_NP!CAP_NP-445-7348-2-ND,CAP_NP!CAP_NP!445-7348-2-ND!TRUE!0.1UF!
S!C156!445-7348-2-ND!YES!SFP0!!!!CAP_NP!CAP_NP!CAP_NP-445-7348-2-ND,CAP_NP!CAP_NP!445-7348-2-ND!TRUE!0.1UF!
S!C75!445-8173-1-ND!!MAIN_PWR!!!!CAP_NP!CAP_NP!CAP_NP-445-8173-1-ND,CAP_NP!CAP_NP!445-8173-1-ND!TRUE!0.1UF!
S!C76!445-8173-1-ND!!MAIN_PWR!!!!CAP_NP!CAP_NP!CAP_NP-445-8173-1-ND,CAP_NP!CAP_NP!445-8173-1-ND!TRUE!0.1UF!
S!C42!445-8173-1-ND!!MAIN_PWR!!!!CAP_NP!CAP_NP!CAP_NP-445-8173-1-ND,CAP_NP!CAP_NP!445-8173-1-ND!TRUE!0.1UF!
S!C47!445-8173-1-ND!!MAIN_PWR!!!!CAP_NP!CAP_NP!CAP_NP-445-8173-1-ND,CAP_NP!CAP_NP!445-8173-1-ND!TRUE!0.1UF!
S!C48!445-8173-1-ND!!MAIN_PWR!!!!CAP_NP!CAP_NP!CAP_NP-445-8173-1-ND,CAP_NP!CAP_NP!445-8173-1-ND!TRUE!0.1UF!
S!C92!445-8173-1-ND!!MAIN_PWR!!!!CAP_NP!CAP_NP!CAP_NP-445-8173-1-ND,CAP_NP!CAP_NP!445-8173-1-ND!TRUE!0.1UF!
S!C53!C0402C104K9RACTU!!MMC_DISCRETE!5!!!CAP_NP!CAP_NP!CAP_NP-C0402C104K9RACTU,CAP_NP!CAP_NP!C0402C104K9RACTU!TRUE!0.1UF!
S!C93!C0402C104K9RACTU!!MMC_DISCRETE!180!!!CAP_NP!CAP_NP!CAP_NP-C0402C104K9RACTU,CAP_NP!CAP_NP!C0402C104K9RACTU!TRUE!0.1UF!
S!C104!C0402C104K9RACTU!!MMC_DISCRETE!259!!!CAP_NP!CAP_NP!CAP_NP-C0402C104K9RACTU,CAP_NP!CAP_NP!C0402C104K9RACTU!TRUE!0.1UF!
S!C9!GRM152R60J105ME15D!!CLK_FO_6_11!6!!!CAP_NP!CAP_NP!CAP_NP-GRM152R60J105ME15D,CAP_NP!CAP_NP!GRM152R60J105ME15D!TRUE!1UF!
S!C20!GRM152R60J105ME15D!!CLK_FO_0_5!!!!CAP_NP!CAP_NP!CAP_NP-GRM152R60J105ME15D,CAP_NP!CAP_NP!GRM152R60J105ME15D!TRUE!1UF!
S!C38!GRM152R60J105ME15D!!CLK_FO_0_5!!!!CAP_NP!CAP_NP!CAP_NP-GRM152R60J105ME15D,CAP_NP!CAP_NP!GRM152R60J105ME15D!TRUE!1UF!
S!C147!GRM152R60J105ME15D!!CLK_FO_6_11!13!!!CAP_NP!CAP_NP!CAP_NP-GRM152R60J105ME15D,CAP_NP!CAP_NP!GRM152R60J105ME15D!TRUE!1UF!
S!C46!GRM155R60J474KE19J!!MMC_DISCRETE!24!!!CAP_NP!CAP_NP!CAP_NP-GRM155R60J474KE19J,CAP_NP!CAP_NP!GRM155R60J474KE19J!TRUE!0.47UF!
S!C88!GRM188R60J226MEA0D!!SFP0!181!!!CAP_NP!CAP_NP!CAP_NP-GRM188R60J226MEA0D,CAP_NP!CAP_NP!GRM188R60J226MEA0D!TRUE!22UF!
S!C96!GRM188R60J226MEA0D!YES!SFP0!47!!!CAP_NP!CAP_NP!CAP_NP-GRM188R60J226MEA0D,CAP_NP!CAP_NP!GRM188R60J226MEA0D!TRUE!22UF!
S!C109!GRM188R60J226MEA0D!YES!SFP0!184!!!CAP_NP!CAP_NP!CAP_NP-GRM188R60J226MEA0D,CAP_NP!CAP_NP!GRM188R60J226MEA0D!TRUE!22UF!
S!C117!GRM188R60J226MEA0D!YES!SFP0!!!!CAP_NP!CAP_NP!CAP_NP-GRM188R60J226MEA0D,CAP_NP!CAP_NP!GRM188R60J226MEA0D!TRUE!22UF!
S!C143!GRM188R60J226MEA0D!YES!SFP0!214!!!CAP_NP!CAP_NP!CAP_NP-GRM188R60J226MEA0D,CAP_NP!CAP_NP!GRM188R60J226MEA0D!TRUE!22UF!
S!C161!GRM188R60J226MEA0D!YES!SFP0!220!!!CAP_NP!CAP_NP!CAP_NP-GRM188R60J226MEA0D,CAP_NP!CAP_NP!GRM188R60J226MEA0D!TRUE!22UF!
S!C87!GRM188R61A106KE69D!YES!SFP0!190!!!CAP_NP!CAP_NP!CAP_NP-GRM188R61A106KE69D,CAP_NP!CAP_NP!GRM188R61A106KE69D!TRUE!10UF!
S!C108!GRM188R61A106KE69D!YES!SFP0!198!!!CAP_NP!CAP_NP!CAP_NP-GRM188R61A106KE69D,CAP_NP!CAP_NP!GRM188R61A106KE69D!TRUE!10UF!
S!C112!GRM188R61A106KE69D!!CLK_FO_0_5!207!!!CAP_NP!CAP_NP!CAP_NP-GRM188R61A106KE69D,CAP_NP!CAP_NP!GRM188R61A106KE69D!TRUE!10UF!
S!C121!GRM188R61A106KE69D!!CLK_FO_0_5!!!!CAP_NP!CAP_NP!CAP_NP-GRM188R61A106KE69D,CAP_NP!CAP_NP!GRM188R61A106KE69D!TRUE!10UF!
S!C141!GRM188R61A106KE69D!YES!SFP0!!!!CAP_NP!CAP_NP!CAP_NP-GRM188R61A106KE69D,CAP_NP!CAP_NP!GRM188R61A106KE69D!TRUE!10UF!
S!C155!GRM188R61A106KE69D!!CLK_FO_6_11!211!!!CAP_NP!CAP_NP!CAP_NP-GRM188R61A106KE69D,CAP_NP!CAP_NP!GRM188R61A106KE69D!TRUE!10UF!
S!C50!GRM21BR60J476ME15K!!VP3V3!!!!CAP_NP!CAP_NP!CAP_NP-GRM21BR60J476ME15K,CAP_NP!CAP_NP!GRM21BR60J476ME15K!TRUE!47UF!
S!C54!GRM21BR60J476ME15K!!VCC1V8!!!!CAP_NP!CAP_NP!CAP_NP-GRM21BR60J476ME15K,CAP_NP!CAP_NP!GRM21BR60J476ME15K!TRUE!47UF!
S!C59!GRM21BR60J476ME15K!!VP3V3!!!!CAP_NP!CAP_NP!CAP_NP-GRM21BR60J476ME15K,CAP_NP!CAP_NP!GRM21BR60J476ME15K!TRUE!47UF!
S!C65!GRM21BR60J476ME15K!!VCC3V3I_V!!!!CAP_NP!CAP_NP!CAP_NP-GRM21BR60J476ME15K,CAP_NP!CAP_NP!GRM21BR60J476ME15K!TRUE!47UF!
S!C68!GRM21BR60J476ME15K!!VCC3V3I_V!!!!CAP_NP!CAP_NP!CAP_NP-GRM21BR60J476ME15K,CAP_NP!CAP_NP!GRM21BR60J476ME15K!TRUE!47UF!
S!C71!GRM21BR60J476ME15K!!VCC3V3I_V!!!!CAP_NP!CAP_NP!CAP_NP-GRM21BR60J476ME15K,CAP_NP!CAP_NP!GRM21BR60J476ME15K!TRUE!47UF!
S!C72!GRM21BR60J476ME15K!!VCC3V3I_V!!!!CAP_NP!CAP_NP!CAP_NP-GRM21BR60J476ME15K,CAP_NP!CAP_NP!GRM21BR60J476ME15K!TRUE!47UF!
S!C81!GRM21BR60J476ME15K!!VCC3V3I_V!!!!CAP_NP!CAP_NP!CAP_NP-GRM21BR60J476ME15K,CAP_NP!CAP_NP!GRM21BR60J476ME15K!TRUE!47UF!
S!C82!GRM21BR60J476ME15K!!VCC3V3I_V!!!!CAP_NP!CAP_NP!CAP_NP-GRM21BR60J476ME15K,CAP_NP!CAP_NP!GRM21BR60J476ME15K!TRUE!47UF!
S!C56!GRM21BR60J476ME15K!!VCC1V8!!!!CAP_NP!CAP_NP!CAP_NP-GRM21BR60J476ME15K,CAP_NP!CAP_NP!GRM21BR60J476ME15K!TRUE!47UF!
S!C60!GRM21BR60J476ME15K!!VCC1V8!172!!!CAP_NP!CAP_NP!CAP_NP-GRM21BR60J476ME15K,CAP_NP!CAP_NP!GRM21BR60J476ME15K!TRUE!47UF!
S!C55!GRM21BR60J476ME15K!!VCC1V8!179!!!CAP_NP!CAP_NP!CAP_NP-GRM21BR60J476ME15K,CAP_NP!CAP_NP!GRM21BR60J476ME15K!TRUE!47UF!
S!C16!GRM31CD80J107ME39K!!MAIN_PWR!!!!CAP_NP!CAP_NP!CAP_NP-GRM31CD80J107ME39K,CAP_NP!CAP_NP!GRM31CD80J107ME39K!TRUE!100UF!
S!C95!GRM31CD80J107ME39K!!MAIN_PWR!185!!!CAP_NP!CAP_NP!CAP_NP-GRM31CD80J107ME39K,CAP_NP!CAP_NP!GRM31CD80J107ME39K!TRUE!100UF!
S!C89!GRT155R61E105ME01D!YES!SFP0!177!!!CAP_NP!CAP_NP!CAP_NP-GRT155R61E105ME01D,CAP_NP!CAP_NP!GRT155R61E105ME01D!TRUE!1UF!
S!C110!GRT155R61E105ME01D!YES!SFP0!201!!!CAP_NP!CAP_NP!CAP_NP-GRT155R61E105ME01D,CAP_NP!CAP_NP!GRT155R61E105ME01D!TRUE!1UF!
S!C144!GRT155R61E105ME01D!YES!SFP0!213!!!CAP_NP!CAP_NP!CAP_NP-GRT155R61E105ME01D,CAP_NP!CAP_NP!GRT155R61E105ME01D!TRUE!1UF!
S!C3!445-7348-2-ND!!CLK_GEN_X12!194!!!CAP_NP_0!CAP_NP_0!CAP_NP_0-445-7348-2-ND,CAP_NP_0!CAP_NP_0!445-7348-2-ND!TRUE!0.1UF!
S!C4!445-7348-2-ND!!CLK_GEN_X12!195!!!CAP_NP_0!CAP_NP_0!CAP_NP_0-445-7348-2-ND,CAP_NP_0!CAP_NP_0!445-7348-2-ND!TRUE!0.1UF!
S!C1!445-7348-2-ND!!TE0712!!!!CAP_NP_0!CAP_NP_0!CAP_NP_0-445-7348-2-ND,CAP_NP_0!CAP_NP_0!445-7348-2-ND!TRUE!0.1UF!
S!C2!445-7348-2-ND!!TE0712!!!!CAP_NP_0!CAP_NP_0!CAP_NP_0-445-7348-2-ND,CAP_NP_0!CAP_NP_0!445-7348-2-ND!TRUE!0.1UF!
S!C10!445-7348-2-ND!!CLK_FO_0_5!1!!!CAP_NP_0!CAP_NP_0!CAP_NP_0-445-7348-2-ND,CAP_NP_0!CAP_NP_0!445-7348-2-ND!TRUE!0.1UF!
S!C11!445-7348-2-ND!!CLK_FO_0_5!2!!!CAP_NP_0!CAP_NP_0!CAP_NP_0-445-7348-2-ND,CAP_NP_0!CAP_NP_0!445-7348-2-ND!TRUE!0.1UF!
S!C26!445-7348-2-ND!!CLK_FO_6_11!!!!CAP_NP_0!CAP_NP_0!CAP_NP_0-445-7348-2-ND,CAP_NP_0!CAP_NP_0!445-7348-2-ND!TRUE!0.1UF!
S!C28!445-7348-2-ND!!CLK_GEN_X12!136!!!CAP_NP_0!CAP_NP_0!CAP_NP_0-445-7348-2-ND,CAP_NP_0!CAP_NP_0!445-7348-2-ND!TRUE!0.1UF!
S!C30!445-7348-2-ND!!CLK_FO_6_11!!!!CAP_NP_0!CAP_NP_0!CAP_NP_0-445-7348-2-ND,CAP_NP_0!CAP_NP_0!445-7348-2-ND!TRUE!0.1UF!
S!C31!445-7348-2-ND!!CLK_GEN_X12!143!!!CAP_NP_0!CAP_NP_0!CAP_NP_0-445-7348-2-ND,CAP_NP_0!CAP_NP_0!445-7348-2-ND!TRUE!0.1UF!
S!C33!445-7348-2-ND!!CLK_GEN_X12!2!!!CAP_NP_0!CAP_NP_0!CAP_NP_0-445-7348-2-ND,CAP_NP_0!CAP_NP_0!445-7348-2-ND!TRUE!0.1UF!
S!C34!445-7348-2-ND!!CLK_GEN_X12!3!!!CAP_NP_0!CAP_NP_0!CAP_NP_0-445-7348-2-ND,CAP_NP_0!CAP_NP_0!445-7348-2-ND!TRUE!0.1UF!
S!C35!445-7348-2-ND!!CLK_GEN_X12!140!!!CAP_NP_0!CAP_NP_0!CAP_NP_0-445-7348-2-ND,CAP_NP_0!CAP_NP_0!445-7348-2-ND!TRUE!0.1UF!
S!C36!445-7348-2-ND!!CLK_GEN_X12!141!!!CAP_NP_0!CAP_NP_0!CAP_NP_0-445-7348-2-ND,CAP_NP_0!CAP_NP_0!445-7348-2-ND!TRUE!0.1UF!
S!C39!445-7348-2-ND!!TE0712!!!!CAP_NP_0!CAP_NP_0!CAP_NP_0-445-7348-2-ND,CAP_NP_0!CAP_NP_0!445-7348-2-ND!TRUE!0.1UF!
S!C40!445-7348-2-ND!!TE0712!!!!CAP_NP_0!CAP_NP_0!CAP_NP_0-445-7348-2-ND,CAP_NP_0!CAP_NP_0!445-7348-2-ND!TRUE!0.1UF!
S!C43!445-7348-2-ND!!TE0712!!!!CAP_NP_0!CAP_NP_0!CAP_NP_0-445-7348-2-ND,CAP_NP_0!CAP_NP_0!445-7348-2-ND!TRUE!0.1UF!
S!C45!445-7348-2-ND!!TE0712!!!!CAP_NP_0!CAP_NP_0!CAP_NP_0-445-7348-2-ND,CAP_NP_0!CAP_NP_0!445-7348-2-ND!TRUE!0.1UF!
S!C91!445-7348-2-ND!!MAIN_PWR!169!!!CAP_NP_0!CAP_NP_0!CAP_NP_0-445-7348-2-ND,CAP_NP_0!CAP_NP_0!445-7348-2-ND!TRUE!0.1UF!
S!J3!1367073-1!YES!SFP0!!!!CON20P_SFP-1367073-1!CON20P_SFP-1367073-1!CON20P_SFP-1367073-1-1367073-1,CON20P_SFP-1367073-1!CON20P_SFP-1367073-1!1367073-1!TRUE!1367073-1!
S!J6!1367073-1!YES!SFP0!!!!CON20P_SFP-1367073-1!CON20P_SFP-1367073-1!CON20P_SFP-1367073-1-1367073-1,CON20P_SFP-1367073-1!CON20P_SFP-1367073-1!1367073-1!TRUE!1367073-1!
S!J11!1367073-1!!SFP0!!!!CON20P_SFP-1367073-1!CON20P_SFP-1367073-1!CON20P_SFP-1367073-1-1367073-1,CON20P_SFP-1367073-1!CON20P_SFP-1367073-1!1367073-1!TRUE!1367073-1!
S!J4!FTSH-115-01-L-DV!!!212!!!CONN30P!CONN30P!CONN30P-FTSH-115-01-L-DV,CONN30P!CONN30P!FTSH-115-01-L-DV!TRUE!FTSH-115-01-L-DV!
S!J12!HDR1x3!!USB-JTAG!173!!!HDR1X3!HDR1X3!HDR1X3-HDR1X3,HDR1X3!HDR1X3!HDR1x3!TRUE!HDR1X3!
S!SW1!HDT0001!!MMC!!!!HDT0001!HDT0001!HDT0001-HDT0001,HDT0001!HDT0001!HDT0001!TRUE!HDT0001!
S!L4!74438323100!!MMC_DISCRETE!!!!IND!IND!IND-74438323100,IND!IND!74438323100!TRUE!10 UH!
S!L3!BLM18AG121SN1D!!CLK_GEN_X12!!!!IND!IND!IND-BLM18AG121SN1D,IND!IND!BLM18AG121SN1D!TRUE!120  OHM@100MHZ!
S!L1!BLM18AG121SN1D!!CLK_GEN_X12!!!!IND!IND!IND-BLM18AG121SN1D,IND!IND!BLM18AG121SN1D!TRUE!120  OHM@100MHZ!
S!L2!BLM18AG121SN1D!!CLK_GEN_X12!!!!IND!IND!IND-BLM18AG121SN1D,IND!IND!BLM18AG121SN1D!TRUE!120  OHM@100MHZ!
S!L10!BLM18AG121SN1D!!CLK_GEN_X12!!!!IND!IND!IND-BLM18AG121SN1D,IND!IND!BLM18AG121SN1D!TRUE!120  OHM@100MHZ!
S!L5!CIGT201208EH1R0MNE!!SFP1!!!!IND!IND!IND-CIGT201208EH1R0MNE,IND!IND!CIGT201208EH1R0MNE!TRUE!1 UH!
S!L6!CIGT201208EH1R0MNE!YES!SFP1!!!!IND!IND!IND-CIGT201208EH1R0MNE,IND!IND!CIGT201208EH1R0MNE!TRUE!1 UH!
S!L7!CIGT201208EH1R0MNE!YES!SFP2!!!!IND!IND!IND-CIGT201208EH1R0MNE,IND!IND!CIGT201208EH1R0MNE!TRUE!1 UH!
S!L8!CIGT201208EH1R0MNE!YES!SFP2!!!!IND!IND!IND-CIGT201208EH1R0MNE,IND!IND!CIGT201208EH1R0MNE!TRUE!1 UH!
S!L11!CIGT201208EH1R0MNE!YES!SFP3!!!!IND!IND!IND-CIGT201208EH1R0MNE,IND!IND!CIGT201208EH1R0MNE!TRUE!1 UH!
S!L13!CIGT201208EH1R0MNE!!SFP3!!!!IND!IND!IND-CIGT201208EH1R0MNE,IND!IND!CIGT201208EH1R0MNE!TRUE!1 UH!
S!U15!SN74LVC1G06DBVTE4!!MMC_DISCRETE!4!!!INV_1CH_OD!INV_1CH_OD!INV_1CH_OD-SN74LVC1G06DBVTE4,INV_1CH_OD!INV_1CH_OD!SN74LVC1G06DBVTE4!TRUE!SN74LVC1G06!
S!D6!LNJ326W83RA!!POWER!151!!!LED GREEN 0603_0!LED GREEN 0603_0!LED GREEN 0603_0-LNJ326W83RA,LED GREEN 0603_0!LED GREEN 0603_0!LNJ326W83RA!TRUE!GREEN!
S!D1!LNJ326W83RA!!MMC!245!!!LED GREEN 0603_0!LED GREEN 0603_0!LED GREEN 0603_0-LNJ326W83RA,LED GREEN 0603_0!LED GREEN 0603_0!LNJ326W83RA!TRUE!GREEN!
S!D5!LNJ326W83RA!!MMC!174!!!LED GREEN 0603_0!LED GREEN 0603_0!LED GREEN 0603_0-LNJ326W83RA,LED GREEN 0603_0!LED GREEN 0603_0!LNJ326W83RA!TRUE!GREEN!
S!D4!LNJ237W82RA!!VCC3V3I_V!!!!LED RED 0603_0!LED RED 0603_0!LED RED 0603_0-LNJ237W82RA,LED RED 0603_0!LED RED 0603_0!LNJ237W82RA!TRUE!RED!
S!U25!LM75AIMME/NOPB!!!255!!!LM75A!LM75A!LM75A-LM75AIMME/NOPB,LM75A!LM75A!LM75AIMME/NOPB!TRUE!LM75AIMME/NOPB!
S!J2!LSHM-130-03.0-L-DV-A-S-K-TR!!!!!!LSHM-130-0XXX-L-DV-A-S!LSHM-130-0XXX-L-DV-A-S!LSHM-130-0XXX-L-DV-A-S-LSHM-130-03.0-L-DV-A-S-K-TR,LSHM-130-0XXX-L-DV-A-S!LSHM-130-0XXX-L-DV-A-S!LSHM-130-03.0-L-DV-A-S-K-TR!TRUE!LSHM-130-03.0-L-DV-A-S-K-TR!
S!J9!LSHM-150-03.0-L-DV-A-S-K-TR!!!!!!LSHM-150-0XXX-L-DV-A-S!LSHM-150-0XXX-L-DV-A-S!LSHM-150-0XXX-L-DV-A-S-LSHM-150-03.0-L-DV-A-S-K-TR,LSHM-150-0XXX-L-DV-A-S!LSHM-150-0XXX-L-DV-A-S!LSHM-150-03.0-L-DV-A-S-K-TR!TRUE!LSHM-150-03.0-L-DV-A-S-K-TR!
S!J7!MCH1B-EDGE-170!!!191!!!MCH_CONNECTOR1!MCH_CONNECTOR1!MCH_CONNECTOR1-MCH1B-EDGE-170,MCH_CONNECTOR1!MCH_CONNECTOR1!MCH1B-EDGE-170!TRUE!MCH_TG1-EDGE-170!
S!MH1!Mt_Hole!!TE0712!174!!!MT_HOLE!MT_HOLE!MT_HOLE-MT_HOLE,MT_HOLE!MT_HOLE!Mt_Hole!TRUE!MT_HOLE!
S!MH2!Mt_Hole!!TE0712!175!!!MT_HOLE!MT_HOLE!MT_HOLE-MT_HOLE,MT_HOLE!MT_HOLE!Mt_Hole!TRUE!MT_HOLE!
S!MH3!Mt_Hole!!TE0712!176!!!MT_HOLE!MT_HOLE!MT_HOLE-MT_HOLE,MT_HOLE!MT_HOLE!Mt_Hole!TRUE!MT_HOLE!
S!MH4!Mt_Hole!!TE0712!173!!!MT_HOLE!MT_HOLE!MT_HOLE-MT_HOLE,MT_HOLE!MT_HOLE!Mt_Hole!TRUE!MT_HOLE!
S!MH5!Mt_Hole!!!!!!MT_HOLE!MT_HOLE!MT_HOLE-MT_HOLE,MT_HOLE!MT_HOLE!Mt_Hole!TRUE!MT_HOLE!
S!MH6!Mt_Hole!!!!!!MT_HOLE!MT_HOLE!MT_HOLE-MT_HOLE,MT_HOLE!MT_HOLE!Mt_Hole!TRUE!MT_HOLE!
S!MH7!Mt_Hole!!!!!!MT_HOLE!MT_HOLE!MT_HOLE-MT_HOLE,MT_HOLE!MT_HOLE!Mt_Hole!TRUE!MT_HOLE!
S!MH8!Mt_Hole!!!!!!MT_HOLE!MT_HOLE!MT_HOLE-MT_HOLE,MT_HOLE!MT_HOLE!Mt_Hole!TRUE!MT_HOLE!
S!MH9!Mt_Hole!!!!!!MT_HOLE!MT_HOLE!MT_HOLE-MT_HOLE,MT_HOLE!MT_HOLE!Mt_Hole!TRUE!MT_HOLE!
S!MH10!Mt_Hole!!!!!!MT_HOLE!MT_HOLE!MT_HOLE-MT_HOLE,MT_HOLE!MT_HOLE!Mt_Hole!TRUE!MT_HOLE!
S!R16!311-24.9LRCT-ND!!JTAG!38!!!R!R!R-311-24.9LRCT-ND,R!R!311-24.9LRCT-ND!TRUE!24.9!
S!R31!311-24.9LRCT-ND!!JTAG!38!!!R!R!R-311-24.9LRCT-ND,R!R!311-24.9LRCT-ND!TRUE!24.9!
S!R48!311-24.9LRCT-ND!!JTAG!45!!!R!R!R-311-24.9LRCT-ND,R!R!311-24.9LRCT-ND!TRUE!24.9!
S!R50!311-24.9LRCT-ND!!JTAG!44!!!R!R!R-311-24.9LRCT-ND,R!R!311-24.9LRCT-ND!TRUE!24.9!
S!R51!311-24.9LRCT-ND!!JTAG!38!!!R!R!R-311-24.9LRCT-ND,R!R!311-24.9LRCT-ND!TRUE!24.9!
S!R53!311-24.9LRCT-ND!!JTAG!47!!!R!R!R-311-24.9LRCT-ND,R!R!311-24.9LRCT-ND!TRUE!24.9!
S!R20!311-49.9LRCT-ND!!CLK_GEN_X12!205!!!R!R!R-311-49.9LRCT-ND,R!R!311-49.9LRCT-ND!TRUE!49.9!
S!R23!311-49.9LRCT-ND!!CLK_GEN_X12!161!!!R!R!R-311-49.9LRCT-ND,R!R!311-49.9LRCT-ND!TRUE!49.9!
S!R137!CRCW060310M0FKEAC!!!198!!!R!R!R-CRCW060310M0FKEAC,R!R!CRCW060310M0FKEAC!TRUE!10M!
S!R138!CRCW060310M0FKEAC!!!!!!R!R!R-CRCW060310M0FKEAC,R!R!CRCW060310M0FKEAC!TRUE!10M!
S!R63!EMA-00003608!!POWER!!!!R!R!R-EMA-00003608,R!R!EMA-00003608!TRUE!249 OHM!
S!R3!EMA-00003608!!MMC!248!!!R!R!R-EMA-00003608,R!R!EMA-00003608!TRUE!249 OHM!
S!R135!EMA-00003608!!VCC3V3I_V!219!!!R!R!R-EMA-00003608,R!R!EMA-00003608!TRUE!249 OHM!
S!R26!EMA-00007500V42!!SFP_DFF_AND_FANOUT!!!!R!R!R-EMA-00007500V42,R!R!EMA-00007500V42!TRUE!0!
S!R91!EMA-00007500V42!!SFP_DFF_AND_FANOUT!!!!R!R!R-EMA-00007500V42,R!R!EMA-00007500V42!TRUE!0!
S!R147!EMA-00007500V42!!SFP_DFF_AND_FANOUT!!!!R!R!R-EMA-00007500V42,R!R!EMA-00007500V42!TRUE!0!
S!R154!EMA-00007500V42!!SFP_DFF_AND_FANOUT!!!!R!R!R-EMA-00007500V42,R!R!EMA-00007500V42!TRUE!0!
S!R191!EMA-00007500V42!!SFP_DFF_AND_FANOUT!!!!R!R!R-EMA-00007500V42,R!R!EMA-00007500V42!TRUE!0!
S!R192!EMA-00007500V42!!SFP_DFF_AND_FANOUT!!!!R!R!R-EMA-00007500V42,R!R!EMA-00007500V42!TRUE!0!
S!R19!EMA-00007500V42!!SFP_DFF_AND_FANOUT!162!!!R!R!R-EMA-00007500V42,R!R!EMA-00007500V42!TRUE!0!
S!R97!EMA-00007500V42!!SFP_DFF_AND_FANOUT!!!!R!R!R-EMA-00007500V42,R!R!EMA-00007500V42!TRUE!0!
S!R28!EMA-00007500V42!!SFP_DFF_AND_FANOUT!201!!!R!R!R-EMA-00007500V42,R!R!EMA-00007500V42!TRUE!0!
S!R29!EMA-00007500V42!!SFP_DFF_AND_FANOUT!!!!R!R!R-EMA-00007500V42,R!R!EMA-00007500V42!TRUE!0!
S!R35!EMA-00007500V42!!SFP_DFF_AND_FANOUT!!!!R!R!R-EMA-00007500V42,R!R!EMA-00007500V42!TRUE!0!
S!R36!EMA-00007500V42!!SFP_DFF_AND_FANOUT!208!!!R!R!R-EMA-00007500V42,R!R!EMA-00007500V42!TRUE!0!
S!R73!EMA-00007500V42!!EEPROM!144!!!R!R!R-EMA-00007500V42,R!R!EMA-00007500V42!TRUE!0!
S!R75!EMA-00007500V42!!EEPROM!169!!!R!R!R-EMA-00007500V42,R!R!EMA-00007500V42!TRUE!0!
S!R77!EMA-00007500V42!!EEPROM!6!!!R!R!R-EMA-00007500V42,R!R!EMA-00007500V42!TRUE!0!
S!R110!ERA-2AEB303X!!MMC_DISCRETE!21!!!R!R!R-ERA-2AEB303X,R!R!ERA-2AEB303X!TRUE!30K!
S!R8!ERJ-2RKF1000X!!SFP_DFF_AND_FANOUT!!!!R!R!R-ERJ-2RKF1000X,R!R!ERJ-2RKF1000X!TRUE!100!
S!R10!ERJ-2RKF1000X!!SFP_DFF_AND_FANOUT!!!!R!R!R-ERJ-2RKF1000X,R!R!ERJ-2RKF1000X!TRUE!100!
S!R1!ERJ-2RKF1000X!!SFP_DFF_AND_FANOUT!210!!!R!R!R-ERJ-2RKF1000X,R!R!ERJ-2RKF1000X!TRUE!100!
S!R32!ERJ-2RKF1000X!!CLK_GEN_X12!!!!R!R!R-ERJ-2RKF1000X,R!R!ERJ-2RKF1000X!TRUE!100!
S!R34!ERJ-2RKF1000X!!CLK_GEN_X12!!!!R!R!R-ERJ-2RKF1000X,R!R!ERJ-2RKF1000X!TRUE!100!
S!R25!ERJ-2RKF1000X!!CLK_GEN_X12!156!!!R!R!R-ERJ-2RKF1000X,R!R!ERJ-2RKF1000X!TRUE!100!
S!R27!ERJ-2RKF1000X!!CLK_GEN_X12!137!!!R!R!R-ERJ-2RKF1000X,R!R!ERJ-2RKF1000X!TRUE!100!
S!R30!ERJ-2RKF1000X!!CLK_GEN_X12!204!!!R!R!R-ERJ-2RKF1000X,R!R!ERJ-2RKF1000X!TRUE!100!
S!R134!ERJ-2RKF1000X!!SFP_DFF_AND_FANOUT!217!!!R!R!R-ERJ-2RKF1000X,R!R!ERJ-2RKF1000X!TRUE!100!
S!R68!ERJ-2RKF1001X!!VCC1V8!!!!R!R!R-ERJ-2RKF1001X,R!R!ERJ-2RKF1001X!TRUE!1K!
S!R107!ERJ-2RKF1001X!!MMC_DISCRETE!14!!!R!R!R-ERJ-2RKF1001X,R!R!ERJ-2RKF1001X!TRUE!1K!
S!R108!ERJ-2RKF1001X!!MMC_DISCRETE!16!!!R!R!R-ERJ-2RKF1001X,R!R!ERJ-2RKF1001X!TRUE!1K!
S!R109!ERJ-2RKF1001X!!MMC_DISCRETE!!!!R!R!R-ERJ-2RKF1001X,R!R!ERJ-2RKF1001X!TRUE!1K!
S!R113!ERJ-2RKF1001X!!MMC_DISCRETE!31!!!R!R!R-ERJ-2RKF1001X,R!R!ERJ-2RKF1001X!TRUE!1K!
S!R33!ERJ-2RKF1503X!!MMC_DISCRETE!!!!R!R!R-ERJ-2RKF1503X,R!R!ERJ-2RKF1503X!TRUE!150K!
S!R111!ERJ-2RKF1503X!!MMC_DISCRETE!32!!!R!R!R-ERJ-2RKF1503X,R!R!ERJ-2RKF1503X!TRUE!150K!
S!R54!ERJ-2RKF2201X!!MMC!2!!!R!R!R-ERJ-2RKF2201X,R!R!ERJ-2RKF2201X!TRUE!2.2K!
S!R58!ERJ-2RKF2201X!!MMC!1!!!R!R!R-ERJ-2RKF2201X,R!R!ERJ-2RKF2201X!TRUE!2.2K!
S!R119!ERJ-2RKF2201X!!SFP I2C SWITCH!203!!!R!R!R-ERJ-2RKF2201X,R!R!ERJ-2RKF2201X!TRUE!2.2K!
S!R120!ERJ-2RKF2201X!!SFP I2C SWITCH!205!!!R!R!R-ERJ-2RKF2201X,R!R!ERJ-2RKF2201X!TRUE!2.2K!
S!R121!ERJ-2RKF2201X!!SFP I2C SWITCH!!!!R!R!R-ERJ-2RKF2201X,R!R!ERJ-2RKF2201X!TRUE!2.2K!
S!R122!ERJ-2RKF2201X!!SFP I2C SWITCH!214!!!R!R!R-ERJ-2RKF2201X,R!R!ERJ-2RKF2201X!TRUE!2.2K!
S!R124!ERJ-2RKF2201X!!SFP I2C SWITCH!209!!!R!R!R-ERJ-2RKF2201X,R!R!ERJ-2RKF2201X!TRUE!2.2K!
S!R125!ERJ-2RKF2201X!!SFP I2C SWITCH!208!!!R!R!R-ERJ-2RKF2201X,R!R!ERJ-2RKF2201X!TRUE!2.2K!
S!R126!ERJ-2RKF2201X!!SFP I2C SWITCH!134!!!R!R!R-ERJ-2RKF2201X,R!R!ERJ-2RKF2201X!TRUE!2.2K!
S!R127!ERJ-2RKF2201X!!SFP I2C SWITCH!212!!!R!R!R-ERJ-2RKF2201X,R!R!ERJ-2RKF2201X!TRUE!2.2K!
S!R39!ERJ-2RKF3302X!!MMC_DISCRETE!271!!!R!R!R-ERJ-2RKF3302X,R!R!ERJ-2RKF3302X!TRUE!33K!
S!R44!ERJ-2RKF3302X!!MMC_DISCRETE!12!!!R!R!R-ERJ-2RKF3302X,R!R!ERJ-2RKF3302X!TRUE!33K!
S!R45!ERJ-2RKF3302X!!MMC_DISCRETE!272!!!R!R!R-ERJ-2RKF3302X,R!R!ERJ-2RKF3302X!TRUE!33K!
S!R47!ERJ-2RKF3302X!!MMC_DISCRETE!19!!!R!R!R-ERJ-2RKF3302X,R!R!ERJ-2RKF3302X!TRUE!33K!
S!R57!ERJ-2RKF3302X!!MMC_DISCRETE!!!!R!R!R-ERJ-2RKF3302X,R!R!ERJ-2RKF3302X!TRUE!33K!
S!R61!ERJ-2RKF3302X!!MMC_DISCRETE!!!!R!R!R-ERJ-2RKF3302X,R!R!ERJ-2RKF3302X!TRUE!33K!
S!R93!ERJ-2RKF3302X!!MMC_DISCRETE!!!!R!R!R-ERJ-2RKF3302X,R!R!ERJ-2RKF3302X!TRUE!33K!
S!R102!ERJ-2RKF33R0X!!MMC_DISCRETE!174!!!R!R!R-ERJ-2RKF33R0X,R!R!ERJ-2RKF33R0X!TRUE!33!
S!R104!ERJ-2RKF3903X!!MMC_DISCRETE!!!!R!R!R-ERJ-2RKF3903X,R!R!ERJ-2RKF3903X!TRUE!390K!
S!R41!ERJ-2RKF4701X!!MMC_DISCRETE!270!!!R!R!R-ERJ-2RKF4701X,R!R!ERJ-2RKF4701X!TRUE!4.7K!
S!R52!ERJ-2RKF4701X!!MMC_DISCRETE!267!!!R!R!R-ERJ-2RKF4701X,R!R!ERJ-2RKF4701X!TRUE!4.7K!
S!R21!ERJ-2RKF4990X!!CLK_GEN_X12!206!!!R!R!R-ERJ-2RKF4990X,R!R!ERJ-2RKF4990X!TRUE!499 OHM!
S!R22!ERJ-2RKF4990X!!CLK_GEN_X12!157!!!R!R!R-ERJ-2RKF4990X,R!R!ERJ-2RKF4990X!TRUE!499 OHM!
S!R71!ERJ-2RKF4991X!!VP3V3!!!!R!R!R-ERJ-2RKF4991X,R!R!ERJ-2RKF4991X!TRUE!4.99K!
S!R13!ERJ-2RKF4991X!!TE0712!48!!!R!R!R-ERJ-2RKF4991X,R!R!ERJ-2RKF4991X!TRUE!4.99K!
S!R17!ERJ-2RKF4991X!!CLK_GEN_X12!208!!!R!R!R-ERJ-2RKF4991X,R!R!ERJ-2RKF4991X!TRUE!4.99K!
S!R59!ERJ-2RKF4991X!!VCC1V8!146!!!R!R!R-ERJ-2RKF4991X,R!R!ERJ-2RKF4991X!TRUE!4.99K!
S!R67!ERJ-2RKF4991X!!VCC1V8!!!!R!R!R-ERJ-2RKF4991X,R!R!ERJ-2RKF4991X!TRUE!4.99K!
S!R86!ERJ-2RKF4991X!!VP3V3!!!!R!R!R-ERJ-2RKF4991X,R!R!ERJ-2RKF4991X!TRUE!4.99K!
S!R92!ERJ-2RKF4991X!!SFP0!!!!R!R!R-ERJ-2RKF4991X,R!R!ERJ-2RKF4991X!TRUE!4.99K!
S!R95!ERJ-2RKF4991X!YES!SFP0!178!!!R!R!R-ERJ-2RKF4991X,R!R!ERJ-2RKF4991X!TRUE!4.99K!
S!R96!ERJ-2RKF4991X!YES!SFP0!8!!!R!R!R-ERJ-2RKF4991X,R!R!ERJ-2RKF4991X!TRUE!4.99K!
S!R98!ERJ-2RKF4991X!YES!SFP0!179!!!R!R!R-ERJ-2RKF4991X,R!R!ERJ-2RKF4991X!TRUE!4.99K!
S!R99!ERJ-2RKF4991X!YES!SFP0!188!!!R!R!R-ERJ-2RKF4991X,R!R!ERJ-2RKF4991X!TRUE!4.99K!
S!R112!ERJ-2RKF4991X!YES!SFP0!22!!!R!R!R-ERJ-2RKF4991X,R!R!ERJ-2RKF4991X!TRUE!4.99K!
S!R114!ERJ-2RKF4991X!YES!SFP0!30!!!R!R!R-ERJ-2RKF4991X,R!R!ERJ-2RKF4991X!TRUE!4.99K!
S!R115!ERJ-2RKF4991X!YES!SFP0!204!!!R!R!R-ERJ-2RKF4991X,R!R!ERJ-2RKF4991X!TRUE!4.99K!
S!R116!ERJ-2RKF4991X!YES!SFP0!29!!!R!R!R-ERJ-2RKF4991X,R!R!ERJ-2RKF4991X!TRUE!4.99K!
S!R117!ERJ-2RKF4991X!YES!SFP0!196!!!R!R!R-ERJ-2RKF4991X,R!R!ERJ-2RKF4991X!TRUE!4.99K!
S!R123!ERJ-2RKF4991X!!CLK_GEN_X12!215!!!R!R!R-ERJ-2RKF4991X,R!R!ERJ-2RKF4991X!TRUE!4.99K!
S!R128!ERJ-2RKF4991X!YES!SFP0!213!!!R!R!R-ERJ-2RKF4991X,R!R!ERJ-2RKF4991X!TRUE!4.99K!
S!R129!ERJ-2RKF4991X!!CLK_GEN_X12!216!!!R!R!R-ERJ-2RKF4991X,R!R!ERJ-2RKF4991X!TRUE!4.99K!
S!R130!ERJ-2RKF4991X!YES!SFP0!207!!!R!R!R-ERJ-2RKF4991X,R!R!ERJ-2RKF4991X!TRUE!4.99K!
S!R131!ERJ-2RKF4991X!YES!SFP0!221!!!R!R!R-ERJ-2RKF4991X,R!R!ERJ-2RKF4991X!TRUE!4.99K!
S!R132!ERJ-2RKF4991X!YES!SFP0!135!!!R!R!R-ERJ-2RKF4991X,R!R!ERJ-2RKF4991X!TRUE!4.99K!
S!R133!ERJ-2RKF4991X!!SFP0!218!!!R!R!R-ERJ-2RKF4991X,R!R!ERJ-2RKF4991X!TRUE!4.99K!
S!R55!ERJ-2RKF49R9X!!MMC_DISCRETE!7!!!R!R!R-ERJ-2RKF49R9X,R!R!ERJ-2RKF49R9X!TRUE!49.9!
S!R56!ERJ-2RKF49R9X!!MMC_DISCRETE!!!!R!R!R-ERJ-2RKF49R9X,R!R!ERJ-2RKF49R9X!TRUE!49.9!
S!R80!ERJ-6GEY0R00V!!!3!!!R!R!R-ERJ-6GEY0R00V,R!R!ERJ-6GEY0R00V!TRUE!0!
S!R105!ERJ-PA2F3300X!!MMC_DISCRETE!13!!!R!R!R-ERJ-PA2F3300X,R!R!ERJ-PA2F3300X!TRUE!330!
S!R72!M55342K11B10E0RS3!!VCC1V8!!!!R!R!R-M55342K11B10E0RS3,R!R!M55342K11B10E0RS3!TRUE!10K!
S!R85!M55342K11B10E0RS3!!MAIN_PWR!!!!R!R!R-M55342K11B10E0RS3,R!R!M55342K11B10E0RS3!TRUE!10K!
S!R94!M55342K11B10E0RS3!!!!!!R!R!R-M55342K11B10E0RS3,R!R!M55342K11B10E0RS3!TRUE!10K!
S!R106!M55342K11B10E0RS3!!!15!!!R!R!R-M55342K11B10E0RS3,R!R!M55342K11B10E0RS3!TRUE!10K!
S!R136!M55342K11B10E0RS3!!!222!!!R!R!R-M55342K11B10E0RS3,R!R!M55342K11B10E0RS3!TRUE!10K!
S!R74!NO_STUFF!!EEPROM!163!!!R!R!R-NO_STUFF,R!R!NO_STUFF!TRUE!!
S!R76!NO_STUFF!!EEPROM!7!!!R!R!R-NO_STUFF,R!R!NO_STUFF!TRUE!!
S!R78!NO_STUFF!!EEPROM!1!!!R!R!R-NO_STUFF,R!R!NO_STUFF!TRUE!!
S!U5!2227023-1!!SFP0!207!!!SFP_CAGE-2227023-1!SFP_CAGE-2227023-1!SFP_CAGE-2227023-1-2227023-1,SFP_CAGE-2227023-1!SFP_CAGE-2227023-1!2227023-1!TRUE!2227023-1!
S!U11!2227023-1!!SFP0!209!!!SFP_CAGE-2227023-1!SFP_CAGE-2227023-1!SFP_CAGE-2227023-1-2227023-1,SFP_CAGE-2227023-1!SFP_CAGE-2227023-1!2227023-1!TRUE!2227023-1!
S!U14!2227023-1!!SFP0!208!!!SFP_CAGE-2227023-1!SFP_CAGE-2227023-1!SFP_CAGE-2227023-1-2227023-1,SFP_CAGE-2227023-1!SFP_CAGE-2227023-1!2227023-1!TRUE!2227023-1!
S!U6!SI5395A-A-GM!!CLK_GEN_X12!138!!!SI5395A-A-GM!SI5395A-A-GM!SI5395A-A-GM-SI5395A-A-GM,SI5395A-A-GM!SI5395A-A-GM!SI5395A-A-GM!TRUE!SI5395A-A-GM!
S!J1!LSHM-150-03.0-L-DV-A-S-K-TR!!!!!!TE0712 CONNECTOR-JB1!TE0712 CONNECTOR-JB1!TE0712 CONNECTOR-JB1-LSHM-150-03.0-L-DV-A-S-K-TR,TE0712 CONNECTOR-JB1!TE0712 CONNECTOR-JB1!LSHM-150-03.0-L-DV-A-S-K-TR!TRUE!LSHM-150-03.0-L-DV-A-S-K-TR!
S!J8!LSHM-150-03.0-L-DV-A-S-K-TR!!!!!!TE0712 CONNECTOR-JB2!TE0712 CONNECTOR-JB2!TE0712 CONNECTOR-JB2-LSHM-150-03.0-L-DV-A-S-K-TR,TE0712 CONNECTOR-JB2!TE0712 CONNECTOR-JB2!LSHM-150-03.0-L-DV-A-S-K-TR!TRUE!LSHM-150-03.0-L-DV-A-S-K-TR!
S!J5!LSHM-130-03.0-L-DV-A-S-K-TR!!!!!!TE0712 CONNECTOR-JB3!TE0712 CONNECTOR-JB3!TE0712 CONNECTOR-JB3-LSHM-130-03.0-L-DV-A-S-K-TR,TE0712 CONNECTOR-JB3!TE0712 CONNECTOR-JB3!LSHM-130-03.0-L-DV-A-S-K-TR!TRUE!LSHM-130-03.0-L-DV-A-S-K-TR!
S!TP7!EMA-00001481V22!!POWER!!!!TESTPOINT!TESTPOINT!TESTPOINT-EMA-00001481V22,TESTPOINT!TESTPOINT!EMA-00001481V22!TRUE!5002 WHITE!
S!TP11!EMA-00001481V22!!VCC3V3I_V!!!!TESTPOINT!TESTPOINT!TESTPOINT-EMA-00001481V22,TESTPOINT!TESTPOINT!EMA-00001481V22!TRUE!5002 WHITE!
S!TP13!EMA-00001481V22!!VCC3V3I_V!!!!TESTPOINT!TESTPOINT!TESTPOINT-EMA-00001481V22,TESTPOINT!TESTPOINT!EMA-00001481V22!TRUE!5002 WHITE!
S!TP4!EMA-00001481V22!!MAIN_PWR!!!!TESTPOINT!TESTPOINT!TESTPOINT-EMA-00001481V22,TESTPOINT!TESTPOINT!EMA-00001481V22!TRUE!5002 WHITE!
S!TP5!EMA-00001481V22!!MAIN_PWR!!!!TESTPOINT!TESTPOINT!TESTPOINT-EMA-00001481V22,TESTPOINT!TESTPOINT!EMA-00001481V22!TRUE!5002 WHITE!
S!TP9!EMA-00001481V22!!VCC1V8!177!!!TESTPOINT!TESTPOINT!TESTPOINT-EMA-00001481V22,TESTPOINT!TESTPOINT!EMA-00001481V22!TRUE!5002 WHITE!
S!TP14!EMA-00001481V22!!VCC1V8!167!!!TESTPOINT!TESTPOINT!TESTPOINT-EMA-00001481V22,TESTPOINT!TESTPOINT!EMA-00001481V22!TRUE!5002 WHITE!
S!U16!TPS74618PQWDRVRQ1!!VCC1V8!171!!!TPS74618P!TPS74618P!TPS74618P-TPS74618PQWDRVRQ1,TPS74618P!TPS74618P!TPS74618PQWDRVRQ1!TRUE!TPS74618PQWDRVRQ1!
S!D8!PGB1010603NR!!JTAG!42!!!TVS_2X!TVS_2X!TVS_2X-PGB1010603NR,TVS_2X!TVS_2X!PGB1010603NR!TRUE!PGB1010603NR!
S!D9!PGB1010603NR!!JTAG!40!!!TVS_2X!TVS_2X!TVS_2X-PGB1010603NR,TVS_2X!TVS_2X!PGB1010603NR!TRUE!PGB1010603NR!
S!D10!PGB1010603NR!!JTAG!46!!!TVS_2X!TVS_2X!TVS_2X-PGB1010603NR,TVS_2X!TVS_2X!PGB1010603NR!TRUE!PGB1010603NR!
S!D11!PGB1010603NR!!JTAG!41!!!TVS_2X!TVS_2X!TVS_2X-PGB1010603NR,TVS_2X!TVS_2X!PGB1010603NR!TRUE!PGB1010603NR!
