FILE_TYPE=LIBRARY_PARTS;
TIME=' COMPILATION ON SAT DEC 31 17:29:12 2022  ';
PRIMITIVE 'con20p_sfp-1367073-1';
  PIN
    'VEET0':
      PIN_NUMBER='(1)';
      PIN_TYPE='ANALOG';
      NO_LOAD_CHECK='BOTH';
      NO_IO_CHECK='BOTH';
      ALLOW_CONNECT='TRUE';
    'TX_FAULT':
      PIN_NUMBER='(2)';
      OUTPUT_LOAD='(1.0,-1.0)';
    'TX_DISABLE':
      PIN_NUMBER='(3)';
      INPUT_LOAD='(-0.01,0.01)';
    'MOD_DEF2':
      PIN_NUMBER='(4)';
      INPUT_LOAD='(-0.01,0.01)';
      OUTPUT_LOAD='(1.0,-1.0)';
      BIDIRECTIONAL='TRUE';
    'MOD_DEF1':
      PIN_NUMBER='(5)';
      INPUT_LOAD='(-0.01,0.01)';
      OUTPUT_LOAD='(1.0,-1.0)';
      BIDIRECTIONAL='TRUE';
    'MOD_DEF0':
      PIN_NUMBER='(6)';
      INPUT_LOAD='(-0.01,0.01)';
      OUTPUT_LOAD='(1.0,-1.0)';
      BIDIRECTIONAL='TRUE';
    'RATE_SELECT':
      PIN_NUMBER='(7)';
      INPUT_LOAD='(-0.01,0.01)';
    'LOS':
      PIN_NUMBER='(8)';
      OUTPUT_LOAD='(1.0,-1.0)';
    'VEER0':
      PIN_NUMBER='(9)';
      PINUSE='POWER';
    'VEER1':
      PIN_NUMBER='(10)';
      PINUSE='POWER';
    'VEER2':
      PIN_NUMBER='(11)';
      PINUSE='POWER';
    'RD-':
      PIN_NUMBER='(12)';
      OUTPUT_LOAD='(1.0,-1.0)';
    'RD+':
      PIN_NUMBER='(13)';
      OUTPUT_LOAD='(1.0,-1.0)';
    'VEER3':
      PIN_NUMBER='(14)';
      PINUSE='POWER';
    'VCCR':
      PIN_NUMBER='(15)';
      PINUSE='POWER';
    'VCCT':
      PIN_NUMBER='(16)';
      PINUSE='POWER';
    'VEET1':
      PIN_NUMBER='(17)';
      PINUSE='POWER';
    'TD+':
      PIN_NUMBER='(18)';
      INPUT_LOAD='(-0.01,0.01)';
    'TD-':
      PIN_NUMBER='(19)';
      INPUT_LOAD='(-0.01,0.01)';
    'VEET2':
      PIN_NUMBER='(20)';
      PINUSE='POWER';
  END_PIN;
  BODY
    PHYS_DES_PREFIX='J';
    CLASS='IO';
    PART_NAME='con20p_sfp-1367073-1';
    BODY_NAME='con20p_sfp-1367073-1';
  END_BODY;
END_PRIMITIVE;
END.
