FILE_TYPE=LIBRARY_PARTS;
primitive '410_357_B','410_357_B_OTHER';
  pin
    'GND_1':
      PIN_NUMBER='(1)';
      NO_LOAD_CHECK='BOTH';
      NO_IO_CHECK='BOTH';
      ALLOW_CONNECT='TRUE';
      PINUSE='UNSPEC';
    'VREF':
      PIN_NUMBER='(2)';
      NO_LOAD_CHECK='BOTH';
      NO_IO_CHECK='BOTH';
      ALLOW_CONNECT='TRUE';
      PINUSE='UNSPEC';
    'CTS':
      PIN_NUMBER='(3)';
      NO_LOAD_CHECK='BOTH';
      NO_IO_CHECK='BOTH';
      ALLOW_CONNECT='TRUE';
      PINUSE='UNSPEC';
    'RTS':
      PIN_NUMBER='(4)';
      NO_LOAD_CHECK='BOTH';
      NO_IO_CHECK='BOTH';
      ALLOW_CONNECT='TRUE';
      PINUSE='UNSPEC';
    'RXD':
      PIN_NUMBER='(5)';
      NO_LOAD_CHECK='BOTH';
      NO_IO_CHECK='BOTH';
      ALLOW_CONNECT='TRUE';
      PINUSE='UNSPEC';
    'TXD':
      PIN_NUMBER='(6)';
      NO_LOAD_CHECK='BOTH';
      NO_IO_CHECK='BOTH';
      ALLOW_CONNECT='TRUE';
      PINUSE='UNSPEC';
    'GND_2':
      PIN_NUMBER='(7)';
      NO_LOAD_CHECK='BOTH';
      NO_IO_CHECK='BOTH';
      ALLOW_CONNECT='TRUE';
      PINUSE='UNSPEC';
    'VREF_JTAG':
      PIN_NUMBER='(8)';
      NO_LOAD_CHECK='BOTH';
      NO_IO_CHECK='BOTH';
      ALLOW_CONNECT='TRUE';
      PINUSE='UNSPEC';
    'PS_SRST_B':
      PIN_NUMBER='(9)';
      NO_LOAD_CHECK='BOTH';
      NO_IO_CHECK='BOTH';
      ALLOW_CONNECT='TRUE';
      PINUSE='UNSPEC';
    'TCK':
      PIN_NUMBER='(10)';
      NO_LOAD_CHECK='BOTH';
      NO_IO_CHECK='BOTH';
      ALLOW_CONNECT='TRUE';
      PINUSE='UNSPEC';
    'TDO':
      PIN_NUMBER='(11)';
      NO_LOAD_CHECK='BOTH';
      NO_IO_CHECK='BOTH';
      ALLOW_CONNECT='TRUE';
      PINUSE='UNSPEC';
    'TDI':
      PIN_NUMBER='(12)';
      NO_LOAD_CHECK='BOTH';
      NO_IO_CHECK='BOTH';
      ALLOW_CONNECT='TRUE';
      PINUSE='UNSPEC';
    'TMS':
      PIN_NUMBER='(13)';
      NO_LOAD_CHECK='BOTH';
      NO_IO_CHECK='BOTH';
      ALLOW_CONNECT='TRUE';
      PINUSE='UNSPEC';
    'GND_3':
      PIN_NUMBER='(14)';
      NO_LOAD_CHECK='BOTH';
      NO_IO_CHECK='BOTH';
      ALLOW_CONNECT='TRUE';
      PINUSE='UNSPEC';
    'VDD':
      PIN_NUMBER='(15)';
      NO_LOAD_CHECK='BOTH';
      NO_IO_CHECK='BOTH';
      ALLOW_CONNECT='TRUE';
      PINUSE='UNSPEC';
    'USB_DM':
      PIN_NUMBER='(16)';
      NO_LOAD_CHECK='BOTH';
      NO_IO_CHECK='BOTH';
      ALLOW_CONNECT='TRUE';
      PINUSE='UNSPEC';
    'USB_DP':
      PIN_NUMBER='(17)';
      NO_LOAD_CHECK='BOTH';
      NO_IO_CHECK='BOTH';
      ALLOW_CONNECT='TRUE';
      PINUSE='UNSPEC';
    'VBUS_DETECT':
      PIN_NUMBER='(18)';
      NO_LOAD_CHECK='BOTH';
      NO_IO_CHECK='BOTH';
      ALLOW_CONNECT='TRUE';
      PINUSE='UNSPEC';
  end_pin;
  body
    PART_NAME='410_357_B';
    PHYS_DES_PREFIX='IC';
    NO_LOAD_CHECK='TRUE';
    PIN_COUNT='18';
    BODY_NAME='410_357_B';
    JEDEC_TYPE='410357B';
  end_body;
end_primitive;

END.
