FILE_TYPE=LIBRARY_PARTS ;
TIME=' Compilation on Thu Sep 21 14:42:06 1989  ';

PRIMITIVE 'CAPCERSMDCL2_0201','CAPCERSMDCL2_0402','CAPCERSMDCL2_0402(L)','CAPCERSMDCL2_0603','CAPCERSMDCL2_0805','CAPCERSMDCL2_0805_KEM','CAPCERSMDCL2_1206','CAPCERSMDCL2_1210','CAPCERSMDCL2_1210_GRM','CAPCERSMDCL2_1808','CAPCERSMDCL2_1812','CAPCERSMDCL2_2220','CAPCERSMDCL2_2225','CAPCERSMDCL2_LLL21','CAPCERSMDCL2_4532','CAPCERSMDCL2_1825','CAPCERSMDCL2_1206_GRM';
 PIN
  'A'<0>:
   PIN_NUMBER='(1)';
   PIN_GROUP='1';
   INPUT_LOAD='(*,*)';
   OUTPUT_LOAD='(*,*)';
   BIDIRECTIONAL='TRUE';
  'B'<0>:
   PIN_NUMBER='(2)';
   PIN_GROUP='1';
   INPUT_LOAD='(*,*)';
   OUTPUT_LOAD='(*,*)';
   BIDIRECTIONAL='TRUE';
 END_PIN;
 BODY
  PART_NAME='CAPCERSMDCL2';
  BODY_NAME='CAPCERSMDCL2';
  UNKNOWN_LOADING='TRUE';
  NO_LOAD_CHECK='TRUE';
  ALLOW_CONNECT='TRUE';
  PINCOUNT='2';
  SIZE='1';
 END_BODY;
END_PRIMITIVE;
END.
