FILE_TYPE=LIBRARY_PARTS;
TIME=' COMPILATION ON SAT DEC 31 17:29:16 2022  ';
PRIMITIVE 'mch_connector1';
  PIN
    'GND1':
      PIN_NUMBER='(1)';
      PINUSE='GROUND';
    'PWR1':
      PIN_NUMBER='(2)';
      PINUSE='POWER';
    'PS1#':
      PIN_NUMBER='(3)';
      PIN_TYPE='ANALOG';
      NO_LOAD_CHECK='BOTH';
      NO_IO_CHECK='BOTH';
      ALLOW_CONNECT='TRUE';
    'MP':
      PIN_NUMBER='(4)';
      PIN_TYPE='ANALOG';
      NO_LOAD_CHECK='BOTH';
      NO_IO_CHECK='BOTH';
      ALLOW_CONNECT='TRUE';
    'GA0':
      PIN_NUMBER='(5)';
      PIN_TYPE='ANALOG';
      NO_LOAD_CHECK='BOTH';
      NO_IO_CHECK='BOTH';
      ALLOW_CONNECT='TRUE';
    'RSVD0':
      PIN_NUMBER='(6)';
      PIN_TYPE='ANALOG';
      NO_LOAD_CHECK='BOTH';
      NO_IO_CHECK='BOTH';
      ALLOW_CONNECT='TRUE';
    'GND2':
      PIN_NUMBER='(7)';
      PINUSE='GROUND';
    'RSVD1':
      PIN_NUMBER='(8)';
      PIN_TYPE='ANALOG';
      NO_LOAD_CHECK='BOTH';
      NO_IO_CHECK='BOTH';
      ALLOW_CONNECT='TRUE';
    'PWR2':
      PIN_NUMBER='(9)';
      PINUSE='POWER';
    'GND3':
      PIN_NUMBER='(10)';
      PINUSE='GROUND';
    'TXFUA+':
      PIN_NUMBER='(11)';
      PIN_TYPE='ANALOG';
      NO_LOAD_CHECK='BOTH';
      NO_IO_CHECK='BOTH';
      ALLOW_CONNECT='TRUE';
    'TXFUA-':
      PIN_NUMBER='(12)';
      PIN_TYPE='ANALOG';
      NO_LOAD_CHECK='BOTH';
      NO_IO_CHECK='BOTH';
      ALLOW_CONNECT='TRUE';
    'GND4':
      PIN_NUMBER='(13)';
      PINUSE='GROUND';
    'RXFUA+':
      PIN_NUMBER='(14)';
      PIN_TYPE='ANALOG';
      NO_LOAD_CHECK='BOTH';
      NO_IO_CHECK='BOTH';
      ALLOW_CONNECT='TRUE';
    'RXFUA-':
      PIN_NUMBER='(15)';
      PIN_TYPE='ANALOG';
      NO_LOAD_CHECK='BOTH';
      NO_IO_CHECK='BOTH';
      ALLOW_CONNECT='TRUE';
    'GND5':
      PIN_NUMBER='(16)';
      PINUSE='GROUND';
    'GA1':
      PIN_NUMBER='(17)';
      PIN_TYPE='ANALOG';
      NO_LOAD_CHECK='BOTH';
      NO_IO_CHECK='BOTH';
      ALLOW_CONNECT='TRUE';
    'PWR3':
      PIN_NUMBER='(18)';
      PINUSE='POWER';
    'GND6':
      PIN_NUMBER='(19)';
      PINUSE='GROUND';
    'TXFA-3+':
      PIN_NUMBER='(20)';
      PIN_TYPE='ANALOG';
      NO_LOAD_CHECK='BOTH';
      NO_IO_CHECK='BOTH';
      ALLOW_CONNECT='TRUE';
    'TXFA-3-':
      PIN_NUMBER='(21)';
      PIN_TYPE='ANALOG';
      NO_LOAD_CHECK='BOTH';
      NO_IO_CHECK='BOTH';
      ALLOW_CONNECT='TRUE';
    'GND7':
      PIN_NUMBER='(22)';
      PINUSE='GROUND';
    'RXFA-3+':
      PIN_NUMBER='(23)';
      PIN_TYPE='ANALOG';
      NO_LOAD_CHECK='BOTH';
      NO_IO_CHECK='BOTH';
      ALLOW_CONNECT='TRUE';
    'RXFA-3-':
      PIN_NUMBER='(24)';
      PIN_TYPE='ANALOG';
      NO_LOAD_CHECK='BOTH';
      NO_IO_CHECK='BOTH';
      ALLOW_CONNECT='TRUE';
    'GND8':
      PIN_NUMBER='(25)';
      PINUSE='GROUND';
    'GA2':
      PIN_NUMBER='(26)';
      PIN_TYPE='ANALOG';
      NO_LOAD_CHECK='BOTH';
      NO_IO_CHECK='BOTH';
      ALLOW_CONNECT='TRUE';
    'PWR4':
      PIN_NUMBER='(27)';
      PINUSE='POWER';
    'GND9':
      PIN_NUMBER='(28)';
      PINUSE='GROUND';
    'TXFA-5+':
      PIN_NUMBER='(29)';
      PIN_TYPE='ANALOG';
      NO_LOAD_CHECK='BOTH';
      NO_IO_CHECK='BOTH';
      ALLOW_CONNECT='TRUE';
    'TXFA-5-':
      PIN_NUMBER='(30)';
      PIN_TYPE='ANALOG';
      NO_LOAD_CHECK='BOTH';
      NO_IO_CHECK='BOTH';
      ALLOW_CONNECT='TRUE';
    'GND10':
      PIN_NUMBER='(31)';
      PINUSE='GROUND';
    'RXFA-5+':
      PIN_NUMBER='(32)';
      PIN_TYPE='ANALOG';
      NO_LOAD_CHECK='BOTH';
      NO_IO_CHECK='BOTH';
      ALLOW_CONNECT='TRUE';
    'RXFA-5-':
      PIN_NUMBER='(33)';
      PIN_TYPE='ANALOG';
      NO_LOAD_CHECK='BOTH';
      NO_IO_CHECK='BOTH';
      ALLOW_CONNECT='TRUE';
    'GND11':
      PIN_NUMBER='(34)';
      PINUSE='GROUND';
    'TXFA-7+':
      PIN_NUMBER='(35)';
      PIN_TYPE='ANALOG';
      NO_LOAD_CHECK='BOTH';
      NO_IO_CHECK='BOTH';
      ALLOW_CONNECT='TRUE';
    'TXFA-7-':
      PIN_NUMBER='(36)';
      PIN_TYPE='ANALOG';
      NO_LOAD_CHECK='BOTH';
      NO_IO_CHECK='BOTH';
      ALLOW_CONNECT='TRUE';
    'GND12':
      PIN_NUMBER='(37)';
      PINUSE='GROUND';
    'RXFA-7+':
      PIN_NUMBER='(38)';
      PIN_TYPE='ANALOG';
      NO_LOAD_CHECK='BOTH';
      NO_IO_CHECK='BOTH';
      ALLOW_CONNECT='TRUE';
    'RXFA-7-':
      PIN_NUMBER='(39)';
      PIN_TYPE='ANALOG';
      NO_LOAD_CHECK='BOTH';
      NO_IO_CHECK='BOTH';
      ALLOW_CONNECT='TRUE';
    'GND13':
      PIN_NUMBER='(40)';
      PINUSE='GROUND';
    'ENABLE#':
      PIN_NUMBER='(41)';
      PIN_TYPE='ANALOG';
      NO_LOAD_CHECK='BOTH';
      NO_IO_CHECK='BOTH';
      ALLOW_CONNECT='TRUE';
    'PWR5':
      PIN_NUMBER='(42)';
      PINUSE='POWER';
    'GND14':
      PIN_NUMBER='(43)';
      PINUSE='GROUND';
    'TXFA-9+':
      PIN_NUMBER='(44)';
      PIN_TYPE='ANALOG';
      NO_LOAD_CHECK='BOTH';
      NO_IO_CHECK='BOTH';
      ALLOW_CONNECT='TRUE';
    'TXFA-9-':
      PIN_NUMBER='(45)';
      PIN_TYPE='ANALOG';
      NO_LOAD_CHECK='BOTH';
      NO_IO_CHECK='BOTH';
      ALLOW_CONNECT='TRUE';
    'GND15':
      PIN_NUMBER='(46)';
      PINUSE='GROUND';
    'RXFA-9+':
      PIN_NUMBER='(47)';
      PIN_TYPE='ANALOG';
      NO_LOAD_CHECK='BOTH';
      NO_IO_CHECK='BOTH';
      ALLOW_CONNECT='TRUE';
    'RXFA-9-':
      PIN_NUMBER='(48)';
      PIN_TYPE='ANALOG';
      NO_LOAD_CHECK='BOTH';
      NO_IO_CHECK='BOTH';
      ALLOW_CONNECT='TRUE';
    'GND16':
      PIN_NUMBER='(49)';
      PINUSE='GROUND';
    'TXFA-10+':
      PIN_NUMBER='(50)';
      PIN_TYPE='ANALOG';
      NO_LOAD_CHECK='BOTH';
      NO_IO_CHECK='BOTH';
      ALLOW_CONNECT='TRUE';
    'TXFA-10-':
      PIN_NUMBER='(51)';
      PIN_TYPE='ANALOG';
      NO_LOAD_CHECK='BOTH';
      NO_IO_CHECK='BOTH';
      ALLOW_CONNECT='TRUE';
    'GND17':
      PIN_NUMBER='(52)';
      PINUSE='GROUND';
    'RXFA-10+':
      PIN_NUMBER='(53)';
      PIN_TYPE='ANALOG';
      NO_LOAD_CHECK='BOTH';
      NO_IO_CHECK='BOTH';
      ALLOW_CONNECT='TRUE';
    'RXFA-10-':
      PIN_NUMBER='(54)';
      PIN_TYPE='ANALOG';
      NO_LOAD_CHECK='BOTH';
      NO_IO_CHECK='BOTH';
      ALLOW_CONNECT='TRUE';
    'GND18':
      PIN_NUMBER='(55)';
      PINUSE='GROUND';
    'SCL_L':
      PIN_NUMBER='(56)';
      PIN_TYPE='ANALOG';
      NO_LOAD_CHECK='BOTH';
      NO_IO_CHECK='BOTH';
      ALLOW_CONNECT='TRUE';
    'PWR6':
      PIN_NUMBER='(57)';
      PINUSE='POWER';
    'GND19':
      PIN_NUMBER='(58)';
      PINUSE='GROUND';
    'TXFA-11+':
      PIN_NUMBER='(59)';
      PIN_TYPE='ANALOG';
      NO_LOAD_CHECK='BOTH';
      NO_IO_CHECK='BOTH';
      ALLOW_CONNECT='TRUE';
    'TXFA-11-':
      PIN_NUMBER='(60)';
      PIN_TYPE='ANALOG';
      NO_LOAD_CHECK='BOTH';
      NO_IO_CHECK='BOTH';
      ALLOW_CONNECT='TRUE';
    'GND20':
      PIN_NUMBER='(61)';
      PINUSE='GROUND';
    'RXFA-11+':
      PIN_NUMBER='(62)';
      PIN_TYPE='ANALOG';
      NO_LOAD_CHECK='BOTH';
      NO_IO_CHECK='BOTH';
      ALLOW_CONNECT='TRUE';
    'RXFA-11-':
      PIN_NUMBER='(63)';
      PIN_TYPE='ANALOG';
      NO_LOAD_CHECK='BOTH';
      NO_IO_CHECK='BOTH';
      ALLOW_CONNECT='TRUE';
    'GND21':
      PIN_NUMBER='(64)';
      PINUSE='GROUND';
    'TXFA-12+':
      PIN_NUMBER='(65)';
      PIN_TYPE='ANALOG';
      NO_LOAD_CHECK='BOTH';
      NO_IO_CHECK='BOTH';
      ALLOW_CONNECT='TRUE';
    'TXFA-12-':
      PIN_NUMBER='(66)';
      PIN_TYPE='ANALOG';
      NO_LOAD_CHECK='BOTH';
      NO_IO_CHECK='BOTH';
      ALLOW_CONNECT='TRUE';
    'GND22':
      PIN_NUMBER='(67)';
      PINUSE='GROUND';
    'RXFA-12+':
      PIN_NUMBER='(68)';
      PIN_TYPE='ANALOG';
      NO_LOAD_CHECK='BOTH';
      NO_IO_CHECK='BOTH';
      ALLOW_CONNECT='TRUE';
    'RXFA-12-':
      PIN_NUMBER='(69)';
      PIN_TYPE='ANALOG';
      NO_LOAD_CHECK='BOTH';
      NO_IO_CHECK='BOTH';
      ALLOW_CONNECT='TRUE';
    'GND23':
      PIN_NUMBER='(70)';
      PINUSE='GROUND';
    'SDA_L':
      PIN_NUMBER='(71)';
      PIN_TYPE='ANALOG';
      NO_LOAD_CHECK='BOTH';
      NO_IO_CHECK='BOTH';
      ALLOW_CONNECT='TRUE';
    'PWR7':
      PIN_NUMBER='(72)';
      PINUSE='POWER';
    'GND24':
      PIN_NUMBER='(73)';
      PINUSE='GROUND';
    'XOVER0+':
      PIN_NUMBER='(74)';
      PIN_TYPE='ANALOG';
      NO_LOAD_CHECK='BOTH';
      NO_IO_CHECK='BOTH';
      ALLOW_CONNECT='TRUE';
    'XOVER0-':
      PIN_NUMBER='(75)';
      PIN_TYPE='ANALOG';
      NO_LOAD_CHECK='BOTH';
      NO_IO_CHECK='BOTH';
      ALLOW_CONNECT='TRUE';
    'GND25':
      PIN_NUMBER='(76)';
      PINUSE='GROUND';
    'XOVER1+':
      PIN_NUMBER='(77)';
      PIN_TYPE='ANALOG';
      NO_LOAD_CHECK='BOTH';
      NO_IO_CHECK='BOTH';
      ALLOW_CONNECT='TRUE';
    'XOVER1-':
      PIN_NUMBER='(78)';
      PIN_TYPE='ANALOG';
      NO_LOAD_CHECK='BOTH';
      NO_IO_CHECK='BOTH';
      ALLOW_CONNECT='TRUE';
    'GND26':
      PIN_NUMBER='(79)';
      PINUSE='GROUND';
    'XOVER2+':
      PIN_NUMBER='(80)';
      PIN_TYPE='ANALOG';
      NO_LOAD_CHECK='BOTH';
      NO_IO_CHECK='BOTH';
      ALLOW_CONNECT='TRUE';
    'XOVER2-':
      PIN_NUMBER='(81)';
      PIN_TYPE='ANALOG';
      NO_LOAD_CHECK='BOTH';
      NO_IO_CHECK='BOTH';
      ALLOW_CONNECT='TRUE';
    'GND27':
      PIN_NUMBER='(82)';
      PINUSE='GROUND';
    'PS0#':
      PIN_NUMBER='(83)';
      PIN_TYPE='ANALOG';
      NO_LOAD_CHECK='BOTH';
      NO_IO_CHECK='BOTH';
      ALLOW_CONNECT='TRUE';
    'PWR8':
      PIN_NUMBER='(84)';
      PINUSE='POWER';
    'GND28':
      PIN_NUMBER='(85)';
      PINUSE='GROUND';
    'GND29':
      PIN_NUMBER='(86)';
      PINUSE='GROUND';
    'IPMBL-SDA-12':
      PIN_NUMBER='(87)';
      PIN_TYPE='ANALOG';
      NO_LOAD_CHECK='BOTH';
      NO_IO_CHECK='BOTH';
      ALLOW_CONNECT='TRUE';
    'IPMBL-SCL-12':
      PIN_NUMBER='(88)';
      PIN_TYPE='ANALOG';
      NO_LOAD_CHECK='BOTH';
      NO_IO_CHECK='BOTH';
      ALLOW_CONNECT='TRUE';
    'GND30':
      PIN_NUMBER='(89)';
      PINUSE='GROUND';
    'IPMBL-SDA-11':
      PIN_NUMBER='(90)';
      PIN_TYPE='ANALOG';
      NO_LOAD_CHECK='BOTH';
      NO_IO_CHECK='BOTH';
      ALLOW_CONNECT='TRUE';
    'IPMBL-SCL-11':
      PIN_NUMBER='(91)';
      PIN_TYPE='ANALOG';
      NO_LOAD_CHECK='BOTH';
      NO_IO_CHECK='BOTH';
      ALLOW_CONNECT='TRUE';
    'GND31':
      PIN_NUMBER='(92)';
      PINUSE='GROUND';
    'IPMBL-SDA-10':
      PIN_NUMBER='(93)';
      PIN_TYPE='ANALOG';
      NO_LOAD_CHECK='BOTH';
      NO_IO_CHECK='BOTH';
      ALLOW_CONNECT='TRUE';
    'IPMBL-SCL-10':
      PIN_NUMBER='(94)';
      PIN_TYPE='ANALOG';
      NO_LOAD_CHECK='BOTH';
      NO_IO_CHECK='BOTH';
      ALLOW_CONNECT='TRUE';
    'GND32':
      PIN_NUMBER='(95)';
      PINUSE='GROUND';
    'IPMBL-SDA-9':
      PIN_NUMBER='(96)';
      PIN_TYPE='ANALOG';
      NO_LOAD_CHECK='BOTH';
      NO_IO_CHECK='BOTH';
      ALLOW_CONNECT='TRUE';
    'IPMBL-SCL-9':
      PIN_NUMBER='(97)';
      PIN_TYPE='ANALOG';
      NO_LOAD_CHECK='BOTH';
      NO_IO_CHECK='BOTH';
      ALLOW_CONNECT='TRUE';
    'GND33':
      PIN_NUMBER='(98)';
      PINUSE='GROUND';
    'IPMBL-SDA-8':
      PIN_NUMBER='(99)';
      PIN_TYPE='ANALOG';
      NO_LOAD_CHECK='BOTH';
      NO_IO_CHECK='BOTH';
      ALLOW_CONNECT='TRUE';
    'IPMBL-SCL-8':
      PIN_NUMBER='(100)';
      PIN_TYPE='ANALOG';
      NO_LOAD_CHECK='BOTH';
      NO_IO_CHECK='BOTH';
      ALLOW_CONNECT='TRUE';
    'GND34':
      PIN_NUMBER='(101)';
      PINUSE='GROUND';
    'IPMBL-SDA-7':
      PIN_NUMBER='(102)';
      PIN_TYPE='ANALOG';
      NO_LOAD_CHECK='BOTH';
      NO_IO_CHECK='BOTH';
      ALLOW_CONNECT='TRUE';
    'IPMBL-SCL-7':
      PIN_NUMBER='(103)';
      PIN_TYPE='ANALOG';
      NO_LOAD_CHECK='BOTH';
      NO_IO_CHECK='BOTH';
      ALLOW_CONNECT='TRUE';
    'GND35':
      PIN_NUMBER='(104)';
      PINUSE='GROUND';
    'IPMBL-SDA-6':
      PIN_NUMBER='(105)';
      PIN_TYPE='ANALOG';
      NO_LOAD_CHECK='BOTH';
      NO_IO_CHECK='BOTH';
      ALLOW_CONNECT='TRUE';
    'IPMBL-SCL-6':
      PIN_NUMBER='(106)';
      PIN_TYPE='ANALOG';
      NO_LOAD_CHECK='BOTH';
      NO_IO_CHECK='BOTH';
      ALLOW_CONNECT='TRUE';
    'GND36':
      PIN_NUMBER='(107)';
      PINUSE='GROUND';
    'IPMBL-SDA-5':
      PIN_NUMBER='(108)';
      PIN_TYPE='ANALOG';
      NO_LOAD_CHECK='BOTH';
      NO_IO_CHECK='BOTH';
      ALLOW_CONNECT='TRUE';
    'IPMBL-SCL-5':
      PIN_NUMBER='(109)';
      PIN_TYPE='ANALOG';
      NO_LOAD_CHECK='BOTH';
      NO_IO_CHECK='BOTH';
      ALLOW_CONNECT='TRUE';
    'GND37':
      PIN_NUMBER='(110)';
      PINUSE='GROUND';
    'IPMBL-SDA-4':
      PIN_NUMBER='(111)';
      PIN_TYPE='ANALOG';
      NO_LOAD_CHECK='BOTH';
      NO_IO_CHECK='BOTH';
      ALLOW_CONNECT='TRUE';
    'IPMBL-SCL-4':
      PIN_NUMBER='(112)';
      PIN_TYPE='ANALOG';
      NO_LOAD_CHECK='BOTH';
      NO_IO_CHECK='BOTH';
      ALLOW_CONNECT='TRUE';
    'GND38':
      PIN_NUMBER='(113)';
      PINUSE='GROUND';
    'IPMBL-SDA-3':
      PIN_NUMBER='(114)';
      PIN_TYPE='ANALOG';
      NO_LOAD_CHECK='BOTH';
      NO_IO_CHECK='BOTH';
      ALLOW_CONNECT='TRUE';
    'IPMBL-SCL-3':
      PIN_NUMBER='(115)';
      PIN_TYPE='ANALOG';
      NO_LOAD_CHECK='BOTH';
      NO_IO_CHECK='BOTH';
      ALLOW_CONNECT='TRUE';
    'GND39':
      PIN_NUMBER='(116)';
      PINUSE='GROUND';
    'IPMBL-SDA-2':
      PIN_NUMBER='(117)';
      PIN_TYPE='ANALOG';
      NO_LOAD_CHECK='BOTH';
      NO_IO_CHECK='BOTH';
      ALLOW_CONNECT='TRUE';
    'IPMBL-SCL-2':
      PIN_NUMBER='(118)';
      PIN_TYPE='ANALOG';
      NO_LOAD_CHECK='BOTH';
      NO_IO_CHECK='BOTH';
      ALLOW_CONNECT='TRUE';
    'GND40':
      PIN_NUMBER='(119)';
      PINUSE='GROUND';
    'IPMBL-SDA-1':
      PIN_NUMBER='(120)';
      PIN_TYPE='ANALOG';
      NO_LOAD_CHECK='BOTH';
      NO_IO_CHECK='BOTH';
      ALLOW_CONNECT='TRUE';
    'IPMBL-SCL-1':
      PIN_NUMBER='(121)';
      PIN_TYPE='ANALOG';
      NO_LOAD_CHECK='BOTH';
      NO_IO_CHECK='BOTH';
      ALLOW_CONNECT='TRUE';
    'GND41':
      PIN_NUMBER='(122)';
      PINUSE='GROUND';
    'IPMB0-SDA-B':
      PIN_NUMBER='(123)';
      PIN_TYPE='ANALOG';
      NO_LOAD_CHECK='BOTH';
      NO_IO_CHECK='BOTH';
      ALLOW_CONNECT='TRUE';
    'IPMB0-SCL-B':
      PIN_NUMBER='(124)';
      PIN_TYPE='ANALOG';
      NO_LOAD_CHECK='BOTH';
      NO_IO_CHECK='BOTH';
      ALLOW_CONNECT='TRUE';
    'GND42':
      PIN_NUMBER='(125)';
      PINUSE='GROUND';
    'IPMB0-SDA-A':
      PIN_NUMBER='(126)';
      PIN_TYPE='ANALOG';
      NO_LOAD_CHECK='BOTH';
      NO_IO_CHECK='BOTH';
      ALLOW_CONNECT='TRUE';
    'IPMB0-SCL-A':
      PIN_NUMBER='(127)';
      PIN_TYPE='ANALOG';
      NO_LOAD_CHECK='BOTH';
      NO_IO_CHECK='BOTH';
      ALLOW_CONNECT='TRUE';
    'GND43':
      PIN_NUMBER='(128)';
      PINUSE='GROUND';
    'I2C_SDA':
      PIN_NUMBER='(129)';
      PIN_TYPE='ANALOG';
      NO_LOAD_CHECK='BOTH';
      NO_IO_CHECK='BOTH';
      ALLOW_CONNECT='TRUE';
    'I2C_SCL':
      PIN_NUMBER='(130)';
      PIN_TYPE='ANALOG';
      NO_LOAD_CHECK='BOTH';
      NO_IO_CHECK='BOTH';
      ALLOW_CONNECT='TRUE';
    'GND44':
      PIN_NUMBER='(131)';
      PINUSE='GROUND';
    'RSVD':
      PIN_NUMBER='(132)';
      PIN_TYPE='ANALOG';
      NO_LOAD_CHECK='BOTH';
      NO_IO_CHECK='BOTH';
      ALLOW_CONNECT='TRUE';
    'TMREQ#':
      PIN_NUMBER='(133)';
      PIN_TYPE='ANALOG';
      NO_LOAD_CHECK='BOTH';
      NO_IO_CHECK='BOTH';
      ALLOW_CONNECT='TRUE';
    'GND45':
      PIN_NUMBER='(134)';
      PINUSE='GROUND';
    'RXFA-8-':
      PIN_NUMBER='(135)';
      PIN_TYPE='ANALOG';
      NO_LOAD_CHECK='BOTH';
      NO_IO_CHECK='BOTH';
      ALLOW_CONNECT='TRUE';
    'RXFA-8+':
      PIN_NUMBER='(136)';
      PIN_TYPE='ANALOG';
      NO_LOAD_CHECK='BOTH';
      NO_IO_CHECK='BOTH';
      ALLOW_CONNECT='TRUE';
    'GND46':
      PIN_NUMBER='(137)';
      PINUSE='GROUND';
    'TXFA-8-':
      PIN_NUMBER='(138)';
      PIN_TYPE='ANALOG';
      NO_LOAD_CHECK='BOTH';
      NO_IO_CHECK='BOTH';
      ALLOW_CONNECT='TRUE';
    'TXFA-8+':
      PIN_NUMBER='(139)';
      PIN_TYPE='ANALOG';
      NO_LOAD_CHECK='BOTH';
      NO_IO_CHECK='BOTH';
      ALLOW_CONNECT='TRUE';
    'GND47':
      PIN_NUMBER='(140)';
      PINUSE='GROUND';
    'RXFA-6-':
      PIN_NUMBER='(141)';
      PIN_TYPE='ANALOG';
      NO_LOAD_CHECK='BOTH';
      NO_IO_CHECK='BOTH';
      ALLOW_CONNECT='TRUE';
    'RXFA-6+':
      PIN_NUMBER='(142)';
      PIN_TYPE='ANALOG';
      NO_LOAD_CHECK='BOTH';
      NO_IO_CHECK='BOTH';
      ALLOW_CONNECT='TRUE';
    'GND48':
      PIN_NUMBER='(143)';
      PINUSE='GROUND';
    'TXFA-6-':
      PIN_NUMBER='(144)';
      PIN_TYPE='ANALOG';
      NO_LOAD_CHECK='BOTH';
      NO_IO_CHECK='BOTH';
      ALLOW_CONNECT='TRUE';
    'TXFA-6+':
      PIN_NUMBER='(145)';
      PIN_TYPE='ANALOG';
      NO_LOAD_CHECK='BOTH';
      NO_IO_CHECK='BOTH';
      ALLOW_CONNECT='TRUE';
    'GND49':
      PIN_NUMBER='(146)';
      PINUSE='GROUND';
    'RXFA-4-':
      PIN_NUMBER='(147)';
      PIN_TYPE='ANALOG';
      NO_LOAD_CHECK='BOTH';
      NO_IO_CHECK='BOTH';
      ALLOW_CONNECT='TRUE';
    'RXFA-4+':
      PIN_NUMBER='(148)';
      PIN_TYPE='ANALOG';
      NO_LOAD_CHECK='BOTH';
      NO_IO_CHECK='BOTH';
      ALLOW_CONNECT='TRUE';
    'GND50':
      PIN_NUMBER='(149)';
      PINUSE='GROUND';
    'TXFA-4-':
      PIN_NUMBER='(150)';
      PIN_TYPE='ANALOG';
      NO_LOAD_CHECK='BOTH';
      NO_IO_CHECK='BOTH';
      ALLOW_CONNECT='TRUE';
    'TXFA-4+':
      PIN_NUMBER='(151)';
      PIN_TYPE='ANALOG';
      NO_LOAD_CHECK='BOTH';
      NO_IO_CHECK='BOTH';
      ALLOW_CONNECT='TRUE';
    'GND51':
      PIN_NUMBER='(152)';
      PINUSE='GROUND';
    'RXFA-2-':
      PIN_NUMBER='(153)';
      PIN_TYPE='ANALOG';
      NO_LOAD_CHECK='BOTH';
      NO_IO_CHECK='BOTH';
      ALLOW_CONNECT='TRUE';
    'RXFA-2+':
      PIN_NUMBER='(154)';
      PIN_TYPE='ANALOG';
      NO_LOAD_CHECK='BOTH';
      NO_IO_CHECK='BOTH';
      ALLOW_CONNECT='TRUE';
    'GND52':
      PIN_NUMBER='(155)';
      PINUSE='GROUND';
    'TXFA-2-':
      PIN_NUMBER='(156)';
      PIN_TYPE='ANALOG';
      NO_LOAD_CHECK='BOTH';
      NO_IO_CHECK='BOTH';
      ALLOW_CONNECT='TRUE';
    'TXFA-2+':
      PIN_NUMBER='(157)';
      PIN_TYPE='ANALOG';
      NO_LOAD_CHECK='BOTH';
      NO_IO_CHECK='BOTH';
      ALLOW_CONNECT='TRUE';
    'GND53':
      PIN_NUMBER='(158)';
      PINUSE='GROUND';
    'RXFA-1-':
      PIN_NUMBER='(159)';
      PIN_TYPE='ANALOG';
      NO_LOAD_CHECK='BOTH';
      NO_IO_CHECK='BOTH';
      ALLOW_CONNECT='TRUE';
    'RXFA-1+':
      PIN_NUMBER='(160)';
      PIN_TYPE='ANALOG';
      NO_LOAD_CHECK='BOTH';
      NO_IO_CHECK='BOTH';
      ALLOW_CONNECT='TRUE';
    'GND54':
      PIN_NUMBER='(161)';
      PINUSE='GROUND';
    'TXFA-1-':
      PIN_NUMBER='(162)';
      PIN_TYPE='ANALOG';
      NO_LOAD_CHECK='BOTH';
      NO_IO_CHECK='BOTH';
      ALLOW_CONNECT='TRUE';
    'TXFA-1+':
      PIN_NUMBER='(163)';
      PIN_TYPE='ANALOG';
      NO_LOAD_CHECK='BOTH';
      NO_IO_CHECK='BOTH';
      ALLOW_CONNECT='TRUE';
    'GND55':
      PIN_NUMBER='(164)';
      PINUSE='GROUND';
    'TCK':
      PIN_NUMBER='(165)';
      PIN_TYPE='ANALOG';
      NO_LOAD_CHECK='BOTH';
      NO_IO_CHECK='BOTH';
      ALLOW_CONNECT='TRUE';
    'TMS':
      PIN_NUMBER='(166)';
      PIN_TYPE='ANALOG';
      NO_LOAD_CHECK='BOTH';
      NO_IO_CHECK='BOTH';
      ALLOW_CONNECT='TRUE';
    'TRST#':
      PIN_NUMBER='(167)';
      PIN_TYPE='ANALOG';
      NO_LOAD_CHECK='BOTH';
      NO_IO_CHECK='BOTH';
      ALLOW_CONNECT='TRUE';
    'TDO':
      PIN_NUMBER='(168)';
      PIN_TYPE='ANALOG';
      NO_LOAD_CHECK='BOTH';
      NO_IO_CHECK='BOTH';
      ALLOW_CONNECT='TRUE';
    'TDI':
      PIN_NUMBER='(169)';
      PIN_TYPE='ANALOG';
      NO_LOAD_CHECK='BOTH';
      NO_IO_CHECK='BOTH';
      ALLOW_CONNECT='TRUE';
    'PWR_ON':
      PIN_NUMBER='(170)';
      PINUSE='POWER';
  END_PIN;
  BODY
    PHYS_DES_PREFIX='J';
    CLASS='IO';
    PART_NAME='mch_connector1';
    BODY_NAME='mch_connector1';
  END_BODY;
END_PRIMITIVE;
END.
