FILE_TYPE=LIBRARY_PARTS;
TIME=' COMPILATION ON SAT DEC 31 17:29:14 2022  ';
PRIMITIVE 'max9152ese_t';
  PIN
    'SEL1':
      PIN_NUMBER='(1)';
      INPUT_LOAD='(-0.01,0.01)';
    'SEL0':
      PIN_NUMBER='(2)';
      INPUT_LOAD='(-0.01,0.01)';
    'IN0+':
      PIN_NUMBER='(3)';
      INPUT_LOAD='(-0.01,0.01)';
    'IN0-':
      PIN_NUMBER='(4)';
      INPUT_LOAD='(-0.01,0.01)';
    'VCC':
      PIN_NUMBER='(5)';
      PINUSE='POWER';
    'IN1+':
      PIN_NUMBER='(6)';
      INPUT_LOAD='(-0.01,0.01)';
    'IN1-':
      PIN_NUMBER='(7)';
      INPUT_LOAD='(-0.01,0.01)';
    'RSEL':
      PIN_NUMBER='(8)';
      INPUT_LOAD='(-0.01,0.01)';
    'NC':
      PIN_NUMBER='(9)';
      PIN_TYPE='ANALOG';
      NO_LOAD_CHECK='BOTH';
      NO_IO_CHECK='BOTH';
      ALLOW_CONNECT='TRUE';
    'OUT1-':
      PIN_NUMBER='(10)';
      OUTPUT_LOAD='(1.0,-1.0)';
    'OUT1+':
      PIN_NUMBER='(11)';
      OUTPUT_LOAD='(1.0,-1.0)';
    'GND':
      PIN_NUMBER='(12)';
      PINUSE='GROUND';
    'OUT0-':
      PIN_NUMBER='(13)';
      OUTPUT_LOAD='(1.0,-1.0)';
    'OUT0+':
      PIN_NUMBER='(14)';
      OUTPUT_LOAD='(1.0,-1.0)';
    'EN1':
      PIN_NUMBER='(15)';
      INPUT_LOAD='(-0.01,0.01)';
    'EN0':
      PIN_NUMBER='(16)';
      INPUT_LOAD='(-0.01,0.01)';
  END_PIN;
  BODY
    PHYS_DES_PREFIX='U';
    CLASS='IC';
    PART_NAME='max9152ese_t';
    BODY_NAME='max9152ese_t';
  END_BODY;
END_PRIMITIVE;
END.
