FILE_TYPE=LIBRARY_PARTS ;
PRIMITIVE 'OPTOCOUPLER_AC_EC_1234';
 PIN
  'ANODE':
   PIN_NUMBER='(1)';
  'CATHODE':
   PIN_NUMBER='(2)';
  'COLLECTOR':
   PIN_NUMBER='(3)';
  'EMITTER':
   PIN_NUMBER='(4)';
 END_PIN;
 BODY
  PART_NAME='OPTOCOUPLER_AC_EC';
  BODY_NAME='OPTOCOUPLER_AC_EC';
  CLASS='IC';
  PHYS_DES_PREFIX='IC';
 END_BODY;
END_PRIMITIVE;
PRIMITIVE 'OPTOCOUPLER_AC_EC_1243';
 PIN
  'ANODE':
   PIN_NUMBER='(1)';
  'CATHODE':
   PIN_NUMBER='(2)';
  'COLLECTOR':
   PIN_NUMBER='(4)';
  'EMITTER':
   PIN_NUMBER='(3)';
 END_PIN;
 BODY
  PART_NAME='OPTOCOUPLER_AC_EC';
  BODY_NAME='OPTOCOUPLER_AC_EC';
  CLASS='IC';
  PHYS_DES_PREFIX='IC';
 END_BODY;
END_PRIMITIVE;
PRIMITIVE 'OPTOCOUPLER_AC_EC_1264';
 PIN
  'ANODE':
   PIN_NUMBER='(1)';
  'CATHODE':
   PIN_NUMBER='(3)';
  'COLLECTOR':
   PIN_NUMBER='(6)';
  'EMITTER':
   PIN_NUMBER='(4)';
 END_PIN;
 BODY
  PART_NAME='OPTOCOUPLER_AC_EC';
  BODY_NAME='OPTOCOUPLER_AC_EC';
  CLASS='IC';
  PHYS_DES_PREFIX='IC';
 END_BODY;
END_PRIMITIVE;
END.
