FILE_TYPE=LIBRARY_PARTS;
primitive 'SF-0603S300-2';
  pin
    '1':
      PIN_NUMBER='(1)';
      PIN_TYPE='ANALOG';
      NO_LOAD_CHECK='Both';
      NO_IO_CHECK='Both';
      NO_ASSERT_CHECK='TRUE';
      NO_DIR_CHECK='TRUE';
      ALLOW_CONNECT='TRUE';
    '2':
      PIN_NUMBER='(2)';
      PIN_TYPE='ANALOG';
      NO_LOAD_CHECK='Both';
      NO_IO_CHECK='Both';
      NO_ASSERT_CHECK='TRUE';
      NO_DIR_CHECK='TRUE';
      ALLOW_CONNECT='TRUE';
  end_pin;
  body
    PART_NAME='SF-0603S300-2';
    BODY_NAME='SF-0603S300-2';
    JEDEC_TYPE='C0603';
    PHYS_DES_PREFIX='F';
    CLASS='DISCRETE';
  end_body;
end_primitive;

END.
