(---------------------------------------------------------------------)
(                                                                     )
(    Database Objects Preventing Layer From Being Deleted             )
(                                                                     )
(    Drawing          : HCCStar_v3.dra                                )
(    Software Version : 17.2P028                                      )
(    Date/Time        : Fri Jun 29 12:49:37 2018                      )
(                                                                     )
(---------------------------------------------------------------------)


Layer being deleted: BOARD GEOMETRY/0

    (-65.16 -105.51) SHAPE: Board Geometry/0 
    (-68.76 -79.85) RECTANGLE: Board Geometry/0 
    (-65.46 -98.96) RECTANGLE: Board Geometry/0 
    (-51.12 -102.22) RECTANGLE: Board Geometry/0 
    (-55.84 -102.22) RECTANGLE: Board Geometry/0 
    (-68.76 -60.95) RECTANGLE: Board Geometry/0 
    (-68.76 -23.16) RECTANGLE: Board Geometry/0 
    (-68.76 -13.71) RECTANGLE: Board Geometry/0 
    (-68.76 -70.40) RECTANGLE: Board Geometry/0 
    (-68.76 -89.30) RECTANGLE: Board Geometry/0 
    (23.26 -102.22) RECTANGLE: Board Geometry/0 
    (4.36 -102.22) RECTANGLE: Board Geometry/0 
    (-16.47 -102.22) RECTANGLE: Board Geometry/0 
    (-68.76 -56.23) RECTANGLE: Board Geometry/0 
    (-68.76 -75.13) RECTANGLE: Board Geometry/0 
    (-68.76 -37.33) RECTANGLE: Board Geometry/0 
    (-68.76 -18.43) RECTANGLE: Board Geometry/0 
    (13.81 -102.22) RECTANGLE: Board Geometry/0 
    (-5.09 -102.22) RECTANGLE: Board Geometry/0 
    (-33.79 -102.22) RECTANGLE: Board Geometry/0 
    (-68.76 -65.68) RECTANGLE: Board Geometry/0 
    (-68.76 -84.58) RECTANGLE: Board Geometry/0 
    (-68.76 -46.78) RECTANGLE: Board Geometry/0 
    (-68.76 -27.88) RECTANGLE: Board Geometry/0 
    (-68.76 -8.99) RECTANGLE: Board Geometry/0 
    (27.98 -102.22) RECTANGLE: Board Geometry/0 
    (-68.76 -51.51) RECTANGLE: Board Geometry/0 
    (-68.76 -42.06) RECTANGLE: Board Geometry/0 
    (18.54 -102.22) RECTANGLE: Board Geometry/0 
    (9.09 -102.22) RECTANGLE: Board Geometry/0 

... 125 total objects preventing delete layer
