FILE_TYPE=LIBRARY_PARTS;
TIME=' COMPILATION ON SAT DEC 31 17:29:14 2022  ';
PRIMITIVE 'adn2814acpz';
  PIN
    'VCC1':
      PIN_NUMBER='(1)';
      PINUSE='POWER';
    'VCC2':
      PIN_NUMBER='(2)';
      PINUSE='POWER';
    'VREF':
      PIN_NUMBER='(3)';
      PINUSE='POWER';
    'NIN':
      PIN_NUMBER='(4)';
      INPUT_LOAD='(-0.01,0.01)';
    'PIN':
      PIN_NUMBER='(5)';
      INPUT_LOAD='(-0.01,0.01)';
    'SLICEP':
      PIN_NUMBER='(6)';
      INPUT_LOAD='(-0.01,0.01)';
    'SLICEN':
      PIN_NUMBER='(7)';
      INPUT_LOAD='(-0.01,0.01)';
    'VEE1':
      PIN_NUMBER='(8)';
      PINUSE='POWER';
    'THRADJ':
      PIN_NUMBER='(9)';
      INPUT_LOAD='(-0.01,0.01)';
    'REFCLKP':
      PIN_NUMBER='(10)';
      INPUT_LOAD='(-0.01,0.01)';
    'REFCLKN':
      PIN_NUMBER='(11)';
      INPUT_LOAD='(-0.01,0.01)';
    'VCC3':
      PIN_NUMBER='(12)';
      PINUSE='POWER';
    'VEE2':
      PIN_NUMBER='(13)';
      PINUSE='POWER';
    'CF2':
      PIN_NUMBER='(14)';
      OUTPUT_LOAD='(1.0,-1.0)';
    'CF1':
      PIN_NUMBER='(15)';
      OUTPUT_LOAD='(1.0,-1.0)';
    'LOL':
      PIN_NUMBER='(16)';
      OUTPUT_LOAD='(1.0,-1.0)';
    'VEE3':
      PIN_NUMBER='(17)';
      PINUSE='POWER';
    'VCC4':
      PIN_NUMBER='(18)';
      PINUSE='POWER';
    'SADDR5':
      PIN_NUMBER='(19)';
      INPUT_LOAD='(-0.01,0.01)';
    'SCK':
      PIN_NUMBER='(20)';
      INPUT_LOAD='(-0.01,0.01)';
    'SDA':
      PIN_NUMBER='(21)';
      INPUT_LOAD='(-0.01,0.01)';
    'LOS':
      PIN_NUMBER='(22)';
      OUTPUT_LOAD='(1.0,-1.0)';
    'VEE4':
      PIN_NUMBER='(23)';
      PINUSE='POWER';
    'VCC5':
      PIN_NUMBER='(24)';
      PINUSE='POWER';
    'CLKOUTN':
      PIN_NUMBER='(25)';
      OUTPUT_LOAD='(1.0,-1.0)';
    'CLKOUTP':
      PIN_NUMBER='(26)';
      OUTPUT_LOAD='(1.0,-1.0)';
    'SQUELCH':
      PIN_NUMBER='(27)';
      INPUT_LOAD='(-0.01,0.01)';
    'DATAOUTN':
      PIN_NUMBER='(28)';
      OUTPUT_LOAD='(1.0,-1.0)';
    'DATAOUTP':
      PIN_NUMBER='(29)';
      OUTPUT_LOAD='(1.0,-1.0)';
    'VEE5':
      PIN_NUMBER='(30)';
      PINUSE='POWER';
    'VCC6':
      PIN_NUMBER='(31)';
      PINUSE='POWER';
    'VCC7':
      PIN_NUMBER='(32)';
      PINUSE='POWER';
    'PAD':
      PIN_NUMBER='(33)';
      PINUSE='POWER';
  END_PIN;
  BODY
    PHYS_DES_PREFIX='U';
    CLASS='IC';
    PART_NAME='adn2814acpz';
    BODY_NAME='adn2814acpz';
  END_BODY;
END_PRIMITIVE;
END.
