FILE_TYPE=LIBRARY_PARTS;
TIME=' COMPILATION ON SAT DEC 31 17:29:13 2022  ';
PRIMITIVE '24aa025e48t-i/sn';
  PIN
    'A0':
      PIN_NUMBER='(1)';
      INPUT_LOAD='(-0.01,0.01)';
    'A1':
      PIN_NUMBER='(2)';
      INPUT_LOAD='(-0.01,0.01)';
    'A2':
      PIN_NUMBER='(3)';
      INPUT_LOAD='(-0.01,0.01)';
    'VSS':
      PIN_NUMBER='(4)';
      PINUSE='GROUND';
    'SDA':
      PIN_NUMBER='(5)';
      INPUT_LOAD='(-0.01,0.01)';
      OUTPUT_LOAD='(1.0,-1.0)';
      BIDIRECTIONAL='TRUE';
    'SCL':
      PIN_NUMBER='(6)';
      INPUT_LOAD='(-0.01,0.01)';
    'NC':
      PIN_NUMBER='(7)';
      PIN_TYPE='ANALOG';
      NO_LOAD_CHECK='BOTH';
      NO_IO_CHECK='BOTH';
      ALLOW_CONNECT='TRUE';
    'VCC':
      PIN_NUMBER='(8)';
      PINUSE='POWER';
  END_PIN;
  BODY
    PHYS_DES_PREFIX='U';
    CLASS='IC';
    PART_NAME='24aa025e48t-i/sn';
    BODY_NAME='24aa025e48t-i/sn';
  END_BODY;
END_PRIMITIVE;
END.
