FILE_TYPE=LIBRARY_PARTS;
TIME=' COMPILATION ON SAT DEC 31 17:29:15 2022  ';
PRIMITIVE 'atmga128';
  PIN
    '-PEN':
      PIN_NUMBER='(1)';
      OUTPUT_LOAD='(1.0,-1.0)';
      INPUT_LOAD='(-0.01,0.01)';
      INPUT_LOAD='(-0.01,0.01)';
      OUTPUT_LOAD='(1.0,-1.0)';
      BIDIRECTIONAL='TRUE';
    'PE0':
      PIN_NUMBER='(2)';
      OUTPUT_LOAD='(1.0,-1.0)';
      INPUT_LOAD='(-0.01,0.01)';
      INPUT_LOAD='(-0.01,0.01)';
      OUTPUT_LOAD='(1.0,-1.0)';
      BIDIRECTIONAL='TRUE';
    'PE1':
      PIN_NUMBER='(3)';
      OUTPUT_LOAD='(1.0,-1.0)';
      INPUT_LOAD='(-0.01,0.01)';
      INPUT_LOAD='(-0.01,0.01)';
      OUTPUT_LOAD='(1.0,-1.0)';
      BIDIRECTIONAL='TRUE';
    'PE2':
      PIN_NUMBER='(4)';
      OUTPUT_LOAD='(1.0,-1.0)';
      INPUT_LOAD='(-0.01,0.01)';
      INPUT_LOAD='(-0.01,0.01)';
      OUTPUT_LOAD='(1.0,-1.0)';
      BIDIRECTIONAL='TRUE';
    'PE3':
      PIN_NUMBER='(5)';
      OUTPUT_LOAD='(1.0,-1.0)';
      INPUT_LOAD='(-0.01,0.01)';
      INPUT_LOAD='(-0.01,0.01)';
      OUTPUT_LOAD='(1.0,-1.0)';
      BIDIRECTIONAL='TRUE';
    'PE4':
      PIN_NUMBER='(6)';
      OUTPUT_LOAD='(1.0,-1.0)';
      INPUT_LOAD='(-0.01,0.01)';
      INPUT_LOAD='(-0.01,0.01)';
      OUTPUT_LOAD='(1.0,-1.0)';
      BIDIRECTIONAL='TRUE';
    'PE5':
      PIN_NUMBER='(7)';
      OUTPUT_LOAD='(1.0,-1.0)';
      INPUT_LOAD='(-0.01,0.01)';
      INPUT_LOAD='(-0.01,0.01)';
      OUTPUT_LOAD='(1.0,-1.0)';
      BIDIRECTIONAL='TRUE';
    'PE6':
      PIN_NUMBER='(8)';
      OUTPUT_LOAD='(1.0,-1.0)';
      INPUT_LOAD='(-0.01,0.01)';
      INPUT_LOAD='(-0.01,0.01)';
      OUTPUT_LOAD='(1.0,-1.0)';
      BIDIRECTIONAL='TRUE';
    'PE7':
      PIN_NUMBER='(9)';
      OUTPUT_LOAD='(1.0,-1.0)';
      INPUT_LOAD='(-0.01,0.01)';
      INPUT_LOAD='(-0.01,0.01)';
      OUTPUT_LOAD='(1.0,-1.0)';
      BIDIRECTIONAL='TRUE';
    'PB0':
      PIN_NUMBER='(10)';
      OUTPUT_LOAD='(1.0,-1.0)';
      INPUT_LOAD='(-0.01,0.01)';
      INPUT_LOAD='(-0.01,0.01)';
      OUTPUT_LOAD='(1.0,-1.0)';
      BIDIRECTIONAL='TRUE';
    'PB1':
      PIN_NUMBER='(11)';
      OUTPUT_LOAD='(1.0,-1.0)';
      INPUT_LOAD='(-0.01,0.01)';
      INPUT_LOAD='(-0.01,0.01)';
      OUTPUT_LOAD='(1.0,-1.0)';
      BIDIRECTIONAL='TRUE';
    'PB2':
      PIN_NUMBER='(12)';
      OUTPUT_LOAD='(1.0,-1.0)';
      INPUT_LOAD='(-0.01,0.01)';
      INPUT_LOAD='(-0.01,0.01)';
      OUTPUT_LOAD='(1.0,-1.0)';
      BIDIRECTIONAL='TRUE';
    'PB3':
      PIN_NUMBER='(13)';
      OUTPUT_LOAD='(1.0,-1.0)';
      INPUT_LOAD='(-0.01,0.01)';
      INPUT_LOAD='(-0.01,0.01)';
      OUTPUT_LOAD='(1.0,-1.0)';
      BIDIRECTIONAL='TRUE';
    'PB4':
      PIN_NUMBER='(14)';
      OUTPUT_LOAD='(1.0,-1.0)';
      INPUT_LOAD='(-0.01,0.01)';
      INPUT_LOAD='(-0.01,0.01)';
      OUTPUT_LOAD='(1.0,-1.0)';
      BIDIRECTIONAL='TRUE';
    'PB5':
      PIN_NUMBER='(15)';
      OUTPUT_LOAD='(1.0,-1.0)';
      INPUT_LOAD='(-0.01,0.01)';
      INPUT_LOAD='(-0.01,0.01)';
      OUTPUT_LOAD='(1.0,-1.0)';
      BIDIRECTIONAL='TRUE';
    'PB6':
      PIN_NUMBER='(16)';
      OUTPUT_LOAD='(1.0,-1.0)';
      INPUT_LOAD='(-0.01,0.01)';
      INPUT_LOAD='(-0.01,0.01)';
      OUTPUT_LOAD='(1.0,-1.0)';
      BIDIRECTIONAL='TRUE';
    'PB7':
      PIN_NUMBER='(17)';
      OUTPUT_LOAD='(1.0,-1.0)';
      INPUT_LOAD='(-0.01,0.01)';
      INPUT_LOAD='(-0.01,0.01)';
      OUTPUT_LOAD='(1.0,-1.0)';
      BIDIRECTIONAL='TRUE';
    'PG3':
      PIN_NUMBER='(18)';
      OUTPUT_LOAD='(1.0,-1.0)';
      INPUT_LOAD='(-0.01,0.01)';
      INPUT_LOAD='(-0.01,0.01)';
      OUTPUT_LOAD='(1.0,-1.0)';
      BIDIRECTIONAL='TRUE';
    'PG4':
      PIN_NUMBER='(19)';
      OUTPUT_LOAD='(1.0,-1.0)';
      INPUT_LOAD='(-0.01,0.01)';
      INPUT_LOAD='(-0.01,0.01)';
      OUTPUT_LOAD='(1.0,-1.0)';
      BIDIRECTIONAL='TRUE';
    '-RESET':
      PIN_NUMBER='(20)';
      OUTPUT_LOAD='(1.0,-1.0)';
      INPUT_LOAD='(-0.01,0.01)';
      INPUT_LOAD='(-0.01,0.01)';
      OUTPUT_LOAD='(1.0,-1.0)';
      BIDIRECTIONAL='TRUE';
    'VCC1':
      PIN_NUMBER='(21)';
      PINUSE='POWER';
    'GND1':
      PIN_NUMBER='(22)';
      PINUSE='GROUND';
    'XTAL2':
      PIN_NUMBER='(23)';
      OUTPUT_LOAD='(1.0,-1.0)';
      INPUT_LOAD='(-0.01,0.01)';
      INPUT_LOAD='(-0.01,0.01)';
      OUTPUT_LOAD='(1.0,-1.0)';
      BIDIRECTIONAL='TRUE';
    'XTAL1':
      PIN_NUMBER='(24)';
      OUTPUT_LOAD='(1.0,-1.0)';
      INPUT_LOAD='(-0.01,0.01)';
      INPUT_LOAD='(-0.01,0.01)';
      OUTPUT_LOAD='(1.0,-1.0)';
      BIDIRECTIONAL='TRUE';
    'PD0':
      PIN_NUMBER='(25)';
      OUTPUT_LOAD='(1.0,-1.0)';
      INPUT_LOAD='(-0.01,0.01)';
      INPUT_LOAD='(-0.01,0.01)';
      OUTPUT_LOAD='(1.0,-1.0)';
      BIDIRECTIONAL='TRUE';
    'PD1':
      PIN_NUMBER='(26)';
      OUTPUT_LOAD='(1.0,-1.0)';
      INPUT_LOAD='(-0.01,0.01)';
      INPUT_LOAD='(-0.01,0.01)';
      OUTPUT_LOAD='(1.0,-1.0)';
      BIDIRECTIONAL='TRUE';
    'PD2':
      PIN_NUMBER='(27)';
      OUTPUT_LOAD='(1.0,-1.0)';
      INPUT_LOAD='(-0.01,0.01)';
      INPUT_LOAD='(-0.01,0.01)';
      OUTPUT_LOAD='(1.0,-1.0)';
      BIDIRECTIONAL='TRUE';
    'PD3':
      PIN_NUMBER='(28)';
      OUTPUT_LOAD='(1.0,-1.0)';
      INPUT_LOAD='(-0.01,0.01)';
      INPUT_LOAD='(-0.01,0.01)';
      OUTPUT_LOAD='(1.0,-1.0)';
      BIDIRECTIONAL='TRUE';
    'PD4':
      PIN_NUMBER='(29)';
      OUTPUT_LOAD='(1.0,-1.0)';
      INPUT_LOAD='(-0.01,0.01)';
      INPUT_LOAD='(-0.01,0.01)';
      OUTPUT_LOAD='(1.0,-1.0)';
      BIDIRECTIONAL='TRUE';
    'PD5':
      PIN_NUMBER='(30)';
      OUTPUT_LOAD='(1.0,-1.0)';
      INPUT_LOAD='(-0.01,0.01)';
      INPUT_LOAD='(-0.01,0.01)';
      OUTPUT_LOAD='(1.0,-1.0)';
      BIDIRECTIONAL='TRUE';
    'PD6':
      PIN_NUMBER='(31)';
      OUTPUT_LOAD='(1.0,-1.0)';
      INPUT_LOAD='(-0.01,0.01)';
      INPUT_LOAD='(-0.01,0.01)';
      OUTPUT_LOAD='(1.0,-1.0)';
      BIDIRECTIONAL='TRUE';
    'PD7':
      PIN_NUMBER='(32)';
      OUTPUT_LOAD='(1.0,-1.0)';
      INPUT_LOAD='(-0.01,0.01)';
      INPUT_LOAD='(-0.01,0.01)';
      OUTPUT_LOAD='(1.0,-1.0)';
      BIDIRECTIONAL='TRUE';
    'PG0':
      PIN_NUMBER='(33)';
      OUTPUT_LOAD='(1.0,-1.0)';
      INPUT_LOAD='(-0.01,0.01)';
      INPUT_LOAD='(-0.01,0.01)';
      OUTPUT_LOAD='(1.0,-1.0)';
      BIDIRECTIONAL='TRUE';
    'PG1':
      PIN_NUMBER='(34)';
      OUTPUT_LOAD='(1.0,-1.0)';
      INPUT_LOAD='(-0.01,0.01)';
      INPUT_LOAD='(-0.01,0.01)';
      OUTPUT_LOAD='(1.0,-1.0)';
      BIDIRECTIONAL='TRUE';
    'PC0':
      PIN_NUMBER='(35)';
      OUTPUT_LOAD='(1.0,-1.0)';
      INPUT_LOAD='(-0.01,0.01)';
      INPUT_LOAD='(-0.01,0.01)';
      OUTPUT_LOAD='(1.0,-1.0)';
      BIDIRECTIONAL='TRUE';
    'PC1':
      PIN_NUMBER='(36)';
      OUTPUT_LOAD='(1.0,-1.0)';
      INPUT_LOAD='(-0.01,0.01)';
      INPUT_LOAD='(-0.01,0.01)';
      OUTPUT_LOAD='(1.0,-1.0)';
      BIDIRECTIONAL='TRUE';
    'PC2':
      PIN_NUMBER='(37)';
      OUTPUT_LOAD='(1.0,-1.0)';
      INPUT_LOAD='(-0.01,0.01)';
      INPUT_LOAD='(-0.01,0.01)';
      OUTPUT_LOAD='(1.0,-1.0)';
      BIDIRECTIONAL='TRUE';
    'PC3':
      PIN_NUMBER='(38)';
      OUTPUT_LOAD='(1.0,-1.0)';
      INPUT_LOAD='(-0.01,0.01)';
      INPUT_LOAD='(-0.01,0.01)';
      OUTPUT_LOAD='(1.0,-1.0)';
      BIDIRECTIONAL='TRUE';
    'PC4':
      PIN_NUMBER='(39)';
      OUTPUT_LOAD='(1.0,-1.0)';
      INPUT_LOAD='(-0.01,0.01)';
      INPUT_LOAD='(-0.01,0.01)';
      OUTPUT_LOAD='(1.0,-1.0)';
      BIDIRECTIONAL='TRUE';
    'PC5':
      PIN_NUMBER='(40)';
      OUTPUT_LOAD='(1.0,-1.0)';
      INPUT_LOAD='(-0.01,0.01)';
      INPUT_LOAD='(-0.01,0.01)';
      OUTPUT_LOAD='(1.0,-1.0)';
      BIDIRECTIONAL='TRUE';
    'PC6':
      PIN_NUMBER='(41)';
      OUTPUT_LOAD='(1.0,-1.0)';
      INPUT_LOAD='(-0.01,0.01)';
      INPUT_LOAD='(-0.01,0.01)';
      OUTPUT_LOAD='(1.0,-1.0)';
      BIDIRECTIONAL='TRUE';
    'PC7':
      PIN_NUMBER='(42)';
      OUTPUT_LOAD='(1.0,-1.0)';
      INPUT_LOAD='(-0.01,0.01)';
      INPUT_LOAD='(-0.01,0.01)';
      OUTPUT_LOAD='(1.0,-1.0)';
      BIDIRECTIONAL='TRUE';
    'PG2':
      PIN_NUMBER='(43)';
      OUTPUT_LOAD='(1.0,-1.0)';
      INPUT_LOAD='(-0.01,0.01)';
      INPUT_LOAD='(-0.01,0.01)';
      OUTPUT_LOAD='(1.0,-1.0)';
      BIDIRECTIONAL='TRUE';
    'PA7':
      PIN_NUMBER='(44)';
      OUTPUT_LOAD='(1.0,-1.0)';
      INPUT_LOAD='(-0.01,0.01)';
      INPUT_LOAD='(-0.01,0.01)';
      OUTPUT_LOAD='(1.0,-1.0)';
      BIDIRECTIONAL='TRUE';
    'PA6':
      PIN_NUMBER='(45)';
      OUTPUT_LOAD='(1.0,-1.0)';
      INPUT_LOAD='(-0.01,0.01)';
      INPUT_LOAD='(-0.01,0.01)';
      OUTPUT_LOAD='(1.0,-1.0)';
      BIDIRECTIONAL='TRUE';
    'PA5':
      PIN_NUMBER='(46)';
      OUTPUT_LOAD='(1.0,-1.0)';
      INPUT_LOAD='(-0.01,0.01)';
      INPUT_LOAD='(-0.01,0.01)';
      OUTPUT_LOAD='(1.0,-1.0)';
      BIDIRECTIONAL='TRUE';
    'PA4':
      PIN_NUMBER='(47)';
      OUTPUT_LOAD='(1.0,-1.0)';
      INPUT_LOAD='(-0.01,0.01)';
      INPUT_LOAD='(-0.01,0.01)';
      OUTPUT_LOAD='(1.0,-1.0)';
      BIDIRECTIONAL='TRUE';
    'PA3':
      PIN_NUMBER='(48)';
      OUTPUT_LOAD='(1.0,-1.0)';
      INPUT_LOAD='(-0.01,0.01)';
      INPUT_LOAD='(-0.01,0.01)';
      OUTPUT_LOAD='(1.0,-1.0)';
      BIDIRECTIONAL='TRUE';
    'PA2':
      PIN_NUMBER='(49)';
      OUTPUT_LOAD='(1.0,-1.0)';
      INPUT_LOAD='(-0.01,0.01)';
      INPUT_LOAD='(-0.01,0.01)';
      OUTPUT_LOAD='(1.0,-1.0)';
      BIDIRECTIONAL='TRUE';
    'PA1':
      PIN_NUMBER='(50)';
      OUTPUT_LOAD='(1.0,-1.0)';
      INPUT_LOAD='(-0.01,0.01)';
      INPUT_LOAD='(-0.01,0.01)';
      OUTPUT_LOAD='(1.0,-1.0)';
      BIDIRECTIONAL='TRUE';
    'PA0':
      PIN_NUMBER='(51)';
      OUTPUT_LOAD='(1.0,-1.0)';
      INPUT_LOAD='(-0.01,0.01)';
      INPUT_LOAD='(-0.01,0.01)';
      OUTPUT_LOAD='(1.0,-1.0)';
      BIDIRECTIONAL='TRUE';
    'VCC2':
      PIN_NUMBER='(52)';
      PINUSE='POWER';
    'GND2':
      PIN_NUMBER='(53)';
      PINUSE='GROUND';
    'PF7':
      PIN_NUMBER='(54)';
      OUTPUT_LOAD='(1.0,-1.0)';
      INPUT_LOAD='(-0.01,0.01)';
      INPUT_LOAD='(-0.01,0.01)';
      OUTPUT_LOAD='(1.0,-1.0)';
      BIDIRECTIONAL='TRUE';
    'PF6':
      PIN_NUMBER='(55)';
      OUTPUT_LOAD='(1.0,-1.0)';
      INPUT_LOAD='(-0.01,0.01)';
      INPUT_LOAD='(-0.01,0.01)';
      OUTPUT_LOAD='(1.0,-1.0)';
      BIDIRECTIONAL='TRUE';
    'PF5':
      PIN_NUMBER='(56)';
      OUTPUT_LOAD='(1.0,-1.0)';
      INPUT_LOAD='(-0.01,0.01)';
      INPUT_LOAD='(-0.01,0.01)';
      OUTPUT_LOAD='(1.0,-1.0)';
      BIDIRECTIONAL='TRUE';
    'PF4':
      PIN_NUMBER='(57)';
      OUTPUT_LOAD='(1.0,-1.0)';
      INPUT_LOAD='(-0.01,0.01)';
      INPUT_LOAD='(-0.01,0.01)';
      OUTPUT_LOAD='(1.0,-1.0)';
      BIDIRECTIONAL='TRUE';
    'PF3':
      PIN_NUMBER='(58)';
      OUTPUT_LOAD='(1.0,-1.0)';
      INPUT_LOAD='(-0.01,0.01)';
      INPUT_LOAD='(-0.01,0.01)';
      OUTPUT_LOAD='(1.0,-1.0)';
      BIDIRECTIONAL='TRUE';
    'PF2':
      PIN_NUMBER='(59)';
      OUTPUT_LOAD='(1.0,-1.0)';
      INPUT_LOAD='(-0.01,0.01)';
      INPUT_LOAD='(-0.01,0.01)';
      OUTPUT_LOAD='(1.0,-1.0)';
      BIDIRECTIONAL='TRUE';
    'PF1':
      PIN_NUMBER='(60)';
      OUTPUT_LOAD='(1.0,-1.0)';
      INPUT_LOAD='(-0.01,0.01)';
      INPUT_LOAD='(-0.01,0.01)';
      OUTPUT_LOAD='(1.0,-1.0)';
      BIDIRECTIONAL='TRUE';
    'PF0':
      PIN_NUMBER='(61)';
      OUTPUT_LOAD='(1.0,-1.0)';
      INPUT_LOAD='(-0.01,0.01)';
      INPUT_LOAD='(-0.01,0.01)';
      OUTPUT_LOAD='(1.0,-1.0)';
      BIDIRECTIONAL='TRUE';
    'AREF':
      PIN_NUMBER='(62)';
      OUTPUT_LOAD='(1.0,-1.0)';
      INPUT_LOAD='(-0.01,0.01)';
      INPUT_LOAD='(-0.01,0.01)';
      OUTPUT_LOAD='(1.0,-1.0)';
      BIDIRECTIONAL='TRUE';
    'GND3':
      PIN_NUMBER='(63)';
      PINUSE='GROUND';
    'AVCC':
      PIN_NUMBER='(64)';
      OUTPUT_LOAD='(1.0,-1.0)';
      INPUT_LOAD='(-0.01,0.01)';
      INPUT_LOAD='(-0.01,0.01)';
      OUTPUT_LOAD='(1.0,-1.0)';
      BIDIRECTIONAL='TRUE';
    'EPAD':
      PIN_NUMBER='(65)';
      PINUSE='POWER';
  END_PIN;
  BODY
    PHYS_DES_PREFIX='U';
    CLASS='IC';
    PART_NAME='atmga128';
    BODY_NAME='atmga128';
  END_BODY;
END_PRIMITIVE;
END.
