FILE_TYPE=LIBRARY_PARTS;
primitive 'LTC2991_MSOP';
  pin
    'V1':
      PIN_NUMBER='(1)';
      INPUT_LOAD='(-0.01,0.01)';
    'V2':
      PIN_NUMBER='(2)';
      INPUT_LOAD='(-0.01,0.01)';
    'V3':
      PIN_NUMBER='(3)';
      INPUT_LOAD='(-0.01,0.01)';
    'V4':
      PIN_NUMBER='(4)';
      INPUT_LOAD='(-0.01,0.01)';
    'V5':
      PIN_NUMBER='(5)';
      INPUT_LOAD='(-0.01,0.01)';
    'V6':
      PIN_NUMBER='(6)';
      INPUT_LOAD='(-0.01,0.01)';
    'V7':
      PIN_NUMBER='(7)';
      INPUT_LOAD='(-0.01,0.01)';
    'V8':
      PIN_NUMBER='(8)';
      INPUT_LOAD='(-0.01,0.01)';
    'SDA':
      PIN_NUMBER='(10)';
      BIDIRECTIONAL='TRUE';
      INPUT_LOAD='(-0.01,0.01)';
      OUTPUT_LOAD='(1.0,-1.0)';
    'SCL':
      PIN_NUMBER='(11)';
      INPUT_LOAD='(-0.01,0.01)';
    'ADR0':
      PIN_NUMBER='(13)';
      INPUT_LOAD='(-0.01,0.01)';
    'ADR1':
      PIN_NUMBER='(14)';
      INPUT_LOAD='(-0.01,0.01)';
    'ADR2':
      PIN_NUMBER='(15)';
      INPUT_LOAD='(-0.01,0.01)';
    'PWM':
      PIN_NUMBER='(12)';
      INPUT_LOAD='(-0.01,0.01)';
  end_pin;
  body
    PART_NAME='LTC2991';
    BODY_NAME='LTC2991';
    PHYS_DES_PREFIX='RG';
    CLASS='IC';
    GROUND_NETS='GND';
    POWER_PINS='(GND:9)';
    POWER_PINS='(VCC:16)';
  end_body;
end_primitive;

END.
