FILE_TYPE=LIBRARY_PARTS;
TIME=' COMPILATION ON SAT DEC 31 17:29:13 2022  ';
PRIMITIVE 'tvs_2x';
  PIN
    'K':
      PIN_NUMBER='(1)';
      PIN_TYPE='ANALOG';
      NO_LOAD_CHECK='BOTH';
      NO_IO_CHECK='BOTH';
      ALLOW_CONNECT='TRUE';
    'A':
      PIN_NUMBER='(2)';
      PIN_TYPE='ANALOG';
      NO_LOAD_CHECK='BOTH';
      NO_IO_CHECK='BOTH';
      ALLOW_CONNECT='TRUE';
  END_PIN;
  BODY
    PHYS_DES_PREFIX='D';
    CLASS='DISCRETE';
    PART_NAME='tvs_2x';
    BODY_NAME='tvs_2x';
  END_BODY;
END_PRIMITIVE;
END.
